Start testing: Dec 10 15:57 CET
----------------------------------------------------------
Changing directory into: /home/navarrop/Developments/simgrid/Cmake
1/112 Testing: config_and_build
1/112 Test: config_and_build
Command: "/home/navarrop/Developments/simgrid/Cmake/build.sh" 
Directory: /home/navarrop/Developments/simgrid/Cmake
"config_and_build" start time: Dec 10 15:57 CET
Output:
----------------------------------------------------------
Making all in include
make[1]: entrant dans le répertoire « /home/navarrop/Developments/simgrid/include »
make[1]: Rien à faire pour « all ».
make[1]: quittant le répertoire « /home/navarrop/Developments/simgrid/include »
Making all in src
make[1]: entrant dans le répertoire « /home/navarrop/Developments/simgrid/src »
make  all-am
make[2]: entrant dans le répertoire « /home/navarrop/Developments/simgrid/src »
/bin/bash ../libtool --tag=CC   --mode=compile gcc -DHAVE_CONFIG_H -I. -I../include -I../src/include    -O3 -finline-functions -funroll-loops -fno-strict-aliasing -Wall -Wunused -Wmissing-prototypes -Wmissing-declarations -Wpointer-arith -Wchar-subscripts -Wcomment -Wformat -Wwrite-strings -Wno-unused-function -Wno-unused-parameter -Wno-strict-aliasing -Wno-format-nonliteral -Werror -g3 -MT snprintf.lo -MD -MP -MF .deps/snprintf.Tpo -c -o snprintf.lo `test -f 'xbt/snprintf.c' || echo './'`xbt/snprintf.c
libtool: compile:  gcc -DHAVE_CONFIG_H -I. -I../include -I../src/include -O3 -finline-functions -funroll-loops -fno-strict-aliasing -Wall -Wunused -Wmissing-prototypes -Wmissing-declarations -Wpointer-arith -Wchar-subscripts -Wcomment -Wformat -Wwrite-strings -Wno-unused-function -Wno-unused-parameter -Wno-strict-aliasing -Wno-format-nonliteral -Werror -g3 -MT snprintf.lo -MD -MP -MF .deps/snprintf.Tpo -c xbt/snprintf.c  -fPIC -DPIC -o .libs/snprintf.o
In file included from /usr/include/stdio.h:910,
                 from ./portable.h:30,
                 from xbt/snprintf.c:319:
/usr/include/bits/stdio2.h: In function ‘asprintf’:
/usr/include/bits/stdio2.h:158: error: invalid use of ‘__builtin_va_arg_pack ()’
make[2]: quittant le répertoire « /home/navarrop/Developments/simgrid/src »
make[2]: *** [snprintf.lo] Erreur 1
make[1]: *** [all] Erreur 2
make[1]: quittant le répertoire « /home/navarrop/Developments/simgrid/src »
make: *** [all-recursive] Erreur 1
----------------------------------------------------------
"config_and_build" end time: Dec 10 15:57 CET
"config_and_build" time elapsed: 00:00:01
----------------------------------------------------------

2/112 Testing: test-core
2/112 Test: test-core
Command: "/home/navarrop/Developments/simgrid/src/testall" 
Directory: /home/navarrop/Developments/simgrid/Cmake
"test-core" start time: Dec 10 15:57 CET
Output:
----------------------------------------------------------

 =======================[ Testsuite mechanism autotest ]========================
 Unit: expected failures ................................................... ok
       SKIP: Skipped test [xbt/cunit.c:828]
      EFAIL: EXPECTED FAILURE [xbt/cunit.c:831]
    Summary: 0 of 1 tests failed (1 tests ignored)
 =========================================================================== OK
 Summary: Units: 100% ok (1 units: 1 ok)
          Tests: 100% ok (1 tests: 1 ok; 1 ignored; 1 expected to fail)

 ============================[ Exception Handling ]=============================
 Unit: basic nested control flow ........................................... ok
 Unit: exception value passing ............................................. ok
 Unit: variable value preservation ......................................... ok
 Unit: cleanup handling .................................................... ok
 =========================================================================== OK
 Summary: Units: 100% ok (4 units: 4 ok)
          Tests: 100% ok (4 tests: 4 ok)

 ===========================[ Dynar data container ]============================
 Unit: Dynars of integers .................................................. ok
 Unit: Dynars of doubles ................................................... ok
 Unit: Dynars of strings ................................................... ok
 Unit: Synchronized dynars of integers ..................................... ok
 =========================================================================== OK
 Summary: Units: 100% ok (4 units: 4 ok)
          Tests: 100% ok (16 tests: 16 ok)

 ============================[ Dict data container ]============================
 Unit: Basic usage: change, retrieve, traverse ............................. ok
 Unit: Removing some values ................................................ ok
 Unit: NULL data management ................................................ ok
 Unit: Crash test .......................................................... ok
 Unit: Multi-dict crash test ............................................... ok
 =========================================================================== OK
 Summary: Units: 100% ok (5 units: 5 ok)
          Tests: 100% ok (10077 tests: 10077 ok)

 ============================[ Set data container ]=============================
 Unit: Basic usage ......................................................... ok
 Unit: Changing some values ................................................ ok
 Unit: Retrieving some values .............................................. ok
 Unit: Removing some values ................................................ ok
 =========================================================================== OK
 Summary: Units: 100% ok (4 units: 4 ok)
          Tests: 100% ok (45 tests: 45 ok)

 ============================[ Swag data container ]============================
 Unit: Basic usage ......................................................... ok
 =========================================================================== OK
 Summary: Units: 100% ok (1 units: 1 ok)
          Tests: 100% ok (4 tests: 4 ok)

 ==============================[ String Handling ]==============================
 Unit: test the function xbt_str_split_quoted .............................. ok
 Unit: test the function xbt_str_split_str ................................. ok
 =========================================================================== OK
 Summary: Units: 100% ok (2 units: 2 ok)
          Tests: 100% ok (17 tests: 17 ok)

 ==============================[ String Buffers ]===============================
 Unit: test the function xbt_strbuff_substitute ............................ ok
 =========================================================================== OK
 Summary: Units: 100% ok (1 units: 1 ok)
          Tests: 100% ok (37 tests: 37 ok)

 ==========================[ Various hash functions ]===========================
 Unit: Test of the sha algorithm ........................................... ok
 =========================================================================== OK
 Summary: Units: 100% ok (1 units: 1 ok)
          Tests: 100% ok (4 tests: 4 ok)

 ===========================[ Configuration support ]===========================
 Unit: Alloc and free a config set ......................................... ok
 Unit: Validation tests .................................................... ok
 Unit: Data retrieving tests ............................................... ok
 =========================================================================== OK
 Summary: Units: 100% ok (3 units: 3 ok)
          Tests: 100% ok (6 tests: 6 ok)

 ====================[ Advanced synchronization mecanisms ]=====================
 Unit: do parallel on dynars of integers .............................[0.000006] [xbt_sync/INFO] Dopar for 50 elements
...... ok
 =========================================================================== OK
 Summary: Units: 100% ok (1 units: 1 ok)
          Tests: 100% ok (1 tests: 1 ok)


 TOTAL: Suites: 100% ok (11 suites: 11 ok)
        Units:  100% ok (27 units: 27 ok)
        Tests:  100% ok (10212 tests: 10212 ok, 1 ignored, 1 expected to fail)
----------------------------------------------------------
"test-core" end time: Dec 10 15:57 CET
"test-core" time elapsed: 00:00:01
----------------------------------------------------------

3/112 Testing: tesh-self-basic,
3/112 Test: tesh-self-basic,
Command: "/home/navarrop/Developments/simgrid/tools/tesh/tesh" "--cd" "../tools/tesh" "basic.tesh" 
Directory: /home/navarrop/Developments/simgrid/Cmake
"tesh-self-basic," start time: Dec 10 15:57 CET
Output:
----------------------------------------------------------
[0.000006] [tesh/INFO] Change directory to ../tools/tesh
[0.000042] [tesh/INFO] Test suite `basic'
[0.018645] [tesh/INFO] [basic:3] This is a basic test
[0.018673] [tesh/INFO] [basic:7] mkfile tmp_fich
[0.019493] [tesh/INFO] [basic:9] cat tmp_fich
[0.021272] [tesh/INFO] [basic:12] rm tmp_fich
[0.023732] [tesh/INFO] [basic:14] And now, some multilines examples
[0.023751] [tesh/INFO] [basic:20] mkfile tmp_fich
[0.024498] [tesh/INFO] [basic:22] cat tmp_fich
[0.026845] [tesh/INFO] [basic:28] wc -l tmp_fich
[0.049725] [tesh/INFO] [basic:31] rm tmp_fich
[0.054019] [tesh/INFO] Test suite `basic' OK
----------------------------------------------------------
"tesh-self-basic," end time: Dec 10 15:57 CET
"tesh-self-basic," time elapsed: 00:00:00
----------------------------------------------------------

4/112 Testing: tesh-self-cd,
4/112 Test: tesh-self-cd,
Command: "/home/navarrop/Developments/simgrid/tools/tesh/tesh" "--cd" "../tools/tesh" "cd.tesh" 
Directory: /home/navarrop/Developments/simgrid/Cmake
"tesh-self-cd," start time: Dec 10 15:57 CET
Output:
----------------------------------------------------------
[0.000005] [tesh/INFO] Change directory to ../tools/tesh
[0.000035] [tesh/INFO] Test suite `cd'
[0.000288] [tesh/INFO] [cd:5] rm -rf testdir_temp
[0.008389] [tesh/INFO] [cd:6] mkdir testdir_temp
[0.010579] [tesh/INFO] [cd:10] ls
[0.012595] [tesh/INFO] [cd:18] ../tesh --log='log.thresh:info tesh.fmt:%m%n'
[0.055945] [tesh/INFO] [cd:22] test -e ../testdir_temp
[0.077566] [tesh/INFO] [cd:25] rmdir testdir_temp
[0.079952] [tesh/INFO] Test suite `cd' OK
----------------------------------------------------------
"tesh-self-cd," end time: Dec 10 15:57 CET
"tesh-self-cd," time elapsed: 00:00:00
----------------------------------------------------------

5/112 Testing: tesh-self-IO-broken-pipe,
5/112 Test: tesh-self-IO-broken-pipe,
Command: "/home/navarrop/Developments/simgrid/tools/tesh/tesh" "--cd" "../tools/tesh" "IO-broken-pipe.tesh" 
Directory: /home/navarrop/Developments/simgrid/Cmake
"tesh-self-IO-broken-pipe," start time: Dec 10 15:57 CET
Output:
----------------------------------------------------------
[0.000006] [tesh/INFO] Change directory to ../tools/tesh
[0.000040] [tesh/INFO] Test suite `IO-broken-pipe'
[0.000305] [tesh/INFO] [IO-broken-pipe:10] echo
[0.002571] [tesh/INFO] [IO-broken-pipe:14] echo
[0.004143] [tesh/INFO] [IO-broken-pipe:18] echo
[0.005622] [tesh/INFO] [IO-broken-pipe:22] echo
[0.007086] [tesh/INFO] [IO-broken-pipe:26] echo
[0.008586] [tesh/INFO] [IO-broken-pipe:30] echo
[0.010141] [tesh/INFO] [IO-broken-pipe:34] echo
[0.011851] [tesh/INFO] [IO-broken-pipe:38] echo
[0.013824] [tesh/INFO] [IO-broken-pipe:42] echo
[0.015319] [tesh/INFO] [IO-broken-pipe:46] echo
[0.016748] [tesh/INFO] [IO-broken-pipe:50] echo
[0.018182] [tesh/INFO] [IO-broken-pipe:54] echo
[0.019605] [tesh/INFO] [IO-broken-pipe:58] echo
[0.021140] [tesh/INFO] [IO-broken-pipe:62] echo
[0.022890] [tesh/INFO] Test suite `IO-broken-pipe' OK
----------------------------------------------------------
"tesh-self-IO-broken-pipe," end time: Dec 10 15:57 CET
"tesh-self-IO-broken-pipe," time elapsed: 00:00:00
----------------------------------------------------------

6/112 Testing: tesh-self-IO-orders,
6/112 Test: tesh-self-IO-orders,
Command: "/home/navarrop/Developments/simgrid/tools/tesh/tesh" "--cd" "../tools/tesh" "IO-orders.tesh" 
Directory: /home/navarrop/Developments/simgrid/Cmake
"tesh-self-IO-orders," start time: Dec 10 15:57 CET
Output:
----------------------------------------------------------
[0.000006] [tesh/INFO] Change directory to ../tools/tesh
[0.000036] [tesh/INFO] Test suite `IO-orders'
[0.000271] [tesh/INFO] [IO-orders:2] This tests that TESH accepts any order for the input/output
[0.000278] [tesh/INFO] [IO-orders:4] Order: in, out, cmd
[0.000292] [tesh/INFO] [IO-orders:11] ./tesh --log='log.thresh:info tesh.fmt:%m%n'
[0.050909] [tesh/INFO] [IO-orders:13] Order: out, in, cmd
[0.050928] [tesh/INFO] [IO-orders:20] ./tesh --log='log.thresh:info tesh.fmt:%m%n'
[0.070865] [tesh/INFO] [IO-orders:22] Order: out, cmd, in
[0.070890] [tesh/INFO] [IO-orders:29] ./tesh --log='log.thresh:info tesh.fmt:%m%n'
[0.092589] [tesh/INFO] [IO-orders:31] Order: in, cmd, out
[0.092618] [tesh/INFO] [IO-orders:38] ./tesh --log='log.thresh:info tesh.fmt:%m%n'
[0.118038] [tesh/INFO] [IO-orders:40] Order: cmd, out, in
[0.118064] [tesh/INFO] [IO-orders:47] ./tesh --log='log.thresh:info tesh.fmt:%m%n'
[0.137047] [tesh/INFO] [IO-orders:49] Order: cmd, in, out
[0.137072] [tesh/INFO] [IO-orders:56] ./tesh --log='log.thresh:info tesh.fmt:%m%n'
[0.158751] [tesh/INFO] Test suite `IO-orders' OK
----------------------------------------------------------
"tesh-self-IO-orders," end time: Dec 10 15:57 CET
"tesh-self-IO-orders," time elapsed: 00:00:00
----------------------------------------------------------

7/112 Testing: tesh-self-IO-bigsize,
7/112 Test: tesh-self-IO-bigsize,
Command: "/home/navarrop/Developments/simgrid/tools/tesh/tesh" "--cd" "../tools/tesh" "IO-bigsize.tesh" 
Directory: /home/navarrop/Developments/simgrid/Cmake
"tesh-self-IO-bigsize," start time: Dec 10 15:57 CET
Output:
----------------------------------------------------------
[0.000006] [tesh/INFO] Change directory to ../tools/tesh
[0.000034] [tesh/INFO] Test suite `IO-bigsize'
[0.068609] [tesh/INFO] [IO-bigsize:9] First, a write test
[0.073841] [tesh/INFO] [IO-bigsize:1011] wc -c
[0.076744] [tesh/INFO] [IO-bigsize:1014] And now, a read/write test
[0.078775] [tesh/INFO] [IO-bigsize:2016] cat
[0.084150] [tesh/INFO] Test suite `IO-bigsize' OK
----------------------------------------------------------
"tesh-self-IO-bigsize," end time: Dec 10 15:57 CET
"tesh-self-IO-bigsize," time elapsed: 00:00:00
----------------------------------------------------------

8/112 Testing: tesh-self-set-return,
8/112 Test: tesh-self-set-return,
Command: "/home/navarrop/Developments/simgrid/tools/tesh/tesh" "--cd" "../tools/tesh" "set-return.tesh" 
Directory: /home/navarrop/Developments/simgrid/Cmake
"tesh-self-set-return," start time: Dec 10 15:57 CET
Output:
----------------------------------------------------------
[0.000005] [tesh/INFO] Change directory to ../tools/tesh
[0.000032] [tesh/INFO] Test suite `set-return'
[0.000325] [tesh/INFO] [set-return:5] rm -rf temp_testdir
[0.001919] [tesh/INFO] [set-return:6] mkdir temp_testdir
[0.003623] [tesh/INFO] [set-return:13] mkfile return1.c
[0.004271] [tesh/INFO] [set-return:15] gcc -o return1 return1.c
[0.045722] [tesh/INFO] [set-return:18] ./return1
[0.046624] [tesh/INFO] [set-return:20] rm -rf temp_testdir
[0.048353] [tesh/INFO] Test suite `set-return' OK
----------------------------------------------------------
"tesh-self-set-return," end time: Dec 10 15:57 CET
"tesh-self-set-return," time elapsed: 00:00:00
----------------------------------------------------------

9/112 Testing: tesh-self-set-signal,
9/112 Test: tesh-self-set-signal,
Command: "/home/navarrop/Developments/simgrid/tools/tesh/tesh" "--cd" "../tools/tesh" "set-signal.tesh" 
Directory: /home/navarrop/Developments/simgrid/Cmake
"tesh-self-set-signal," start time: Dec 10 15:57 CET
Output:
----------------------------------------------------------
[0.000005] [tesh/INFO] Change directory to ../tools/tesh
[0.000032] [tesh/INFO] Test suite `set-signal'
[0.000280] [tesh/INFO] [set-signal:5] rm -rf temp_testdir
[0.002036] [tesh/INFO] [set-signal:6] mkdir temp_testdir
[0.011437] [tesh/INFO] [set-signal:14] mkfile segfault.c
[0.021440] [tesh/INFO] [set-signal:16] gcc -o segfault segfault.c
[0.061779] [tesh/INFO] [set-signal:18] ./segfault
[0.062764] [tesh/INFO] [set-signal:20] rm -rf temp_testdir
[0.064471] [tesh/INFO] Test suite `set-signal' OK
----------------------------------------------------------
"tesh-self-set-signal," end time: Dec 10 15:57 CET
"tesh-self-set-signal," time elapsed: 00:00:00
----------------------------------------------------------

10/112 Testing: tesh-self-set-timeout,
10/112 Test: tesh-self-set-timeout,
Command: "/home/navarrop/Developments/simgrid/tools/tesh/tesh" "--cd" "../tools/tesh" "set-timeout.tesh" 
Directory: /home/navarrop/Developments/simgrid/Cmake
"tesh-self-set-timeout," start time: Dec 10 15:57 CET
Output:
----------------------------------------------------------
[0.000006] [tesh/INFO] Change directory to ../tools/tesh
[0.000036] [tesh/INFO] Test suite `set-timeout'
[0.000265] [tesh/INFO] [set-timeout:7] sleep 6
[6.002331] [tesh/INFO] Test suite `set-timeout' OK
----------------------------------------------------------
"tesh-self-set-timeout," end time: Dec 10 15:57 CET
"tesh-self-set-timeout," time elapsed: 00:00:06
----------------------------------------------------------

11/112 Testing: tesh-self-set-ignore-output,
11/112 Test: tesh-self-set-ignore-output,
Command: "/home/navarrop/Developments/simgrid/tools/tesh/tesh" "--cd" "../tools/tesh" "set-ignore-output.tesh" 
Directory: /home/navarrop/Developments/simgrid/Cmake
"tesh-self-set-ignore-output," start time: Dec 10 15:57 CET
Output:
----------------------------------------------------------
[0.000006] [tesh/INFO] Change directory to ../tools/tesh
[0.000035] [tesh/INFO] Test suite `set-ignore-output'
[0.000283] [tesh/INFO] [set-ignore-output:3] This tests whether TESH accepts to ignore command output
[0.000304] [tesh/INFO] [set-ignore-output:9] ./tesh --log='log.thresh:info tesh.fmt:%m%n'
[0.031897] [tesh/INFO] Test suite `set-ignore-output' OK
----------------------------------------------------------
"tesh-self-set-ignore-output," end time: Dec 10 15:57 CET
"tesh-self-set-ignore-output," time elapsed: 00:00:00
----------------------------------------------------------

12/112 Testing: tesh-self-catch-return,
12/112 Test: tesh-self-catch-return,
Command: "/home/navarrop/Developments/simgrid/tools/tesh/tesh" "--cd" "../tools/tesh" "catch-return.tesh" 
Directory: /home/navarrop/Developments/simgrid/Cmake
"tesh-self-catch-return," start time: Dec 10 15:57 CET
Output:
----------------------------------------------------------
[0.000008] [tesh/INFO] Change directory to ../tools/tesh
[0.000048] [tesh/INFO] Test suite `catch-return'
[0.000679] [tesh/INFO] [catch-return:5] rm -rf temp_testdir
[0.002898] [tesh/INFO] [catch-return:6] mkdir temp_testdir
[0.005215] [tesh/INFO] [catch-return:13] mkfile return1.c
[0.005986] [tesh/INFO] [catch-return:15] gcc -o return1 return1.c
[0.054497] [tesh/INFO] [catch-return:19] ../tesh --log='log.thresh:info tesh.fmt:%m%n'
[0.074616] [tesh/INFO] [catch-return:27] rm -rf temp_testdir
[0.076354] [tesh/INFO] Test suite `catch-return' OK
----------------------------------------------------------
"tesh-self-catch-return," end time: Dec 10 15:57 CET
"tesh-self-catch-return," time elapsed: 00:00:00
----------------------------------------------------------

13/112 Testing: tesh-self-catch-signal,
13/112 Test: tesh-self-catch-signal,
Command: "/home/navarrop/Developments/simgrid/tools/tesh/tesh" "--cd" "../tools/tesh" "catch-signal.tesh" 
Directory: /home/navarrop/Developments/simgrid/Cmake
"tesh-self-catch-signal," start time: Dec 10 15:57 CET
Output:
----------------------------------------------------------
[0.000006] [tesh/INFO] Change directory to ../tools/tesh
[0.000034] [tesh/INFO] Test suite `catch-signal'
[0.000339] [tesh/INFO] [catch-signal:5] rm -rf temp_testdir
[0.001939] [tesh/INFO] [catch-signal:6] mkdir temp_testdir
[0.003610] [tesh/INFO] [catch-signal:14] mkfile segfault.c
[0.004253] [tesh/INFO] [catch-signal:16] gcc -o segfault segfault.c
[0.046526] [tesh/INFO] [catch-signal:20] ../tesh --log='log.thresh:info tesh.fmt:%m%n'
[0.075528] [tesh/INFO] [catch-signal:28] rm -rf temp_testdir
[0.077254] [tesh/INFO] Test suite `catch-signal' OK
----------------------------------------------------------
"tesh-self-catch-signal," end time: Dec 10 15:57 CET
"tesh-self-catch-signal," time elapsed: 00:00:00
----------------------------------------------------------

14/112 Testing: tesh-self-catch-timeout,
14/112 Test: tesh-self-catch-timeout,
Command: "/home/navarrop/Developments/simgrid/tools/tesh/tesh" "--cd" "../tools/tesh" "catch-timeout.tesh" 
Directory: /home/navarrop/Developments/simgrid/Cmake
"tesh-self-catch-timeout," start time: Dec 10 15:57 CET
Output:
----------------------------------------------------------
[0.000005] [tesh/INFO] Change directory to ../tools/tesh
[0.000039] [tesh/INFO] Test suite `catch-timeout'
[0.000279] [tesh/INFO] [catch-timeout:14] ./tesh --log='log.thresh:info tesh.fmt:%m%n'
[1.996915] [tesh/INFO] Test suite `catch-timeout' OK
----------------------------------------------------------
"tesh-self-catch-timeout," end time: Dec 10 15:57 CET
"tesh-self-catch-timeout," time elapsed: 00:00:02
----------------------------------------------------------

15/112 Testing: tesh-self-catch-wrong-output,
15/112 Test: tesh-self-catch-wrong-output,
Command: "/home/navarrop/Developments/simgrid/tools/tesh/tesh" "--cd" "../tools/tesh" "catch-wrong-output.tesh" 
Directory: /home/navarrop/Developments/simgrid/Cmake
"tesh-self-catch-wrong-output," start time: Dec 10 15:57 CET
Output:
----------------------------------------------------------
[0.000006] [tesh/INFO] Change directory to ../tools/tesh
[0.000035] [tesh/INFO] Test suite `catch-wrong-output'
[0.000331] [tesh/INFO] [catch-wrong-output:3] This tests whether TESH detects wrong outputs
[0.000348] [tesh/INFO] [catch-wrong-output:9] ./tesh --log='log.thresh:info tesh.fmt:%m%n'
[0.033523] [tesh/INFO] Test suite `catch-wrong-output' OK
----------------------------------------------------------
"tesh-self-catch-wrong-output," end time: Dec 10 15:57 CET
"tesh-self-catch-wrong-output," time elapsed: 00:00:00
----------------------------------------------------------

16/112 Testing: tesh-self-bg-basic,
16/112 Test: tesh-self-bg-basic,
Command: "/home/navarrop/Developments/simgrid/tools/tesh/tesh" "--cd" "../tools/tesh" "bg-basic.tesh" 
Directory: /home/navarrop/Developments/simgrid/Cmake
"tesh-self-bg-basic," start time: Dec 10 15:57 CET
Output:
----------------------------------------------------------
[0.000006] [tesh/INFO] Change directory to ../tools/tesh
[0.000036] [tesh/INFO] Test suite `bg-basic'
[0.000305] [tesh/INFO] [bg-basic:3] This is a basic test
[0.000317] [tesh/INFO] [bg-basic:7] cat (background command)
[0.002611] [tesh/INFO] [bg-basic:10] And now, some multilines examples
[0.002677] [tesh/INFO] [bg-basic:16] cat (background command)
[0.004602] [tesh/INFO] Test suite `bg-basic' OK
----------------------------------------------------------
"tesh-self-bg-basic," end time: Dec 10 15:57 CET
"tesh-self-bg-basic," time elapsed: 00:00:00
----------------------------------------------------------

17/112 Testing: tesh-self-bg-set-signal,
17/112 Test: tesh-self-bg-set-signal,
Command: "/home/navarrop/Developments/simgrid/tools/tesh/tesh" "--cd" "../tools/tesh" "bg-set-signal.tesh" 
Directory: /home/navarrop/Developments/simgrid/Cmake
"tesh-self-bg-set-signal," start time: Dec 10 15:57 CET
Output:
----------------------------------------------------------
[0.000005] [tesh/INFO] Change directory to ../tools/tesh
[0.000033] [tesh/INFO] Test suite `bg-set-signal'
[0.000290] [tesh/INFO] [bg-set-signal:5] rm -rf temp_testdir
[0.001835] [tesh/INFO] [bg-set-signal:6] mkdir temp_testdir
[0.003495] [tesh/INFO] [bg-set-signal:14] mkfile segfault.c
[0.004097] [tesh/INFO] [bg-set-signal:16] gcc -o segfault segfault.c
[0.057105] [tesh/INFO] [bg-set-signal:18] ./segfault (background command)
[0.057958] [tesh/INFO] [bg-set-signal:19] sleep 1
[1.061132] [tesh/INFO] [bg-set-signal:21] rm -rf temp_testdir
[1.065956] [tesh/INFO] Test suite `bg-set-signal' OK
----------------------------------------------------------
"tesh-self-bg-set-signal," end time: Dec 10 15:58 CET
"tesh-self-bg-set-signal," time elapsed: 00:00:01
----------------------------------------------------------

18/112 Testing: tesh-self-background,
18/112 Test: tesh-self-background,
Command: "/home/navarrop/Developments/simgrid/tools/tesh/tesh" "--cd" "../tools/tesh" "background.tesh" 
Directory: /home/navarrop/Developments/simgrid/Cmake
"tesh-self-background," start time: Dec 10 15:58 CET
Output:
----------------------------------------------------------
[0.000006] [tesh/INFO] Change directory to ../tools/tesh
[0.000036] [tesh/INFO] Test suite `background'
[0.000297] [tesh/INFO] [background:2] rm -rf temp_testdir
[0.001902] [tesh/INFO] [background:3] mkdir temp_testdir
[0.003574] [tesh/INFO] [background:37] mkfile delayed_cat.c
[0.004136] [tesh/INFO] [background:39] gcc -Wall -o delayed_cat delayed_cat.c
[0.069857] [tesh/INFO] [background:41] ./delayed_cat  (background command)
[0.070157] [tesh/INFO] [background:45] mkfile tmp_fich
[0.070850] [tesh/INFO] [background:47] sleep 2
[2.078179] [tesh/INFO] [background:49] rm -rf temp_testdir
[2.080332] [tesh/INFO] Test suite `background' OK
----------------------------------------------------------
"tesh-self-background," end time: Dec 10 15:58 CET
"tesh-self-background," time elapsed: 00:00:02
----------------------------------------------------------

19/112 Testing: test-xbt-log,
19/112 Test: test-xbt-log,
Command: "/home/navarrop/Developments/simgrid/Cmake/chdir_run.sh" "../testsuite" "xbt/log_usage" 
Directory: /home/navarrop/Developments/simgrid/Cmake
"test-xbt-log," start time: Dec 10 15:58 CET
Output:
----------------------------------------------------------
[0.000034] [test/INFO] Test with the settings ''
[0.000157] xbt/log_usage.c:30: [test/WARNING] val=2
[0.000174] xbt/log_usage.c:32: [test/CRITICAL] false alarm!
[0.000185] [test/INFO] Test with the settings ' '
[0.000203] xbt/log_usage.c:30: [test/WARNING] val=2
[0.000214] xbt/log_usage.c:32: [test/CRITICAL] false alarm!
[0.000224] [test/INFO] Test with the settings ' test.thres:info root.thres:info  '
[0.000262] xbt/log_usage.c:30: [test/WARNING] val=2
[0.000275] xbt/log_usage.c:32: [test/CRITICAL] false alarm!
[0.000284] [test/INFO] Test with the settings ' test.thres:debug '
[0.000299] xbt/log.c:652: [test/DEBUG] Apply settings for category 'test': set threshold to DEBUG (=2)
[0.000313] xbt/log_usage.c:29: [test/DEBUG] val=1
[0.000321] xbt/log_usage.c:30: [test/WARNING] val=2
[0.000329] xbt/log_usage.c:32: [test/CRITICAL] false alarm!
[0.000338] [test/INFO] Test with the settings ' test.thres:verbose root.thres:error '
[0.000356] xbt/log_usage.c:30: [test/WARNING] val=2
[0.000366] xbt/log_usage.c:32: [test/CRITICAL] false alarm!
[0.000376] [test/INFO] Test with the settings ' test.thres:critical '
[0.000390] xbt/log_usage.c:32: [test/CRITICAL] false alarm!
----------------------------------------------------------
"test-xbt-log," end time: Dec 10 15:58 CET
"test-xbt-log," time elapsed: 00:00:00
----------------------------------------------------------

20/112 Testing: test-xbt-context,
20/112 Test: test-xbt-context,
Command: "/home/navarrop/Developments/simgrid/Cmake/chdir_run.sh" "../testsuite" "xbt/context_usage" 
Directory: /home/navarrop/Developments/simgrid/Cmake
"test-xbt-context," start time: Dec 10 15:58 CET
Output:
----------------------------------------------------------
exec: 4: xbt/context_usage: not found
----------------------------------------------------------
"test-xbt-context," end time: Dec 10 15:58 CET
"test-xbt-context," time elapsed: 00:00:00
----------------------------------------------------------

21/112 Testing: test-xbt-graphxml,
21/112 Test: test-xbt-graphxml,
Command: "/home/navarrop/Developments/simgrid/Cmake/chdir_run.sh" "../testsuite" "xbt/graphxml_usage" "./xbt/graph.xml" 
Directory: /home/navarrop/Developments/simgrid/Cmake
"test-xbt-graphxml," start time: Dec 10 15:58 CET
Output:
----------------------------------------------------------
[0.000000] [test/INFO] ---- Testing XML export. Exporting to testgraph.xml ----
[0.000000] [test/INFO] ---- Testing GraphViz export. Exporting to testgraph.dot ----
[0.000000] [test/INFO] ---- Dumping Edge lengths ----
[0.000000] [test/INFO] 0.000000e+00	4.100000e-01	-1.000000e+00	-1.000000e+00	-1.000000e+00	-1.000000e+00	-1.000000e+00	-1.000000e+00	
[0.000000] [test/INFO] -1.000000e+00	0.000000e+00	5.100000e-01	-1.000000e+00	-1.000000e+00	-1.000000e+00	-1.000000e+00	-1.000000e+00	
[0.000000] [test/INFO] -1.000000e+00	-1.000000e+00	0.000000e+00	5.000000e-01	-1.000000e+00	-1.000000e+00	-1.000000e+00	-1.000000e+00	
[0.000000] [test/INFO] -1.000000e+00	-1.000000e+00	-1.000000e+00	0.000000e+00	-1.000000e+00	3.800000e-01	-1.000000e+00	-1.000000e+00	
[0.000000] [test/INFO] -1.000000e+00	-1.000000e+00	-1.000000e+00	3.600000e-01	0.000000e+00	-1.000000e+00	-1.000000e+00	-1.000000e+00	
[0.000000] [test/INFO] -1.000000e+00	-1.000000e+00	-1.000000e+00	-1.000000e+00	-1.000000e+00	0.000000e+00	-1.000000e+00	-1.000000e+00	
[0.000000] [test/INFO] -1.000000e+00	-1.000000e+00	-1.000000e+00	-1.000000e+00	3.800000e-01	-1.000000e+00	0.000000e+00	-1.000000e+00	
[0.000000] [test/INFO] -1.000000e+00	-1.000000e+00	-1.000000e+00	-1.000000e+00	-1.000000e+00	-1.000000e+00	-1.000000e+00	0.000000e+00	
[0.000000] [test/INFO] ---- Testing Shortest Paths ----
[0.000000] [test/INFO] A	B	B	B	B	
[0.000000] [test/INFO] B	C	C	C	
[0.000000] [test/INFO] C	D	D	
[0.000000] [test/INFO] D	F	
[0.000000] [test/INFO] D	E	D	
[0.000000] [test/INFO] F	
[0.000000] [test/INFO] E	E	E	M	
[0.000000] [test/INFO] P	
[0.000000] [test/INFO] ---- Testing Topological Sort ----
[0.000000] [test/INFO] sorted[0] = P (0x1618dd0)
[0.000000] [test/INFO] sorted[1] = M (0x16191f0)
[0.000000] [test/INFO] sorted[2] = E (0x1618f90)
[0.000000] [test/INFO] sorted[3] = A (0x1618a90)
[0.000000] [test/INFO] sorted[4] = B (0x1618be0)
[0.000000] [test/INFO] sorted[5] = C (0x1618d10)
[0.000000] [test/INFO] sorted[6] = D (0x1618e60)
[0.000000] [test/INFO] sorted[7] = F (0x16190c0)
----------------------------------------------------------
"test-xbt-graphxml," end time: Dec 10 15:58 CET
"test-xbt-graphxml," time elapsed: 00:00:00
----------------------------------------------------------

22/112 Testing: test-xbt-heap,
22/112 Test: test-xbt-heap,
Command: "/home/navarrop/Developments/simgrid/Cmake/chdir_run.sh" "../testsuite" "xbt/heap_bench" 
Directory: /home/navarrop/Developments/simgrid/Cmake
"test-xbt-heap," start time: Dec 10 15:58 CET
Output:
----------------------------------------------------------
Validity test complete!
Creation time  100 size heap : 10
Mean access time for a 100 size heap : 0.34429
Validity test complete!
Creation time  1000 size heap : 69
Mean access time for a 1000 size heap : 0.450029
----------------------------------------------------------
"test-xbt-heap," end time: Dec 10 15:58 CET
"test-xbt-heap," time elapsed: 00:00:00
----------------------------------------------------------

23/112 Testing: test-surf-lmm,
23/112 Test: test-surf-lmm,
Command: "/home/navarrop/Developments/simgrid/Cmake/chdir_run.sh" "../testsuite" "surf/lmm_usage" 
Directory: /home/navarrop/Developments/simgrid/Cmake
"test-surf-lmm," start time: Dec 10 15:58 CET
Output:
----------------------------------------------------------
[0.000000] [surf_test/INFO] ***** Test 1 (Max-Min)
[0.000000] [surf_test/INFO] ***** Test 1 (Lagrange - Vegas)
[0.000000] [surf_test/INFO] ***** Test 1 (Lagrange - Reno)
[0.000000] [surf_test/INFO] ***** Test 2 (Max-Min)
[0.000000] [surf_test/INFO] ***** Test 2 (Lagrange - Vegas)
[0.000000] [surf_test/INFO] ***** Test 2 (Lagrange - Reno)
[0.000000] [surf_test/INFO] ***** Test 3 (Max-Min)
[0.000000] [surf_test/INFO] ***** Test 3 (Lagrange - Vegas)
[0.000000] [surf_test/INFO] ***** Test 3 (Lagrange - Reno)
----------------------------------------------------------
"test-surf-lmm," end time: Dec 10 15:58 CET
"test-surf-lmm," time elapsed: 00:00:00
----------------------------------------------------------

24/112 Testing: test-surf-maxmin,
24/112 Test: test-surf-maxmin,
Command: "/home/navarrop/Developments/simgrid/Cmake/chdir_run.sh" "../testsuite" "surf/maxmin_bench" 
Directory: /home/navarrop/Developments/simgrid/Cmake
"test-surf-maxmin," start time: Dec 10 15:58 CET
Output:
----------------------------------------------------------
Starting to solve
One shot execution time for a total of 2000 constraints, 2000 variables with 80 active constraint each : 60044 microsecondes 
----------------------------------------------------------
"test-surf-maxmin," end time: Dec 10 15:58 CET
"test-surf-maxmin," time elapsed: 00:00:00
----------------------------------------------------------

25/112 Testing: test-surf-trace,
25/112 Test: test-surf-trace,
Command: "/home/navarrop/Developments/simgrid/Cmake/chdir_run.sh" "../testsuite" "surf/trace_usage" "--surf-path=./surf/" 
Directory: /home/navarrop/Developments/simgrid/Cmake
"test-surf-trace," start time: Dec 10 15:58 CET
Output:
----------------------------------------------------------
** SimGrid: UNCAUGHT EXCEPTION received on (0): category: unknown_err; value: 0
** Cannot open file 'trace_A.txt' (path=./)
** Thrown by () in this process
[0.000000] xbt/ex.c:117: [xbt_ex/CRITICAL] Cannot open file 'trace_A.txt' (path=./)

**   In tmgr_trace_new() at /home/navarrop/Developments/simgrid/src/surf/trace_mgr.c:119
**   In test() at /home/navarrop/Developments/simgrid/testsuite/surf/trace_usage.c:26
----------------------------------------------------------
"test-surf-trace," end time: Dec 10 15:58 CET
"test-surf-trace," time elapsed: 00:00:00
----------------------------------------------------------

26/112 Testing: test-surf-usage,
26/112 Test: test-surf-usage,
Command: "/home/navarrop/Developments/simgrid/Cmake/chdir_run.sh" "../testsuite" "surf/surf_usage" "--surf-path=./surf/" "platform.xml" 
Directory: /home/navarrop/Developments/simgrid/Cmake
"test-surf-usage," start time: Dec 10 15:58 CET
Output:
----------------------------------------------------------
** SimGrid: UNCAUGHT EXCEPTION received on (0): category: unknown_err; value: 0
** Unable to open "--surf-path=./surf/"

** Thrown by () in this process
[0.000000] xbt/ex.c:117: [xbt_ex/CRITICAL] Unable to open "--surf-path=./surf/"


**   In surf_parse_open() at /home/navarrop/Developments/simgrid/src/surf/surfxml_parse.c:447
**   In parse_platform_file() at /home/navarrop/Developments/simgrid/src/surf/surfxml_parse.c:613
**   In test() at /home/navarrop/Developments/simgrid/testsuite/surf/surf_usage.c:61
----------------------------------------------------------
"test-surf-usage," end time: Dec 10 15:58 CET
"test-surf-usage," time elapsed: 00:00:00
----------------------------------------------------------

27/112 Testing: test-surf-usage2,
27/112 Test: test-surf-usage2,
Command: "/home/navarrop/Developments/simgrid/Cmake/chdir_run.sh" "../testsuite" "surf/surf_usage2" "--surf-path=./surf/" "platform.xml" 
Directory: /home/navarrop/Developments/simgrid/Cmake
"test-surf-usage2," start time: Dec 10 15:58 CET
Output:
----------------------------------------------------------
** SimGrid: UNCAUGHT EXCEPTION received on (0): category: unknown_err; value: 0
** Unable to open "--surf-path=./surf/"

** Thrown by () in this process
[0.000000] xbt/ex.c:117: [xbt_ex/CRITICAL] Unable to open "--surf-path=./surf/"


**   In surf_parse_open() at /home/navarrop/Developments/simgrid/src/surf/surfxml_parse.c:447
**   In parse_platform_file() at /home/navarrop/Developments/simgrid/src/surf/surfxml_parse.c:613
**   In test() at /home/navarrop/Developments/simgrid/testsuite/surf/surf_usage2.c:56
----------------------------------------------------------
"test-surf-usage2," end time: Dec 10 15:58 CET
"test-surf-usage2," time elapsed: 00:00:00
----------------------------------------------------------

28/112 Testing: test-simdag-1,
28/112 Test: test-simdag-1,
Command: "/home/navarrop/Developments/simgrid/Cmake/chdir_run.sh" "../testsuite" "simdag/sd_test" "--surf-path=./simdag" "./simdag/small_platform_variable.xml" 
Directory: /home/navarrop/Developments/simgrid/Cmake
"test-simdag-1," start time: Dec 10 15:58 CET
Output:
----------------------------------------------------------
** SimGrid: UNCAUGHT EXCEPTION received on (0): category: unknown_err; value: 0
** Unable to open "--surf-path=./simdag"

** Thrown by () in this process
[0.000000] xbt/ex.c:117: [xbt_ex/CRITICAL] Unable to open "--surf-path=./simdag"


**   In surf_parse_open() at /home/navarrop/Developments/simgrid/src/surf/surfxml_parse.c:447
**   In parse_platform_file() at /home/navarrop/Developments/simgrid/src/surf/surfxml_parse.c:613
**   In SD_create_environment() at /home/navarrop/Developments/simgrid/src/simdag/sd_global.c:161
----------------------------------------------------------
"test-simdag-1," end time: Dec 10 15:58 CET
"test-simdag-1," time elapsed: 00:00:00
----------------------------------------------------------

29/112 Testing: test-simdag-2,
29/112 Test: test-simdag-2,
Command: "/home/navarrop/Developments/simgrid/Cmake/chdir_run.sh" "../testsuite" "simdag/sd_test" "--surf-path=./simdag" "../examples/msg/small_platform.xml" 
Directory: /home/navarrop/Developments/simgrid/Cmake
"test-simdag-2," start time: Dec 10 15:58 CET
Output:
----------------------------------------------------------
** SimGrid: UNCAUGHT EXCEPTION received on (0): category: unknown_err; value: 0
** Unable to open "--surf-path=./simdag"

** Thrown by () in this process
[0.000000] xbt/ex.c:117: [xbt_ex/CRITICAL] Unable to open "--surf-path=./simdag"


**   In surf_parse_open() at /home/navarrop/Developments/simgrid/src/surf/surfxml_parse.c:447
**   In parse_platform_file() at /home/navarrop/Developments/simgrid/src/surf/surfxml_parse.c:613
**   In SD_create_environment() at /home/navarrop/Developments/simgrid/src/simdag/sd_global.c:161
----------------------------------------------------------
"test-simdag-2," end time: Dec 10 15:58 CET
"test-simdag-2," time elapsed: 00:00:00
----------------------------------------------------------

30/112 Testing: test-simdag-3,
30/112 Test: test-simdag-3,
Command: "/home/navarrop/Developments/simgrid/Cmake/chdir_run.sh" "../testsuite" "simdag/sd_test" "--surf-path=./simdag" "../examples/msg/msg_platform.xml" 
Directory: /home/navarrop/Developments/simgrid/Cmake
"test-simdag-3," start time: Dec 10 15:58 CET
Output:
----------------------------------------------------------
** SimGrid: UNCAUGHT EXCEPTION received on (0): category: unknown_err; value: 0
** Unable to open "--surf-path=./simdag"

** Thrown by () in this process
[0.000000] xbt/ex.c:117: [xbt_ex/CRITICAL] Unable to open "--surf-path=./simdag"


**   In surf_parse_open() at /home/navarrop/Developments/simgrid/src/surf/surfxml_parse.c:447
**   In parse_platform_file() at /home/navarrop/Developments/simgrid/src/surf/surfxml_parse.c:613
**   In SD_create_environment() at /home/navarrop/Developments/simgrid/src/simdag/sd_global.c:161
----------------------------------------------------------
"test-simdag-3," end time: Dec 10 15:58 CET
"test-simdag-3," time elapsed: 00:00:00
----------------------------------------------------------

31/112 Testing: tesh-log-large,
31/112 Test: tesh-log-large,
Command: "/home/navarrop/Developments/simgrid/tools/tesh/tesh" "--cd" "../teshsuite" "xbt/log_large_test.tesh" 
Directory: /home/navarrop/Developments/simgrid/Cmake
"tesh-log-large," start time: Dec 10 15:58 CET
Output:
----------------------------------------------------------
[0.000006] [tesh/INFO] Change directory to ../teshsuite
[0.000036] [tesh/INFO] Test suite `xbt/log_large_test'
[0.011374] [tesh/INFO] [xbt/log_large_test:2] Check that the dynamic version of the log simple layout works
[0.011398] [tesh/INFO] [xbt/log_large_test:3] $SG_EXENV_TEST xbt/log_large_test
[0.098999] [tesh/INFO] [xbt/log_large_test:118] Check that the dynamic version of the log formated layout works
[0.099033] [tesh/INFO] [xbt/log_large_test:119] $SG_EXENV_TEST xbt/log_large_test --log=root.fmt:%m%n
[0.126228] [tesh/INFO] Test suite `xbt/log_large_test' OK
----------------------------------------------------------
"tesh-log-large," end time: Dec 10 15:58 CET
"tesh-log-large," time elapsed: 00:00:00
----------------------------------------------------------

32/112 Testing: tesh-log-parallel,
32/112 Test: tesh-log-parallel,
Command: "/home/navarrop/Developments/simgrid/tools/tesh/tesh" "--cd" "../teshsuite" "xbt/parallel_log_crashtest.tesh" 
Directory: /home/navarrop/Developments/simgrid/Cmake
"tesh-log-parallel," start time: Dec 10 15:58 CET
Output:
----------------------------------------------------------
[0.000006] [tesh/INFO] Change directory to ../teshsuite
[0.000034] [tesh/INFO] Test suite `xbt/parallel_log_crashtest'
[0.000381] [tesh/INFO] [xbt/parallel_log_crashtest:3] Try to crash the log mecanism by using it in parallel with a lot of threads
[0.000393] [tesh/INFO] [xbt/parallel_log_crashtest:4] xbt/parallel_log_crashtest --log=root.fmt:%m%n
[0.106424] [tesh/INFO] Test suite `xbt/parallel_log_crashtest' OK
----------------------------------------------------------
"tesh-log-parallel," end time: Dec 10 15:58 CET
"tesh-log-parallel," time elapsed: 00:00:00
----------------------------------------------------------

33/112 Testing: tesh-gras-dd-mem,
33/112 Test: tesh-gras-dd-mem,
Command: "/home/navarrop/Developments/simgrid/tools/tesh/tesh" "--cd" "../teshsuite" "gras/datadesc/datadesc_mem.tesh" 
Directory: /home/navarrop/Developments/simgrid/Cmake
"tesh-gras-dd-mem," start time: Dec 10 15:58 CET
Output:
----------------------------------------------------------
[0.000006] [tesh/INFO] Change directory to ../teshsuite
[0.000033] [tesh/INFO] Test suite `gras/datadesc/datadesc_mem'
[0.044199] [tesh/INFO] [gras/datadesc/datadesc_mem:2] Check the marshaling facilities (trying to to do a in-memory copy)
[0.044248] [tesh/INFO] [gras/datadesc/datadesc_mem:3] gras/datadesc/datadesc_usage --copy --log=root.fmt:%m%n
[0.130379] [tesh/INFO] Test suite `gras/datadesc/datadesc_mem' OK
----------------------------------------------------------
"tesh-gras-dd-mem," end time: Dec 10 15:58 CET
"tesh-gras-dd-mem," time elapsed: 00:00:00
----------------------------------------------------------

34/112 Testing: tesh-gras-dd-rw,
34/112 Test: tesh-gras-dd-rw,
Command: "/home/navarrop/Developments/simgrid/tools/tesh/tesh" "--cd" "../teshsuite" "gras/datadesc/datadesc_rw.tesh" 
Directory: /home/navarrop/Developments/simgrid/Cmake
"tesh-gras-dd-rw," start time: Dec 10 15:58 CET
Output:
----------------------------------------------------------
[0.000006] [tesh/INFO] Change directory to ../teshsuite
[0.000038] [tesh/INFO] Test suite `gras/datadesc/datadesc_rw'
[0.000301] [tesh/INFO] [gras/datadesc/datadesc_rw:2] Check the marshaling facilities (trying to read what we write)
[0.000311] [tesh/INFO] [gras/datadesc/datadesc_rw:3] rm -f datadesc_usage.out
[0.021429] [tesh/INFO] [gras/datadesc/datadesc_rw:5] gras/datadesc/datadesc_usage --write --log=root.fmt:%m%n
[0.064650] [tesh/INFO] [gras/datadesc/datadesc_rw:28] gras/datadesc/datadesc_usage --read --log=root.fmt:%m%n
[0.100534] [tesh/INFO] Test suite `gras/datadesc/datadesc_rw' OK
----------------------------------------------------------
"tesh-gras-dd-rw," end time: Dec 10 15:58 CET
"tesh-gras-dd-rw," time elapsed: 00:00:00
----------------------------------------------------------

35/112 Testing: tesh-gras-dd-r_little32_4,
35/112 Test: tesh-gras-dd-r_little32_4,
Command: "/home/navarrop/Developments/simgrid/tools/tesh/tesh" "--cd" "../teshsuite" "gras/datadesc/datadesc_r_little32_4.tesh" 
Directory: /home/navarrop/Developments/simgrid/Cmake
"tesh-gras-dd-r_little32_4," start time: Dec 10 15:58 CET
Output:
----------------------------------------------------------
[0.000006] [tesh/INFO] Change directory to ../teshsuite
[0.000034] [tesh/INFO] Test suite `gras/datadesc/datadesc_r_little32_4'
[0.000316] [tesh/INFO] [gras/datadesc/datadesc_r_little32_4:2] Check the marshaling facilities (trying to read the result of linux/x86)
[0.000335] [tesh/INFO] [gras/datadesc/datadesc_r_little32_4:3] gras/datadesc/datadesc_usage --read ${srcdir:=.}/gras/datadesc/datadesc.little32_4 --log=root.fmt:%m%n
[0.055935] [tesh/INFO] Test suite `gras/datadesc/datadesc_r_little32_4' OK
----------------------------------------------------------
"tesh-gras-dd-r_little32_4," end time: Dec 10 15:58 CET
"tesh-gras-dd-r_little32_4," time elapsed: 00:00:00
----------------------------------------------------------

36/112 Testing: tesh-gras-dd-r_little64,
36/112 Test: tesh-gras-dd-r_little64,
Command: "/home/navarrop/Developments/simgrid/tools/tesh/tesh" "--cd" "../teshsuite" "gras/datadesc/datadesc_r_little64.tesh" 
Directory: /home/navarrop/Developments/simgrid/Cmake
"tesh-gras-dd-r_little64," start time: Dec 10 15:58 CET
Output:
----------------------------------------------------------
[0.000006] [tesh/INFO] Change directory to ../teshsuite
[0.000041] [tesh/INFO] Test suite `gras/datadesc/datadesc_r_little64'
[0.000361] [tesh/INFO] [gras/datadesc/datadesc_r_little64:2] Check the marshaling facilities (trying to read the result of linux/amd64)
[0.000381] [tesh/INFO] [gras/datadesc/datadesc_r_little64:3] $SG_TEST_EXENV gras/datadesc/datadesc_usage --read ${srcdir:=.}/gras/datadesc/datadesc.little64 --log=root.fmt:%m%n $ARGS
[0.033937] [tesh/INFO] Test suite `gras/datadesc/datadesc_r_little64' OK
----------------------------------------------------------
"tesh-gras-dd-r_little64," end time: Dec 10 15:58 CET
"tesh-gras-dd-r_little64," time elapsed: 00:00:00
----------------------------------------------------------

37/112 Testing: tesh-gras-dd-r_big32_8,
37/112 Test: tesh-gras-dd-r_big32_8,
Command: "/home/navarrop/Developments/simgrid/tools/tesh/tesh" "--cd" "../teshsuite" "gras/datadesc/datadesc_r_big32_8.tesh" 
Directory: /home/navarrop/Developments/simgrid/Cmake
"tesh-gras-dd-r_big32_8," start time: Dec 10 15:58 CET
Output:
----------------------------------------------------------
[0.000005] [tesh/INFO] Change directory to ../teshsuite
[0.000034] [tesh/INFO] Test suite `gras/datadesc/datadesc_r_big32_8'
[0.000324] [tesh/INFO] [gras/datadesc/datadesc_r_big32_8:2] Check the marshaling facilities (trying to read the result of ppc or sparc)
[0.000340] [tesh/INFO] [gras/datadesc/datadesc_r_big32_8:3] gras/datadesc/datadesc_usage --read ${srcdir:=.}/gras/datadesc/datadesc.big32_8 --log=root.fmt:%m%n
[0.214615] run_context.c:603: [tesh/ERROR] Test suite `gras/datadesc/datadesc_r_big32_8': NOK (<gras/datadesc/datadesc_r_big32_8:3> got signal SIGABRT)
[0.214779] run_context.c:663: [tesh/ERROR] Output of <gras/datadesc/datadesc_r_big32_8:3> mismatch:
- Read from file ./gras/datadesc/datadesc.big32_8
- ---- Test on integer ----
- ---- Test on float ----
- ---- Test on double ----
- ---- Test on fixed array ----
- ---- Test on a reference to an integer ----
- ---- Test on string (ref to dynamic array) ----
- ---- Test on dynar containing integers ----
- ---- Test on all possible struct having 3 fields (49 structs) ----
- ---- Test on homogeneous structure ----
- ---- Test on heterogeneous structure ----
- ---- Test on nested structures ----
- ---- Test on chained list ----
- ---- Test on graph (cyclique chained list of 3 items) ----
- ---- Test on dynar containing integers ----
- ---- Test on the PBIO IEEE struct (also tests GRAS DEFINE TYPE) ----
- ---- Test on struct containing dynamic array and its size (cbps test) ----
- Exiting GRAS
+ Read from file datadesc.big32_8
+ ** SimGrid: UNCAUGHT EXCEPTION received on caraja(10166): category: mismatch; value: 0
+ ** Incoming bytes do not look like a GRAS message (header='....(05000000)'  not 'GRAS')
+ ** Thrown by () in this process
+ Incoming bytes do not look like a GRAS message (header='....(05000000)'  not 'GRAS')
+ 
+ **   In gras_msg_recv() at /home/navarrop/Developments/simgrid/src/gras/Msg/rl_msg.c:116
+ **   In listener_function() at /home/navarrop/Developments/simgrid/src/gras/Msg/gras_msg_listener.c:42
+ **   In xbt_thread_create_wrapper() at /home/navarrop/Developments/simgrid/src/xbt/xbt_rl_synchro.c:37
+ **   In wrapper_start_routine() at /home/navarrop/Developments/simgrid/src/xbt/xbt_os_thread.c:137
+ **   In start_thread() at /build/buildd/eglibc-2.10.1/nptl/pthread_create.c:300
+ **   In ?? at /lib/libc.so.6(clone+0x6d) [0x7f3ecaaed7bd]
[0.214796] run_context.c:667: [tesh/ERROR] Test suite `gras/datadesc/datadesc_r_big32_8': NOK (<gras/datadesc/datadesc_r_big32_8:3> output mismatch)
----------------------------------------------------------
"tesh-gras-dd-r_big32_8," end time: Dec 10 15:58 CET
"tesh-gras-dd-r_big32_8," time elapsed: 00:00:00
----------------------------------------------------------

38/112 Testing: tesh-gras-dd-r_big32_8_4,
38/112 Test: tesh-gras-dd-r_big32_8_4,
Command: "/home/navarrop/Developments/simgrid/tools/tesh/tesh" "--cd" "../teshsuite" "gras/datadesc/datadesc_r_big32_8_4.tesh" 
Directory: /home/navarrop/Developments/simgrid/Cmake
"tesh-gras-dd-r_big32_8_4," start time: Dec 10 15:58 CET
Output:
----------------------------------------------------------
[0.000006] [tesh/INFO] Change directory to ../teshsuite
[0.000035] [tesh/INFO] Test suite `gras/datadesc/datadesc_r_big32_8_4'
[0.001012] [tesh/INFO] [gras/datadesc/datadesc_r_big32_8_4:2] Check the marshaling facilities (trying to read the result of AIX)
[0.001027] [tesh/INFO] [gras/datadesc/datadesc_r_big32_8_4:3] gras/datadesc/datadesc_usage --read ${srcdir:=.}/gras/datadesc/datadesc.big32_8_4 --log=root.fmt:%m%n
[0.048018] [tesh/INFO] Test suite `gras/datadesc/datadesc_r_big32_8_4' OK
----------------------------------------------------------
"tesh-gras-dd-r_big32_8_4," end time: Dec 10 15:58 CET
"tesh-gras-dd-r_big32_8_4," time elapsed: 00:00:00
----------------------------------------------------------

39/112 Testing: tesh-gras-dd-r_big32_2,
39/112 Test: tesh-gras-dd-r_big32_2,
Command: "/home/navarrop/Developments/simgrid/tools/tesh/tesh" "--cd" "../teshsuite" "gras/datadesc/datadesc_r_big32_2.tesh" 
Directory: /home/navarrop/Developments/simgrid/Cmake
"tesh-gras-dd-r_big32_2," start time: Dec 10 15:58 CET
Output:
----------------------------------------------------------
[0.000006] [tesh/INFO] Change directory to ../teshsuite
[0.000034] [tesh/INFO] Test suite `gras/datadesc/datadesc_r_big32_2'
[0.000267] [tesh/INFO] [gras/datadesc/datadesc_r_big32_2:2] Check the marshaling facilities (trying to read the result of linux/mips?)
[0.000279] [tesh/INFO] [gras/datadesc/datadesc_r_big32_2:3] gras/datadesc/datadesc_usage --read ${srcdir:=.}/gras/datadesc/datadesc.big32_2 --log=root.fmt:%m%n
[0.117938] run_context.c:603: [tesh/ERROR] Test suite `gras/datadesc/datadesc_r_big32_2': NOK (<gras/datadesc/datadesc_r_big32_2:3> got signal SIGABRT)
[0.118110] run_context.c:663: [tesh/ERROR] Output of <gras/datadesc/datadesc_r_big32_2:3> mismatch:
- Read from file ./gras/datadesc/datadesc.big32_2
- ---- Test on integer ----
- ---- Test on float ----
- ---- Test on double ----
- ---- Test on fixed array ----
- ---- Test on a reference to an integer ----
- ---- Test on string (ref to dynamic array) ----
- ---- Test on dynar containing integers ----
- ---- Test on all possible struct having 3 fields (49 structs) ----
- ---- Test on homogeneous structure ----
- ---- Test on heterogeneous structure ----
- ---- Test on nested structures ----
- ---- Test on chained list ----
- ---- Test on graph (cyclique chained list of 3 items) ----
- ---- Test on dynar containing integers ----
- ---- Test on the PBIO IEEE struct (also tests GRAS DEFINE TYPE) ----
- ---- Test on struct containing dynamic array and its size (cbps test) ----
- Exiting GRAS
+ Read from file datadesc.big32_2
+ ** SimGrid: UNCAUGHT EXCEPTION received on caraja(10246): category: mismatch; value: 0
+ ** Incoming bytes do not look like a GRAS message (header='....(08000000)'  not 'GRAS')
+ ** Thrown by () in this process
+ Incoming bytes do not look like a GRAS message (header='....(08000000)'  not 'GRAS')
+ 
+ **   In gras_msg_recv() at /home/navarrop/Developments/simgrid/src/gras/Msg/rl_msg.c:116
+ **   In listener_function() at /home/navarrop/Developments/simgrid/src/gras/Msg/gras_msg_listener.c:42
+ **   In xbt_thread_create_wrapper() at /home/navarrop/Developments/simgrid/src/xbt/xbt_rl_synchro.c:37
+ **   In wrapper_start_routine() at /home/navarrop/Developments/simgrid/src/xbt/xbt_os_thread.c:137
+ **   In start_thread() at /build/buildd/eglibc-2.10.1/nptl/pthread_create.c:300
+ **   In ?? at /lib/libc.so.6(clone+0x6d) [0x7f15203187bd]
[0.118121] run_context.c:667: [tesh/ERROR] Test suite `gras/datadesc/datadesc_r_big32_2': NOK (<gras/datadesc/datadesc_r_big32_2:3> output mismatch)
----------------------------------------------------------
"tesh-gras-dd-r_big32_2," end time: Dec 10 15:58 CET
"tesh-gras-dd-r_big32_2," time elapsed: 00:00:00
----------------------------------------------------------

40/112 Testing: tesh-gras-msg_handle-rl,
40/112 Test: tesh-gras-msg_handle-rl,
Command: "/home/navarrop/Developments/simgrid/tools/tesh/tesh" "--cd" "../teshsuite" "gras/msg_handle/test_rl" 
Directory: /home/navarrop/Developments/simgrid/Cmake
"tesh-gras-msg_handle-rl," start time: Dec 10 15:58 CET
Output:
----------------------------------------------------------
[0.000006] [tesh/INFO] Change directory to ../teshsuite
[0.000033] [tesh/INFO] Test suite `gras/msg_handle/test_rl'
[0.000782] [tesh/INFO] [gras/msg_handle/test_rl:3] $SG_TEST_ENV gras/msg_handle/msg_handle_server$EXEEXT 4002 127.0.0.1:4003 --log=root.fmt=%P:%t%e%m%n $ARGS (background command)
[0.001188] [tesh/INFO] [gras/msg_handle/test_rl:12] $SG_TEST_ENV gras/msg_handle/msg_handle_client$EXEEXT 4003 127.0.0.1:4002 --log=root.fmt=%P:%t%e%m%n $ARGS (background command)
[5.103811] [tesh/INFO] Test suite `gras/msg_handle/test_rl' OK
----------------------------------------------------------
"tesh-gras-msg_handle-rl," end time: Dec 10 15:58 CET
"tesh-gras-msg_handle-rl," time elapsed: 00:00:05
----------------------------------------------------------

41/112 Testing: tesh-gras-msg_handle-sg-32,
41/112 Test: tesh-gras-msg_handle-sg-32,
Command: "/home/navarrop/Developments/simgrid/tools/tesh/tesh" "--cd" "../teshsuite" "gras/msg_handle/test_sg_32" 
Directory: /home/navarrop/Developments/simgrid/Cmake
"tesh-gras-msg_handle-sg-32," start time: Dec 10 15:58 CET
Output:
----------------------------------------------------------
[0.000005] [tesh/INFO] Change directory to ../teshsuite
[0.000033] [tesh/INFO] Test suite `gras/msg_handle/test_sg_32'
[0.000292] [tesh/INFO] [gras/msg_handle/test_sg_32:1] Runs the 'msg_handle' test within the simulator (simulation times valid for 32bits architectures)
[0.000313] [tesh/INFO] [gras/msg_handle/test_sg_32:3] $SG_TEST_EXENV gras/msg_handle/msg_handle_simulator$EXEEXT ${srcdir:=.}/../examples/msg/small_platform.xml ${srcdir:=.}/gras/msg_handle/msg_handle.xml
[0.117260] run_context.c:663: [tesh/ERROR] Output of <gras/msg_handle/test_sg_32:3> mismatch:
  [Tremblay:server:(1) 0.000000] [test/INFO] Launch server (port=4000)
  [Fafard:client:(2) 0.000000] [test/INFO] Launch client (port=4000)
- [Tremblay:server:(1) 1.000030] [test/INFO] Initialization done.
- [Tremblay:server:(1) 1.000030] [test/INFO] gras_msg_handle(0) works as expected (immediate timeout)
- [Fafard:client:(2) 1.000030] [test/INFO] Initialization done.
- [Tremblay:server:(1) 2.000030] [test/INFO] gras_msg_handle(1) works as expected (delayed timeout)
- [Tremblay:server:(1) 5.000030] [test/INFO] Unlock pal
- [Tremblay:server:(1) 5.002006] [gras/INFO] Exiting GRAS
- [Fafard:client:(2) 5.002006] [test/INFO] Got the message
- [Fafard:client:(2) 5.002006] [test/INFO] gras_msg_handle(-1) works as expected (locked)
- [Fafard:client:(2) 5.002006] [gras/INFO] Exiting GRAS
+ [Tremblay:server:(1) 1.000312] [test/INFO] Initialization done.
+ [Tremblay:server:(1) 1.000312] [test/INFO] gras_msg_handle(0) works as expected (immediate timeout)
+ [Fafard:client:(2) 1.000312] [test/INFO] Initialization done.
+ [Tremblay:server:(1) 2.000312] [test/INFO] gras_msg_handle(1) works as expected (delayed timeout)
+ [Tremblay:server:(1) 5.000312] [test/INFO] Unlock pal
+ [Tremblay:server:(1) 5.020863] [gras/INFO] Exiting GRAS
+ [Fafard:client:(2) 5.020863] [test/INFO] Got the message
+ [Fafard:client:(2) 5.020863] [test/INFO] gras_msg_handle(-1) works as expected (locked)
+ [Fafard:client:(2) 5.020863] [gras/INFO] Exiting GRAS
[0.117281] run_context.c:667: [tesh/ERROR] Test suite `gras/msg_handle/test_sg_32': NOK (<gras/msg_handle/test_sg_32:3> output mismatch)
----------------------------------------------------------
"tesh-gras-msg_handle-sg-32," end time: Dec 10 15:58 CET
"tesh-gras-msg_handle-sg-32," time elapsed: 00:00:00
----------------------------------------------------------

42/112 Testing: tesh-gras-empty_main-rl,
42/112 Test: tesh-gras-empty_main-rl,
Command: "/home/navarrop/Developments/simgrid/tools/tesh/tesh" "--cd" "../teshsuite" "gras/empty_main/test_rl" 
Directory: /home/navarrop/Developments/simgrid/Cmake
"tesh-gras-empty_main-rl," start time: Dec 10 15:58 CET
Output:
----------------------------------------------------------
[0.000006] [tesh/INFO] Change directory to ../teshsuite
[0.000038] [tesh/INFO] Test suite `gras/empty_main/test_rl'
[0.000513] [tesh/INFO] [gras/empty_main/test_rl:3] $SG_TEST_ENV ./gras/empty_main/empty_main_function$EXEEXT --log=root.fmt=%P:%t%e%m%n $ARGS (background command)
[0.076424] [tesh/INFO] Test suite `gras/empty_main/test_rl' OK
----------------------------------------------------------
"tesh-gras-empty_main-rl," end time: Dec 10 15:58 CET
"tesh-gras-empty_main-rl," time elapsed: 00:00:00
----------------------------------------------------------

43/112 Testing: tesh-gras-empty_main-sg,
43/112 Test: tesh-gras-empty_main-sg,
Command: "/home/navarrop/Developments/simgrid/tools/tesh/tesh" "--cd" "../teshsuite" "gras/empty_main/test_sg" 
Directory: /home/navarrop/Developments/simgrid/Cmake
"tesh-gras-empty_main-sg," start time: Dec 10 15:58 CET
Output:
----------------------------------------------------------
[0.000005] [tesh/INFO] Change directory to ../teshsuite
[0.000035] [tesh/INFO] Test suite `gras/empty_main/test_sg'
[0.001628] [tesh/INFO] [gras/empty_main/test_sg:1] Runs the 'empty_main' test within the simulator
[0.001651] [tesh/INFO] [gras/empty_main/test_sg:3] $SG_TEST_EXENV ./gras/empty_main/empty_main_simulator${EXEEXT:=} ${srcdir:=.}/../examples/msg/small_platform.xml ${srcdir:=.}/gras/empty_main/empty_main.xml
[0.071186] [tesh/INFO] Test suite `gras/empty_main/test_sg' OK
----------------------------------------------------------
"tesh-gras-empty_main-sg," end time: Dec 10 15:58 CET
"tesh-gras-empty_main-sg," time elapsed: 00:00:00
----------------------------------------------------------

44/112 Testing: tesh-gras-small_sleep-sg-32,
44/112 Test: tesh-gras-small_sleep-sg-32,
Command: "/home/navarrop/Developments/simgrid/tools/tesh/tesh" "--cd" "../teshsuite" "gras/small_sleep/test_sg_32" 
Directory: /home/navarrop/Developments/simgrid/Cmake
"tesh-gras-small_sleep-sg-32," start time: Dec 10 15:58 CET
Output:
----------------------------------------------------------
[0.000006] [tesh/INFO] Change directory to ../teshsuite
[0.000037] [tesh/INFO] Test suite `gras/small_sleep/test_sg_32'
[0.000478] [tesh/INFO] [gras/small_sleep/test_sg_32:1] Runs the 'small_sleep' test within the simulator
[0.000500] [tesh/INFO] [gras/small_sleep/test_sg_32:3] $SG_TEST_EXENV ./gras/small_sleep/small_sleep_simulator${EXEEXT:=} ${srcdir:=.}/../examples/msg/small_platform.xml ${srcdir:=.}/gras/small_sleep/small_sleep.xml
[0.069169] run_context.c:663: [tesh/ERROR] Output of <gras/small_sleep/test_sg_32:3> mismatch:
  [Tremblay:function:(1) 0.000000] [test/INFO] Let's go 1E-5
  [Tremblay:function:(1) 0.000010] [test/INFO] Let's go 1E-10
  [Tremblay:function:(1) 0.000020] [test/INFO] Let's go 1E-15
- [Tremblay:function:(1) 0.000030] [test/INFO] Let's go 1E-20
- [Tremblay:function:(1) 0.000030] [test/INFO] done
- [Tremblay:function:(1) 0.000030] [gras/INFO] Exiting GRAS
+ [Tremblay:function:(1) 0.000020] [test/INFO] Let's go 1E-20
+ [Tremblay:function:(1) 0.000020] [test/INFO] done
+ [Tremblay:function:(1) 0.000020] [gras/INFO] Exiting GRAS
[0.069182] run_context.c:667: [tesh/ERROR] Test suite `gras/small_sleep/test_sg_32': NOK (<gras/small_sleep/test_sg_32:3> output mismatch)
----------------------------------------------------------
"tesh-gras-small_sleep-sg-32," end time: Dec 10 15:58 CET
"tesh-gras-small_sleep-sg-32," time elapsed: 00:00:00
----------------------------------------------------------

45/112 Testing: tesh-simdag-reinit_costs,
45/112 Test: tesh-simdag-reinit_costs,
Command: "/home/navarrop/Developments/simgrid/tools/tesh/tesh" "--cd" "../teshsuite" "simdag/network/test_reinit_costs.tesh" 
Directory: /home/navarrop/Developments/simgrid/Cmake
"tesh-simdag-reinit_costs," start time: Dec 10 15:58 CET
Output:
----------------------------------------------------------
[0.000005] [tesh/INFO] Change directory to ../teshsuite
[0.000037] [tesh/INFO] Test suite `simdag/network/test_reinit_costs'
[0.007699] [tesh/INFO] [simdag/network/test_reinit_costs:2] Reinitialization test
[0.007728] [tesh/INFO] [simdag/network/test_reinit_costs:4] simdag/network/test_reinit_costs ${srcdir:=.}/simdag/network/platform_2p_1sl.xml --surf-path=${srcdir} --log=sd_kernel.thres=warning
[0.045283] [tesh/INFO] Test suite `simdag/network/test_reinit_costs' OK
----------------------------------------------------------
"tesh-simdag-reinit_costs," end time: Dec 10 15:58 CET
"tesh-simdag-reinit_costs," time elapsed: 00:00:00
----------------------------------------------------------

46/112 Testing: tesh-simdag-parser,
46/112 Test: tesh-simdag-parser,
Command: "/home/navarrop/Developments/simgrid/tools/tesh/tesh" "--cd" "../teshsuite" "simdag/platforms/basic_parsing_test.tesh" 
Directory: /home/navarrop/Developments/simgrid/Cmake
"tesh-simdag-parser," start time: Dec 10 15:58 CET
Output:
----------------------------------------------------------
[0.000005] [tesh/INFO] Change directory to ../teshsuite
[0.000036] [tesh/INFO] Test suite `simdag/platforms/basic_parsing_test'
[0.000433] [tesh/INFO] [simdag/platforms/basic_parsing_test:1] simdag/platforms/basic_parsing_test --log=xbt_cfg.thres:critical --cfg=path:${srcdir:=.}/simdag/platforms one_cluster_foreach.xml
[0.060529] [tesh/INFO] [simdag/platforms/basic_parsing_test:2] simdag/platforms/basic_parsing_test --log=xbt_cfg.thres:critical --cfg=path:${srcdir:=.}/simdag/platforms one_cluster_one_host_random.xml
[0.088934] [tesh/INFO] [simdag/platforms/basic_parsing_test:3] simdag/platforms/basic_parsing_test --log=xbt_cfg.thres:critical --cfg=path:${srcdir:=.}/simdag/platforms one_cluster_one_host.xml
[0.110911] [tesh/INFO] [simdag/platforms/basic_parsing_test:4] simdag/platforms/basic_parsing_test --log=xbt_cfg.thres:critical --cfg=path:${srcdir:=.}/simdag/platforms one_cluster_properties_foreach.xml
[0.129809] [tesh/INFO] [simdag/platforms/basic_parsing_test:5] simdag/platforms/basic_parsing_test --log=xbt_cfg.thres:critical --cfg=path:${srcdir:=.}/simdag/platforms one_cluster.xml
[0.155011] [tesh/INFO] [simdag/platforms/basic_parsing_test:6] simdag/platforms/basic_parsing_test --log=xbt_cfg.thres:critical --cfg=path:${srcdir:=.}/simdag/platforms one_host_availability.xml
[0.175776] [tesh/INFO] [simdag/platforms/basic_parsing_test:7] simdag/platforms/basic_parsing_test --log=xbt_cfg.thres:critical --cfg=path:${srcdir:=.}/simdag/platforms one_host_properties.xml
[0.203092] [tesh/INFO] [simdag/platforms/basic_parsing_test:8] simdag/platforms/basic_parsing_test --log=xbt_cfg.thres:critical --cfg=path:${srcdir:=.}/simdag/platforms one_host_state_file.xml
[0.237526] [tesh/INFO] [simdag/platforms/basic_parsing_test:9] simdag/platforms/basic_parsing_test --log=xbt_cfg.thres:critical --cfg=path:${srcdir:=.}/simdag/platforms one_host_state_off.xml
[0.264687] [tesh/INFO] [simdag/platforms/basic_parsing_test:10] simdag/platforms/basic_parsing_test --log=xbt_cfg.thres:critical --cfg=path:${srcdir:=.}/simdag/platforms one_host_state_on.xml
[0.285421] [tesh/INFO] [simdag/platforms/basic_parsing_test:11] simdag/platforms/basic_parsing_test --log=xbt_cfg.thres:critical --cfg=path:${srcdir:=.}/simdag/platforms one_host_trace_inside.xml
[0.305046] [tesh/INFO] [simdag/platforms/basic_parsing_test:12] simdag/platforms/basic_parsing_test --log=xbt_cfg.thres:critical --cfg=path:${srcdir:=.}/simdag/platforms one_host.xml
[0.333690] [tesh/INFO] [simdag/platforms/basic_parsing_test:13] simdag/platforms/basic_parsing_test --log=xbt_cfg.thres:critical --cfg=path:${srcdir:=.}/simdag/platforms one_link_availability.xml
[0.374851] [tesh/INFO] [simdag/platforms/basic_parsing_test:14] simdag/platforms/basic_parsing_test --log=xbt_cfg.thres:critical --cfg=path:${srcdir:=.}/simdag/platforms one_link_fatpipe.xml
[0.394142] [tesh/INFO] [simdag/platforms/basic_parsing_test:15] simdag/platforms/basic_parsing_test --log=xbt_cfg.thres:critical --cfg=path:${srcdir:=.}/simdag/platforms one_link_shared.xml
[0.424583] [tesh/INFO] [simdag/platforms/basic_parsing_test:16] simdag/platforms/basic_parsing_test --log=xbt_cfg.thres:critical --cfg=path:${srcdir:=.}/simdag/platforms one_link_state_file.xml
[0.441241] [tesh/INFO] [simdag/platforms/basic_parsing_test:17] simdag/platforms/basic_parsing_test --log=xbt_cfg.thres:critical --cfg=path:${srcdir:=.}/simdag/platforms three_hosts_non_symmetric_route.xml
[0.469503] [tesh/INFO] [simdag/platforms/basic_parsing_test:18] simdag/platforms/basic_parsing_test --log=xbt_cfg.thres:critical --cfg=path:${srcdir:=.}/simdag/platforms two_clusters_symmetric.xml
[0.502683] [tesh/INFO] [simdag/platforms/basic_parsing_test:19] simdag/platforms/basic_parsing_test --log=xbt_cfg.thres:critical --cfg=path:${srcdir:=.}/simdag/platforms two_clusters.xml
[0.529192] [tesh/INFO] [simdag/platforms/basic_parsing_test:20] simdag/platforms/basic_parsing_test --log=xbt_cfg.thres:critical --cfg=path:${srcdir:=.}/simdag/platforms two_hosts_multi_hop.xml
[0.547884] [tesh/INFO] [simdag/platforms/basic_parsing_test:21] simdag/platforms/basic_parsing_test --log=xbt_cfg.thres:critical --cfg=path:${srcdir:=.}/simdag/platforms two_hosts_one_link.xml
[0.570547] [tesh/INFO] Test suite `simdag/platforms/basic_parsing_test' OK
----------------------------------------------------------
"tesh-simdag-parser," end time: Dec 10 15:58 CET
"tesh-simdag-parser," time elapsed: 00:00:00
----------------------------------------------------------

47/112 Testing: tesh-simdag-flatifier,
47/112 Test: tesh-simdag-flatifier,
Command: "/home/navarrop/Developments/simgrid/tools/tesh/tesh" "--cd" "../teshsuite" "simdag/platforms/flatifier.tesh" 
Directory: /home/navarrop/Developments/simgrid/Cmake
"tesh-simdag-flatifier," start time: Dec 10 15:58 CET
Output:
----------------------------------------------------------
[0.000006] [tesh/INFO] Change directory to ../teshsuite
[0.000039] [tesh/INFO] Test suite `simdag/platforms/flatifier'
[0.000340] [tesh/INFO] [simdag/platforms/flatifier:1] ./simdag/platforms/flatifier --cfg=path:${srcdir:=.}/simdag/platforms/ one_cluster.xml
[0.084973] run_context.c:663: [tesh/ERROR] Output of <simdag/platforms/flatifier:1> mismatch:
  [0.000000] [xbt_cfg/INFO] Configuration change: Set 'path' to './simdag/platforms/'
  <?xml version='1.0'?>
  <!DOCTYPE platform SYSTEM "simgrid.dtd">
  <platform version="2">
    <host id="bob0.hamburger.edu" power="1000000000"/>
    <host id="bob2.hamburger.edu" power="1000000000"/>
    <host id="bob3.hamburger.edu" power="1000000000"/>
    <host id="bob4.hamburger.edu" power="1000000000"/>
    <host id="bob6.hamburger.edu" power="1000000000"/>
    <link id="__loopback__" bandwidth="498000000" latency="0.000015000" sharing_policy="FATPIPE"/>
    <link id="bob0.hamburger.edu" bandwidth="125000000" latency="0.000050000"/>
    <link id="bob2.hamburger.edu" bandwidth="125000000" latency="0.000050000"/>
    <link id="bob3.hamburger.edu" bandwidth="125000000" latency="0.000050000"/>
    <link id="bob4.hamburger.edu" bandwidth="125000000" latency="0.000050000"/>
    <link id="bob6.hamburger.edu" bandwidth="125000000" latency="0.000050000"/>
    <link id="bob_cluster_bb" bandwidth="2250000000" latency="0.000500000" sharing_policy="FATPIPE"/>
    <route src="bob0.hamburger.edu" dst="bob0.hamburger.edu">
-     <link:ctn id="__loopback__"/>
+     <link:ctn id="bob0.hamburger.edu"/>
    </route>
    <route src="bob0.hamburger.edu" dst="bob2.hamburger.edu">
      <link:ctn id="bob0.hamburger.edu"/><link:ctn id="bob_cluster_bb"/><link:ctn id="bob2.hamburger.edu"/>
    </route>
    <route src="bob0.hamburger.edu" dst="bob3.hamburger.edu">
      <link:ctn id="bob0.hamburger.edu"/><link:ctn id="bob_cluster_bb"/><link:ctn id="bob3.hamburger.edu"/>
    </route>
    <route src="bob0.hamburger.edu" dst="bob4.hamburger.edu">
      <link:ctn id="bob0.hamburger.edu"/><link:ctn id="bob_cluster_bb"/><link:ctn id="bob4.hamburger.edu"/>
    </route>
    <route src="bob0.hamburger.edu" dst="bob6.hamburger.edu">
      <link:ctn id="bob0.hamburger.edu"/><link:ctn id="bob_cluster_bb"/><link:ctn id="bob6.hamburger.edu"/>
    </route>
    <route src="bob2.hamburger.edu" dst="bob0.hamburger.edu">
      <link:ctn id="bob2.hamburger.edu"/><link:ctn id="bob_cluster_bb"/><link:ctn id="bob0.hamburger.edu"/>
    </route>
    <route src="bob2.hamburger.edu" dst="bob2.hamburger.edu">
-     <link:ctn id="__loopback__"/>
+     <link:ctn id="bob2.hamburger.edu"/>
    </route>
    <route src="bob2.hamburger.edu" dst="bob3.hamburger.edu">
      <link:ctn id="bob2.hamburger.edu"/><link:ctn id="bob_cluster_bb"/><link:ctn id="bob3.hamburger.edu"/>
    </route>
    <route src="bob2.hamburger.edu" dst="bob4.hamburger.edu">
      <link:ctn id="bob2.hamburger.edu"/><link:ctn id="bob_cluster_bb"/><link:ctn id="bob4.hamburger.edu"/>
    </route>
    <route src="bob2.hamburger.edu" dst="bob6.hamburger.edu">
      <link:ctn id="bob2.hamburger.edu"/><link:ctn id="bob_cluster_bb"/><link:ctn id="bob6.hamburger.edu"/>
    </route>
    <route src="bob3.hamburger.edu" dst="bob0.hamburger.edu">
      <link:ctn id="bob3.hamburger.edu"/><link:ctn id="bob_cluster_bb"/><link:ctn id="bob0.hamburger.edu"/>
    </route>
    <route src="bob3.hamburger.edu" dst="bob2.hamburger.edu">
      <link:ctn id="bob3.hamburger.edu"/><link:ctn id="bob_cluster_bb"/><link:ctn id="bob2.hamburger.edu"/>
    </route>
    <route src="bob3.hamburger.edu" dst="bob3.hamburger.edu">
-     <link:ctn id="__loopback__"/>
+     <link:ctn id="bob3.hamburger.edu"/>
    </route>
    <route src="bob3.hamburger.edu" dst="bob4.hamburger.edu">
      <link:ctn id="bob3.hamburger.edu"/><link:ctn id="bob_cluster_bb"/><link:ctn id="bob4.hamburger.edu"/>
    </route>
    <route src="bob3.hamburger.edu" dst="bob6.hamburger.edu">
      <link:ctn id="bob3.hamburger.edu"/><link:ctn id="bob_cluster_bb"/><link:ctn id="bob6.hamburger.edu"/>
    </route>
    <route src="bob4.hamburger.edu" dst="bob0.hamburger.edu">
      <link:ctn id="bob4.hamburger.edu"/><link:ctn id="bob_cluster_bb"/><link:ctn id="bob0.hamburger.edu"/>
    </route>
    <route src="bob4.hamburger.edu" dst="bob2.hamburger.edu">
      <link:ctn id="bob4.hamburger.edu"/><link:ctn id="bob_cluster_bb"/><link:ctn id="bob2.hamburger.edu"/>
    </route>
    <route src="bob4.hamburger.edu" dst="bob3.hamburger.edu">
      <link:ctn id="bob4.hamburger.edu"/><link:ctn id="bob_cluster_bb"/><link:ctn id="bob3.hamburger.edu"/>
    </route>
    <route src="bob4.hamburger.edu" dst="bob4.hamburger.edu">
-     <link:ctn id="__loopback__"/>
+     <link:ctn id="bob4.hamburger.edu"/>
    </route>
    <route src="bob4.hamburger.edu" dst="bob6.hamburger.edu">
      <link:ctn id="bob4.hamburger.edu"/><link:ctn id="bob_cluster_bb"/><link:ctn id="bob6.hamburger.edu"/>
    </route>
    <route src="bob6.hamburger.edu" dst="bob0.hamburger.edu">
      <link:ctn id="bob6.hamburger.edu"/><link:ctn id="bob_cluster_bb"/><link:ctn id="bob0.hamburger.edu"/>
    </route>
    <route src="bob6.hamburger.edu" dst="bob2.hamburger.edu">
      <link:ctn id="bob6.hamburger.edu"/><link:ctn id="bob_cluster_bb"/><link:ctn id="bob2.hamburger.edu"/>
    </route>
    <route src="bob6.hamburger.edu" dst="bob3.hamburger.edu">
      <link:ctn id="bob6.hamburger.edu"/><link:ctn id="bob_cluster_bb"/><link:ctn id="bob3.hamburger.edu"/>
    </route>
    <route src="bob6.hamburger.edu" dst="bob4.hamburger.edu">
      <link:ctn id="bob6.hamburger.edu"/><link:ctn id="bob_cluster_bb"/><link:ctn id="bob4.hamburger.edu"/>
    </route>
    <route src="bob6.hamburger.edu" dst="bob6.hamburger.edu">
-     <link:ctn id="__loopback__"/>
+     <link:ctn id="bob6.hamburger.edu"/>
    </route>
  </platform>
[0.085068] run_context.c:667: [tesh/ERROR] Test suite `simdag/platforms/flatifier': NOK (<simdag/platforms/flatifier:1> output mismatch)
----------------------------------------------------------
"tesh-simdag-flatifier," end time: Dec 10 15:58 CET
"tesh-simdag-flatifier," time elapsed: 00:00:00
----------------------------------------------------------

48/112 Testing: tesh-simdag-basic0,
48/112 Test: tesh-simdag-basic0,
Command: "/home/navarrop/Developments/simgrid/tools/tesh/tesh" "--cd" "../teshsuite" "simdag/basic0.tesh" 
Directory: /home/navarrop/Developments/simgrid/Cmake
"tesh-simdag-basic0," start time: Dec 10 15:58 CET
Output:
----------------------------------------------------------
[0.000005] [tesh/INFO] Change directory to ../teshsuite
[0.000033] [tesh/INFO] Test suite `simdag/basic0'
[0.010172] [tesh/INFO] [simdag/basic0:1] simdag/basic0 ${srcdir:=.}/simdag/basic_platform.xml --surf-path=${srcdir}
[0.070185] [tesh/INFO] Test suite `simdag/basic0' OK
----------------------------------------------------------
"tesh-simdag-basic0," end time: Dec 10 15:58 CET
"tesh-simdag-basic0," time elapsed: 00:00:00
----------------------------------------------------------

49/112 Testing: tesh-simdag-basic1,
49/112 Test: tesh-simdag-basic1,
Command: "/home/navarrop/Developments/simgrid/tools/tesh/tesh" "--cd" "../teshsuite" "simdag/basic1.tesh" 
Directory: /home/navarrop/Developments/simgrid/Cmake
"tesh-simdag-basic1," start time: Dec 10 15:58 CET
Output:
----------------------------------------------------------
[0.000006] [tesh/INFO] Change directory to ../teshsuite
[0.000039] [tesh/INFO] Test suite `simdag/basic1'
[0.000271] [tesh/INFO] [simdag/basic1:1] simdag/basic1 ${srcdir:=.}/simdag/basic_platform.xml --surf-path=${srcdir}
[0.061507] [tesh/INFO] Test suite `simdag/basic1' OK
----------------------------------------------------------
"tesh-simdag-basic1," end time: Dec 10 15:58 CET
"tesh-simdag-basic1," time elapsed: 00:00:00
----------------------------------------------------------

50/112 Testing: tesh-simdag-basic2,
50/112 Test: tesh-simdag-basic2,
Command: "/home/navarrop/Developments/simgrid/tools/tesh/tesh" "--cd" "../teshsuite" "simdag/basic2.tesh" 
Directory: /home/navarrop/Developments/simgrid/Cmake
"tesh-simdag-basic2," start time: Dec 10 15:58 CET
Output:
----------------------------------------------------------
[0.000008] [tesh/INFO] Change directory to ../teshsuite
[0.000108] [tesh/INFO] Test suite `simdag/basic2'
[0.000369] [tesh/INFO] [simdag/basic2:1] simdag/basic2 ${srcdir:=.}/simdag/basic_platform.xml --surf-path=${srcdir}
[0.029862] [tesh/INFO] Test suite `simdag/basic2' OK
----------------------------------------------------------
"tesh-simdag-basic2," end time: Dec 10 15:58 CET
"tesh-simdag-basic2," time elapsed: 00:00:00
----------------------------------------------------------

51/112 Testing: tesh-simdag-basic3,
51/112 Test: tesh-simdag-basic3,
Command: "/home/navarrop/Developments/simgrid/tools/tesh/tesh" "--cd" "../teshsuite" "simdag/basic3.tesh" 
Directory: /home/navarrop/Developments/simgrid/Cmake
"tesh-simdag-basic3," start time: Dec 10 15:58 CET
Output:
----------------------------------------------------------
[0.000006] [tesh/INFO] Change directory to ../teshsuite
[0.000035] [tesh/INFO] Test suite `simdag/basic3'
[0.000299] [tesh/INFO] [simdag/basic3:1] simdag/basic3 ${srcdir:=.}/simdag/basic_platform.xml --surf-path=${srcdir}
[0.046723] [tesh/INFO] Test suite `simdag/basic3' OK
----------------------------------------------------------
"tesh-simdag-basic3," end time: Dec 10 15:58 CET
"tesh-simdag-basic3," time elapsed: 00:00:00
----------------------------------------------------------

52/112 Testing: tesh-simdag-basic4,
52/112 Test: tesh-simdag-basic4,
Command: "/home/navarrop/Developments/simgrid/tools/tesh/tesh" "--cd" "../teshsuite" "simdag/basic4.tesh" 
Directory: /home/navarrop/Developments/simgrid/Cmake
"tesh-simdag-basic4," start time: Dec 10 15:58 CET
Output:
----------------------------------------------------------
[0.000005] [tesh/INFO] Change directory to ../teshsuite
[0.000033] [tesh/INFO] Test suite `simdag/basic4'
[0.000280] [tesh/INFO] [simdag/basic4:1] simdag/basic4 ${srcdir:=.}/simdag/basic_platform.xml --surf-path=${srcdir}
[0.076283] [tesh/INFO] Test suite `simdag/basic4' OK
----------------------------------------------------------
"tesh-simdag-basic4," end time: Dec 10 15:58 CET
"tesh-simdag-basic4," time elapsed: 00:00:00
----------------------------------------------------------

53/112 Testing: tesh-simdag-basic5,
53/112 Test: tesh-simdag-basic5,
Command: "/home/navarrop/Developments/simgrid/tools/tesh/tesh" "--cd" "../teshsuite" "simdag/basic5.tesh" 
Directory: /home/navarrop/Developments/simgrid/Cmake
"tesh-simdag-basic5," start time: Dec 10 15:58 CET
Output:
----------------------------------------------------------
[0.000012] [tesh/INFO] Change directory to ../teshsuite
[0.000054] [tesh/INFO] Test suite `simdag/basic5'
[0.000351] [tesh/INFO] [simdag/basic5:1] simdag/basic5 ${srcdir:=.}/simdag/basic_platform.xml --surf-path=${srcdir}
[0.047317] [tesh/INFO] Test suite `simdag/basic5' OK
----------------------------------------------------------
"tesh-simdag-basic5," end time: Dec 10 15:58 CET
"tesh-simdag-basic5," time elapsed: 00:00:00
----------------------------------------------------------

54/112 Testing: tesh-simdag-basic6,
54/112 Test: tesh-simdag-basic6,
Command: "/home/navarrop/Developments/simgrid/tools/tesh/tesh" "--cd" "../teshsuite" "simdag/basic6.tesh" 
Directory: /home/navarrop/Developments/simgrid/Cmake
"tesh-simdag-basic6," start time: Dec 10 15:58 CET
Output:
----------------------------------------------------------
[0.000006] [tesh/INFO] Change directory to ../teshsuite
[0.000042] [tesh/INFO] Test suite `simdag/basic6'
[0.000292] [tesh/INFO] [simdag/basic6:1] simdag/basic6 ${srcdir:=.}/simdag/network/p2p/platform_2p_1sl.xml --surf-path=${srcdir}
[0.070314] [tesh/INFO] Test suite `simdag/basic6' OK
----------------------------------------------------------
"tesh-simdag-basic6," end time: Dec 10 15:58 CET
"tesh-simdag-basic6," time elapsed: 00:00:00
----------------------------------------------------------

55/112 Testing: tesh-simdag-p2p-1,
55/112 Test: tesh-simdag-p2p-1,
Command: "/home/navarrop/Developments/simgrid/tools/tesh/tesh" "--cd" "../teshsuite" "simdag/network/p2p/test_latency1.tesh" 
Directory: /home/navarrop/Developments/simgrid/Cmake
"tesh-simdag-p2p-1," start time: Dec 10 15:58 CET
Output:
----------------------------------------------------------
[0.000006] [tesh/INFO] Change directory to ../teshsuite
[0.000033] [tesh/INFO] Test suite `simdag/network/p2p/test_latency1'
[0.000269] [tesh/INFO] [simdag/network/p2p/test_latency1:2] latency check, 1 byte, shared link
[0.000284] [tesh/INFO] [simdag/network/p2p/test_latency1:4] simdag/network/p2p/test_latency1 ${srcdir:=.}/simdag/network/p2p/platform_2p_1sl.xml --surf-path=${srcdir} --log=sd_kernel.thres=warning
[0.055316] [tesh/INFO] [simdag/network/p2p/test_latency1:7] latency check, 1 byte, fat pipe
[0.055335] [tesh/INFO] [simdag/network/p2p/test_latency1:9] simdag/network/p2p/test_latency1 ${srcdir:=.}/simdag/network/p2p/platform_2p_1fl.xml --surf-path=${srcdir} --log=sd_kernel.thres=warning
[0.090804] [tesh/INFO] [simdag/network/p2p/test_latency1:12] latency check, 1 byte, link - switch - link 
[0.090822] [tesh/INFO] [simdag/network/p2p/test_latency1:14] simdag/network/p2p/test_latency1 ${srcdir:=.}/simdag/network/p2p/platform_2p_1switch.xml --surf-path=${srcdir} --log=sd_kernel.thres=warning
[0.144253] [tesh/INFO] Test suite `simdag/network/p2p/test_latency1' OK
----------------------------------------------------------
"tesh-simdag-p2p-1," end time: Dec 10 15:58 CET
"tesh-simdag-p2p-1," time elapsed: 00:00:00
----------------------------------------------------------

56/112 Testing: tesh-simdag-p2p-2,
56/112 Test: tesh-simdag-p2p-2,
Command: "/home/navarrop/Developments/simgrid/tools/tesh/tesh" "--cd" "../teshsuite" "simdag/network/p2p/test_latency2.tesh" 
Directory: /home/navarrop/Developments/simgrid/Cmake
"tesh-simdag-p2p-2," start time: Dec 10 15:58 CET
Output:
----------------------------------------------------------
[0.000006] [tesh/INFO] Change directory to ../teshsuite
[0.000084] [tesh/INFO] Test suite `simdag/network/p2p/test_latency2'
[0.000320] [tesh/INFO] [simdag/network/p2p/test_latency2:2] latency check, 2 x 1 byte, same direction, shared link
[0.000338] [tesh/INFO] [simdag/network/p2p/test_latency2:4] simdag/network/p2p/test_latency2 ${srcdir:=.}/simdag/network/p2p/platform_2p_1sl.xml --surf-path=${srcdir} --log=sd_kernel.thres=warning
[0.041929] [tesh/INFO] [simdag/network/p2p/test_latency2:7] latency check, 2 x 1 byte, same direction, fat pipe
[0.041950] [tesh/INFO] [simdag/network/p2p/test_latency2:9] simdag/network/p2p/test_latency2 ${srcdir:=.}/simdag/network/p2p/platform_2p_1fl.xml --surf-path=${srcdir} --log=sd_kernel.thres=warning
[0.072191] [tesh/INFO] [simdag/network/p2p/test_latency2:12] latency check, 2 x 1 byte, same direction, link - switch - link 
[0.072212] [tesh/INFO] [simdag/network/p2p/test_latency2:14] simdag/network/p2p/test_latency2 ${srcdir:=.}/simdag/network/p2p/platform_2p_1switch.xml --surf-path=${srcdir} --log=sd_kernel.thres=warning
[0.096668] [tesh/INFO] Test suite `simdag/network/p2p/test_latency2' OK
----------------------------------------------------------
"tesh-simdag-p2p-2," end time: Dec 10 15:58 CET
"tesh-simdag-p2p-2," time elapsed: 00:00:00
----------------------------------------------------------

57/112 Testing: tesh-simdag-p2p-3,
57/112 Test: tesh-simdag-p2p-3,
Command: "/home/navarrop/Developments/simgrid/tools/tesh/tesh" "--cd" "../teshsuite" "simdag/network/p2p/test_latency_bound.tesh" 
Directory: /home/navarrop/Developments/simgrid/Cmake
"tesh-simdag-p2p-3," start time: Dec 10 15:58 CET
Output:
----------------------------------------------------------
[0.000006] [tesh/INFO] Change directory to ../teshsuite
[0.000038] [tesh/INFO] Test suite `simdag/network/p2p/test_latency_bound'
[0.000260] [tesh/INFO] [simdag/network/p2p/test_latency_bound:2] latency bounded by large latency link
[0.000275] [tesh/INFO] [simdag/network/p2p/test_latency_bound:4] simdag/network/p2p/test_latency_bound ${srcdir:=.}/simdag/network/p2p/platform_2p_1bb.xml --surf-path=${srcdir} --log=sd_kernel.thres=warning
[0.053560] [tesh/INFO] Test suite `simdag/network/p2p/test_latency_bound' OK
----------------------------------------------------------
"tesh-simdag-p2p-3," end time: Dec 10 15:58 CET
"tesh-simdag-p2p-3," time elapsed: 00:00:00
----------------------------------------------------------

58/112 Testing: tesh-simdag-mxn-1,
58/112 Test: tesh-simdag-mxn-1,
Command: "/home/navarrop/Developments/simgrid/tools/tesh/tesh" "--cd" "../teshsuite" "simdag/network/mxn/test_intra_all2all.tesh" 
Directory: /home/navarrop/Developments/simgrid/Cmake
"tesh-simdag-mxn-1," start time: Dec 10 15:58 CET
Output:
----------------------------------------------------------
[0.000007] [tesh/INFO] Change directory to ../teshsuite
[0.000036] [tesh/INFO] Test suite `simdag/network/mxn/test_intra_all2all'
[0.000431] [tesh/INFO] [simdag/network/mxn/test_intra_all2all:2] all 2 all test, only fat pipe switch is used concurrently
[0.000452] [tesh/INFO] [simdag/network/mxn/test_intra_all2all:4] simdag/network/mxn/test_intra_all2all ${srcdir:=.}/simdag/network/mxn/platform_4p_1switch.xml --surf-path=${srcdir} --log=sd_kernel.thres=warning
[0.048283] [tesh/INFO] Test suite `simdag/network/mxn/test_intra_all2all' OK
----------------------------------------------------------
"tesh-simdag-mxn-1," end time: Dec 10 15:58 CET
"tesh-simdag-mxn-1," time elapsed: 00:00:00
----------------------------------------------------------

59/112 Testing: tesh-simdag-mxn-2,
59/112 Test: tesh-simdag-mxn-2,
Command: "/home/navarrop/Developments/simgrid/tools/tesh/tesh" "--cd" "../teshsuite" "simdag/network/mxn/test_intra_independent_comm.tesh" 
Directory: /home/navarrop/Developments/simgrid/Cmake
"tesh-simdag-mxn-2," start time: Dec 10 15:58 CET
Output:
----------------------------------------------------------
[0.000005] [tesh/INFO] Change directory to ../teshsuite
[0.000033] [tesh/INFO] Test suite `simdag/network/mxn/test_intra_independent_comm'
[0.000265] [tesh/INFO] [simdag/network/mxn/test_intra_independent_comm:2] sending on different paths test
[0.000285] [tesh/INFO] [simdag/network/mxn/test_intra_independent_comm:4] simdag/network/mxn/test_intra_independent_comm ${srcdir:=.}/simdag/network/mxn/platform_4p_1switch.xml --surf-path=${srcdir} --log=sd_kernel.thres=warning
[0.035316] [tesh/INFO] Test suite `simdag/network/mxn/test_intra_independent_comm' OK
----------------------------------------------------------
"tesh-simdag-mxn-2," end time: Dec 10 15:58 CET
"tesh-simdag-mxn-2," time elapsed: 00:00:00
----------------------------------------------------------

60/112 Testing: tesh-simdag-mxn-3,
60/112 Test: tesh-simdag-mxn-3,
Command: "/home/navarrop/Developments/simgrid/tools/tesh/tesh" "--cd" "../teshsuite" "simdag/network/mxn/test_intra_scatter.tesh" 
Directory: /home/navarrop/Developments/simgrid/Cmake
"tesh-simdag-mxn-3," start time: Dec 10 15:58 CET
Output:
----------------------------------------------------------
[0.000006] [tesh/INFO] Change directory to ../teshsuite
[0.000037] [tesh/INFO] Test suite `simdag/network/mxn/test_intra_scatter'
[0.000276] [tesh/INFO] [simdag/network/mxn/test_intra_scatter:2] scatter test
[0.000291] [tesh/INFO] [simdag/network/mxn/test_intra_scatter:4] simdag/network/mxn/test_intra_scatter ${srcdir:=.}/simdag/network/mxn/platform_4p_1switch.xml --surf-path=${srcdir} --log=sd_kernel.thres=warning
[0.047798] [tesh/INFO] Test suite `simdag/network/mxn/test_intra_scatter' OK
----------------------------------------------------------
"tesh-simdag-mxn-3," end time: Dec 10 15:58 CET
"tesh-simdag-mxn-3," time elapsed: 00:00:00
----------------------------------------------------------

61/112 Testing: tesh-simdag-par-1,
61/112 Test: tesh-simdag-par-1,
Command: "/home/navarrop/Developments/simgrid/tools/tesh/tesh" "--cd" "../teshsuite" "simdag/partask/test_comp_only_seq.tesh" 
Directory: /home/navarrop/Developments/simgrid/Cmake
"tesh-simdag-par-1," start time: Dec 10 15:58 CET
Output:
----------------------------------------------------------
[0.000006] [tesh/INFO] Change directory to ../teshsuite
[0.000035] [tesh/INFO] Test suite `simdag/partask/test_comp_only_seq'
[0.000439] [tesh/INFO] [simdag/partask/test_comp_only_seq:2] seq task comp only, no comm
[0.000453] [tesh/INFO] [simdag/partask/test_comp_only_seq:4] simdag/partask/test_comp_only_seq ${srcdir:=.}/simdag/partask/platform_2p_1sl.xml --surf-path=${srcdir} --log=sd_kernel.thres=warning
[0.059640] [tesh/INFO] Test suite `simdag/partask/test_comp_only_seq' OK
----------------------------------------------------------
"tesh-simdag-par-1," end time: Dec 10 15:58 CET
"tesh-simdag-par-1," time elapsed: 00:00:00
----------------------------------------------------------

62/112 Testing: tesh-simdag-par-2,
62/112 Test: tesh-simdag-par-2,
Command: "/home/navarrop/Developments/simgrid/tools/tesh/tesh" "--cd" "../teshsuite" "simdag/partask/test_comp_only_par.tesh" 
Directory: /home/navarrop/Developments/simgrid/Cmake
"tesh-simdag-par-2," start time: Dec 10 15:58 CET
Output:
----------------------------------------------------------
[0.000005] [tesh/INFO] Change directory to ../teshsuite
[0.000038] [tesh/INFO] Test suite `simdag/partask/test_comp_only_par'
[0.000277] [tesh/INFO] [simdag/partask/test_comp_only_par:2] par task comp only, no comm, homogeneous
[0.000294] [tesh/INFO] [simdag/partask/test_comp_only_par:4] simdag/partask/test_comp_only_par ${srcdir:=.}/simdag/partask/platform_2p_1sl.xml --surf-path=${srcdir} --log=sd_kernel.thres=warning
[0.053324] [tesh/INFO] [simdag/partask/test_comp_only_par:7] par task comp only, no comm, heterogeneous
[0.053346] [tesh/INFO] [simdag/partask/test_comp_only_par:9] simdag/partask/test_comp_only_par ${srcdir:=.}/simdag/partask/platform_2p_1sl_hetero.xml --surf-path=${srcdir} --log=sd_kernel.thres=warning
[0.080329] [tesh/INFO] Test suite `simdag/partask/test_comp_only_par' OK
----------------------------------------------------------
"tesh-simdag-par-2," end time: Dec 10 15:58 CET
"tesh-simdag-par-2," time elapsed: 00:00:00
----------------------------------------------------------

63/112 Testing: msg-sendrecv_CLM03,
63/112 Test: msg-sendrecv_CLM03,
Command: "/home/navarrop/Developments/simgrid/tools/tesh/tesh" "--cd" "../examples/msg" "sendrecv/sendrecv_CLM03.tesh" 
Directory: /home/navarrop/Developments/simgrid/Cmake
"msg-sendrecv_CLM03," start time: Dec 10 15:58 CET
Output:
----------------------------------------------------------
[0.000006] [tesh/INFO] Change directory to ../examples/msg
[0.000034] [tesh/INFO] Test suite `sendrecv/sendrecv_CLM03'
[0.005727] [tesh/INFO] [sendrecv/sendrecv_CLM03:3] Testing the surf network maxmin fairness model
[0.005756] [tesh/INFO] [sendrecv/sendrecv_CLM03:5] $SG_TEST_EXENV sendrecv/sendrecv$EXEEXT ${srcdir:=.}/sendrecv/platform_sendrecv.xml ${srcdir:=.}/sendrecv/deployment_sendrecv.xml --cfg=workstation_model:CLM03 --cfg=cpu_model:Cas01 --cfg=network_model:CM02
[0.077021] [tesh/INFO] Test suite `sendrecv/sendrecv_CLM03' OK
----------------------------------------------------------
"msg-sendrecv_CLM03," end time: Dec 10 15:58 CET
"msg-sendrecv_CLM03," time elapsed: 00:00:00
----------------------------------------------------------

64/112 Testing: msg-sendrecv_Vegas,
64/112 Test: msg-sendrecv_Vegas,
Command: "/home/navarrop/Developments/simgrid/tools/tesh/tesh" "--cd" "../examples/msg" "sendrecv/sendrecv_Vegas.tesh" 
Directory: /home/navarrop/Developments/simgrid/Cmake
"msg-sendrecv_Vegas," start time: Dec 10 15:58 CET
Output:
----------------------------------------------------------
[0.000006] [tesh/INFO] Change directory to ../examples/msg
[0.000035] [tesh/INFO] Test suite `sendrecv/sendrecv_Vegas'
[0.000269] [tesh/INFO] [sendrecv/sendrecv_Vegas:3] Testing the surf network Vegas fairness model using lagrangian approach
[0.000284] [tesh/INFO] [sendrecv/sendrecv_Vegas:5] $SG_TEST_EXENV sendrecv/sendrecv$EXEEXT ${srcdir:=.}/sendrecv/platform_sendrecv.xml ${srcdir:=.}/sendrecv/deployment_sendrecv.xml "--cfg=workstation_model:compound cpu_model:Cas01 network_model:Vegas"
[0.056586] [tesh/INFO] Test suite `sendrecv/sendrecv_Vegas' OK
----------------------------------------------------------
"msg-sendrecv_Vegas," end time: Dec 10 15:58 CET
"msg-sendrecv_Vegas," time elapsed: 00:00:00
----------------------------------------------------------

65/112 Testing: msg-sendrecv_Reno,
65/112 Test: msg-sendrecv_Reno,
Command: "/home/navarrop/Developments/simgrid/tools/tesh/tesh" "--cd" "../examples/msg" "sendrecv/sendrecv_Reno.tesh" 
Directory: /home/navarrop/Developments/simgrid/Cmake
"msg-sendrecv_Reno," start time: Dec 10 15:58 CET
Output:
----------------------------------------------------------
[0.000007] [tesh/INFO] Change directory to ../examples/msg
[0.000035] [tesh/INFO] Test suite `sendrecv/sendrecv_Reno'
[0.000289] [tesh/INFO] [sendrecv/sendrecv_Reno:3] Testing the surf network Reno fairness model using lagrangian approach
[0.000310] [tesh/INFO] [sendrecv/sendrecv_Reno:6] $SG_TEST_EXENV sendrecv/sendrecv$EXEEXT ${srcdir:=.}/sendrecv/platform_sendrecv.xml ${srcdir:=.}/sendrecv/deployment_sendrecv.xml "--cfg=workstation_model:compound cpu_model:Cas01 network_model:Reno" --log=surf_lagrange.thres=critical
[0.046132] [tesh/INFO] Test suite `sendrecv/sendrecv_Reno' OK
----------------------------------------------------------
"msg-sendrecv_Reno," end time: Dec 10 15:58 CET
"msg-sendrecv_Reno," time elapsed: 00:00:00
----------------------------------------------------------

66/112 Testing: msg-suspend,
66/112 Test: msg-suspend,
Command: "/home/navarrop/Developments/simgrid/tools/tesh/tesh" "--cd" "../examples/msg" "suspend/suspend.tesh" 
Directory: /home/navarrop/Developments/simgrid/Cmake
"msg-suspend," start time: Dec 10 15:58 CET
Output:
----------------------------------------------------------
[0.000006] [tesh/INFO] Change directory to ../examples/msg
[0.000034] [tesh/INFO] Test suite `suspend/suspend'
[0.000605] [tesh/INFO] [suspend/suspend:3] Testing the suspend/resume feature of MSG
[0.000622] [tesh/INFO] [suspend/suspend:5] $SG_TEST_EXENV suspend/suspend ${srcdir:=.}/msg_platform.xml ${srcdir:=.}/suspend/deployment_suspend.xml
[0.191657] [tesh/INFO] Test suite `suspend/suspend' OK
----------------------------------------------------------
"msg-suspend," end time: Dec 10 15:58 CET
"msg-suspend," time elapsed: 00:00:00
----------------------------------------------------------

67/112 Testing: msg-masterslave,
67/112 Test: msg-masterslave,
Command: "/home/navarrop/Developments/simgrid/tools/tesh/tesh" "--cd" "../examples/msg" "masterslave/masterslave.tesh" 
Directory: /home/navarrop/Developments/simgrid/Cmake
"msg-masterslave," start time: Dec 10 15:58 CET
Output:
----------------------------------------------------------
[0.000006] [tesh/INFO] Change directory to ../examples/msg
[0.000039] [tesh/INFO] Test suite `masterslave/masterslave'
[0.029701] [tesh/INFO] [masterslave/masterslave:3] Testing a simple master/slave example application
[0.029726] [tesh/INFO] [masterslave/masterslave:5] $SG_TEST_EXENV masterslave/masterslave_forwarder$EXEEXT ${srcdir:=.}/small_platform.xml ${srcdir:=.}/masterslave/deployment_masterslave.xml
[0.100692] [tesh/INFO] Test suite `masterslave/masterslave' OK
----------------------------------------------------------
"msg-masterslave," end time: Dec 10 15:58 CET
"msg-masterslave," time elapsed: 00:00:00
----------------------------------------------------------

68/112 Testing: msg-masterslave-forwarder,
68/112 Test: msg-masterslave-forwarder,
Command: "/home/navarrop/Developments/simgrid/tools/tesh/tesh" "--cd" "../examples/msg" "masterslave/masterslave_forwarder.tesh" 
Directory: /home/navarrop/Developments/simgrid/Cmake
"msg-masterslave-forwarder," start time: Dec 10 15:58 CET
Output:
----------------------------------------------------------
[0.000008] [tesh/INFO] Change directory to ../examples/msg
[0.000055] [tesh/INFO] Test suite `masterslave/masterslave_forwarder'
[0.005953] [tesh/INFO] [masterslave/masterslave_forwarder:3] Testing a master/slave example application with a forwarder module
[0.005989] [tesh/INFO] [masterslave/masterslave_forwarder:5] $SG_TEST_EXENV masterslave/masterslave_forwarder$EXEEXT ${srcdir:=.}/msg_platform.xml ${srcdir:=.}/masterslave/deployment_masterslave_forwarder.xml
[0.170450] [tesh/INFO] Test suite `masterslave/masterslave_forwarder' OK
----------------------------------------------------------
"msg-masterslave-forwarder," end time: Dec 10 15:58 CET
"msg-masterslave-forwarder," time elapsed: 00:00:00
----------------------------------------------------------

69/112 Testing: msg-masterslave-failure,
69/112 Test: msg-masterslave-failure,
Command: "/home/navarrop/Developments/simgrid/tools/tesh/tesh" "--cd" "../examples/msg" "masterslave/masterslave_failure.tesh" 
Directory: /home/navarrop/Developments/simgrid/Cmake
"msg-masterslave-failure," start time: Dec 10 15:58 CET
Output:
----------------------------------------------------------
[0.000006] [tesh/INFO] Change directory to ../examples/msg
[0.000036] [tesh/INFO] Test suite `masterslave/masterslave_failure'
[0.000283] [tesh/INFO] [masterslave/masterslave_failure:3] Testing a simple master/slave example application handling failures
[0.000296] [tesh/INFO] [masterslave/masterslave_failure:5] masterslave/masterslave_failure$EXEEXT --log=xbt_cfg.thres:critical --log=no_loc ${srcdir:=.}/small_platform_with_failures.xml ${srcdir:=.}/masterslave/deployment_masterslave.xml --cfg=path:${srcdir}
[0.072424] [tesh/INFO] Test suite `masterslave/masterslave_failure' OK
----------------------------------------------------------
"msg-masterslave-failure," end time: Dec 10 15:58 CET
"msg-masterslave-failure," time elapsed: 00:00:00
----------------------------------------------------------

70/112 Testing: msg-masterslave-bypass,
70/112 Test: msg-masterslave-bypass,
Command: "/home/navarrop/Developments/simgrid/tools/tesh/tesh" "--cd" "../examples/msg" "masterslave/masterslave_bypass.tesh" 
Directory: /home/navarrop/Developments/simgrid/Cmake
"msg-masterslave-bypass," start time: Dec 10 15:58 CET
Output:
----------------------------------------------------------
[0.000006] [tesh/INFO] Change directory to ../examples/msg
[0.000035] [tesh/INFO] Test suite `masterslave/masterslave_bypass'
[0.002314] [tesh/INFO] [masterslave/masterslave_bypass:2] Testing the bypassing of the flexml parser
[0.002327] [tesh/INFO] [masterslave/masterslave_bypass:4] $SG_TEST_EXENV masterslave/masterslave_bypass --log=no_loc
[0.039817] [tesh/INFO] Test suite `masterslave/masterslave_bypass' OK
----------------------------------------------------------
"msg-masterslave-bypass," end time: Dec 10 15:58 CET
"msg-masterslave-bypass," time elapsed: 00:00:00
----------------------------------------------------------

71/112 Testing: msg-ptask,
71/112 Test: msg-ptask,
Command: "/home/navarrop/Developments/simgrid/tools/tesh/tesh" "--cd" "../examples/msg" "parallel_task/parallel_task.tesh" 
Directory: /home/navarrop/Developments/simgrid/Cmake
"msg-ptask," start time: Dec 10 15:58 CET
Output:
----------------------------------------------------------
[0.000005] [tesh/INFO] Change directory to ../examples/msg
[0.000045] [tesh/INFO] Test suite `parallel_task/parallel_task'
[0.000460] [tesh/INFO] [parallel_task/parallel_task:3] Testing a simple master/slave example application
[0.000475] [tesh/INFO] [parallel_task/parallel_task:5] $SG_TEST_EXENV parallel_task/parallel_task$EXEEXT ${srcdir:=.}/small_platform.xml
[0.045337] [tesh/INFO] [parallel_task/parallel_task:10] $SG_TEST_EXENV parallel_task/test_ptask$EXEEXT ${srcdir:=.}/parallel_task/test_ptask_platform.xml ${srcdir:=.}/parallel_task/test_ptask_deployment.xml
[0.068452] [tesh/INFO] Test suite `parallel_task/parallel_task' OK
----------------------------------------------------------
"msg-ptask," end time: Dec 10 15:58 CET
"msg-ptask," time elapsed: 00:00:00
----------------------------------------------------------

72/112 Testing: msg-priority,
72/112 Test: msg-priority,
Command: "/home/navarrop/Developments/simgrid/tools/tesh/tesh" "--cd" "../examples/msg" "priority/priority.tesh" 
Directory: /home/navarrop/Developments/simgrid/Cmake
"msg-priority," start time: Dec 10 15:58 CET
Output:
----------------------------------------------------------
[0.000006] [tesh/INFO] Change directory to ../examples/msg
[0.000034] [tesh/INFO] Test suite `priority/priority'
[0.000424] [tesh/INFO] [priority/priority:3] Testing a simple master/slave example application
[0.000438] [tesh/INFO] [priority/priority:5] $SG_TEST_EXENV priority/priority$EXEEXT ${srcdir:=.}/small_platform.xml  ${srcdir:=.}/priority/deployment_priority.xml
[0.022119] [tesh/INFO] Test suite `priority/priority' OK
----------------------------------------------------------
"msg-priority," end time: Dec 10 15:58 CET
"msg-priority," time elapsed: 00:00:00
----------------------------------------------------------

73/112 Testing: msg-properties,
73/112 Test: msg-properties,
Command: "/home/navarrop/Developments/simgrid/tools/tesh/tesh" "--cd" "../examples/msg" "properties/msg_prop.tesh" 
Directory: /home/navarrop/Developments/simgrid/Cmake
"msg-properties," start time: Dec 10 15:58 CET
Output:
----------------------------------------------------------
[0.000006] [tesh/INFO] Change directory to ../examples/msg
[0.000036] [tesh/INFO] Test suite `properties/msg_prop'
[0.000437] [tesh/INFO] [properties/msg_prop:3] Testing a MSG application with properties in the XML for Hosts, Links and Processes
[0.000454] [tesh/INFO] [properties/msg_prop:5] $SG_TEST_EXENV properties/msg_prop$EXEEXT ${srcdir:=.}/../platforms/prop.xml ${srcdir:=.}/properties/deployment_properties.xml
[0.062044] [tesh/INFO] Test suite `properties/msg_prop' OK
----------------------------------------------------------
"msg-properties," end time: Dec 10 15:58 CET
"msg-properties," time elapsed: 00:00:00
----------------------------------------------------------

74/112 Testing: msg-gtnets,
74/112 Test: msg-gtnets,
Command: "/home/navarrop/Developments/simgrid/tools/tesh/tesh" "--cd" "../examples/msg" "gtnets/gtnets.tesh" 
Directory: /home/navarrop/Developments/simgrid/Cmake
"msg-gtnets," start time: Dec 10 15:58 CET
Output:
----------------------------------------------------------
[0.000006] [tesh/INFO] Change directory to ../examples/msg
[0.000039] [tesh/INFO] Test suite `gtnets/gtnets'
[0.000538] [tesh/INFO] [gtnets/gtnets:3] Testing onelink communication pattern with LV08 model
[0.000558] [tesh/INFO] [gtnets/gtnets:5] gtnets/gtnets gtnets/onelink-p.xml gtnets/onelink-d.xml --cfg=workstation_model:compound --cfg=cpu_model:Cas01 --cfg=network_model:LV08
[0.001282] run_context.c:631: [tesh/ERROR] Test suite `gtnets/gtnets': NOK (<gtnets/gtnets:5> returned code 127)
[0.001294] run_context.c:649: [tesh/CRITICAL] Command gtnets/gtnets not found
[0.001346] run_context.c:663: [tesh/ERROR] Output of <gtnets/gtnets:5> mismatch:
- [0.000000] [xbt_cfg/INFO] Configuration change: Set 'workstation_model' to 'compound'
- [0.000000] [xbt_cfg/INFO] Configuration change: Set 'cpu_model' to 'Cas01'
- [0.000000] [xbt_cfg/INFO] Configuration change: Set 'network_model' to 'LV08'
- [S1:master:(1) 108.799652] [msg_test/INFO] Send completed (to C1). Transfer time: 108.799652	 Agregate bandwidth: 9191.205854
- [S1:master:(1) 108.799652] [msg_test/INFO] Completed peer: C1 time: 108.799652
- [C1:slave:(2) 108.799652] [msg_test/INFO] ===> Estimated Bw of FLOW[1] : 9191.205854 ;  message from S1 to C1  with remaining : 0.000000
- 
[0.001356] run_context.c:667: [tesh/ERROR] Test suite `gtnets/gtnets': NOK (<gtnets/gtnets:5> output mismatch)
----------------------------------------------------------
"msg-gtnets," end time: Dec 10 15:58 CET
"msg-gtnets," time elapsed: 00:00:00
----------------------------------------------------------

75/112 Testing: gras-ping-rl,
75/112 Test: gras-ping-rl,
Command: "/home/navarrop/Developments/simgrid/tools/tesh/tesh" "--cd" "../examples/gras/ping" "test_rl" 
Directory: /home/navarrop/Developments/simgrid/Cmake
"gras-ping-rl," start time: Dec 10 15:58 CET
Output:
----------------------------------------------------------
[0.000006] [tesh/INFO] Change directory to ../examples/gras/ping
[0.000036] [tesh/INFO] Test suite `test_rl'
[0.010657] [tesh/INFO] [test_rl:3] $SG_TEST_ENV ./ping_server$EXEEXT 4002 --log=root.fmt=%P:%t%e%m%n $ARGS (background command)
[0.011233] [tesh/INFO] [test_rl:14] $SG_TEST_ENV ./ping_client$EXEEXT 127.0.0.1 4002 --log=root.fmt=%P:%t%e%m%n $ARGS (background command)
[0.064419] [tesh/INFO] Test suite `test_rl' OK
----------------------------------------------------------
"gras-ping-rl," end time: Dec 10 15:58 CET
"gras-ping-rl," time elapsed: 00:00:00
----------------------------------------------------------

76/112 Testing: gras-rpc-rl,
76/112 Test: gras-rpc-rl,
Command: "/home/navarrop/Developments/simgrid/tools/tesh/tesh" "--cd" "../examples/gras/rpc" "test_rl" 
Directory: /home/navarrop/Developments/simgrid/Cmake
"gras-rpc-rl," start time: Dec 10 15:58 CET
Output:
----------------------------------------------------------
[0.000005] [tesh/INFO] Change directory to ../examples/gras/rpc
[0.000035] [tesh/INFO] Test suite `test_rl'
[0.000267] [tesh/INFO] [test_rl:1] $SG_TEST_EXENV ./rpc_server$EXEEXT 4002 --log=root.fmt:%m%n $@ (background command)
[0.000789] [tesh/INFO] [test_rl:21] $SG_TEST_EXENV ./rpc_forwarder$EXEEXT 4003 127.0.0.1 4002 --log=root.fmt:%m%n $@ (background command)
[0.001210] [tesh/INFO] [test_rl:37] $SG_TEST_EXENV ./rpc_client$EXEEXT 127.0.0.1 4002 127.0.0.1 4003 --log=root.fmt:%m%n $@ (background command)
[2.174479] [tesh/INFO] Test suite `test_rl' OK
----------------------------------------------------------
"gras-rpc-rl," end time: Dec 10 15:58 CET
"gras-rpc-rl," time elapsed: 00:00:02
----------------------------------------------------------

77/112 Testing: gras-spawn-rl,
77/112 Test: gras-spawn-rl,
Command: "/home/navarrop/Developments/simgrid/tools/tesh/tesh" "--cd" "../examples/gras/spawn" "test_rl" 
Directory: /home/navarrop/Developments/simgrid/Cmake
"gras-spawn-rl," start time: Dec 10 15:58 CET
Output:
----------------------------------------------------------
[0.000006] [tesh/INFO] Change directory to ../examples/gras/spawn
[0.000038] [tesh/INFO] Test suite `test_rl'
[0.000542] [tesh/INFO] [test_rl:4] $SG_TEST_ENV ./spawn_father$EXEEXT 4002 5 --log=root.fmt=%m%n
[0.078903] [tesh/INFO] (ignoring the output of <test_rl:4> as requested)
[0.078958] [tesh/INFO] Test suite `test_rl' OK
----------------------------------------------------------
"gras-spawn-rl," end time: Dec 10 15:58 CET
"gras-spawn-rl," time elapsed: 00:00:00
----------------------------------------------------------

78/112 Testing: gras-timer-rl,
78/112 Test: gras-timer-rl,
Command: "/home/navarrop/Developments/simgrid/tools/tesh/tesh" "--cd" "../examples/gras/timer" "test_rl" 
Directory: /home/navarrop/Developments/simgrid/Cmake
"gras-timer-rl," start time: Dec 10 15:58 CET
Output:
----------------------------------------------------------
[0.000005] [tesh/INFO] Change directory to ../examples/gras/timer
[0.000032] [tesh/INFO] Test suite `test_rl'
[0.000288] [tesh/INFO] [test_rl:2] This test is a bit long to run, since it setups timers and wait for them. Don't worry, that's expected
[0.000309] [tesh/INFO] [test_rl:5] $SG_TEST_EXENV ./timer_client$EXEEXT --log=root.fmt:%m%n
[7.059513] [tesh/INFO] Test suite `test_rl' OK
----------------------------------------------------------
"gras-timer-rl," end time: Dec 10 15:58 CET
"gras-timer-rl," time elapsed: 00:00:07
----------------------------------------------------------

79/112 Testing: gras-chrono-rl,
79/112 Test: gras-chrono-rl,
Command: "/home/navarrop/Developments/simgrid/tools/tesh/tesh" "--cd" "../examples/gras/chrono" "test_rl" 
Directory: /home/navarrop/Developments/simgrid/Cmake
"gras-chrono-rl," start time: Dec 10 15:58 CET
Output:
----------------------------------------------------------
[0.000005] [tesh/INFO] Change directory to ../examples/gras/chrono
[0.000036] [tesh/INFO] Test suite `test_rl'
[0.022002] [tesh/INFO] [test_rl:3] $SG_TEST_EXENV ./chrono_multiplier$EXEEXT --log=root.fmt:%m%n $@
[0.143710] [tesh/INFO] Here is the (ignored) command output: 
||Begin matrix multiplication loop (time: 1.26046e+09)
||Iteration 0 : 0.0140419 
||Iteration 1 : 0.010365 
||Iteration 2 : 0.0105371 
||Iteration 3 : 0.010325 
||End matrix multiplication loop (time: 1.26046e+09; Duration: 0.0454009)
||Begin malloc loop (time: 1.26046e+09)
||Iteration 0 : 7.15256e-06 
||Iteration 1 : 2.14577e-06 
||Iteration 2 : 9.53674e-07 
||Iteration 3 : 9.53674e-07 
||Begin integer incrementation loop (time: 1.26046e+09)
||Exiting GRAS
||
[0.143771] [tesh/INFO] Test suite `test_rl' OK
----------------------------------------------------------
"gras-chrono-rl," end time: Dec 10 15:58 CET
"gras-chrono-rl," time elapsed: 00:00:00
----------------------------------------------------------

80/112 Testing: gras-simple_token-rl,
80/112 Test: gras-simple_token-rl,
Command: "/home/navarrop/Developments/simgrid/tools/tesh/tesh" "--cd" "../examples/gras/mutual_exclusion/simple_token" "test_rl" 
Directory: /home/navarrop/Developments/simgrid/Cmake
"gras-simple_token-rl," start time: Dec 10 15:58 CET
Output:
----------------------------------------------------------
[0.000005] [tesh/INFO] Change directory to ../examples/gras/mutual_exclusion/simple_token
[0.000033] [tesh/INFO] Test suite `test_rl'
[0.008795] [tesh/INFO] [test_rl:1] $SG_TEST_EXENV ./simple_token_node$EXEEXT 4000 127.0.0.1 4010 --create-token --log=root.fmt:%m%n $@  (background command)
[0.009272] [tesh/INFO] [test_rl:10] $SG_TEST_EXENV ./simple_token_node$EXEEXT 4010 127.0.0.1 4020 --log=root.fmt:%m%n $@  (background command)
[0.009454] [tesh/INFO] [test_rl:14] $SG_TEST_EXENV ./simple_token_node$EXEEXT 4020 127.0.0.1 4030 --log=root.fmt:%m%n $@  (background command)
[0.009640] [tesh/INFO] [test_rl:18] $SG_TEST_EXENV ./simple_token_node$EXEEXT 4030 127.0.0.1 4040 --log=root.fmt:%m%n $@  (background command)
[0.009837] [tesh/INFO] [test_rl:22] $SG_TEST_EXENV ./simple_token_node$EXEEXT 4040 127.0.0.1 4050 --log=root.fmt:%m%n $@  (background command)
[0.010050] [tesh/INFO] [test_rl:26] $SG_TEST_EXENV ./simple_token_node$EXEEXT 4050 127.0.0.1 4000 --log=root.fmt:%m%n $@  (background command)
[2.126132] [tesh/INFO] Test suite `test_rl' OK
----------------------------------------------------------
"gras-simple_token-rl," end time: Dec 10 15:58 CET
"gras-simple_token-rl," time elapsed: 00:00:02
----------------------------------------------------------

81/112 Testing: gras-mmrpc-rl,
81/112 Test: gras-mmrpc-rl,
Command: "/home/navarrop/Developments/simgrid/tools/tesh/tesh" "--cd" "../examples/gras/mmrpc" "test_rl" 
Directory: /home/navarrop/Developments/simgrid/Cmake
"gras-mmrpc-rl," start time: Dec 10 15:58 CET
Output:
----------------------------------------------------------
[0.000006] [tesh/INFO] Change directory to ../examples/gras/mmrpc
[0.000036] [tesh/INFO] Test suite `test_rl'
[0.000256] [tesh/INFO] [test_rl:1] $SG_TEST_EXENV ./mmrpc_server$EXEEXT 4002 --log=root.fmt:%m%n  (background command)
[0.000713] [tesh/INFO] [test_rl:5] $SG_TEST_EXENV ./mmrpc_client$EXEEXT 127.0.0.1 4002 --log=root.fmt:%m%n
[0.179017] [tesh/INFO] Test suite `test_rl' OK
----------------------------------------------------------
"gras-mmrpc-rl," end time: Dec 10 15:58 CET
"gras-mmrpc-rl," time elapsed: 00:00:00
----------------------------------------------------------

82/112 Testing: gras-all2all-rl,
82/112 Test: gras-all2all-rl,
Command: "/home/navarrop/Developments/simgrid/tools/tesh/tesh" "--cd" "../examples/gras/all2all" "test_rl" 
Directory: /home/navarrop/Developments/simgrid/Cmake
"gras-all2all-rl," start time: Dec 10 15:58 CET
Output:
----------------------------------------------------------
[0.000006] [tesh/INFO] Change directory to ../examples/gras/all2all
[0.000037] [tesh/INFO] Test suite `test_rl'
[0.000309] [tesh/INFO] [test_rl:3] $SG_TEST_EXENV ./all2all_receiver$EXEEXT 4000 5 --log=root.fmt:%m%n (background command)
[0.000744] [tesh/INFO] [test_rl:13] $SG_TEST_EXENV ./all2all_receiver$EXEEXT 4001 5 --log=root.fmt:%m%n (background command)
[0.001100] [tesh/INFO] [test_rl:23] $SG_TEST_EXENV ./all2all_receiver$EXEEXT 4002 5 --log=root.fmt:%m%n (background command)
[0.001479] [tesh/INFO] [test_rl:33] $SG_TEST_EXENV ./all2all_receiver$EXEEXT 4003 5 --log=root.fmt:%m%n (background command)
[0.001940] [tesh/INFO] [test_rl:43] $SG_TEST_EXENV ./all2all_receiver$EXEEXT 4004 5 --log=root.fmt:%m%n (background command)
[0.002364] [tesh/INFO] [test_rl:53] $SG_TEST_EXENV ./all2all_sender$EXEEXT 127.0.0.1:4000 127.0.0.1:4001 127.0.0.1:4002 127.0.0.1:4003 127.0.0.1:4004 512 --log=root.fmt:%m%n
[0.119746] [tesh/INFO] [test_rl:62] $SG_TEST_EXENV ./all2all_sender$EXEEXT 127.0.0.1:4000 127.0.0.1:4001 127.0.0.1:4002 127.0.0.1:4003 127.0.0.1:4004 512 --log=root.fmt:%m%n
[0.153282] [tesh/INFO] [test_rl:71] $SG_TEST_EXENV ./all2all_sender$EXEEXT 127.0.0.1:4000 127.0.0.1:4001 127.0.0.1:4002 127.0.0.1:4003 127.0.0.1:4004 512 --log=root.fmt:%m%n
[0.175878] [tesh/INFO] [test_rl:80] $SG_TEST_EXENV ./all2all_sender$EXEEXT 127.0.0.1:4000 127.0.0.1:4001 127.0.0.1:4002 127.0.0.1:4003 127.0.0.1:4004 512 --log=root.fmt:%m%n
[0.202218] [tesh/INFO] [test_rl:89] $SG_TEST_EXENV ./all2all_sender$EXEEXT 127.0.0.1:4000 127.0.0.1:4001 127.0.0.1:4002 127.0.0.1:4003 127.0.0.1:4004 512 --log=root.fmt:%m%n
[0.232005] [tesh/INFO] Test suite `test_rl' OK
----------------------------------------------------------
"gras-all2all-rl," end time: Dec 10 15:58 CET
"gras-all2all-rl," time elapsed: 00:00:00
----------------------------------------------------------

83/112 Testing: gras-pmm-rl,
83/112 Test: gras-pmm-rl,
Command: "/home/navarrop/Developments/simgrid/tools/tesh/tesh" "--cd" "../examples/gras/pmm" "test_rl" 
Directory: /home/navarrop/Developments/simgrid/Cmake
"gras-pmm-rl," start time: Dec 10 15:58 CET
Output:
----------------------------------------------------------
[0.000005] [tesh/INFO] Change directory to ../examples/gras/pmm
[0.000032] [tesh/INFO] Test suite `test_rl'
[0.007163] [tesh/INFO] [test_rl:4] $SG_TEST_EXENV ./pmm_slave$EXEEXT 127.0.0.1:4242 0 --log=root.fmt:%m%n (background command)
[0.007889] [tesh/INFO] [test_rl:21] $SG_TEST_EXENV ./pmm_slave$EXEEXT 127.0.0.1:4242 1 --log=root.fmt:%m%n (background command)
[0.008332] [tesh/INFO] [test_rl:38] $SG_TEST_EXENV ./pmm_slave$EXEEXT 127.0.0.1:4242 2 --log=root.fmt:%m%n (background command)
[0.008609] [tesh/INFO] [test_rl:55] $SG_TEST_EXENV ./pmm_slave$EXEEXT 127.0.0.1:4242 3 --log=root.fmt:%m%n (background command)
[0.008912] [tesh/INFO] [test_rl:72] $SG_TEST_EXENV ./pmm_slave$EXEEXT 127.0.0.1:4242 4 --log=root.fmt:%m%n (background command)
[0.009170] [tesh/INFO] [test_rl:89] $SG_TEST_EXENV ./pmm_slave$EXEEXT 127.0.0.1:4242 5 --log=root.fmt:%m%n (background command)
[0.009460] [tesh/INFO] [test_rl:106] $SG_TEST_EXENV ./pmm_slave$EXEEXT 127.0.0.1:4242 6 --log=root.fmt:%m%n (background command)
[0.009750] [tesh/INFO] [test_rl:123] $SG_TEST_EXENV ./pmm_slave$EXEEXT 127.0.0.1:4242 7 --log=root.fmt:%m%n (background command)
[0.010018] [tesh/INFO] [test_rl:140] $SG_TEST_EXENV ./pmm_slave$EXEEXT 127.0.0.1:4242 8 --log=root.fmt:%m%n (background command)
[0.010290] [tesh/INFO] [test_rl:157] $SG_TEST_EXENV ./pmm_master$EXEEXT 4242 --log=root.fmt:%m%n (background command)
[6.163586] [tesh/INFO] Test suite `test_rl' OK
----------------------------------------------------------
"gras-pmm-rl," end time: Dec 10 15:58 CET
"gras-pmm-rl," time elapsed: 00:00:06
----------------------------------------------------------

84/112 Testing: gras-synchro-rl,
84/112 Test: gras-synchro-rl,
Command: "/home/navarrop/Developments/simgrid/tools/tesh/tesh" "--cd" "../examples/gras/synchro" "test_rl" 
Directory: /home/navarrop/Developments/simgrid/Cmake
"gras-synchro-rl," start time: Dec 10 15:58 CET
Output:
----------------------------------------------------------
[0.000006] [tesh/INFO] Change directory to ../examples/gras/synchro
[0.000034] [tesh/INFO] Test suite `test_rl'
[0.000337] [tesh/INFO] [test_rl:3] $SG_TEST_ENV ./synchro_philosopher${EXEEXT:=} 4 --log=root.fmt=%m%n
[0.692640] [tesh/INFO] Here is the (ignored) command output: 
||Spawn the 4 threads (10 lunches scheduled)
||Thread 0 gets hungry (lunch #0)
||Thread 0 eats
||Thread 1 gets hungry (lunch #0)
||Thread 2 gets hungry (lunch #0)
||Thread 2 eats
||Thread 0 is full
||Thread 0 thinks
||Thread 0 gets hungry (lunch #1)
||Thread 0 eats
||Thread 0 is full
||Thread 0 thinks
||Thread 0 gets hungry (lunch #2)
||Thread 0 eats
||Thread 0 is full
||Thread 0 thinks
||Thread 0 gets hungry (lunch #3)
||Thread 0 eats
||Thread 0 is full
||Thread 0 thinks
||Thread 0 gets hungry (lunch #4)
||Thread 0 eats
||Thread 0 is full
||Thread 0 thinks
||Thread 0 gets hungry (lunch #5)
||Thread 0 eats
||Thread 0 is full
||Thread 0 thinks
||Thread 0 gets hungry (lunch #6)
||Thread 0 eats
||Thread 0 is full
||Thread 0 thinks
||Thread 0 gets hungry (lunch #7)
||Thread 0 eats
||Thread 0 is full
||Thread 0 thinks
||Thread 0 gets hungry (lunch #8)
||Thread 0 eats
||Thread 0 is full
||Thread 0 thinks
||Thread 0 gets hungry (lunch #9)
||Thread 0 eats
||Thread 0 is full
||Thread 0 thinks
||Thread 0 tries to enter the dead-end; hopefully, the master will cancel it
||Thread 3 gets hungry (lunch #0)
||Thread 2 is full
||Thread 2 thinks
||Thread 1 eats
||Thread 3 eats
||Thread 1 is full
||Thread 1 thinks
||Thread 2 gets hungry (lunch #1)
||Thread 1 gets hungry (lunch #1)
||Thread 1 eats
||Thread 3 is full
||Thread 3 thinks
||Thread 1 is full
||Thread 1 thinks
||Thread 2 eats
||Thread 1 gets hungry (lunch #2)
||Thread 2 is full
||Thread 2 thinks
||Thread 1 eats
||Thread 3 gets hungry (lunch #1)
||Thread 3 eats
||Thread 1 is full
||Thread 1 thinks
||Thread 2 gets hungry (lunch #2)
||Thread 1 gets hungry (lunch #3)
||Thread 1 eats
||Thread 1 is full
||Thread 1 thinks
||Thread 3 is full
||Thread 3 thinks
||Thread 2 eats
||Thread 1 gets hungry (lunch #4)
||Thread 2 is full
||Thread 2 thinks
||Thread 1 eats
||Thread 3 gets hungry (lunch #2)
||Thread 3 eats
||Thread 1 is full
||Thread 1 thinks
||Thread 2 gets hungry (lunch #3)
||Thread 1 gets hungry (lunch #5)
||Thread 1 eats
||Thread 1 is full
||Thread 1 thinks
||Thread 3 is full
||Thread 3 thinks
||Thread 2 eats
||Thread 1 gets hungry (lunch #6)
||Thread 3 gets hungry (lunch #3)
||Thread 2 is full
||Thread 2 thinks
||Thread 3 eats
||Thread 1 eats
||Thread 1 is full
||Thread 1 thinks
||Thread 2 gets hungry (lunch #4)
||Thread 1 gets hungry (lunch #7)
||Thread 1 eats
||Thread 3 is full
||Thread 3 thinks
||Thread 1 is full
||Thread 1 thinks
||Thread 2 eats
||Thread 1 gets hungry (lunch #8)
||Thread 2 is full
||Thread 2 thinks
||Thread 1 eats
||Thread 3 gets hungry (lunch #4)
||Thread 3 eats
||Thread 1 is full
||Thread 1 thinks
||Thread 1 gets hungry (lunch #9)
||Thread 1 eats
||Thread 2 gets hungry (lunch #5)
||Thread 1 is full
||Thread 1 thinks
||Thread 3 is full
||Thread 3 thinks
||Thread 2 eats
||Thread 1 tries to enter the dead-end; hopefully, the master will cancel it
||Thread 2 is full
||Thread 2 thinks
||Thread 3 gets hungry (lunch #5)
||Thread 3 eats
||Thread 2 gets hungry (lunch #6)
||Thread 3 is full
||Thread 3 thinks
||Thread 2 eats
||Thread 2 is full
||Thread 2 thinks
||Thread 3 gets hungry (lunch #6)
||Thread 3 eats
||Thread 2 gets hungry (lunch #7)
||Thread 3 is full
||Thread 3 thinks
||Thread 2 eats
||Thread 2 is full
||Thread 2 thinks
||Thread 3 gets hungry (lunch #7)
||Thread 3 eats
||Thread 2 gets hungry (lunch #8)
||Thread 3 is full
||Thread 3 thinks
||Thread 2 eats
||Thread 2 is full
||Thread 2 thinks
||Thread 3 gets hungry (lunch #8)
||Thread 3 eats
||Thread 2 gets hungry (lunch #9)
||Thread 3 is full
||Thread 3 thinks
||Thread 2 eats
||Thread 2 is full
||Thread 2 thinks
||Thread 3 gets hungry (lunch #9)
||Thread 3 eats
||Thread 2 tries to enter the dead-end; hopefully, the master will cancel it
||Thread 3 is full
||Thread 3 thinks
||Thread 3 tries to enter the dead-end; hopefully, the master will cancel it
||Cancel all childs
||Exiting GRAS
||
[0.692805] [tesh/INFO] Test suite `test_rl' OK
----------------------------------------------------------
"gras-synchro-rl," end time: Dec 10 15:58 CET
"gras-synchro-rl," time elapsed: 00:00:00
----------------------------------------------------------

85/112 Testing: gras-properties-rl,
85/112 Test: gras-properties-rl,
Command: "/home/navarrop/Developments/simgrid/tools/tesh/tesh" "--cd" "../examples/gras/properties" "test_rl" 
Directory: /home/navarrop/Developments/simgrid/Cmake
"gras-properties-rl," start time: Dec 10 15:58 CET
Output:
----------------------------------------------------------
[0.000006] [tesh/INFO] Change directory to ../examples/gras/properties
[0.000039] [tesh/INFO] Test suite `test_rl'
[0.000300] [tesh/INFO] [test_rl:3] $SG_TEST_ENV ./properties_alice --log=root.fmt=%P:%t%e%m%n $ARGS
[1.089231] [tesh/INFO] [test_rl:12] $SG_TEST_ENV ./properties_bob --log=root.fmt=%P:%t%e%m%n $ARGS
[2.164160] [tesh/INFO] Test suite `test_rl' OK
----------------------------------------------------------
"gras-properties-rl," end time: Dec 10 15:58 CET
"gras-properties-rl," time elapsed: 00:00:02
----------------------------------------------------------

86/112 Testing: gras-ping-sg-32,
86/112 Test: gras-ping-sg-32,
Command: "/home/navarrop/Developments/simgrid/tools/tesh/tesh" "--cd" "../examples/gras/ping" "test_sg_32" 
Directory: /home/navarrop/Developments/simgrid/Cmake
"gras-ping-sg-32," start time: Dec 10 15:58 CET
Output:
----------------------------------------------------------
[0.000006] [tesh/INFO] Change directory to ../examples/gras/ping
[0.000038] [tesh/INFO] Test suite `test_sg_32'
[0.000347] [tesh/INFO] [test_sg_32:1] Runs the 'ping' test within the simulator (simulation times valid for 32bits architectures)
[0.000363] [tesh/INFO] [test_sg_32:3] $SG_TEST_EXENV ./ping_simulator${EXEEXT:=} ${srcdir:=.}/../../msg/small_platform.xml ${srcdir:=.}/ping.xml $ARGS
[0.083855] [tesh/INFO] Test suite `test_sg_32' OK
----------------------------------------------------------
"gras-ping-sg-32," end time: Dec 10 15:58 CET
"gras-ping-sg-32," time elapsed: 00:00:00
----------------------------------------------------------

87/112 Testing: gras-rpc-sg-32,
87/112 Test: gras-rpc-sg-32,
Command: "/home/navarrop/Developments/simgrid/tools/tesh/tesh" "--cd" "../examples/gras/rpc" "test_sg_32" 
Directory: /home/navarrop/Developments/simgrid/Cmake
"gras-rpc-sg-32," start time: Dec 10 15:58 CET
Output:
----------------------------------------------------------
[0.000005] [tesh/INFO] Change directory to ../examples/gras/rpc
[0.000033] [tesh/INFO] Test suite `test_sg_32'
[0.000314] [tesh/INFO] [test_sg_32:7] $SG_TEST_EXENV ./rpc_simulator$EXEEXT ${srcdir:=.}/../../msg/small_platform.xml ${srcdir:=.}/rpc.xml --log=root.fmt:"'[%h:%P:(%i)] [%c/%p] %m%n'"
[0.738000] run_context.c:663: [tesh/ERROR] Output of <test_sg_32:7> mismatch:
- [Tremblay:server:(1)] [Rpc/INFO] Launch server (port=4000)
- [Ginette:forwarder:(2)] [Rpc/INFO] Launch forwarder (port=4000)
+ [Tremblay:server:(1)] [Rpc/INFO] Launch server (port=4000)
  [Fafard:client:(3)] [Rpc/INFO] Launch client (server on Tremblay:4000)
+ [Ginette:forwarder:(2)] [Rpc/INFO] Launch forwarder (port=4000)
  [Tremblay:server:(1)] [Rpc/INFO] Listening on port 4000
  [Fafard:client:(3)] [Rpc/INFO] Connected to Tremblay:4000.
  [Fafard:client:(3)] [Rpc/INFO] Connected to server which is on Tremblay:4000
  [Tremblay:server:(1)] [Rpc/INFO] Got message PING(1234) from Fafard:0
  [Tremblay:server:(1)] [Rpc/INFO] Answered with PONG(4321)
  [Fafard:client:(3)] [Rpc/INFO] The answer to PING(1234) on Tremblay:4000 is PONG(4321)
  [Fafard:client:(3)] [Rpc/INFO] Call the exception raising RPC
  [Tremblay:server:(1)] [gras_msg/INFO] Propagate local exception ('Error for the client') from 'raise exception' RPC cb back to Fafard:0
  [Fafard:client:(3)] [Rpc/INFO] Got the expected exception when calling the exception raising RPC
  [Fafard:client:(3)] [Rpc/INFO] Called the exception raising RPC
  [Fafard:client:(3)] [Rpc/INFO] Call the exception raising RPC (i=0)
  [Tremblay:server:(1)] [gras_msg/INFO] Propagate local exception ('Error for the client') from 'raise exception' RPC cb back to Fafard:0
  [Fafard:client:(3)] [Rpc/INFO] Call the exception raising RPC (i=1)
  [Tremblay:server:(1)] [gras_msg/INFO] Propagate local exception ('Error for the client') from 'raise exception' RPC cb back to Fafard:0
  [Fafard:client:(3)] [Rpc/INFO] Call the exception raising RPC (i=2)
  [Tremblay:server:(1)] [gras_msg/INFO] Propagate local exception ('Error for the client') from 'raise exception' RPC cb back to Fafard:0
  [Fafard:client:(3)] [Rpc/INFO] Call the exception raising RPC (i=3)
  [Tremblay:server:(1)] [gras_msg/INFO] Propagate local exception ('Error for the client') from 'raise exception' RPC cb back to Fafard:0
  [Fafard:client:(3)] [Rpc/INFO] Call the exception raising RPC (i=4)
  [Tremblay:server:(1)] [gras_msg/INFO] Propagate local exception ('Error for the client') from 'raise exception' RPC cb back to Fafard:0
  [Fafard:client:(3)] [Rpc/INFO] Call the exception raising RPC on the forwarder (i=0)
  [Ginette:forwarder:(2)] [Rpc/INFO] Forward a request
  [Tremblay:server:(1)] [gras_msg/INFO] Propagate local exception ('Error for the client') from 'raise exception' RPC cb back to Ginette:4000
  [Ginette:forwarder:(2)] [gras_msg/INFO] Propagate remote exception ('Error for the client') from 'forward exception' RPC cb back to Fafard:0
  [Fafard:client:(3)] [Rpc/INFO] Got the expected exception when calling the exception raising RPC
  [Fafard:client:(3)] [Rpc/INFO] Call the exception raising RPC on the forwarder (i=1)
  [Ginette:forwarder:(2)] [Rpc/INFO] Forward a request
  [Tremblay:server:(1)] [gras_msg/INFO] Propagate local exception ('Error for the client') from 'raise exception' RPC cb back to Ginette:4000
  [Ginette:forwarder:(2)] [gras_msg/INFO] Propagate remote exception ('Error for the client') from 'forward exception' RPC cb back to Fafard:0
  [Fafard:client:(3)] [Rpc/INFO] Got the expected exception when calling the exception raising RPC
  [Fafard:client:(3)] [Rpc/INFO] Call the exception raising RPC on the forwarder (i=2)
  [Ginette:forwarder:(2)] [Rpc/INFO] Forward a request
  [Tremblay:server:(1)] [gras_msg/INFO] Propagate local exception ('Error for the client') from 'raise exception' RPC cb back to Ginette:4000
  [Ginette:forwarder:(2)] [gras_msg/INFO] Propagate remote exception ('Error for the client') from 'forward exception' RPC cb back to Fafard:0
  [Fafard:client:(3)] [Rpc/INFO] Got the expected exception when calling the exception raising RPC
  [Fafard:client:(3)] [Rpc/INFO] Call the exception raising RPC on the forwarder (i=3)
  [Ginette:forwarder:(2)] [Rpc/INFO] Forward a request
  [Tremblay:server:(1)] [gras_msg/INFO] Propagate local exception ('Error for the client') from 'raise exception' RPC cb back to Ginette:4000
  [Ginette:forwarder:(2)] [gras_msg/INFO] Propagate remote exception ('Error for the client') from 'forward exception' RPC cb back to Fafard:0
  [Fafard:client:(3)] [Rpc/INFO] Got the expected exception when calling the exception raising RPC
  [Fafard:client:(3)] [Rpc/INFO] Call the exception raising RPC on the forwarder (i=4)
  [Ginette:forwarder:(2)] [Rpc/INFO] Forward a request
  [Tremblay:server:(1)] [gras_msg/INFO] Propagate local exception ('Error for the client') from 'raise exception' RPC cb back to Ginette:4000
  [Ginette:forwarder:(2)] [gras_msg/INFO] Propagate remote exception ('Error for the client') from 'forward exception' RPC cb back to Fafard:0
  [Fafard:client:(3)] [Rpc/INFO] Got the expected exception when calling the exception raising RPC
  [Fafard:client:(3)] [Rpc/INFO] Ask Ginette:4000 to die
  [Fafard:client:(3)] [Rpc/INFO] Ask Tremblay:4000 to die
  [Ginette:forwarder:(2)] [Rpc/INFO] Asked to die by Fafard:0
  [Ginette:forwarder:(2)] [Rpc/INFO] Done.
  [Ginette:forwarder:(2)] [gras/INFO] Exiting GRAS
  [Fafard:client:(3)] [Rpc/INFO] Done.
  [Fafard:client:(3)] [gras/INFO] Exiting GRAS
  [Tremblay:server:(1)] [Rpc/INFO] Asked to die by Fafard:0
  [Tremblay:server:(1)] [Rpc/INFO] Done.
  [Tremblay:server:(1)] [gras/INFO] Exiting GRAS
[0.738040] run_context.c:667: [tesh/ERROR] Test suite `test_sg_32': NOK (<test_sg_32:7> output mismatch)
----------------------------------------------------------
"gras-rpc-sg-32," end time: Dec 10 15:58 CET
"gras-rpc-sg-32," time elapsed: 00:00:00
----------------------------------------------------------

88/112 Testing: gras-spawn-sg-32,
88/112 Test: gras-spawn-sg-32,
Command: "/home/navarrop/Developments/simgrid/tools/tesh/tesh" "--cd" "../examples/gras/spawn" "test_sg_32" 
Directory: /home/navarrop/Developments/simgrid/Cmake
"gras-spawn-sg-32," start time: Dec 10 15:58 CET
Output:
----------------------------------------------------------
[0.000005] [tesh/INFO] Change directory to ../examples/gras/spawn
[0.000033] [tesh/INFO] Test suite `test_sg_32'
[0.000315] [tesh/INFO] [test_sg_32:1] Runs the 'spawn' test within the simulator (simulation times valid for 32bits architectures)
[0.000332] [tesh/INFO] [test_sg_32:3] $SG_TEST_EXENV ./spawn_simulator${EXEEXT:=} ${srcdir:=.}/../../msg/small_platform.xml ${srcdir:=.}/spawn.xml
[0.075369] [tesh/INFO] Test suite `test_sg_32' OK
----------------------------------------------------------
"gras-spawn-sg-32," end time: Dec 10 15:58 CET
"gras-spawn-sg-32," time elapsed: 00:00:00
----------------------------------------------------------

89/112 Testing: gras-timer-sg-32,
89/112 Test: gras-timer-sg-32,
Command: "/home/navarrop/Developments/simgrid/tools/tesh/tesh" "--cd" "../examples/gras/timer" "test_sg_32" 
Directory: /home/navarrop/Developments/simgrid/Cmake
"gras-timer-sg-32," start time: Dec 10 15:58 CET
Output:
----------------------------------------------------------
[0.000005] [tesh/INFO] Change directory to ../examples/gras/timer
[0.000039] [tesh/INFO] Test suite `test_sg_32'
[0.000635] [tesh/INFO] [test_sg_32:2] $SG_TEST_EXENV ./timer_simulator$EXEEXT ${srcdir:=.}/../../msg/small_platform.xml ${srcdir:=.}/timer.xml
[0.091803] [tesh/INFO] Test suite `test_sg_32' OK
----------------------------------------------------------
"gras-timer-sg-32," end time: Dec 10 15:58 CET
"gras-timer-sg-32," time elapsed: 00:00:00
----------------------------------------------------------

90/112 Testing: gras-chrono-sg-32,
90/112 Test: gras-chrono-sg-32,
Command: "/home/navarrop/Developments/simgrid/tools/tesh/tesh" "--cd" "../examples/gras/chrono" "test_sg_32" 
Directory: /home/navarrop/Developments/simgrid/Cmake
"gras-chrono-sg-32," start time: Dec 10 15:58 CET
Output:
----------------------------------------------------------
[0.000006] [tesh/INFO] Change directory to ../examples/gras/chrono
[0.000034] [tesh/INFO] Test suite `test_sg_32'
[0.011178] [tesh/INFO] [test_sg_32:3] $SG_TEST_EXENV ./chrono_simulator$EXEEXT ${srcdir:=.}/../../msg/small_platform.xml ${srcdir:=.}/chrono.xml
[0.070430] [tesh/INFO] Here is the (ignored) command output: 
||[Tremblay:multiplier:(1) 0.000000] [Chrono/INFO] Begin matrix multiplication loop (time: 0)
||[Tremblay:multiplier:(1) 0.020448] [Chrono/INFO] Iteration 0 : 0.0204482 
||[Tremblay:multiplier:(1) 0.040896] [Chrono/INFO] Iteration 1 : 0.0204482 
||[Tremblay:multiplier:(1) 0.061345] [Chrono/INFO] Iteration 2 : 0.0204482 
||[Tremblay:multiplier:(1) 0.081793] [Chrono/INFO] Iteration 3 : 0.0204482 
||[Tremblay:multiplier:(1) 0.081793] [Chrono/INFO] End matrix multiplication loop (time: 0.0817927; Duration: 0.0817927)
||[Tremblay:multiplier:(1) 0.081793] [Chrono/INFO] Begin malloc loop (time: 0.0817927)
||[Tremblay:multiplier:(1) 0.081801] [Chrono/INFO] Iteration 0 : 7.79572e-06 
||[Tremblay:multiplier:(1) 0.081808] [Chrono/INFO] Iteration 1 : 7.79572e-06 
||[Tremblay:multiplier:(1) 0.081816] [Chrono/INFO] Iteration 2 : 7.79572e-06 
||[Tremblay:multiplier:(1) 0.081824] [Chrono/INFO] Iteration 3 : 7.79572e-06 
||[Tremblay:multiplier:(1) 0.081824] [Chrono/INFO] Begin integer incrementation loop (time: 0.0818239)
||[Tremblay:multiplier:(1) 0.081832] [gras/INFO] Exiting GRAS
||
[0.070492] [tesh/INFO] Test suite `test_sg_32' OK
----------------------------------------------------------
"gras-chrono-sg-32," end time: Dec 10 15:58 CET
"gras-chrono-sg-32," time elapsed: 00:00:00
----------------------------------------------------------

91/112 Testing: gras-simple_token-sg-32,
91/112 Test: gras-simple_token-sg-32,
Command: "/home/navarrop/Developments/simgrid/tools/tesh/tesh" "--cd" "../examples/gras/mutual_exclusion/simple_token" "test_sg_32" 
Directory: /home/navarrop/Developments/simgrid/Cmake
"gras-simple_token-sg-32," start time: Dec 10 15:58 CET
Output:
----------------------------------------------------------
[0.000006] [tesh/INFO] Change directory to ../examples/gras/mutual_exclusion/simple_token
[0.000035] [tesh/INFO] Test suite `test_sg_32'
[0.000300] [tesh/INFO] [test_sg_32:1] $SG_TEST_EXENV ./simple_token_simulator$EXEEXT ${srcdir:=.}/../../../msg/small_platform.xml ${srcdir:=.}/simple_token.xml
[0.042673] [tesh/INFO] Test suite `test_sg_32' OK
----------------------------------------------------------
"gras-simple_token-sg-32," end time: Dec 10 15:58 CET
"gras-simple_token-sg-32," time elapsed: 00:00:00
----------------------------------------------------------

92/112 Testing: gras-mmrpc-sg-32,
92/112 Test: gras-mmrpc-sg-32,
Command: "/home/navarrop/Developments/simgrid/tools/tesh/tesh" "--cd" "../examples/gras/mmrpc" "test_sg_32" 
Directory: /home/navarrop/Developments/simgrid/Cmake
"gras-mmrpc-sg-32," start time: Dec 10 15:58 CET
Output:
----------------------------------------------------------
[0.000006] [tesh/INFO] Change directory to ../examples/gras/mmrpc
[0.000039] [tesh/INFO] Test suite `test_sg_32'
[0.000291] [tesh/INFO] [test_sg_32:1] $SG_TEST_EXENV ./mmrpc_simulator$EXEEXT ${srcdir:=.}/../../msg/small_platform.xml ${srcdir:=.}/mmrpc.xml
[0.096019] run_context.c:663: [tesh/ERROR] Output of <test_sg_32:1> mismatch:
  [Tremblay:server:(1) 0.000000] [MatMult/INFO] Launch server (port=4000)
  [Fafard:client:(2) 0.000000] [MatMult/INFO] Launch client (server on Tremblay:4000)
  [Fafard:client:(2) 0.000156] [MatMult/INFO] Connected to Tremblay:4000.
  [Fafard:client:(2) 0.000156] [MatMult/INFO] >>>>>>>> Connected to server which is on Tremblay:4000 <<<<<<<<
- [Fafard:client:(2) 0.072513] [MatMult/INFO] >>>>>>>> Request sent to Tremblay:4000 <<<<<<<<
- [Tremblay:server:(1) 0.118967] [gras/INFO] Exiting GRAS
- [Fafard:client:(2) 0.118967] [MatMult/INFO] >>>>>>>> Got answer from Tremblay:4000 (values are right) <<<<<<<<
- [Fafard:client:(2) 0.118967] [gras/INFO] Exiting GRAS
+ [Fafard:client:(2) 0.072516] [MatMult/INFO] >>>>>>>> Request sent to Tremblay:4000 <<<<<<<<
+ [Tremblay:server:(1) 0.118972] [gras/INFO] Exiting GRAS
+ [Fafard:client:(2) 0.118972] [MatMult/INFO] >>>>>>>> Got answer from Tremblay:4000 (values are right) <<<<<<<<
+ [Fafard:client:(2) 0.118972] [gras/INFO] Exiting GRAS
[0.096034] run_context.c:667: [tesh/ERROR] Test suite `test_sg_32': NOK (<test_sg_32:1> output mismatch)
----------------------------------------------------------
"gras-mmrpc-sg-32," end time: Dec 10 15:58 CET
"gras-mmrpc-sg-32," time elapsed: 00:00:00
----------------------------------------------------------

93/112 Testing: gras-all2all-sg-32,
93/112 Test: gras-all2all-sg-32,
Command: "/home/navarrop/Developments/simgrid/tools/tesh/tesh" "--cd" "../examples/gras/all2all" "test_sg_32" 
Directory: /home/navarrop/Developments/simgrid/Cmake
"gras-all2all-sg-32," start time: Dec 10 15:58 CET
Output:
----------------------------------------------------------
[0.000005] [tesh/INFO] Change directory to ../examples/gras/all2all
[0.000036] [tesh/INFO] Test suite `test_sg_32'
[0.000302] [tesh/INFO] [test_sg_32:1] $SG_TEST_EXENV ./all2all_simulator$EXEEXT ${srcdir:=.}/../../msg/small_platform.xml ${srcdir:=.}/all2all.xml
[0.068688] [tesh/INFO] Test suite `test_sg_32' OK
----------------------------------------------------------
"gras-all2all-sg-32," end time: Dec 10 15:58 CET
"gras-all2all-sg-32," time elapsed: 00:00:00
----------------------------------------------------------

94/112 Testing: gras-pmm-sg-32,
94/112 Test: gras-pmm-sg-32,
Command: "/home/navarrop/Developments/simgrid/tools/tesh/tesh" "--cd" "../examples/gras/pmm" "test_sg_32" 
Directory: /home/navarrop/Developments/simgrid/Cmake
"gras-pmm-sg-32," start time: Dec 10 15:58 CET
Output:
----------------------------------------------------------
[0.000007] [tesh/INFO] Change directory to ../examples/gras/pmm
[0.000040] [tesh/INFO] Test suite `test_sg_32'
[0.000359] [tesh/INFO] [test_sg_32:1] $SG_TEST_EXENV ./pmm_simulator$EXEEXT ${srcdir:=.}/../../msg/msg_platform.xml ${srcdir:=.}/pmm.xml
[0.215397] run_context.c:603: [tesh/ERROR] Test suite `test_sg_32': NOK (<test_sg_32:1> got signal SIGSEGV)
[0.215946] run_context.c:663: [tesh/ERROR] Output of <test_sg_32:1> mismatch:
- [Jacquelin:master:(1) 0.000000] [pmm/INFO] Wait for peers for 5 sec
- [Boivin:slave:(2) 0.000000] [pmm/INFO] Sensor 0 starting
- [Jean_Yves:slave:(3) 0.000000] [pmm/INFO] Sensor 1 starting
- [TeX:slave:(4) 0.000000] [pmm/INFO] Sensor 2 starting
- [Geoff:slave:(5) 0.000000] [pmm/INFO] Sensor 3 starting
- [Disney:slave:(6) 0.000000] [pmm/INFO] Sensor 4 starting
- [iRMX:slave:(7) 0.000000] [pmm/INFO] Sensor 5 starting
- [McGee:slave:(8) 0.000000] [pmm/INFO] Sensor 6 starting
- [Gatien:slave:(9) 0.000000] [pmm/INFO] Sensor 7 starting
+ [Jacquelin:master:(1) 0.000000] [pmm/INFO] Wait for peers for 5 sec
  [Laroche:slave:(10) 0.000000] [pmm/INFO] Sensor 8 starting
+ [Gatien:slave:(9) 0.000000] [pmm/INFO] Sensor 7 starting
+ [McGee:slave:(8) 0.000000] [pmm/INFO] Sensor 6 starting
+ [iRMX:slave:(7) 0.000000] [pmm/INFO] Sensor 5 starting
+ [Disney:slave:(6) 0.000000] [pmm/INFO] Sensor 4 starting
+ [Geoff:slave:(5) 0.000000] [pmm/INFO] Sensor 3 starting
+ [TeX:slave:(4) 0.000000] [pmm/INFO] Sensor 2 starting
+ [Jean_Yves:slave:(3) 0.000000] [pmm/INFO] Sensor 1 starting
+ [Boivin:slave:(2) 0.000000] [pmm/INFO] Sensor 0 starting
  [Jacquelin:master:(1) 5.000000] [pmm/INFO] Got 9 pals
- [Jacquelin:master:(1) 5.000135] [pmm/INFO] XXXXXXXXXXXXXXXXXXXXXX begin Multiplication
- [Boivin:slave:(2) 6.086061] [pmm/INFO] Receive my pos (0,0) and assignment
- [Boivin:slave:(2) 6.086121] [pmm/INFO] LINE: step(0) = Myline(0). Broadcast my data.
- [Boivin:slave:(2) 6.086121] [pmm/INFO] LINE:   Send to Geoff
- [Jean_Yves:slave:(3) 6.161839] [pmm/INFO] Receive my pos (0,1) and assignment
- [Jean_Yves:slave:(3) 6.161899] [pmm/INFO] LINE: step(0) = Myline(0). Broadcast my data.
- [Jean_Yves:slave:(3) 6.161899] [pmm/INFO] LINE:   Send to Disney
- [Boivin:slave:(2) 6.168770] [pmm/INFO] LINE:   Send to McGee
- [Boivin:slave:(2) 6.177071] [pmm/INFO] ROW: step(0)=myrow(0). Broadcast my data.
- [Boivin:slave:(2) 6.177071] [pmm/INFO] ROW:   Send to Jean_Yves
- [TeX:slave:(4) 6.310384] [pmm/INFO] Receive my pos (0,2) and assignment
- [TeX:slave:(4) 6.310444] [pmm/INFO] LINE: step(0) = Myline(0). Broadcast my data.
- [TeX:slave:(4) 6.310444] [pmm/INFO] LINE:   Send to iRMX
- [Geoff:slave:(5) 6.311049] [pmm/INFO] Receive my pos (1,0) and assignment
- [Geoff:slave:(5) 6.311109] [pmm/INFO] LINE: step(0) <> Myline(1). Receive data from Boivin
- [Geoff:slave:(5) 6.311109] [pmm/INFO] ROW: step(0)=myrow(0). Broadcast my data.
- [Geoff:slave:(5) 6.311109] [pmm/INFO] ROW:   Send to Disney
- [Boivin:slave:(2) 6.331800] [pmm/INFO] ROW:   Send to TeX
- [Jean_Yves:slave:(3) 6.377981] [pmm/INFO] LINE:   Send to Gatien
- [Disney:slave:(6) 6.460464] [pmm/INFO] Receive my pos (1,1) and assignment
- [Geoff:slave:(5) 6.521984] [pmm/INFO] ROW:   Send to iRMX
- [Disney:slave:(6) 6.522044] [pmm/INFO] LINE: step(0) <> Myline(1). Receive data from Jean_Yves
- [Disney:slave:(6) 6.522044] [pmm/INFO] ROW: step(0)<>myrow(1). Receive data from Geoff
- [Disney:slave:(6) 6.522044] [pmm/INFO] LINE: step(1) = Myline(1). Broadcast my data.
- [Disney:slave:(6) 6.522044] [pmm/INFO] LINE:   Send to Jean_Yves
- [Jean_Yves:slave:(3) 6.550575] [pmm/INFO] ROW: step(0)<>myrow(1). Receive data from Boivin
- [TeX:slave:(4) 6.563291] [pmm/INFO] LINE:   Send to Laroche
- [iRMX:slave:(7) 6.709782] [pmm/INFO] Receive my pos (1,2) and assignment
- [TeX:slave:(4) 6.717690] [pmm/INFO] ROW: step(0)<>myrow(2). Receive data from Boivin
- [Disney:slave:(6) 6.738127] [pmm/INFO] LINE:   Send to Gatien
- [Jean_Yves:slave:(3) 6.738127] [pmm/INFO] LINE: step(1) <> Myline(0). Receive data from Disney
- [Jean_Yves:slave:(3) 6.738127] [pmm/INFO] ROW: step(1)=myrow(1). Broadcast my data.
- [Jean_Yves:slave:(3) 6.738127] [pmm/INFO] ROW:   Send to Boivin
- [McGee:slave:(8) 6.782571] [pmm/INFO] Receive my pos (2,0) and assignment
- [McGee:slave:(8) 6.782631] [pmm/INFO] LINE: step(0) <> Myline(2). Receive data from Boivin
- [McGee:slave:(8) 6.782631] [pmm/INFO] ROW: step(0)=myrow(0). Broadcast my data.
- [McGee:slave:(8) 6.782631] [pmm/INFO] ROW:   Send to Gatien
- [Geoff:slave:(5) 6.803928] [pmm/INFO] LINE: step(1) = Myline(1). Broadcast my data.
- [Geoff:slave:(5) 6.803928] [pmm/INFO] LINE:   Send to Boivin
- [iRMX:slave:(7) 6.803988] [pmm/INFO] LINE: step(0) <> Myline(1). Receive data from TeX
- [iRMX:slave:(7) 6.803988] [pmm/INFO] ROW: step(0)<>myrow(2). Receive data from Geoff
- [iRMX:slave:(7) 6.803988] [pmm/INFO] LINE: step(1) = Myline(1). Broadcast my data.
- [iRMX:slave:(7) 6.803988] [pmm/INFO] LINE:   Send to TeX
- [Disney:slave:(6) 6.845139] [pmm/INFO] ROW: step(1)=myrow(1). Broadcast my data.
- [Disney:slave:(6) 6.845139] [pmm/INFO] ROW:   Send to Geoff
- [McGee:slave:(8) 6.876778] [pmm/INFO] ROW:   Send to Laroche
- [Gatien:slave:(9) 6.887024] [pmm/INFO] Receive my pos (2,1) and assignment
- [Gatien:slave:(9) 6.887084] [pmm/INFO] LINE: step(0) <> Myline(2). Receive data from Jean_Yves
- [Gatien:slave:(9) 6.887084] [pmm/INFO] ROW: step(0)<>myrow(1). Receive data from McGee
- [Gatien:slave:(9) 6.887084] [pmm/INFO] LINE: step(1) <> Myline(2). Receive data from Disney
- [Gatien:slave:(9) 6.887084] [pmm/INFO] ROW: step(1)=myrow(1). Broadcast my data.
- [Gatien:slave:(9) 6.887084] [pmm/INFO] ROW:   Send to McGee
- [Jean_Yves:slave:(3) 6.892856] [pmm/INFO] ROW:   Send to TeX
- [Gatien:slave:(9) 6.918722] [pmm/INFO] ROW:   Send to Laroche
- [Geoff:slave:(5) 6.975505] [pmm/INFO] LINE:   Send to McGee
- [Boivin:slave:(2) 6.975505] [pmm/INFO] LINE: step(1) <> Myline(0). Receive data from Geoff
- [Boivin:slave:(2) 6.975505] [pmm/INFO] ROW: step(1)<>myrow(0). Receive data from Jean_Yves
- [Disney:slave:(6) 6.989142] [pmm/INFO] ROW:   Send to iRMX
- [Laroche:slave:(10) 7.034480] [pmm/INFO] Receive my pos (2,2) and assignment
- [Geoff:slave:(5) 7.045440] [pmm/INFO] ROW: step(1)<>myrow(0). Receive data from Disney
- [McGee:slave:(8) 7.045440] [pmm/INFO] LINE: step(1) <> Myline(2). Receive data from Geoff
- [McGee:slave:(8) 7.045440] [pmm/INFO] ROW: step(1)<>myrow(0). Receive data from Gatien
- [McGee:slave:(8) 7.045440] [pmm/INFO] LINE: step(2) = Myline(2). Broadcast my data.
- [McGee:slave:(8) 7.045440] [pmm/INFO] LINE:   Send to Boivin
- [McGee:slave:(8) 7.053739] [pmm/INFO] LINE:   Send to Geoff
- [Boivin:slave:(2) 7.053739] [pmm/INFO] LINE: step(2) <> Myline(0). Receive data from McGee
- [Gatien:slave:(9) 7.056597] [pmm/INFO] LINE: step(2) = Myline(2). Broadcast my data.
- [Gatien:slave:(9) 7.056597] [pmm/INFO] LINE:   Send to Jean_Yves
- [Laroche:slave:(10) 7.056657] [pmm/INFO] LINE: step(0) <> Myline(2). Receive data from TeX
- [Laroche:slave:(10) 7.056657] [pmm/INFO] ROW: step(0)<>myrow(2). Receive data from McGee
- [iRMX:slave:(7) 7.056835] [pmm/INFO] LINE:   Send to Laroche
- [TeX:slave:(4) 7.056835] [pmm/INFO] LINE: step(1) <> Myline(0). Receive data from iRMX
- [Geoff:slave:(5) 7.123674] [pmm/INFO] LINE: step(2) <> Myline(1). Receive data from McGee
- [Laroche:slave:(10) 7.155604] [pmm/INFO] LINE: step(1) <> Myline(2). Receive data from iRMX
- [Laroche:slave:(10) 7.155604] [pmm/INFO] ROW: step(1)<>myrow(2). Receive data from Gatien
- [Laroche:slave:(10) 7.155604] [pmm/INFO] LINE: step(2) = Myline(2). Broadcast my data.
- [Laroche:slave:(10) 7.155604] [pmm/INFO] LINE:   Send to TeX
- [Gatien:slave:(9) 7.229191] [pmm/INFO] LINE:   Send to Disney
- [iRMX:slave:(7) 7.242856] [pmm/INFO] ROW: step(1)<>myrow(2). Receive data from Disney
- [Jean_Yves:slave:(3) 7.272050] [pmm/INFO] LINE: step(2) <> Myline(0). Receive data from Gatien
- [TeX:slave:(4) 7.272050] [pmm/INFO] ROW: step(1)<>myrow(2). Receive data from Jean_Yves
- [Disney:slave:(6) 7.336204] [pmm/INFO] LINE: step(2) <> Myline(1). Receive data from Gatien
- [Laroche:slave:(10) 7.426450] [pmm/INFO] LINE:   Send to iRMX
- [TeX:slave:(4) 7.426450] [pmm/INFO] LINE: step(2) <> Myline(0). Receive data from Laroche
- [TeX:slave:(4) 7.426450] [pmm/INFO] ROW: step(2)=myrow(2). Broadcast my data.
- [TeX:slave:(4) 7.426450] [pmm/INFO] ROW:   Send to Boivin
- [TeX:slave:(4) 7.515791] [pmm/INFO] ROW:   Send to Jean_Yves
- [Boivin:slave:(2) 7.515791] [pmm/INFO] ROW: step(2)<>myrow(0). Receive data from TeX
- [Laroche:slave:(10) 7.525219] [pmm/INFO] ROW: step(2)=myrow(2). Broadcast my data.
- [Laroche:slave:(10) 7.525219] [pmm/INFO] ROW:   Send to McGee
- [iRMX:slave:(7) 7.525219] [pmm/INFO] LINE: step(2) <> Myline(1). Receive data from Laroche
- [iRMX:slave:(7) 7.525219] [pmm/INFO] ROW: step(2)=myrow(2). Broadcast my data.
- [iRMX:slave:(7) 7.525219] [pmm/INFO] ROW:   Send to Geoff
- [Boivin:slave:(2) 7.598928] [pmm/INFO] >>>>>>>> Result sent to Jacquelin:4242 <<<<<<<<
- [Laroche:slave:(10) 7.599840] [pmm/INFO] ROW:   Send to Gatien
- [McGee:slave:(8) 7.599840] [pmm/INFO] ROW: step(2)<>myrow(0). Receive data from Laroche
- [McGee:slave:(8) 7.670253] [pmm/INFO] >>>>>>>> Result sent to Jacquelin:4242 <<<<<<<<
- [Gatien:slave:(9) 7.705039] [pmm/INFO] ROW: step(2)<>myrow(1). Receive data from Laroche
- [Jean_Yves:slave:(3) 7.731006] [pmm/INFO] ROW: step(2)<>myrow(1). Receive data from TeX
- [iRMX:slave:(7) 7.765856] [pmm/INFO] ROW:   Send to Disney
- [Geoff:slave:(5) 7.765856] [pmm/INFO] ROW: step(2)<>myrow(0). Receive data from iRMX
- [Laroche:slave:(10) 7.847761] [pmm/INFO] >>>>>>>> Result sent to Jacquelin:4242 <<<<<<<<
- [Gatien:slave:(9) 7.948776] [pmm/INFO] >>>>>>>> Result sent to Jacquelin:4242 <<<<<<<<
- [Disney:slave:(6) 8.019570] [pmm/INFO] ROW: step(2)<>myrow(1). Receive data from iRMX
- [TeX:slave:(4) 8.092445] [pmm/INFO] >>>>>>>> Result sent to Jacquelin:4242 <<<<<<<<
- [Jean_Yves:slave:(3) 8.165770] [pmm/INFO] >>>>>>>> Result sent to Jacquelin:4242 <<<<<<<<
- [Geoff:slave:(5) 8.166301] [pmm/INFO] >>>>>>>> Result sent to Jacquelin:4242 <<<<<<<<
- [iRMX:slave:(7) 8.407548] [pmm/INFO] >>>>>>>> Result sent to Jacquelin:4242 <<<<<<<<
- [Disney:slave:(6) 8.552085] [pmm/INFO] >>>>>>>> Result sent to Jacquelin:4242 <<<<<<<<
- [Jacquelin:master:(1) 8.552085] [pmm/INFO] The Result of Multiplication is :
- >>> Matrix C:res dump (18 x 18)
-    0.00 18.00 36.00 54.00 72.00 90.00 108.00 126.00 144.00 162.00 180.00 198.00 216.00 234.00 252.00 270.00 288.00 306.00
-    1.00 19.00 37.00 55.00 73.00 91.00 109.00 127.00 145.00 163.00 181.00 199.00 217.00 235.00 253.00 271.00 289.00 307.00
-    2.00 20.00 38.00 56.00 74.00 92.00 110.00 128.00 146.00 164.00 182.00 200.00 218.00 236.00 254.00 272.00 290.00 308.00
-    3.00 21.00 39.00 57.00 75.00 93.00 111.00 129.00 147.00 165.00 183.00 201.00 219.00 237.00 255.00 273.00 291.00 309.00
-    4.00 22.00 40.00 58.00 76.00 94.00 112.00 130.00 148.00 166.00 184.00 202.00 220.00 238.00 256.00 274.00 292.00 310.00
-    5.00 23.00 41.00 59.00 77.00 95.00 113.00 131.00 149.00 167.00 185.00 203.00 221.00 239.00 257.00 275.00 293.00 311.00
-    6.00 24.00 42.00 60.00 78.00 96.00 114.00 132.00 150.00 168.00 186.00 204.00 222.00 240.00 258.00 276.00 294.00 312.00
-    7.00 25.00 43.00 61.00 79.00 97.00 115.00 133.00 151.00 169.00 187.00 205.00 223.00 241.00 259.00 277.00 295.00 313.00
-    8.00 26.00 44.00 62.00 80.00 98.00 116.00 134.00 152.00 170.00 188.00 206.00 224.00 242.00 260.00 278.00 296.00 314.00
-    9.00 27.00 45.00 63.00 81.00 99.00 117.00 135.00 153.00 171.00 189.00 207.00 225.00 243.00 261.00 279.00 297.00 315.00
-    10.00 28.00 46.00 64.00 82.00 100.00 118.00 136.00 154.00 172.00 190.00 208.00 226.00 244.00 262.00 280.00 298.00 316.00
-    11.00 29.00 47.00 65.00 83.00 101.00 119.00 137.00 155.00 173.00 191.00 209.00 227.00 245.00 263.00 281.00 299.00 317.00
-    12.00 30.00 48.00 66.00 84.00 102.00 120.00 138.00 156.00 174.00 192.00 210.00 228.00 246.00 264.00 282.00 300.00 318.00
-    13.00 31.00 49.00 67.00 85.00 103.00 121.00 139.00 157.00 175.00 193.00 211.00 229.00 247.00 265.00 283.00 301.00 319.00
-    14.00 32.00 50.00 68.00 86.00 104.00 122.00 140.00 158.00 176.00 194.00 212.00 230.00 248.00 266.00 284.00 302.00 320.00
-    15.00 33.00 51.00 69.00 87.00 105.00 123.00 141.00 159.00 177.00 195.00 213.00 231.00 249.00 267.00 285.00 303.00 321.00
-    16.00 34.00 52.00 70.00 88.00 106.00 124.00 142.00 160.00 178.00 196.00 214.00 232.00 250.00 268.00 286.00 304.00 322.00
-    17.00 35.00 53.00 71.00 89.00 107.00 125.00 143.00 161.00 179.00 197.00 215.00 233.00 251.00 269.00 287.00 305.00 323.00
- <<< end_of_matrix C:res dump
- [Boivin:slave:(2) 8.632721] [gras/INFO] Exiting GRAS
- [Jean_Yves:slave:(3) 8.703842] [gras/INFO] Exiting GRAS
- [TeX:slave:(4) 8.843180] [gras/INFO] Exiting GRAS
- [Geoff:slave:(5) 8.843605] [gras/INFO] Exiting GRAS
- [Disney:slave:(6) 8.983785] [gras/INFO] Exiting GRAS
- [iRMX:slave:(7) 9.217747] [gras/INFO] Exiting GRAS
- [McGee:slave:(8) 9.286044] [gras/INFO] Exiting GRAS
- [Gatien:slave:(9) 9.384018] [gras/INFO] Exiting GRAS
- [Jacquelin:master:(1) 9.522437] [gras/INFO] Exiting GRAS
- [Laroche:slave:(10) 9.522437] [gras/INFO] Exiting GRAS
[0.216012] run_context.c:667: [tesh/ERROR] Test suite `test_sg_32': NOK (<test_sg_32:1> output mismatch)
----------------------------------------------------------
"gras-pmm-sg-32," end time: Dec 10 15:58 CET
"gras-pmm-sg-32," time elapsed: 00:00:00
----------------------------------------------------------

95/112 Testing: gras-synchro-sg-32,
95/112 Test: gras-synchro-sg-32,
Command: "/home/navarrop/Developments/simgrid/tools/tesh/tesh" "--cd" "../examples/gras/synchro" "test_sg_32" 
Directory: /home/navarrop/Developments/simgrid/Cmake
"gras-synchro-sg-32," start time: Dec 10 15:58 CET
Output:
----------------------------------------------------------
[0.000005] [tesh/INFO] Change directory to ../examples/gras/synchro
[0.000034] [tesh/INFO] Test suite `test_sg_32'
[0.017038] [tesh/INFO] [test_sg_32:1] Runs the 'philosopher' test within the simulator
[0.017069] [tesh/INFO] [test_sg_32:3] $SG_TEST_EXENV ./synchro_simulator${EXEEXT:=} ${srcdir:=.}/../../msg/small_platform.xml ${srcdir:=.}/synchro.xml
[0.089961] run_context.c:663: [tesh/ERROR] Output of <test_sg_32:3> mismatch:
  [Tremblay:philosopher:(1) 0.000000] [philo/INFO] Spawn the 5 threads (10 lunches scheduled)
  [Tremblay:thread 0:(1) 0.000000] [philo/INFO] Thread 0 gets hungry (lunch #0)
  [Tremblay:thread 0:(1) 0.000000] [philo/INFO] Thread 0 eats
  [Tremblay:thread 1:(1) 0.000000] [philo/INFO] Thread 1 gets hungry (lunch #0)
  [Tremblay:thread 2:(1) 0.000000] [philo/INFO] Thread 2 gets hungry (lunch #0)
  [Tremblay:thread 2:(1) 0.000000] [philo/INFO] Thread 2 eats
  [Tremblay:thread 3:(1) 0.000000] [philo/INFO] Thread 3 gets hungry (lunch #0)
  [Tremblay:thread 4:(1) 0.000000] [philo/INFO] Thread 4 gets hungry (lunch #0)
  [Tremblay:thread 0:(1) 0.000000] [philo/INFO] Thread 0 is full
  [Tremblay:thread 0:(1) 0.000000] [philo/INFO] Thread 0 thinks
  [Tremblay:thread 4:(1) 0.000000] [philo/INFO] Thread 4 eats
  [Tremblay:thread 0:(1) 0.000000] [philo/INFO] Thread 0 gets hungry (lunch #1)
  [Tremblay:thread 2:(1) 0.020000] [philo/INFO] Thread 2 is full
  [Tremblay:thread 2:(1) 0.020000] [philo/INFO] Thread 2 thinks
  [Tremblay:thread 1:(1) 0.020000] [philo/INFO] Thread 1 eats
  [Tremblay:thread 1:(1) 0.030000] [philo/INFO] Thread 1 is full
  [Tremblay:thread 1:(1) 0.030000] [philo/INFO] Thread 1 thinks
  [Tremblay:thread 4:(1) 0.040000] [philo/INFO] Thread 4 is full
  [Tremblay:thread 4:(1) 0.040000] [philo/INFO] Thread 4 thinks
  [Tremblay:thread 1:(1) 0.040000] [philo/INFO] Thread 1 gets hungry (lunch #1)
  [Tremblay:thread 1:(1) 0.040000] [philo/INFO] Thread 1 eats
  [Tremblay:thread 2:(1) 0.040000] [philo/INFO] Thread 2 gets hungry (lunch #1)
  [Tremblay:thread 3:(1) 0.040000] [philo/INFO] Thread 3 eats
  [Tremblay:thread 1:(1) 0.050000] [philo/INFO] Thread 1 is full
  [Tremblay:thread 1:(1) 0.050000] [philo/INFO] Thread 1 thinks
  [Tremblay:thread 0:(1) 0.050000] [philo/INFO] Thread 0 eats
  [Tremblay:thread 0:(1) 0.050000] [philo/INFO] Thread 0 is full
  [Tremblay:thread 0:(1) 0.050000] [philo/INFO] Thread 0 thinks
  [Tremblay:thread 0:(1) 0.050000] [philo/INFO] Thread 0 gets hungry (lunch #2)
  [Tremblay:thread 0:(1) 0.050000] [philo/INFO] Thread 0 eats
  [Tremblay:thread 0:(1) 0.050000] [philo/INFO] Thread 0 is full
  [Tremblay:thread 0:(1) 0.050000] [philo/INFO] Thread 0 thinks
  [Tremblay:thread 0:(1) 0.050000] [philo/INFO] Thread 0 gets hungry (lunch #3)
  [Tremblay:thread 0:(1) 0.050000] [philo/INFO] Thread 0 eats
  [Tremblay:thread 0:(1) 0.050000] [philo/INFO] Thread 0 is full
  [Tremblay:thread 0:(1) 0.050000] [philo/INFO] Thread 0 thinks
  [Tremblay:thread 0:(1) 0.050000] [philo/INFO] Thread 0 gets hungry (lunch #4)
  [Tremblay:thread 0:(1) 0.050000] [philo/INFO] Thread 0 eats
  [Tremblay:thread 0:(1) 0.050000] [philo/INFO] Thread 0 is full
  [Tremblay:thread 0:(1) 0.050000] [philo/INFO] Thread 0 thinks
  [Tremblay:thread 0:(1) 0.050000] [philo/INFO] Thread 0 gets hungry (lunch #5)
  [Tremblay:thread 0:(1) 0.050000] [philo/INFO] Thread 0 eats
  [Tremblay:thread 0:(1) 0.050000] [philo/INFO] Thread 0 is full
  [Tremblay:thread 0:(1) 0.050000] [philo/INFO] Thread 0 thinks
  [Tremblay:thread 0:(1) 0.050000] [philo/INFO] Thread 0 gets hungry (lunch #6)
  [Tremblay:thread 0:(1) 0.050000] [philo/INFO] Thread 0 eats
  [Tremblay:thread 0:(1) 0.050000] [philo/INFO] Thread 0 is full
  [Tremblay:thread 0:(1) 0.050000] [philo/INFO] Thread 0 thinks
  [Tremblay:thread 0:(1) 0.050000] [philo/INFO] Thread 0 gets hungry (lunch #7)
  [Tremblay:thread 0:(1) 0.050000] [philo/INFO] Thread 0 eats
  [Tremblay:thread 0:(1) 0.050000] [philo/INFO] Thread 0 is full
  [Tremblay:thread 0:(1) 0.050000] [philo/INFO] Thread 0 thinks
  [Tremblay:thread 0:(1) 0.050000] [philo/INFO] Thread 0 gets hungry (lunch #8)
  [Tremblay:thread 0:(1) 0.050000] [philo/INFO] Thread 0 eats
  [Tremblay:thread 0:(1) 0.050000] [philo/INFO] Thread 0 is full
  [Tremblay:thread 0:(1) 0.050000] [philo/INFO] Thread 0 thinks
  [Tremblay:thread 0:(1) 0.050000] [philo/INFO] Thread 0 gets hungry (lunch #9)
  [Tremblay:thread 0:(1) 0.050000] [philo/INFO] Thread 0 eats
  [Tremblay:thread 0:(1) 0.050000] [philo/INFO] Thread 0 is full
  [Tremblay:thread 0:(1) 0.050000] [philo/INFO] Thread 0 thinks
  [Tremblay:thread 0:(1) 0.050000] [philo/INFO] Thread 0 tries to enter the dead-end; hopefully, the master will cancel it
  [Tremblay:thread 1:(1) 0.060000] [philo/INFO] Thread 1 gets hungry (lunch #2)
  [Tremblay:thread 1:(1) 0.060000] [philo/INFO] Thread 1 eats
  [Tremblay:thread 3:(1) 0.070000] [philo/INFO] Thread 3 is full
  [Tremblay:thread 3:(1) 0.070000] [philo/INFO] Thread 3 thinks
  [Tremblay:thread 1:(1) 0.070000] [philo/INFO] Thread 1 is full
  [Tremblay:thread 1:(1) 0.070000] [philo/INFO] Thread 1 thinks
  [Tremblay:thread 2:(1) 0.070000] [philo/INFO] Thread 2 eats
  [Tremblay:thread 4:(1) 0.080000] [philo/INFO] Thread 4 gets hungry (lunch #1)
  [Tremblay:thread 4:(1) 0.080000] [philo/INFO] Thread 4 eats
  [Tremblay:thread 1:(1) 0.080000] [philo/INFO] Thread 1 gets hungry (lunch #3)
  [Tremblay:thread 2:(1) 0.090000] [philo/INFO] Thread 2 is full
  [Tremblay:thread 2:(1) 0.090000] [philo/INFO] Thread 2 thinks
  [Tremblay:thread 1:(1) 0.090000] [philo/INFO] Thread 1 eats
  [Tremblay:thread 3:(1) 0.100000] [philo/INFO] Thread 3 gets hungry (lunch #1)
  [Tremblay:thread 1:(1) 0.100000] [philo/INFO] Thread 1 is full
  [Tremblay:thread 1:(1) 0.100000] [philo/INFO] Thread 1 thinks
  [Tremblay:thread 1:(1) 0.110000] [philo/INFO] Thread 1 gets hungry (lunch #4)
  [Tremblay:thread 1:(1) 0.110000] [philo/INFO] Thread 1 eats
  [Tremblay:thread 2:(1) 0.110000] [philo/INFO] Thread 2 gets hungry (lunch #2)
  [Tremblay:thread 4:(1) 0.120000] [philo/INFO] Thread 4 is full
  [Tremblay:thread 4:(1) 0.120000] [philo/INFO] Thread 4 thinks
  [Tremblay:thread 1:(1) 0.120000] [philo/INFO] Thread 1 is full
  [Tremblay:thread 1:(1) 0.120000] [philo/INFO] Thread 1 thinks
  [Tremblay:thread 3:(1) 0.120000] [philo/INFO] Thread 3 eats
  [Tremblay:thread 1:(1) 0.130000] [philo/INFO] Thread 1 gets hungry (lunch #5)
  [Tremblay:thread 1:(1) 0.130000] [philo/INFO] Thread 1 eats
  [Tremblay:thread 1:(1) 0.140000] [philo/INFO] Thread 1 is full
  [Tremblay:thread 1:(1) 0.140000] [philo/INFO] Thread 1 thinks
  [Tremblay:thread 3:(1) 0.150000] [philo/INFO] Thread 3 is full
  [Tremblay:thread 3:(1) 0.150000] [philo/INFO] Thread 3 thinks
- [Tremblay:thread 2:(1) 0.150000] [philo/INFO] Thread 2 eats
  [Tremblay:thread 1:(1) 0.150000] [philo/INFO] Thread 1 gets hungry (lunch #6)
+ [Tremblay:thread 1:(1) 0.150000] [philo/INFO] Thread 1 eats
  [Tremblay:thread 4:(1) 0.160000] [philo/INFO] Thread 4 gets hungry (lunch #2)
  [Tremblay:thread 4:(1) 0.160000] [philo/INFO] Thread 4 eats
- [Tremblay:thread 2:(1) 0.170000] [philo/INFO] Thread 2 is full
- [Tremblay:thread 2:(1) 0.170000] [philo/INFO] Thread 2 thinks
- [Tremblay:thread 1:(1) 0.170000] [philo/INFO] Thread 1 eats
+ [Tremblay:thread 1:(1) 0.160000] [philo/INFO] Thread 1 is full
+ [Tremblay:thread 1:(1) 0.160000] [philo/INFO] Thread 1 thinks
+ [Tremblay:thread 2:(1) 0.160000] [philo/INFO] Thread 2 eats
+ [Tremblay:thread 1:(1) 0.170000] [philo/INFO] Thread 1 gets hungry (lunch #7)
  [Tremblay:thread 3:(1) 0.180000] [philo/INFO] Thread 3 gets hungry (lunch #2)
- [Tremblay:thread 1:(1) 0.180000] [philo/INFO] Thread 1 is full
- [Tremblay:thread 1:(1) 0.180000] [philo/INFO] Thread 1 thinks
- [Tremblay:thread 2:(1) 0.190000] [philo/INFO] Thread 2 gets hungry (lunch #3)
- [Tremblay:thread 2:(1) 0.190000] [philo/INFO] Thread 2 eats
- [Tremblay:thread 1:(1) 0.190000] [philo/INFO] Thread 1 gets hungry (lunch #7)
+ [Tremblay:thread 2:(1) 0.180000] [philo/INFO] Thread 2 is full
+ [Tremblay:thread 2:(1) 0.180000] [philo/INFO] Thread 2 thinks
+ [Tremblay:thread 1:(1) 0.180000] [philo/INFO] Thread 1 eats
+ [Tremblay:thread 1:(1) 0.190000] [philo/INFO] Thread 1 is full
+ [Tremblay:thread 1:(1) 0.190000] [philo/INFO] Thread 1 thinks
+ [Tremblay:thread 2:(1) 0.200000] [philo/INFO] Thread 2 gets hungry (lunch #3)
+ [Tremblay:thread 2:(1) 0.200000] [philo/INFO] Thread 2 eats
+ [Tremblay:thread 1:(1) 0.200000] [philo/INFO] Thread 1 gets hungry (lunch #8)
  [Tremblay:thread 4:(1) 0.200000] [philo/INFO] Thread 4 is full
  [Tremblay:thread 4:(1) 0.200000] [philo/INFO] Thread 4 thinks
- [Tremblay:thread 2:(1) 0.210000] [philo/INFO] Thread 2 is full
- [Tremblay:thread 2:(1) 0.210000] [philo/INFO] Thread 2 thinks
- [Tremblay:thread 1:(1) 0.210000] [philo/INFO] Thread 1 eats
- [Tremblay:thread 3:(1) 0.210000] [philo/INFO] Thread 3 eats
- [Tremblay:thread 1:(1) 0.220000] [philo/INFO] Thread 1 is full
- [Tremblay:thread 1:(1) 0.220000] [philo/INFO] Thread 1 thinks
- [Tremblay:thread 2:(1) 0.230000] [philo/INFO] Thread 2 gets hungry (lunch #4)
- [Tremblay:thread 1:(1) 0.230000] [philo/INFO] Thread 1 gets hungry (lunch #8)
- [Tremblay:thread 1:(1) 0.230000] [philo/INFO] Thread 1 eats
- [Tremblay:thread 3:(1) 0.240000] [philo/INFO] Thread 3 is full
- [Tremblay:thread 3:(1) 0.240000] [philo/INFO] Thread 3 thinks
- [Tremblay:thread 1:(1) 0.240000] [philo/INFO] Thread 1 is full
- [Tremblay:thread 1:(1) 0.240000] [philo/INFO] Thread 1 thinks
- [Tremblay:thread 2:(1) 0.240000] [philo/INFO] Thread 2 eats
+ [Tremblay:thread 2:(1) 0.220000] [philo/INFO] Thread 2 is full
+ [Tremblay:thread 2:(1) 0.220000] [philo/INFO] Thread 2 thinks
+ [Tremblay:thread 1:(1) 0.220000] [philo/INFO] Thread 1 eats
+ [Tremblay:thread 3:(1) 0.220000] [philo/INFO] Thread 3 eats
+ [Tremblay:thread 1:(1) 0.230000] [philo/INFO] Thread 1 is full
+ [Tremblay:thread 1:(1) 0.230000] [philo/INFO] Thread 1 thinks
+ [Tremblay:thread 2:(1) 0.240000] [philo/INFO] Thread 2 gets hungry (lunch #4)
+ [Tremblay:thread 1:(1) 0.240000] [philo/INFO] Thread 1 gets hungry (lunch #9)
+ [Tremblay:thread 1:(1) 0.240000] [philo/INFO] Thread 1 eats
  [Tremblay:thread 4:(1) 0.240000] [philo/INFO] Thread 4 gets hungry (lunch #3)
- [Tremblay:thread 4:(1) 0.240000] [philo/INFO] Thread 4 eats
- [Tremblay:thread 1:(1) 0.250000] [philo/INFO] Thread 1 gets hungry (lunch #9)
- [Tremblay:thread 2:(1) 0.260000] [philo/INFO] Thread 2 is full
- [Tremblay:thread 2:(1) 0.260000] [philo/INFO] Thread 2 thinks
- [Tremblay:thread 1:(1) 0.260000] [philo/INFO] Thread 1 eats
- [Tremblay:thread 3:(1) 0.270000] [philo/INFO] Thread 3 gets hungry (lunch #3)
- [Tremblay:thread 1:(1) 0.270000] [philo/INFO] Thread 1 is full
- [Tremblay:thread 1:(1) 0.270000] [philo/INFO] Thread 1 thinks
- [Tremblay:thread 4:(1) 0.280000] [philo/INFO] Thread 4 is full
- [Tremblay:thread 4:(1) 0.280000] [philo/INFO] Thread 4 thinks
- [Tremblay:thread 1:(1) 0.280000] [philo/INFO] Thread 1 tries to enter the dead-end; hopefully, the master will cancel it
- [Tremblay:thread 2:(1) 0.280000] [philo/INFO] Thread 2 gets hungry (lunch #5)
- [Tremblay:thread 2:(1) 0.280000] [philo/INFO] Thread 2 eats
- [Tremblay:thread 2:(1) 0.300000] [philo/INFO] Thread 2 is full
- [Tremblay:thread 2:(1) 0.300000] [philo/INFO] Thread 2 thinks
- [Tremblay:thread 3:(1) 0.300000] [philo/INFO] Thread 3 eats
- [Tremblay:thread 4:(1) 0.320000] [philo/INFO] Thread 4 gets hungry (lunch #4)
- [Tremblay:thread 2:(1) 0.320000] [philo/INFO] Thread 2 gets hungry (lunch #6)
- [Tremblay:thread 3:(1) 0.330000] [philo/INFO] Thread 3 is full
- [Tremblay:thread 3:(1) 0.330000] [philo/INFO] Thread 3 thinks
- [Tremblay:thread 2:(1) 0.330000] [philo/INFO] Thread 2 eats
- [Tremblay:thread 4:(1) 0.330000] [philo/INFO] Thread 4 eats
- [Tremblay:thread 2:(1) 0.350000] [philo/INFO] Thread 2 is full
- [Tremblay:thread 2:(1) 0.350000] [philo/INFO] Thread 2 thinks
- [Tremblay:thread 3:(1) 0.360000] [philo/INFO] Thread 3 gets hungry (lunch #4)
- [Tremblay:thread 4:(1) 0.370000] [philo/INFO] Thread 4 is full
- [Tremblay:thread 4:(1) 0.370000] [philo/INFO] Thread 4 thinks
- [Tremblay:thread 3:(1) 0.370000] [philo/INFO] Thread 3 eats
- [Tremblay:thread 2:(1) 0.370000] [philo/INFO] Thread 2 gets hungry (lunch #7)
- [Tremblay:thread 3:(1) 0.400000] [philo/INFO] Thread 3 is full
- [Tremblay:thread 3:(1) 0.400000] [philo/INFO] Thread 3 thinks
- [Tremblay:thread 2:(1) 0.400000] [philo/INFO] Thread 2 eats
- [Tremblay:thread 4:(1) 0.410000] [philo/INFO] Thread 4 gets hungry (lunch #5)
- [Tremblay:thread 4:(1) 0.410000] [philo/INFO] Thread 4 eats
- [Tremblay:thread 2:(1) 0.420000] [philo/INFO] Thread 2 is full
- [Tremblay:thread 2:(1) 0.420000] [philo/INFO] Thread 2 thinks
- [Tremblay:thread 3:(1) 0.430000] [philo/INFO] Thread 3 gets hungry (lunch #5)
- [Tremblay:thread 2:(1) 0.440000] [philo/INFO] Thread 2 gets hungry (lunch #8)
- [Tremblay:thread 2:(1) 0.440000] [philo/INFO] Thread 2 eats
- [Tremblay:thread 4:(1) 0.450000] [philo/INFO] Thread 4 is full
- [Tremblay:thread 4:(1) 0.450000] [philo/INFO] Thread 4 thinks
- [Tremblay:thread 2:(1) 0.460000] [philo/INFO] Thread 2 is full
- [Tremblay:thread 2:(1) 0.460000] [philo/INFO] Thread 2 thinks
- [Tremblay:thread 3:(1) 0.460000] [philo/INFO] Thread 3 eats
- [Tremblay:thread 2:(1) 0.480000] [philo/INFO] Thread 2 gets hungry (lunch #9)
- [Tremblay:thread 4:(1) 0.490000] [philo/INFO] Thread 4 gets hungry (lunch #6)
- [Tremblay:thread 3:(1) 0.490000] [philo/INFO] Thread 3 is full
- [Tremblay:thread 3:(1) 0.490000] [philo/INFO] Thread 3 thinks
- [Tremblay:thread 2:(1) 0.490000] [philo/INFO] Thread 2 eats
- [Tremblay:thread 4:(1) 0.490000] [philo/INFO] Thread 4 eats
- [Tremblay:thread 2:(1) 0.510000] [philo/INFO] Thread 2 is full
- [Tremblay:thread 2:(1) 0.510000] [philo/INFO] Thread 2 thinks
- [Tremblay:thread 3:(1) 0.520000] [philo/INFO] Thread 3 gets hungry (lunch #6)
- [Tremblay:thread 4:(1) 0.530000] [philo/INFO] Thread 4 is full
- [Tremblay:thread 4:(1) 0.530000] [philo/INFO] Thread 4 thinks
- [Tremblay:thread 2:(1) 0.530000] [philo/INFO] Thread 2 tries to enter the dead-end; hopefully, the master will cancel it
- [Tremblay:thread 3:(1) 0.530000] [philo/INFO] Thread 3 eats
- [Tremblay:thread 3:(1) 0.560000] [philo/INFO] Thread 3 is full
- [Tremblay:thread 3:(1) 0.560000] [philo/INFO] Thread 3 thinks
- [Tremblay:thread 4:(1) 0.570000] [philo/INFO] Thread 4 gets hungry (lunch #7)
- [Tremblay:thread 4:(1) 0.570000] [philo/INFO] Thread 4 eats
- [Tremblay:thread 3:(1) 0.590000] [philo/INFO] Thread 3 gets hungry (lunch #7)
- [Tremblay:thread 4:(1) 0.610000] [philo/INFO] Thread 4 is full
- [Tremblay:thread 4:(1) 0.610000] [philo/INFO] Thread 4 thinks
- [Tremblay:thread 3:(1) 0.610000] [philo/INFO] Thread 3 eats
- [Tremblay:thread 3:(1) 0.640000] [philo/INFO] Thread 3 is full
- [Tremblay:thread 3:(1) 0.640000] [philo/INFO] Thread 3 thinks
- [Tremblay:thread 4:(1) 0.650000] [philo/INFO] Thread 4 gets hungry (lunch #8)
- [Tremblay:thread 4:(1) 0.650000] [philo/INFO] Thread 4 eats
- [Tremblay:thread 3:(1) 0.670000] [philo/INFO] Thread 3 gets hungry (lunch #8)
- [Tremblay:thread 4:(1) 0.690000] [philo/INFO] Thread 4 is full
- [Tremblay:thread 4:(1) 0.690000] [philo/INFO] Thread 4 thinks
- [Tremblay:thread 3:(1) 0.690000] [philo/INFO] Thread 3 eats
- [Tremblay:thread 3:(1) 0.720000] [philo/INFO] Thread 3 is full
- [Tremblay:thread 3:(1) 0.720000] [philo/INFO] Thread 3 thinks
- [Tremblay:thread 4:(1) 0.730000] [philo/INFO] Thread 4 gets hungry (lunch #9)
- [Tremblay:thread 4:(1) 0.730000] [philo/INFO] Thread 4 eats
- [Tremblay:thread 3:(1) 0.750000] [philo/INFO] Thread 3 gets hungry (lunch #9)
- [Tremblay:thread 4:(1) 0.770000] [philo/INFO] Thread 4 is full
- [Tremblay:thread 4:(1) 0.770000] [philo/INFO] Thread 4 thinks
- [Tremblay:thread 3:(1) 0.770000] [philo/INFO] Thread 3 eats
- [Tremblay:thread 3:(1) 0.800000] [philo/INFO] Thread 3 is full
- [Tremblay:thread 3:(1) 0.800000] [philo/INFO] Thread 3 thinks
- [Tremblay:thread 4:(1) 0.810000] [philo/INFO] Thread 4 tries to enter the dead-end; hopefully, the master will cancel it
- [Tremblay:thread 3:(1) 0.830000] [philo/INFO] Thread 3 tries to enter the dead-end; hopefully, the master will cancel it
- [Tremblay:philosopher:(1) 0.830000] [philo/INFO] Cancel all childs
- [Tremblay:philosopher:(1) 0.830000] [gras/INFO] Exiting GRAS
+ [Tremblay:thread 3:(1) 0.250000] [philo/INFO] Thread 3 is full
+ [Tremblay:thread 3:(1) 0.250000] [philo/INFO] Thread 3 thinks
+ [Tremblay:thread 1:(1) 0.250000] [philo/INFO] Thread 1 is full
+ [Tremblay:thread 1:(1) 0.250000] [philo/INFO] Thread 1 thinks
+ [Tremblay:thread 2:(1) 0.250000] [philo/INFO] Thread 2 eats
+ [Tremblay:thread 4:(1) 0.250000] [philo/INFO] Thread 4 eats
+ [Tremblay:thread 1:(1) 0.260000] [philo/INFO] Thread 1 tries to enter the dead-end; hopefully, the master will cancel it
+ [Tremblay:thread 2:(1) 0.270000] [philo/INFO] Thread 2 is full
+ [Tremblay:thread 2:(1) 0.270000] [philo/INFO] Thread 2 thinks
+ [Tremblay:thread 3:(1) 0.280000] [philo/INFO] Thread 3 gets hungry (lunch #3)
+ [Tremblay:thread 4:(1) 0.290000] [philo/INFO] Thread 4 is full
+ [Tremblay:thread 4:(1) 0.290000] [philo/INFO] Thread 4 thinks
+ [Tremblay:thread 2:(1) 0.290000] [philo/INFO] Thread 2 gets hungry (lunch #5)
+ [Tremblay:thread 2:(1) 0.290000] [philo/INFO] Thread 2 eats
+ [Tremblay:thread 2:(1) 0.310000] [philo/INFO] Thread 2 is full
+ [Tremblay:thread 2:(1) 0.310000] [philo/INFO] Thread 2 thinks
+ [Tremblay:thread 3:(1) 0.310000] [philo/INFO] Thread 3 eats
+ [Tremblay:thread 4:(1) 0.330000] [philo/INFO] Thread 4 gets hungry (lunch #4)
+ [Tremblay:thread 2:(1) 0.330000] [philo/INFO] Thread 2 gets hungry (lunch #6)
+ [Tremblay:thread 3:(1) 0.340000] [philo/INFO] Thread 3 is full
+ [Tremblay:thread 3:(1) 0.340000] [philo/INFO] Thread 3 thinks
+ [Tremblay:thread 2:(1) 0.340000] [philo/INFO] Thread 2 eats
+ [Tremblay:thread 4:(1) 0.340000] [philo/INFO] Thread 4 eats
+ [Tremblay:thread 2:(1) 0.360000] [philo/INFO] Thread 2 is full
+ [Tremblay:thread 2:(1) 0.360000] [philo/INFO] Thread 2 thinks
+ [Tremblay:thread 3:(1) 0.370000] [philo/INFO] Thread 3 gets hungry (lunch #4)
+ [Tremblay:thread 4:(1) 0.380000] [philo/INFO] Thread 4 is full
+ [Tremblay:thread 4:(1) 0.380000] [philo/INFO] Thread 4 thinks
+ [Tremblay:thread 2:(1) 0.380000] [philo/INFO] Thread 2 gets hungry (lunch #7)
+ [Tremblay:thread 2:(1) 0.380000] [philo/INFO] Thread 2 eats
+ [Tremblay:thread 2:(1) 0.400000] [philo/INFO] Thread 2 is full
+ [Tremblay:thread 2:(1) 0.400000] [philo/INFO] Thread 2 thinks
+ [Tremblay:thread 3:(1) 0.400000] [philo/INFO] Thread 3 eats
+ [Tremblay:thread 4:(1) 0.420000] [philo/INFO] Thread 4 gets hungry (lunch #5)
+ [Tremblay:thread 2:(1) 0.420000] [philo/INFO] Thread 2 gets hungry (lunch #8)
+ [Tremblay:thread 3:(1) 0.430000] [philo/INFO] Thread 3 is full
+ [Tremblay:thread 3:(1) 0.430000] [philo/INFO] Thread 3 thinks
+ [Tremblay:thread 2:(1) 0.430000] [philo/INFO] Thread 2 eats
+ [Tremblay:thread 4:(1) 0.430000] [philo/INFO] Thread 4 eats
+ [Tremblay:thread 2:(1) 0.450000] [philo/INFO] Thread 2 is full
+ [Tremblay:thread 2:(1) 0.450000] [philo/INFO] Thread 2 thinks
+ [Tremblay:thread 3:(1) 0.460000] [philo/INFO] Thread 3 gets hungry (lunch #5)
+ [Tremblay:thread 4:(1) 0.470000] [philo/INFO] Thread 4 is full
+ [Tremblay:thread 4:(1) 0.470000] [philo/INFO] Thread 4 thinks
+ [Tremblay:thread 2:(1) 0.470000] [philo/INFO] Thread 2 gets hungry (lunch #9)
+ [Tremblay:thread 2:(1) 0.470000] [philo/INFO] Thread 2 eats
+ [Tremblay:thread 2:(1) 0.490000] [philo/INFO] Thread 2 is full
+ [Tremblay:thread 2:(1) 0.490000] [philo/INFO] Thread 2 thinks
+ [Tremblay:thread 3:(1) 0.490000] [philo/INFO] Thread 3 eats
+ [Tremblay:thread 4:(1) 0.510000] [philo/INFO] Thread 4 gets hungry (lunch #6)
+ [Tremblay:thread 2:(1) 0.510000] [philo/INFO] Thread 2 tries to enter the dead-end; hopefully, the master will cancel it
+ [Tremblay:thread 3:(1) 0.520000] [philo/INFO] Thread 3 is full
+ [Tremblay:thread 3:(1) 0.520000] [philo/INFO] Thread 3 thinks
+ [Tremblay:thread 4:(1) 0.520000] [philo/INFO] Thread 4 eats
+ [Tremblay:thread 3:(1) 0.550000] [philo/INFO] Thread 3 gets hungry (lunch #6)
+ [Tremblay:thread 4:(1) 0.560000] [philo/INFO] Thread 4 is full
+ [Tremblay:thread 4:(1) 0.560000] [philo/INFO] Thread 4 thinks
+ [Tremblay:thread 3:(1) 0.560000] [philo/INFO] Thread 3 eats
+ [Tremblay:thread 3:(1) 0.590000] [philo/INFO] Thread 3 is full
+ [Tremblay:thread 3:(1) 0.590000] [philo/INFO] Thread 3 thinks
+ [Tremblay:thread 4:(1) 0.600000] [philo/INFO] Thread 4 gets hungry (lunch #7)
+ [Tremblay:thread 4:(1) 0.600000] [philo/INFO] Thread 4 eats
+ [Tremblay:thread 3:(1) 0.620000] [philo/INFO] Thread 3 gets hungry (lunch #7)
+ [Tremblay:thread 4:(1) 0.640000] [philo/INFO] Thread 4 is full
+ [Tremblay:thread 4:(1) 0.640000] [philo/INFO] Thread 4 thinks
+ [Tremblay:thread 3:(1) 0.640000] [philo/INFO] Thread 3 eats
+ [Tremblay:thread 3:(1) 0.670000] [philo/INFO] Thread 3 is full
+ [Tremblay:thread 3:(1) 0.670000] [philo/INFO] Thread 3 thinks
+ [Tremblay:thread 4:(1) 0.680000] [philo/INFO] Thread 4 gets hungry (lunch #8)
+ [Tremblay:thread 4:(1) 0.680000] [philo/INFO] Thread 4 eats
+ [Tremblay:thread 3:(1) 0.700000] [philo/INFO] Thread 3 gets hungry (lunch #8)
+ [Tremblay:thread 4:(1) 0.720000] [philo/INFO] Thread 4 is full
+ [Tremblay:thread 4:(1) 0.720000] [philo/INFO] Thread 4 thinks
+ [Tremblay:thread 3:(1) 0.720000] [philo/INFO] Thread 3 eats
+ [Tremblay:thread 3:(1) 0.750000] [philo/INFO] Thread 3 is full
+ [Tremblay:thread 3:(1) 0.750000] [philo/INFO] Thread 3 thinks
+ [Tremblay:thread 4:(1) 0.760000] [philo/INFO] Thread 4 gets hungry (lunch #9)
+ [Tremblay:thread 4:(1) 0.760000] [philo/INFO] Thread 4 eats
+ [Tremblay:thread 3:(1) 0.780000] [philo/INFO] Thread 3 gets hungry (lunch #9)
+ [Tremblay:thread 4:(1) 0.800000] [philo/INFO] Thread 4 is full
+ [Tremblay:thread 4:(1) 0.800000] [philo/INFO] Thread 4 thinks
+ [Tremblay:thread 3:(1) 0.800000] [philo/INFO] Thread 3 eats
+ [Tremblay:thread 3:(1) 0.830000] [philo/INFO] Thread 3 is full
+ [Tremblay:thread 3:(1) 0.830000] [philo/INFO] Thread 3 thinks
+ [Tremblay:thread 4:(1) 0.840000] [philo/INFO] Thread 4 tries to enter the dead-end; hopefully, the master will cancel it
+ [Tremblay:thread 3:(1) 0.860000] [philo/INFO] Thread 3 tries to enter the dead-end; hopefully, the master will cancel it
+ [Tremblay:philosopher:(1) 0.860000] [philo/INFO] Cancel all childs
+ [Tremblay:philosopher:(1) 0.860000] [gras/INFO] Exiting GRAS
[0.090043] run_context.c:667: [tesh/ERROR] Test suite `test_sg_32': NOK (<test_sg_32:3> output mismatch)
----------------------------------------------------------
"gras-synchro-sg-32," end time: Dec 10 15:58 CET
"gras-synchro-sg-32," time elapsed: 00:00:00
----------------------------------------------------------

96/112 Testing: gras-properties-sg,
96/112 Test: gras-properties-sg,
Command: "/home/navarrop/Developments/simgrid/tools/tesh/tesh" "--cd" "../examples/gras/properties" "test_sg" 
Directory: /home/navarrop/Developments/simgrid/Cmake
"gras-properties-sg," start time: Dec 10 15:58 CET
Output:
----------------------------------------------------------
[0.000006] [tesh/INFO] Change directory to ../examples/gras/properties
[0.000036] [tesh/INFO] Test suite `test_sg'
[0.000257] [tesh/INFO] [test_sg:1] Runs the 'properties' test within the simulator (simulation times valid for 32bits architectures)
[0.000271] [tesh/INFO] [test_sg:3] $SG_TEST_EXENV ./properties_simulator${EXEEXT:=} ${srcdir:=.}/../../platforms/prop.xml ${srcdir:=.}/properties.xml
[0.076476] [tesh/INFO] Test suite `test_sg' OK
----------------------------------------------------------
"gras-properties-sg," end time: Dec 10 15:58 CET
"gras-properties-sg," time elapsed: 00:00:00
----------------------------------------------------------

97/112 Testing: amok-bandwidth-rl,
97/112 Test: amok-bandwidth-rl,
Command: "/home/navarrop/Developments/simgrid/tools/tesh/tesh" "--cd" "../examples/amok" "bandwidth/bandwidth_rl.tesh" 
Directory: /home/navarrop/Developments/simgrid/Cmake
"amok-bandwidth-rl," start time: Dec 10 15:58 CET
Output:
----------------------------------------------------------
[0.000006] [tesh/INFO] Change directory to ../examples/amok
[0.000036] [tesh/INFO] Test suite `bandwidth/bandwidth_rl'
[0.008954] [tesh/INFO] [bandwidth/bandwidth_rl:2] $SG_TEST_ENV bandwidth/bandwidth_sensor$EXEEXT 127.0.0.1:6000 --log=root.fmt=%P:%t%e%m%n $ARGS (background command)
[0.009437] [tesh/INFO] [bandwidth/bandwidth_rl:6] $SG_TEST_ENV bandwidth/bandwidth_sensor$EXEEXT 127.0.0.1:6000 --log=root.fmt=%P:%t%e%m%n $ARGS (background command)
[0.009786] [tesh/INFO] [bandwidth/bandwidth_rl:10] $SG_TEST_ENV bandwidth/bandwidth_maestro$EXEEXT 6000 --log=root.fmt=%P:%t%e%m%n $ARGS (background command)
[5.173307] run_context.c:603: [tesh/ERROR] Test suite `bandwidth/bandwidth_rl': NOK (<bandwidth/bandwidth_rl:2> got signal SIGABRT)
[5.173369] run_context.c:663: [tesh/ERROR] Output of <bandwidth/bandwidth_rl:2> mismatch:
  sensor:main Sensor starting (on port 3000)
+ ** SimGrid: UNCAUGHT EXCEPTION received on caraja(13250): category: unknown_err; value: 0
+ ** Asked to receive a message on the measurement socket 0x10caaa0
+ ** Thrown by sensor() in this process
+ sensor:listener Asked to receive a message on the measurement socket 0x10caaa0
+ 
+ **   In gras_msg_recv() at /home/navarrop/Developments/simgrid/src/gras/Msg/rl_msg.c:92
+ **   In listener_function() at /home/navarrop/Developments/simgrid/src/gras/Msg/gras_msg_listener.c:42
+ **   In xbt_thread_create_wrapper() at /home/navarrop/Developments/simgrid/src/xbt/xbt_rl_synchro.c:37
+ **   In wrapper_start_routine() at /home/navarrop/Developments/simgrid/src/xbt/xbt_os_thread.c:137
+ **   In start_thread() at /build/buildd/eglibc-2.10.1/nptl/pthread_create.c:300
+ **   In ?? at /lib/libc.so.6(clone+0x6d) [0x7fef345e47bd]
[5.173377] run_context.c:667: [tesh/ERROR] Test suite `bandwidth/bandwidth_rl': NOK (<bandwidth/bandwidth_rl:2> output mismatch)
[5.173389] [tesh/INFO] Kill <bandwidth/bandwidth_rl:6> because <bandwidth/bandwidth_rl:2> failed
----------------------------------------------------------
"amok-bandwidth-rl," end time: Dec 10 15:58 CET
"amok-bandwidth-rl," time elapsed: 00:00:05
----------------------------------------------------------

98/112 Testing: amok-saturate-rl,
98/112 Test: amok-saturate-rl,
Command: "/home/navarrop/Developments/simgrid/tools/tesh/tesh" "--cd" "../examples/amok" "saturate/saturate_rl.tesh" 
Directory: /home/navarrop/Developments/simgrid/Cmake
"amok-saturate-rl," start time: Dec 10 15:58 CET
Output:
----------------------------------------------------------
[0.000006] [tesh/INFO] Change directory to ../examples/amok
[0.000035] [tesh/INFO] Test suite `saturate/saturate_rl'
[0.000597] [tesh/INFO] [saturate/saturate_rl:2] $SG_TEST_ENV saturate/saturate_sensor$EXEEXT 127.0.0.1:3333 --log=root.fmt=%P:%t%e%m%n $ARGS (background command)
[0.001142] [tesh/INFO] [saturate/saturate_rl:5] $SG_TEST_ENV saturate/saturate_sensor$EXEEXT 127.0.0.1:3333 --log=root.fmt=%P:%t%e%m%n $ARGS (background command)
[0.005930] [tesh/INFO] [saturate/saturate_rl:8] $SG_TEST_ENV saturate/saturate_sensor$EXEEXT 127.0.0.1:3333 --log=root.fmt=%P:%t%e%m%n $ARGS (background command)
[0.008622] [tesh/INFO] [saturate/saturate_rl:11] $SG_TEST_ENV saturate/saturate_sensor$EXEEXT 127.0.0.1:3333 --log=root.fmt=%P:%t%e%m%n $ARGS (background command)
[0.019531] [tesh/INFO] [saturate/saturate_rl:14] $SG_TEST_ENV saturate/saturate_maestro$EXEEXT 3333 --log=root.fmt=%P:%t%e%m%n $ARGS (background command)
[5.079964] run_context.c:663: [tesh/ERROR] Output of <saturate/saturate_rl:2> mismatch:
+ sensor:main Sensor starting (on port 3003)
+ sensor:main Exiting GRAS
+ 
[5.079991] run_context.c:667: [tesh/ERROR] Test suite `saturate/saturate_rl': NOK (<saturate/saturate_rl:2> output mismatch)
[5.080027] [tesh/INFO] Kill <saturate/saturate_rl:11> because <saturate/saturate_rl:2> failed
[5.080251] [tesh/INFO] Kill <saturate/saturate_rl:8> because <saturate/saturate_rl:2> failed
[5.080454] [tesh/INFO] Kill <saturate/saturate_rl:5> because <saturate/saturate_rl:2> failed
----------------------------------------------------------
"amok-saturate-rl," end time: Dec 10 15:58 CET
"amok-saturate-rl," time elapsed: 00:00:05
----------------------------------------------------------

99/112 Testing: amok-bandwidth-sg-32,
99/112 Test: amok-bandwidth-sg-32,
Command: "/home/navarrop/Developments/simgrid/tools/tesh/tesh" "--cd" "../examples/amok" "bandwidth/bandwidth_sg_32.tesh" 
Directory: /home/navarrop/Developments/simgrid/Cmake
"amok-bandwidth-sg-32," start time: Dec 10 15:58 CET
Output:
----------------------------------------------------------
[0.000005] [tesh/INFO] Change directory to ../examples/amok
[0.000035] [tesh/INFO] Test suite `bandwidth/bandwidth_sg_32'
[0.000324] [tesh/INFO] [bandwidth/bandwidth_sg_32:1] $SG_TEST_EXENV bandwidth/bandwidth_simulator${EXEEXT} ${srcdir:=.}/../msg/small_platform.xml ${srcdir:=.}/bandwidth/bandwidth.xml
[0.087398] run_context.c:663: [tesh/ERROR] Output of <bandwidth/bandwidth_sg_32:1> mismatch:
- [Ginette:maestro:(3) 0.000000] [Bandwidth/INFO] Maestro starting
- [Tremblay:sensor:(1) 0.000015] [Bandwidth/INFO] Sensor starting (on port 3000)
- [Jupiter:sensor:(2) 0.000015] [Bandwidth/INFO] Sensor starting (on port 3000)
- [Ginette:maestro:(3) 0.000015] [Bandwidth/INFO] Wait for peers for 5 sec
- [Ginette:maestro:(3) 5.000015] [Bandwidth/INFO] Contact Tremblay:3000
- [Ginette:maestro:(3) 5.000030] [Bandwidth/INFO] Test the BW between me and one of the sensors
- [Ginette:maestro:(3) 6.137817] [Bandwidth/INFO] Experience between me and Tremblay:3000 (initially 1 msgs of 524288 bytes, maybe modified to fill the pipe at least 1.0s) took 1.062123 sec, achieving 7657.304762 kb/s
- [Ginette:maestro:(3) 6.137817] [Bandwidth/INFO] Test the BW between Tremblay:3000 and Jupiter:3000
- [Ginette:maestro:(3) 7.289812] [Bandwidth/INFO] Experience between Tremblay:3000 and Jupiter:3000 took took 1.062501 sec, achieving 6663.458290 kb/s
- [Ginette:maestro:(3) 7.293848] [gras/INFO] Exiting GRAS
- [Jupiter:sensor:(2) 7.293848] [gras/INFO] Exiting GRAS
- [Tremblay:sensor:(1) 8.289812] [gras/INFO] Exiting GRAS
+ [Ginette:maestro:(3) 0.000000] [Bandwidth/INFO] Maestro starting
+ [Tremblay:sensor:(1) 0.000156] [Bandwidth/INFO] Sensor starting (on port 3000)
+ [Ginette:maestro:(3) 0.000156] [Bandwidth/INFO] Wait for peers for 5 sec
+ [Jupiter:sensor:(2) 0.000156] [Bandwidth/INFO] Sensor starting (on port 3000)
+ [Ginette:maestro:(3) 5.000156] [Bandwidth/INFO] Contact Tremblay:3000
+ [Ginette:maestro:(3) 5.000312] [Bandwidth/INFO] Test the BW between me and one of the sensors
+ [Ginette:maestro:(3) 7.091307] [Bandwidth/INFO] Experience between me and Tremblay:3000 (initially 1 msgs of 524288 bytes, maybe modified to fill the pipe at least 1.0s) took 1.090703 sec, achieving 7489.460506 kb/s
+ [Ginette:maestro:(3) 7.091307] [Bandwidth/INFO] Test the BW between Tremblay:3000 and Jupiter:3000
+ [Ginette:maestro:(3) 9.249135] [Bandwidth/INFO] Experience between Tremblay:3000 and Jupiter:3000 took took 1.089859 sec, achieving 6296.831079 kb/s
+ [Ginette:maestro:(3) 9.291110] [gras/INFO] Exiting GRAS
+ [Jupiter:sensor:(2) 9.291110] [gras/INFO] Exiting GRAS
+ [Tremblay:sensor:(1) 10.249135] [gras/INFO] Exiting GRAS
[0.087422] run_context.c:667: [tesh/ERROR] Test suite `bandwidth/bandwidth_sg_32': NOK (<bandwidth/bandwidth_sg_32:1> output mismatch)
----------------------------------------------------------
"amok-bandwidth-sg-32," end time: Dec 10 15:58 CET
"amok-bandwidth-sg-32," time elapsed: 00:00:00
----------------------------------------------------------

100/112 Testing: amok-saturate-sg-32,
100/112 Test: amok-saturate-sg-32,
Command: "/home/navarrop/Developments/simgrid/tools/tesh/tesh" "--cd" "../examples/amok" "saturate/saturate_sg_32.tesh" 
Directory: /home/navarrop/Developments/simgrid/Cmake
"amok-saturate-sg-32," start time: Dec 10 15:58 CET
Output:
----------------------------------------------------------
[0.000005] [tesh/INFO] Change directory to ../examples/amok
[0.000037] [tesh/INFO] Test suite `saturate/saturate_sg_32'
[0.000283] [tesh/INFO] [saturate/saturate_sg_32:1] $SG_TEST_EXENV saturate/saturate_simulator${EXEEXT} ${srcdir:=.}/../msg/small_platform.xml ${srcdir:=.}/saturate/saturate.xml
[0.068012] run_context.c:663: [tesh/ERROR] Output of <saturate/saturate_sg_32:1> mismatch:
- [Tremblay:sensor:(1) 0.000000] [saturate/INFO] Sensor starting (on port 3000)
- [Jupiter:sensor:(2) 0.000000] [saturate/INFO] Sensor starting (on port 3000)
- [Fafard:sensor:(3) 0.000000] [saturate/INFO] Sensor starting (on port 3000)
+ [Tremblay:sensor:(1) 0.000000] [saturate/INFO] Sensor starting (on port 3000)
  [Ginette:sensor:(4) 0.000000] [saturate/INFO] Sensor starting (on port 3000)
- [Ginette:sensor:(4) 5.001254] [gras/INFO] Exiting GRAS
- [Bourassa:maestro:(5) 5.001790] [saturate/INFO] Start saturation between Tremblay:3000 and Jupiter:3000
- [Fafard:sensor:(3) 5.001790] [gras/INFO] Exiting GRAS
- [Bourassa:maestro:(5) 5.005719] [saturate/INFO] Have a rest
- [Bourassa:maestro:(5) 6.005719] [saturate/INFO] Stop the saturation
- [Tremblay:sensor:(1) 6.158104] [amok_bw_sat/INFO] Saturation(Tremblay:3000->Jupiter:3000) started
- [Tremblay:sensor:(1) 12.156799] [amok_bw_sat/INFO] Saturation from Tremblay:3000 to Jupiter:3000 stopped by Bourassa:4000
- [Bourassa:maestro:(5) 12.158759] [saturate/INFO] Saturation took 6.00sec, achieving 1137477.521033b/s
- [Tremblay:sensor:(1) 12.160729] [gras/INFO] Exiting GRAS
- [Bourassa:maestro:(5) 12.164161] [gras/INFO] Exiting GRAS
- [Jupiter:sensor:(2) 72.156799] [amok_bw_sat/INFO] Saturation comming from Tremblay:3000 stopped on Jupiter:3000
- [Jupiter:sensor:(2) 72.156799] [gras/INFO] Exiting GRAS
+ [Fafard:sensor:(3) 0.000000] [saturate/INFO] Sensor starting (on port 3000)
+ [Jupiter:sensor:(2) 0.000000] [saturate/INFO] Sensor starting (on port 3000)
+ [Jupiter:sensor:(2) 5.035692] [gras/INFO] Exiting GRAS
+ [Bourassa:maestro:(5) 5.041260] [saturate/INFO] Start saturation between Tremblay:3000 and Ginette:3000
+ [Fafard:sensor:(3) 5.041260] [gras/INFO] Exiting GRAS
+ [Bourassa:maestro:(5) 5.082092] [saturate/INFO] Have a rest
+ [Bourassa:maestro:(5) 6.082092] [saturate/INFO] Stop the saturation
+ [Tremblay:sensor:(1) 7.200021] [amok_bw_sat/INFO] Saturation(Tremblay:3000->Ginette:3000) started
+ [Tremblay:sensor:(1) 13.188834] [amok_bw_sat/INFO] Saturation from Tremblay:3000 to Ginette:3000 stopped by Bourassa:4000
+ [Bourassa:maestro:(5) 13.209174] [saturate/INFO] Saturation took 5.99sec, achieving 1280588.867148b/s
+ [Tremblay:sensor:(1) 13.229666] [gras/INFO] Exiting GRAS
+ [Bourassa:maestro:(5) 13.242710] [gras/INFO] Exiting GRAS
+ [Ginette:sensor:(4) 73.188834] [amok_bw_sat/INFO] Saturation comming from Tremblay:3000 stopped on Ginette:3000
+ [Ginette:sensor:(4) 73.188834] [gras/INFO] Exiting GRAS
[0.068037] run_context.c:667: [tesh/ERROR] Test suite `saturate/saturate_sg_32': NOK (<saturate/saturate_sg_32:1> output mismatch)
----------------------------------------------------------
"amok-saturate-sg-32," end time: Dec 10 15:58 CET
"amok-saturate-sg-32," time elapsed: 00:00:00
----------------------------------------------------------

101/112 Testing: simdag-test_simdag,
101/112 Test: simdag-test_simdag,
Command: "/home/navarrop/Developments/simgrid/tools/tesh/tesh" "--cd" "../examples/simdag" "test_simdag.tesh" 
Directory: /home/navarrop/Developments/simgrid/Cmake
"simdag-test_simdag," start time: Dec 10 15:58 CET
Output:
----------------------------------------------------------
[0.000005] [tesh/INFO] Change directory to ../examples/simdag
[0.000033] [tesh/INFO] Test suite `test_simdag'
[0.011642] [tesh/INFO] [test_simdag:3] Simple test of simdag
[0.011670] [tesh/INFO] [test_simdag:5] $SG_TEST_EXENV ./sd_test ${srcdir:=.}/../msg/msg_platform.xml
[0.012600] run_context.c:631: [tesh/ERROR] Test suite `test_simdag': NOK (<test_simdag:5> returned code 127)
[0.012613] run_context.c:649: [tesh/CRITICAL] Command ./sd_test not found
[0.012706] run_context.c:663: [tesh/ERROR] Output of <test_simdag:5> mismatch:
- [0.000000] [sd_test/INFO] Computation time for 2000000.000000 flops on Jacquelin: 0.014563
- [0.000000] [sd_test/INFO] Computation time for 1000000.000000 flops on Intel: 0.007282
- [0.000000] [sd_test/INFO] Route between Jacquelin and Intel:
- [0.000000] [sd_test/INFO]    Link 145: latency = 0.000410, bandwidth = 2583375.000000
- [0.000000] [sd_test/INFO]    Link 59: latency = 0.000371, bandwidth = 11845375.000000
- [0.000000] [sd_test/INFO]    Link 56: latency = 0.029589, bandwidth = 21414750.000000
- [0.000000] [sd_test/INFO]    Link 57: latency = 0.035083, bandwidth = 15376875.000000
- [0.000000] [sd_test/INFO]    Link 141: latency = 0.005161, bandwidth = 472125.000000
- [0.000000] [sd_test/INFO] Route latency = 0.070615, route bandwidth = 472125.000000
- [0.000000] [sd_test/INFO] Communication time for 2000000.000000 bytes between Jacquelin and Intel: 4.306781
- [0.000000] [sd_test/INFO] Communication time for 3000000.000000 bytes between Intel and Jacquelin: 6.424864
- [0.000000] [sd_test/INFO] Estimated time for 'Task D': 385.928745
- [0.000000] [sd_kernel/INFO] Starting simulation...
- [0.000000] [sd_kernel/INFO] Executing task 'Task D'
- [1271.136703] [sd_kernel/INFO] Task 'Task D' done
- [1271.136703] [sd_kernel/INFO] Executing task 'Task B'
- [1271.136703] [sd_kernel/INFO] Executing task 'Task C'
- [2118.584711] [sd_kernel/INFO] Task 'Task B' done
- [2118.584711] [sd_task/INFO] Watch point reached with task 'Task B'!
- [2118.584711] [sd_kernel/INFO] Simulation finished
- [2118.584711] [sd_test/INFO] Task 'Task D' start time: 0.000000, finish time: 1271.136703
- [2118.584711] [sd_test/INFO] Task 'Task B' start time: 1271.136703, finish time: 2118.584711
- 
[0.012722] run_context.c:667: [tesh/ERROR] Test suite `test_simdag': NOK (<test_simdag:5> output mismatch)
----------------------------------------------------------
"simdag-test_simdag," end time: Dec 10 15:58 CET
"simdag-test_simdag," time elapsed: 00:00:00
----------------------------------------------------------

102/112 Testing: simdag-test_simdag2,
102/112 Test: simdag-test_simdag2,
Command: "/home/navarrop/Developments/simgrid/tools/tesh/tesh" "--cd" "../examples/simdag" "test_simdag2.tesh" 
Directory: /home/navarrop/Developments/simgrid/Cmake
"simdag-test_simdag2," start time: Dec 10 15:58 CET
Output:
----------------------------------------------------------
[0.000007] [tesh/INFO] Change directory to ../examples/simdag
[0.000040] [tesh/INFO] Test suite `test_simdag2'
[0.000267] [tesh/INFO] [test_simdag2:3] Simple test of simdag
[0.000278] [tesh/INFO] [test_simdag2:5] $SG_TEST_EXENV ./sd_test2 ${srcdir:=.}/2clusters.xml
[0.001016] run_context.c:631: [tesh/ERROR] Test suite `test_simdag2': NOK (<test_simdag2:5> returned code 127)
[0.001026] run_context.c:649: [tesh/CRITICAL] Command ./sd_test2 not found
[0.001080] run_context.c:663: [tesh/ERROR] Output of <test_simdag2:5> mismatch:
- [0.000000] [sd_kernel/INFO] Starting simulation...
- [0.000000] [sd_kernel/INFO] Executing task 'Initial'
- [0.000015] [sd_kernel/INFO] Task 'Initial' done
- [0.000015] [sd_kernel/INFO] Executing task 'PtoP Comm 1'
- [0.000015] [sd_kernel/INFO] Executing task 'PtoP Comm 2'
- [0.037815] [sd_kernel/INFO] Task 'PtoP Comm 2' done
- [0.375315] [sd_kernel/INFO] Task 'PtoP Comm 1' done
- [0.375315] [sd_kernel/INFO] Executing task 'Par Comp without comm'
- [1.375315] [sd_kernel/INFO] Task 'Par Comp without comm' done
- [1.375315] [sd_kernel/INFO] Executing task 'intra redist'
- [1.395615] [sd_kernel/INFO] Task 'intra redist' done
- [1.395615] [sd_kernel/INFO] Executing task 'Par Comp with comm 1'
- [2.395915] [sd_kernel/INFO] Task 'Par Comp with comm 1' done
- [2.395915] [sd_kernel/INFO] Executing task 'inter redist'
- [8.771515] [sd_kernel/INFO] Task 'inter redist' done
- [8.771515] [sd_kernel/INFO] Executing task 'Par Comp with comm 2'
- [8.811815] [sd_kernel/INFO] Task 'Par Comp with comm 2' done
- [8.811815] [sd_kernel/INFO] Executing task 'Final'
- [9.811830] [sd_kernel/INFO] Task 'Final' done
- [9.811830] [sd_kernel/INFO] Simulation finished
- 
[0.001089] run_context.c:667: [tesh/ERROR] Test suite `test_simdag2': NOK (<test_simdag2:5> output mismatch)
----------------------------------------------------------
"simdag-test_simdag2," end time: Dec 10 15:58 CET
"simdag-test_simdag2," time elapsed: 00:00:00
----------------------------------------------------------

103/112 Testing: simdag-test_prop,
103/112 Test: simdag-test_prop,
Command: "/home/navarrop/Developments/simgrid/tools/tesh/tesh" "--cd" "../examples/simdag" "properties/test_prop.tesh" 
Directory: /home/navarrop/Developments/simgrid/Cmake
"simdag-test_prop," start time: Dec 10 15:58 CET
Output:
----------------------------------------------------------
[0.000006] [tesh/INFO] Change directory to ../examples/simdag
[0.000035] [tesh/INFO] Test suite `properties/test_prop'
[0.000416] [tesh/INFO] [properties/test_prop:3] Simple test of simdag with properties
[0.000427] [tesh/INFO] [properties/test_prop:5] $SG_TEST_EXENV properties/sd_prop ${srcdir:=.}/../platforms/prop.xml
[0.001100] run_context.c:631: [tesh/ERROR] Test suite `properties/test_prop': NOK (<properties/test_prop:5> returned code 127)
[0.001110] run_context.c:649: [tesh/CRITICAL] Command properties/sd_prop not found
[0.001148] run_context.c:663: [tesh/ERROR] Output of <properties/test_prop:5> mismatch:
- [0.000000] [test/INFO] Property list for workstation host1
- [0.000000] [test/INFO] 	Property: NewProp has value: newValue
- [0.000000] [test/INFO] 	Property: SG_TEST_Hdd has value: 180
- [0.000000] [test/INFO] 	Property: SG_TEST_mem has value: 4
- [0.000000] [test/INFO] 	Property: NoProp is undefined
- [0.000000] [test/INFO] Property list for workstation host2
- [0.000000] [test/INFO] 	Property: SG_TEST_Hdd on host: 120
- [0.000000] [test/INFO] Modify an existing property
- [0.000000] [test/INFO] 	Property: SG_TEST_Hdd old value: 120
- [0.000000] [test/INFO] 	Property: SG_TEST_Hdd new value: 250
- 
[0.001155] run_context.c:667: [tesh/ERROR] Test suite `properties/test_prop': NOK (<properties/test_prop:5> output mismatch)
----------------------------------------------------------
"simdag-test_prop," end time: Dec 10 15:58 CET
"simdag-test_prop," time elapsed: 00:00:00
----------------------------------------------------------

104/112 Testing: simdag-metaxml_test,
104/112 Test: simdag-metaxml_test,
Command: "/home/navarrop/Developments/simgrid/tools/tesh/tesh" "--cd" "../examples/simdag" "metaxml/metaxml_test.tesh" 
Directory: /home/navarrop/Developments/simgrid/Cmake
"simdag-metaxml_test," start time: Dec 10 15:58 CET
Output:
----------------------------------------------------------
[0.000005] [tesh/INFO] Change directory to ../examples/simdag
[0.000033] [tesh/INFO] Test suite `metaxml/metaxml_test'
[0.000461] [tesh/INFO] [metaxml/metaxml_test:3] Simple test of simdag with metaxml tags
[0.000476] [tesh/INFO] [metaxml/metaxml_test:5] $SG_TEST_EXENV metaxml/sd_meta ${srcdir:=.}/../platforms/metaxml.xml
[0.001390] run_context.c:631: [tesh/ERROR] Test suite `metaxml/metaxml_test': NOK (<metaxml/metaxml_test:5> returned code 127)
[0.001404] run_context.c:649: [tesh/CRITICAL] Command metaxml/sd_meta not found
[0.001761] run_context.c:663: [tesh/ERROR] Output of <metaxml/metaxml_test:5> mismatch:
- [0.000000] [sd_test/INFO] Route between lille_2_host and lille_2_host:
- [0.000000] [sd_test/INFO] 	Link lille_2_host: latency = 0.000050, bandwidth = 125000000.000000
- [0.000000] [sd_test/INFO] 	Link Lille_bb: latency = 0.000050, bandwidth = 50000000.000000
- [0.000000] [sd_test/INFO] Route between lille_2_host and nancy_2_host:
- [0.000000] [sd_test/INFO] 	Link lille_2_host: latency = 0.000050, bandwidth = 125000000.000000
- [0.000000] [sd_test/INFO] 	Link INTER-bb: latency = 0.000100, bandwidth = 125000000.000000
- [0.000000] [sd_test/INFO] 	Link nancy_2_host: latency = 0.000050, bandwidth = 125000000.000000
- [0.000000] [sd_test/INFO] Route between lille_2_host and lille_0_host:
- [0.000000] [sd_test/INFO] 	Link lille_2_host: latency = 0.000050, bandwidth = 125000000.000000
- [0.000000] [sd_test/INFO] 	Link Lille_bb: latency = 0.000050, bandwidth = 50000000.000000
- [0.000000] [sd_test/INFO] Route between lille_2_host and nancy_0_host:
- [0.000000] [sd_test/INFO] 	Link lille_2_host: latency = 0.000050, bandwidth = 125000000.000000
- [0.000000] [sd_test/INFO] 	Link INTER-bb: latency = 0.000100, bandwidth = 125000000.000000
- [0.000000] [sd_test/INFO] 	Link nancy_0_host: latency = 0.000050, bandwidth = 125000000.000000
- [0.000000] [sd_test/INFO] Route between lille_2_host and lille_1_host:
- [0.000000] [sd_test/INFO] 	Link lille_2_host: latency = 0.000050, bandwidth = 125000000.000000
- [0.000000] [sd_test/INFO] 	Link Lille_bb: latency = 0.000050, bandwidth = 50000000.000000
- [0.000000] [sd_test/INFO] Route between lille_2_host and nancy_1_host:
- [0.000000] [sd_test/INFO] 	Link lille_2_host: latency = 0.000050, bandwidth = 125000000.000000
- [0.000000] [sd_test/INFO] 	Link INTER-bb: latency = 0.000100, bandwidth = 125000000.000000
- [0.000000] [sd_test/INFO] 	Link nancy_1_host: latency = 0.000050, bandwidth = 125000000.000000
- [0.000000] [sd_test/INFO] Route between nancy_2_host and lille_2_host:
- [0.000000] [sd_test/INFO] 	Link nancy_2_host: latency = 0.000050, bandwidth = 125000000.000000
- [0.000000] [sd_test/INFO] 	Link INTER-bb: latency = 0.000100, bandwidth = 125000000.000000
- [0.000000] [sd_test/INFO] 	Link lille_2_host: latency = 0.000050, bandwidth = 125000000.000000
- [0.000000] [sd_test/INFO] Route between nancy_2_host and nancy_2_host:
- [0.000000] [sd_test/INFO] 	Link nancy_2_host: latency = 0.000050, bandwidth = 125000000.000000
- [0.000000] [sd_test/INFO] 	Link Nancy_bb: latency = 0.001000, bandwidth = 50000000.000000
- [0.000000] [sd_test/INFO] Route between nancy_2_host and lille_0_host:
- [0.000000] [sd_test/INFO] 	Link nancy_2_host: latency = 0.000050, bandwidth = 125000000.000000
- [0.000000] [sd_test/INFO] 	Link INTER-bb: latency = 0.000100, bandwidth = 125000000.000000
- [0.000000] [sd_test/INFO] 	Link lille_0_host: latency = 0.000050, bandwidth = 125000000.000000
- [0.000000] [sd_test/INFO] Route between nancy_2_host and nancy_0_host:
- [0.000000] [sd_test/INFO] 	Link nancy_2_host: latency = 0.000050, bandwidth = 125000000.000000
- [0.000000] [sd_test/INFO] 	Link Nancy_bb: latency = 0.001000, bandwidth = 50000000.000000
- [0.000000] [sd_test/INFO] Route between nancy_2_host and lille_1_host:
- [0.000000] [sd_test/INFO] 	Link nancy_2_host: latency = 0.000050, bandwidth = 125000000.000000
- [0.000000] [sd_test/INFO] 	Link INTER-bb: latency = 0.000100, bandwidth = 125000000.000000
- [0.000000] [sd_test/INFO] 	Link lille_1_host: latency = 0.000050, bandwidth = 125000000.000000
- [0.000000] [sd_test/INFO] Route between nancy_2_host and nancy_1_host:
- [0.000000] [sd_test/INFO] 	Link nancy_2_host: latency = 0.000050, bandwidth = 125000000.000000
- [0.000000] [sd_test/INFO] 	Link Nancy_bb: latency = 0.001000, bandwidth = 50000000.000000
- [0.000000] [sd_test/INFO] Route between lille_0_host and lille_2_host:
- [0.000000] [sd_test/INFO] 	Link lille_0_host: latency = 0.000050, bandwidth = 125000000.000000
- [0.000000] [sd_test/INFO] 	Link Lille_bb: latency = 0.000050, bandwidth = 50000000.000000
- [0.000000] [sd_test/INFO] Route between lille_0_host and nancy_2_host:
- [0.000000] [sd_test/INFO] 	Link lille_0_host: latency = 0.000050, bandwidth = 125000000.000000
- [0.000000] [sd_test/INFO] 	Link INTER-bb: latency = 0.000100, bandwidth = 125000000.000000
- [0.000000] [sd_test/INFO] 	Link nancy_2_host: latency = 0.000050, bandwidth = 125000000.000000
- [0.000000] [sd_test/INFO] Route between lille_0_host and lille_0_host:
- [0.000000] [sd_test/INFO] 	Link lille_0_host: latency = 0.000050, bandwidth = 125000000.000000
- [0.000000] [sd_test/INFO] 	Link Lille_bb: latency = 0.000050, bandwidth = 50000000.000000
- [0.000000] [sd_test/INFO] Route between lille_0_host and nancy_0_host:
- [0.000000] [sd_test/INFO] 	Link lille_0_host: latency = 0.000050, bandwidth = 125000000.000000
- [0.000000] [sd_test/INFO] 	Link INTER-bb: latency = 0.000100, bandwidth = 125000000.000000
- [0.000000] [sd_test/INFO] 	Link nancy_0_host: latency = 0.000050, bandwidth = 125000000.000000
- [0.000000] [sd_test/INFO] Route between lille_0_host and lille_1_host:
- [0.000000] [sd_test/INFO] 	Link lille_0_host: latency = 0.000050, bandwidth = 125000000.000000
- [0.000000] [sd_test/INFO] 	Link Lille_bb: latency = 0.000050, bandwidth = 50000000.000000
- [0.000000] [sd_test/INFO] Route between lille_0_host and nancy_1_host:
- [0.000000] [sd_test/INFO] 	Link lille_0_host: latency = 0.000050, bandwidth = 125000000.000000
- [0.000000] [sd_test/INFO] 	Link INTER-bb: latency = 0.000100, bandwidth = 125000000.000000
- [0.000000] [sd_test/INFO] 	Link nancy_1_host: latency = 0.000050, bandwidth = 125000000.000000
- [0.000000] [sd_test/INFO] Route between nancy_0_host and lille_2_host:
- [0.000000] [sd_test/INFO] 	Link nancy_0_host: latency = 0.000050, bandwidth = 125000000.000000
- [0.000000] [sd_test/INFO] 	Link INTER-bb: latency = 0.000100, bandwidth = 125000000.000000
- [0.000000] [sd_test/INFO] 	Link lille_2_host: latency = 0.000050, bandwidth = 125000000.000000
- [0.000000] [sd_test/INFO] Route between nancy_0_host and nancy_2_host:
- [0.000000] [sd_test/INFO] 	Link nancy_0_host: latency = 0.000050, bandwidth = 125000000.000000
- [0.000000] [sd_test/INFO] 	Link Nancy_bb: latency = 0.001000, bandwidth = 50000000.000000
- [0.000000] [sd_test/INFO] Route between nancy_0_host and lille_0_host:
- [0.000000] [sd_test/INFO] 	Link nancy_0_host: latency = 0.000050, bandwidth = 125000000.000000
- [0.000000] [sd_test/INFO] 	Link INTER-bb: latency = 0.000100, bandwidth = 125000000.000000
- [0.000000] [sd_test/INFO] 	Link lille_0_host: latency = 0.000050, bandwidth = 125000000.000000
- [0.000000] [sd_test/INFO] Route between nancy_0_host and nancy_0_host:
- [0.000000] [sd_test/INFO] 	Link nancy_0_host: latency = 0.000050, bandwidth = 125000000.000000
- [0.000000] [sd_test/INFO] 	Link Nancy_bb: latency = 0.001000, bandwidth = 50000000.000000
- [0.000000] [sd_test/INFO] Route between nancy_0_host and lille_1_host:
- [0.000000] [sd_test/INFO] 	Link nancy_0_host: latency = 0.000050, bandwidth = 125000000.000000
- [0.000000] [sd_test/INFO] 	Link INTER-bb: latency = 0.000100, bandwidth = 125000000.000000
- [0.000000] [sd_test/INFO] 	Link lille_1_host: latency = 0.000050, bandwidth = 125000000.000000
- [0.000000] [sd_test/INFO] Route between nancy_0_host and nancy_1_host:
- [0.000000] [sd_test/INFO] 	Link nancy_0_host: latency = 0.000050, bandwidth = 125000000.000000
- [0.000000] [sd_test/INFO] 	Link Nancy_bb: latency = 0.001000, bandwidth = 50000000.000000
- [0.000000] [sd_test/INFO] Route between lille_1_host and lille_2_host:
- [0.000000] [sd_test/INFO] 	Link lille_1_host: latency = 0.000050, bandwidth = 125000000.000000
- [0.000000] [sd_test/INFO] 	Link Lille_bb: latency = 0.000050, bandwidth = 50000000.000000
- [0.000000] [sd_test/INFO] Route between lille_1_host and nancy_2_host:
- [0.000000] [sd_test/INFO] 	Link lille_1_host: latency = 0.000050, bandwidth = 125000000.000000
- [0.000000] [sd_test/INFO] 	Link INTER-bb: latency = 0.000100, bandwidth = 125000000.000000
- [0.000000] [sd_test/INFO] 	Link nancy_2_host: latency = 0.000050, bandwidth = 125000000.000000
- [0.000000] [sd_test/INFO] Route between lille_1_host and lille_0_host:
- [0.000000] [sd_test/INFO] 	Link lille_1_host: latency = 0.000050, bandwidth = 125000000.000000
- [0.000000] [sd_test/INFO] 	Link Lille_bb: latency = 0.000050, bandwidth = 50000000.000000
- [0.000000] [sd_test/INFO] Route between lille_1_host and nancy_0_host:
- [0.000000] [sd_test/INFO] 	Link lille_1_host: latency = 0.000050, bandwidth = 125000000.000000
- [0.000000] [sd_test/INFO] 	Link INTER-bb: latency = 0.000100, bandwidth = 125000000.000000
- [0.000000] [sd_test/INFO] 	Link nancy_0_host: latency = 0.000050, bandwidth = 125000000.000000
- [0.000000] [sd_test/INFO] Route between lille_1_host and lille_1_host:
- [0.000000] [sd_test/INFO] 	Link lille_1_host: latency = 0.000050, bandwidth = 125000000.000000
- [0.000000] [sd_test/INFO] 	Link Lille_bb: latency = 0.000050, bandwidth = 50000000.000000
- [0.000000] [sd_test/INFO] Route between lille_1_host and nancy_1_host:
- [0.000000] [sd_test/INFO] 	Link lille_1_host: latency = 0.000050, bandwidth = 125000000.000000
- [0.000000] [sd_test/INFO] 	Link INTER-bb: latency = 0.000100, bandwidth = 125000000.000000
- [0.000000] [sd_test/INFO] 	Link nancy_1_host: latency = 0.000050, bandwidth = 125000000.000000
- [0.000000] [sd_test/INFO] Route between nancy_1_host and lille_2_host:
- [0.000000] [sd_test/INFO] 	Link nancy_1_host: latency = 0.000050, bandwidth = 125000000.000000
- [0.000000] [sd_test/INFO] 	Link INTER-bb: latency = 0.000100, bandwidth = 125000000.000000
- [0.000000] [sd_test/INFO] 	Link lille_2_host: latency = 0.000050, bandwidth = 125000000.000000
- [0.000000] [sd_test/INFO] Route between nancy_1_host and nancy_2_host:
- [0.000000] [sd_test/INFO] 	Link nancy_1_host: latency = 0.000050, bandwidth = 125000000.000000
- [0.000000] [sd_test/INFO] 	Link Nancy_bb: latency = 0.001000, bandwidth = 50000000.000000
- [0.000000] [sd_test/INFO] Route between nancy_1_host and lille_0_host:
- [0.000000] [sd_test/INFO] 	Link nancy_1_host: latency = 0.000050, bandwidth = 125000000.000000
- [0.000000] [sd_test/INFO] 	Link INTER-bb: latency = 0.000100, bandwidth = 125000000.000000
- [0.000000] [sd_test/INFO] 	Link lille_0_host: latency = 0.000050, bandwidth = 125000000.000000
- [0.000000] [sd_test/INFO] Route between nancy_1_host and nancy_0_host:
- [0.000000] [sd_test/INFO] 	Link nancy_1_host: latency = 0.000050, bandwidth = 125000000.000000
- [0.000000] [sd_test/INFO] 	Link Nancy_bb: latency = 0.001000, bandwidth = 50000000.000000
- [0.000000] [sd_test/INFO] Route between nancy_1_host and lille_1_host:
- [0.000000] [sd_test/INFO] 	Link nancy_1_host: latency = 0.000050, bandwidth = 125000000.000000
- [0.000000] [sd_test/INFO] 	Link INTER-bb: latency = 0.000100, bandwidth = 125000000.000000
- [0.000000] [sd_test/INFO] 	Link lille_1_host: latency = 0.000050, bandwidth = 125000000.000000
- [0.000000] [sd_test/INFO] Route between nancy_1_host and nancy_1_host:
- [0.000000] [sd_test/INFO] 	Link nancy_1_host: latency = 0.000050, bandwidth = 125000000.000000
- [0.000000] [sd_test/INFO] 	Link Nancy_bb: latency = 0.001000, bandwidth = 50000000.000000
- 
[0.001810] run_context.c:667: [tesh/ERROR] Test suite `metaxml/metaxml_test': NOK (<metaxml/metaxml_test:5> output mismatch)
----------------------------------------------------------
"simdag-metaxml_test," end time: Dec 10 15:58 CET
"simdag-metaxml_test," time elapsed: 00:00:00
----------------------------------------------------------

105/112 Testing: java-basic,
105/112 Test: java-basic,
Command: "/home/navarrop/Developments/simgrid/Cmake/test_java.sh" "../examples/java/basic" "BasicTest" 
Directory: /home/navarrop/Developments/simgrid/Cmake
"java-basic," start time: Dec 10 15:58 CET
Output:
----------------------------------------------------------
CLASSPATH=.:./.:$CLASSPATH /usr/bin/javac -d . -classpath .:../../../src/simgrid.jar:../../../src/simgrid.jar:..   Master.java Forwarder.java Slave.java BasicTest.java BasicTask.java FinalizeTask.java
Master.java:11: error: The import simgrid.msg cannot be resolved
	import simgrid.msg.*;
	       ^^^^^^^^^^^
Master.java:13: error: simgrid cannot be resolved to a type
	public class Master extends simgrid.msg.Process {
	                            ^^^^^^^
Master.java:14: error: JniException cannot be resolved to a type
	public void main(String[] args) throws JniException, NativeException {
	                                       ^^^^^^^^^^^^
Master.java:14: error: NativeException cannot be resolved to a type
	public void main(String[] args) throws JniException, NativeException {
	                                                     ^^^^^^^^^^^^^^^
Master.java:16: error: Msg cannot be resolved
	Msg.info("hello!");
	^^^
Master.java:19: error: Host cannot be resolved to a type
	Host[] slaves = null;
	^^^^
Master.java:21: error: Msg cannot be resolved
	Msg.info("argc="+args.length);
	^^^
Master.java:23: error: Msg cannot be resolved
	Msg.info("argv:"+args[i]);
	^^^
Master.java:26: error: Msg cannot be resolved
	Msg.info("Master needs 3 arguments");
	^^^
Master.java:36: error: The constructor BasicTask(String, double, double) refers to the missing type JniException
	todo[i] = new BasicTask("Task_" + i, taskComputeSize, taskCommunicateSize); 
	          ^^^^^^^^^^^^^^^^^^^^^^^^^^^^^^^^^^^^^^^^^^^^^^^^^^^^^^^^^^^^^^^^
Master.java:40: error: Host cannot be resolved to a type
	slaves = new Host[slaveCount];
	             ^^^^
Master.java:44: error: Host cannot be resolved
	slaves[i-3] = Host.getByName(args[i]);
	              ^^^^
Master.java:46: error: HostNotFoundException cannot be resolved to a type
	catch(HostNotFoundException e) {
	      ^^^^^^^^^^^^^^^^^^^^^
Master.java:47: error: Msg cannot be resolved
	Msg.info("Unknown host " + args[i] + ". Stopping Now!");
	^^^
Master.java:53: error: Msg cannot be resolved
	Msg.info("Got "+  slaveCount + " slave(s) :");
	^^^
Master.java:56: error: Msg cannot be resolved
	Msg.info("\t"+slaves[i].getName());
	^^^
Master.java:58: error: Msg cannot be resolved
	Msg.info("Got "+ numberOfTasks + " task to process.");
	^^^
Master.java:61: error: Msg cannot be resolved
	Msg.info("Sending \"" + todo[i].getName()+ "\" to \"" + slaves[i % slaveCount].getName() + "\"");
	^^^
Master.java:61: error: The method getName() is undefined for the type BasicTask
	Msg.info("Sending \"" + todo[i].getName()+ "\" to \"" + slaves[i % slaveCount].getName() + "\"");
	                                ^^^^^^^
Master.java:63: error: Host cannot be resolved
	if((Host.currentHost()).equals(slaves[i % slaveCount])) 
	    ^^^^
Master.java:64: error: Msg cannot be resolved
	Msg.info("Hey ! It's me ! ");
	^^^
Master.java:69: error: Msg cannot be resolved
	Msg.info("Send completed");
	^^^
Master.java:71: error: Msg cannot be resolved
	Msg.info("All tasks have been dispatched. Let's tell everybody the computation is over.");
	^^^
Master.java:74: error: The constructor FinalizeTask() refers to the missing type JniException
	slaves[i].put(channel, new FinalizeTask());
	                       ^^^^^^^^^^^^^^^^^^
Master.java:77: error: Msg cannot be resolved
	Msg.info("Goodbye now!");
	^^^
Forwarder.java:11: error: The import simgrid.msg cannot be resolved
	import simgrid.msg.*;
	       ^^^^^^^^^^^
Forwarder.java:13: error: simgrid cannot be resolved to a type
	public class Forwarder extends simgrid.msg.Process {
	                               ^^^^^^^
Forwarder.java:15: error: JniException cannot be resolved to a type
	public void main(String[] args) throws JniException, NativeException {
	                                       ^^^^^^^^^^^^
Forwarder.java:15: error: NativeException cannot be resolved to a type
	public void main(String[] args) throws JniException, NativeException {
	                                                     ^^^^^^^^^^^^^^^
Forwarder.java:16: error: Msg cannot be resolved
	Msg.info("hello!");
	^^^
Forwarder.java:19: error: Host cannot be resolved to a type
	Host[] slaves = new Host[slavesCount];
	^^^^
Forwarder.java:19: error: Host cannot be resolved to a type
	Host[] slaves = new Host[slavesCount];
	                    ^^^^
Forwarder.java:23: error: Host cannot be resolved
	slaves[i] = Host.getByName(args[i]);
	            ^^^^
Forwarder.java:24: error: HostNotFoundException cannot be resolved to a type
	} catch (HostNotFoundException e) {
	         ^^^^^^^^^^^^^^^^^^^^^
Forwarder.java:25: error: Msg cannot be resolved
	Msg.info("Buggy deployment file");
	^^^
Forwarder.java:33: error: Task cannot be resolved to a type
	Task t = Task.get(0);	
	^^^^
Forwarder.java:33: error: Task cannot be resolved
	Task t = Task.get(0);	
	         ^^^^
Forwarder.java:36: error: Msg cannot be resolved
	Msg.info("All tasks have been dispatched. Let's tell everybody the computation is over.");
	^^^
Forwarder.java:39: error: The constructor FinalizeTask() refers to the missing type JniException
	slaves[cpt].put(0,new FinalizeTask());
	                  ^^^^^^^^^^^^^^^^^^
Forwarder.java:45: error: Msg cannot be resolved
	Msg.info("Received \"" + task.getName() + "\" ");
	^^^
Forwarder.java:45: error: The method getName() is undefined for the type BasicTask
	Msg.info("Received \"" + task.getName() + "\" ");
	                              ^^^^^^^
Forwarder.java:47: error: Msg cannot be resolved
	Msg.info("Sending \"" + task.getName() + "\" to \"" + slaves[taskCount % slavesCount].getName() + "\"");
	^^^
Forwarder.java:47: error: The method getName() is undefined for the type BasicTask
	Msg.info("Sending \"" + task.getName() + "\" to \"" + slaves[taskCount % slavesCount].getName() + "\"");
	                             ^^^^^^^
Forwarder.java:54: error: Msg cannot be resolved
	Msg.info("I'm done. See you!");
	^^^
Slave.java:11: error: The import simgrid.msg cannot be resolved
	import simgrid.msg.*;
	       ^^^^^^^^^^^
Slave.java:13: error: simgrid cannot be resolved to a type
	public class Slave extends simgrid.msg.Process {
	                           ^^^^^^^
Slave.java:14: error: JniException cannot be resolved to a type
	public void main(String[] args) throws JniException, NativeException {
	                                       ^^^^^^^^^^^^
Slave.java:14: error: NativeException cannot be resolved to a type
	public void main(String[] args) throws JniException, NativeException {
	                                                     ^^^^^^^^^^^^^^^
Slave.java:15: error: Msg cannot be resolved
	Msg.info("Hello !");
	^^^
Slave.java:18: error: Task cannot be resolved to a type
	Task t = Task.get(0);	
	^^^^
Slave.java:18: error: Task cannot be resolved
	Task t = Task.get(0);	
	         ^^^^
Slave.java:24: error: Msg cannot be resolved
	Msg.info("Received \"" + task.getName() + "\" ");
	^^^
Slave.java:24: error: The method getName() is undefined for the type BasicTask
	Msg.info("Received \"" + task.getName() + "\" ");
	                              ^^^^^^^
Slave.java:26: error: Msg cannot be resolved
	Msg.info("Processing \"" + task.getName() +  "\" ");	 
	^^^
Slave.java:26: error: The method getName() is undefined for the type BasicTask
	Msg.info("Processing \"" + task.getName() +  "\" ");	 
	                                ^^^^^^^
Slave.java:27: error: The method execute() is undefined for the type BasicTask
	task.execute();
	     ^^^^^^^
Slave.java:28: error: Msg cannot be resolved
	Msg.info("\"" + task.getName() + "\" done ");
	^^^
Slave.java:28: error: The method getName() is undefined for the type BasicTask
	Msg.info("\"" + task.getName() + "\" done ");
	                     ^^^^^^^
Slave.java:31: error: Msg cannot be resolved
	Msg.info("Received Finalize. I'm done. See you!");
	^^^
BasicTest.java:11: error: The import simgrid.msg cannot be resolved
	import simgrid.msg.*;
	       ^^^^^^^^^^^
BasicTest.java:20: error: JniException cannot be resolved to a type
	public static void main(String[] args) throws JniException, NativeException {
	                                              ^^^^^^^^^^^^
BasicTest.java:20: error: NativeException cannot be resolved to a type
	public static void main(String[] args) throws JniException, NativeException {
	                                                            ^^^^^^^^^^^^^^^
BasicTest.java:23: error: Msg cannot be resolved
	Msg.init(args);
	^^^
BasicTest.java:27: error: Msg cannot be resolved
	Msg.info("Usage   : Basic platform_file deployment_file");
	^^^
BasicTest.java:28: error: Msg cannot be resolved
	Msg.info("example : Basic basic_platform.xml basic_deployment.xml");
	^^^
BasicTest.java:33: error: Msg cannot be resolved
	Msg.pajeOutput("basic.trace");
	^^^
BasicTest.java:36: error: Msg cannot be resolved
	Msg.createEnvironment(args[0]);
	^^^
BasicTest.java:37: error: Msg cannot be resolved
	Msg.deployApplication(args[1]);
	^^^
BasicTest.java:40: error: Msg cannot be resolved
	Msg.run();
	^^^
BasicTask.java:11: error: The import simgrid.msg cannot be resolved
	import simgrid.msg.*;
	       ^^^^^^^^^^^
BasicTask.java:13: error: Task cannot be resolved to a type
	public class BasicTask extends Task {
	                               ^^^^
BasicTask.java:15: error: JniException cannot be resolved to a type
	public BasicTask(String name, double computeDuration, double messageSize) throws JniException{
	                                                                                 ^^^^^^^^^^^^
FinalizeTask.java:11: error: The import simgrid.msg cannot be resolved
	import simgrid.msg.*;
	       ^^^^^^^^^^^
FinalizeTask.java:13: error: Task cannot be resolved to a type
	public class FinalizeTask extends Task {
	                                  ^^^^
FinalizeTask.java:15: error: JniException cannot be resolved to a type
	public FinalizeTask() throws JniException, NativeException{
	                             ^^^^^^^^^^^^
FinalizeTask.java:15: error: NativeException cannot be resolved to a type
	public FinalizeTask() throws JniException, NativeException{
	                                           ^^^^^^^^^^^^^^^
76 problems (76 errors)
/home/navarrop/Developments/simgrid/examples/java/basic
LD_LIBRARY_PATH=../../../src/.libs:../src/.libs: java -cp .:../../../src/simgrid.jar:.:../src/simgrid.jar: BasicTest basic_platform.xml basic_deployment.xml
make: *** [classnoinst.stamp] Erreur 1
Exception in thread "main" java.lang.NoClassDefFoundError: BasicTest
Caused by: java.lang.ClassNotFoundException: BasicTest
	at java.net.URLClassLoader$1.run(URLClassLoader.java:217)
	at java.security.AccessController.doPrivileged(Native Method)
	at java.net.URLClassLoader.findClass(URLClassLoader.java:205)
	at java.lang.ClassLoader.loadClass(ClassLoader.java:319)
	at sun.misc.Launcher$AppClassLoader.loadClass(Launcher.java:294)
	at java.lang.ClassLoader.loadClass(ClassLoader.java:264)
	at java.lang.ClassLoader.loadClassInternal(ClassLoader.java:332)
Could not find the main class: BasicTest. Program will exit.
----------------------------------------------------------
"java-basic," end time: Dec 10 15:58 CET
"java-basic," time elapsed: 00:00:01
----------------------------------------------------------

106/112 Testing: java-pingpong,
106/112 Test: java-pingpong,
Command: "/home/navarrop/Developments/simgrid/Cmake/test_java.sh" "../examples/java/ping_pong" "PingPongTest" 
Directory: /home/navarrop/Developments/simgrid/Cmake
"java-pingpong," start time: Dec 10 15:58 CET
Output:
----------------------------------------------------------
CLASSPATH=.:./.:$CLASSPATH /usr/bin/javac -d . -classpath .:../../../src/simgrid.jar:../../../src/simgrid.jar:..   Sender.java Receiver.java PingPongTask.java PingPongTest.java
Sender.java:11: error: The import simgrid.msg cannot be resolved
	import simgrid.msg.*;
	       ^^^^^^^^^^^
Sender.java:13: error: simgrid cannot be resolved to a type
	public class Sender extends simgrid.msg.Process {
	                            ^^^^^^^
Sender.java:18: error: JniException cannot be resolved to a type
	public void main(String[] args) throws JniException, NativeException {
	                                       ^^^^^^^^^^^^
Sender.java:18: error: NativeException cannot be resolved to a type
	public void main(String[] args) throws JniException, NativeException {
	                                                     ^^^^^^^^^^^^^^^
Sender.java:20: error: Msg cannot be resolved
	Msg.info("hello!");
	^^^
Sender.java:24: error: Msg cannot be resolved
	Msg.info("host count : " + hostCount);
	^^^
Sender.java:25: error: Host cannot be resolved to a type
	Host hostTable[] = new Host[hostCount]; 
	^^^^
Sender.java:25: error: Host cannot be resolved to a type
	Host hostTable[] = new Host[hostCount]; 
	                       ^^^^
Sender.java:32: error: Host cannot be resolved
	hostTable[pos] = Host.getByName(args[pos]);
	                 ^^^^
Sender.java:33: error: HostNotFoundException cannot be resolved to a type
	} catch (HostNotFoundException e) {
	         ^^^^^^^^^^^^^^^^^^^^^
Sender.java:34: error: Msg cannot be resolved
	Msg.info("Invalid deployment file: " + e.toString());	     
	^^^
Sender.java:40: error: Msg cannot be resolved
	time = Msg.getClock(); 
	       ^^^
Sender.java:42: error: Msg cannot be resolved
	Msg.info("sender time : " + time);
	^^^
Sender.java:44: error: The constructor PingPongTask(String, double, double) refers to the missing type JniException
	task = new PingPongTask("no name",computeDuration,commSizeLat);
	       ^^^^^^^^^^^^^^^^^^^^^^^^^^^^^^^^^^^^^^^^^^^^^^^^^^^^^^^
Sender.java:50: error: Msg cannot be resolved
	Msg.info("goodbye!");
	^^^
Receiver.java:11: error: The import simgrid.msg cannot be resolved
	import simgrid.msg.*;
	       ^^^^^^^^^^^
Receiver.java:13: error: simgrid cannot be resolved to a type
	public class Receiver extends simgrid.msg.Process {
	                              ^^^^^^^
Receiver.java:18: error: JniException cannot be resolved to a type
	public void main(String[] args) throws JniException, NativeException {
	                                       ^^^^^^^^^^^^
Receiver.java:18: error: NativeException cannot be resolved to a type
	public void main(String[] args) throws JniException, NativeException {
	                                                     ^^^^^^^^^^^^^^^
Receiver.java:20: error: Msg cannot be resolved
	Msg.info("hello!");
	^^^
Receiver.java:23: error: Msg cannot be resolved
	double time = Msg.getClock();
	              ^^^
Receiver.java:25: error: Msg cannot be resolved
	Msg.info("try to get a task");
	^^^
Receiver.java:27: error: Task cannot be resolved
	PingPongTask task = (PingPongTask)Task.get(0);
	                                  ^^^^
Receiver.java:28: error: Msg cannot be resolved
	double timeGot = Msg.getClock();
	                 ^^^
Receiver.java:31: error: Msg cannot be resolved
	Msg.info("Got at time "+ timeGot);
	^^^
Receiver.java:32: error: Msg cannot be resolved
	Msg.info("Was sent at time "+timeSent);
	^^^
Receiver.java:36: error: Msg cannot be resolved
	Msg.info("Communication time : " + communicationTime);
	^^^
Receiver.java:38: error: Msg cannot be resolved
	Msg.info(" --- bw "+ commSizeBw/communicationTime + " ----");
	^^^
Receiver.java:40: error: Msg cannot be resolved
	Msg.info("goodbye!");
	^^^
PingPongTask.java:11: error: The import simgrid.msg cannot be resolved
	import simgrid.msg.*;
	       ^^^^^^^^^^^
PingPongTask.java:13: error: Task cannot be resolved to a type
	public class PingPongTask extends Task {
	                                  ^^^^
PingPongTask.java:17: error: JniException cannot be resolved to a type
	public PingPongTask() throws JniException, NativeException {
	                             ^^^^^^^^^^^^
PingPongTask.java:17: error: NativeException cannot be resolved to a type
	public PingPongTask() throws JniException, NativeException {
	                                           ^^^^^^^^^^^^^^^
PingPongTask.java:21: error: JniException cannot be resolved to a type
	public PingPongTask(String name, double computeDuration, double messageSize) throws JniException, NativeException {      
	                                                                                    ^^^^^^^^^^^^
PingPongTask.java:21: error: NativeException cannot be resolved to a type
	public PingPongTask(String name, double computeDuration, double messageSize) throws JniException, NativeException {      
	                                                                                                  ^^^^^^^^^^^^^^^
PingPongTest.java:11: error: The import simgrid.msg cannot be resolved
	import simgrid.msg.*;
	       ^^^^^^^^^^^
PingPongTest.java:20: error: JniException cannot be resolved to a type
	public static void main(String[] args) throws JniException, NativeException {
	                                              ^^^^^^^^^^^^
PingPongTest.java:20: error: NativeException cannot be resolved to a type
	public static void main(String[] args) throws JniException, NativeException {
	                                                            ^^^^^^^^^^^^^^^
PingPongTest.java:23: error: Msg cannot be resolved
	Msg.init(args);
	^^^
PingPongTest.java:26: error: Msg cannot be resolved
	Msg.info("Usage   : PingPong platform_file deployment_file");
	^^^
PingPongTest.java:27: error: Msg cannot be resolved
	Msg.info("example : PingPong ping_pong_platform.xml ping_pong_deployment.xml");
	^^^
PingPongTest.java:32: error: Msg cannot be resolved
	Msg.pajeOutput("ping_pong.trace");
	^^^
PingPongTest.java:35: error: Msg cannot be resolved
	Msg.createEnvironment(args[0]);
	^^^
PingPongTest.java:36: error: Msg cannot be resolved
	Msg.deployApplication(args[1]);
	^^^
PingPongTest.java:39: error: Msg cannot be resolved
	Msg.run();
	^^^
45 problems (45 errors)
/home/navarrop/Developments/simgrid/examples/java/ping_pong
LD_LIBRARY_PATH=../../../src/.libs:../src/.libs: java -cp .:../../../src/simgrid.jar:.:../src/simgrid.jar: PingPongTest ping_pong_platform.xml ping_pong_deployment.xml
make: *** [classnoinst.stamp] Erreur 1
Exception in thread "main" java.lang.NoClassDefFoundError: PingPongTest
Caused by: java.lang.ClassNotFoundException: PingPongTest
	at java.net.URLClassLoader$1.run(URLClassLoader.java:217)
	at java.security.AccessController.doPrivileged(Native Method)
	at java.net.URLClassLoader.findClass(URLClassLoader.java:205)
	at java.lang.ClassLoader.loadClass(ClassLoader.java:319)
	at sun.misc.Launcher$AppClassLoader.loadClass(Launcher.java:294)
	at java.lang.ClassLoader.loadClass(ClassLoader.java:264)
	at java.lang.ClassLoader.loadClassInternal(ClassLoader.java:332)
Could not find the main class: PingPongTest. Program will exit.
----------------------------------------------------------
"java-pingpong," end time: Dec 10 15:58 CET
"java-pingpong," time elapsed: 00:00:00
----------------------------------------------------------

107/112 Testing: java-comm_time,
107/112 Test: java-comm_time,
Command: "/home/navarrop/Developments/simgrid/Cmake/test_java.sh" "../examples/java/comm_time" "CommTimeTest" 
Directory: /home/navarrop/Developments/simgrid/Cmake
"java-comm_time," start time: Dec 10 15:58 CET
Output:
----------------------------------------------------------
CLASSPATH=.:./.:$CLASSPATH /usr/bin/javac -d . -classpath .:../../../src/simgrid.jar:../../../src/simgrid.jar:..   Master.java Slave.java CommTimeTest.java CommTimeTask.java FinalizeTask.java
Master.java:11: error: The import simgrid.msg cannot be resolved
	import simgrid.msg.*;
	       ^^^^^^^^^^^
Master.java:13: error: simgrid cannot be resolved to a type
	public class Master extends simgrid.msg.Process {
	                            ^^^^^^^
Master.java:15: error: JniException cannot be resolved to a type
	public void main(String[] args) throws JniException, NativeException {
	                                       ^^^^^^^^^^^^
Master.java:15: error: NativeException cannot be resolved to a type
	public void main(String[] args) throws JniException, NativeException {
	                                                     ^^^^^^^^^^^^^^^
Master.java:17: error: Msg cannot be resolved
	Msg.info("Hello i'm the master");
	^^^
Master.java:24: error: Host cannot be resolved to a type
	Host[] slaves = new Host[slavecount] ;
	^^^^
Master.java:24: error: Host cannot be resolved to a type
	Host[] slaves = new Host[slavecount] ;
	                    ^^^^
Master.java:28: error: Host cannot be resolved
	slaves[i-3] = Host.getByName(args[i]);
	              ^^^^
Master.java:29: error: HostNotFoundException cannot be resolved to a type
	} catch(HostNotFoundException e) {
	        ^^^^^^^^^^^^^^^^^^^^^
Master.java:30: error: Msg cannot be resolved
	Msg.info(e.toString());
	^^^
Master.java:31: error: Msg cannot be resolved
	Msg.info("Unknown host " +  args[i] +". Stopping Now! " );
	^^^
Master.java:36: error: Msg cannot be resolved
	Msg.info("Got " + slavecount + " slave(s):");		
	^^^
Master.java:38: error: Msg cannot be resolved
	Msg.info("\t " + slaves[i].getName());
	^^^
Master.java:40: error: Msg cannot be resolved
	Msg.info("Got "+numberoftasks+" task(s) to process.");
	^^^
Master.java:43: error: The constructor CommTimeTask(String, double, double) refers to the missing type JniException
	CommTimeTask task = new CommTimeTask("Task_" + i ,taskComputeSize,taskCommunicateSize);
	                    ^^^^^^^^^^^^^^^^^^^^^^^^^^^^^^^^^^^^^^^^^^^^^^^^^^^^^^^^^^^^^^^^^^
Master.java:44: error: Msg cannot be resolved
	task.setTime(Msg.getClock());
	             ^^^
Master.java:50: error: Msg cannot be resolved
	Msg.info("All tasks have been dispatched. Let's tell everybody the computation is over.");
	^^^
Master.java:54: error: Msg cannot be resolved
	Msg.info("Finalize host " + slaves[i].getName() +  " [" + i + "]");
	^^^
Master.java:55: error: The constructor FinalizeTask() refers to the missing type JniException
	slaves[i].put(0, new FinalizeTask());
	                 ^^^^^^^^^^^^^^^^^^
Master.java:58: error: Msg cannot be resolved
	Msg.info("All finalize messages have been dispatched. Goodbye now!");
	^^^
Slave.java:11: error: The import simgrid.msg cannot be resolved
	import simgrid.msg.*;
	       ^^^^^^^^^^^
Slave.java:13: error: simgrid cannot be resolved to a type
	public class Slave extends simgrid.msg.Process {
	                           ^^^^^^^
Slave.java:15: error: JniException cannot be resolved to a type
	public void main(String[] args) throws JniException, NativeException {
	                                       ^^^^^^^^^^^^
Slave.java:15: error: NativeException cannot be resolved to a type
	public void main(String[] args) throws JniException, NativeException {
	                                                     ^^^^^^^^^^^^^^^
Slave.java:17: error: Msg cannot be resolved
	Msg.info("Hello i'm a slave");
	^^^
Slave.java:20: error: Msg cannot be resolved
	double time1 = Msg.getClock();       
	               ^^^
Slave.java:21: error: Task cannot be resolved to a type
	Task t = Task.get(0);	
	^^^^
Slave.java:21: error: Task cannot be resolved
	Task t = Task.get(0);	
	         ^^^^
Slave.java:35: error: The method execute() is undefined for the type CommTimeTask
	task.execute();
	     ^^^^^^^
Slave.java:38: error: Msg cannot be resolved
	Msg.info("Received Finalize. I'm done. See you!");
	^^^
CommTimeTest.java:12: error: The import simgrid.msg cannot be resolved
	import simgrid.msg.*;
	       ^^^^^^^^^^^
CommTimeTest.java:21: error: JniException cannot be resolved to a type
	public static void main(String[] args) throws JniException, NativeException {
	                                              ^^^^^^^^^^^^
CommTimeTest.java:21: error: NativeException cannot be resolved to a type
	public static void main(String[] args) throws JniException, NativeException {
	                                                            ^^^^^^^^^^^^^^^
CommTimeTest.java:24: error: Msg cannot be resolved
	Msg.init(args);
	^^^
CommTimeTest.java:28: error: Msg cannot be resolved
	Msg.info("Usage   : CommTime platform_file deployment_file");
	^^^
CommTimeTest.java:29: error: Msg cannot be resolved
	Msg.info("example : CommTime comm_time_platform.xml comm_time_deployment.xml");
	^^^
CommTimeTest.java:34: error: Msg cannot be resolved
	Msg.pajeOutput("comm_time.trace");
	^^^
CommTimeTest.java:37: error: Msg cannot be resolved
	Msg.createEnvironment(args[0]);
	^^^
CommTimeTest.java:38: error: Msg cannot be resolved
	Msg.deployApplication(args[1]);
	^^^
CommTimeTest.java:41: error: Msg cannot be resolved
	Msg.run();
	^^^
CommTimeTask.java:11: error: The import simgrid.msg cannot be resolved
	import simgrid.msg.*;
	       ^^^^^^^^^^^
CommTimeTask.java:13: error: Task cannot be resolved to a type
	public class CommTimeTask extends Task {
	                                  ^^^^
CommTimeTask.java:17: error: JniException cannot be resolved to a type
	public CommTimeTask(String name, double computeDuration, double messageSize) throws JniException, NativeException{
	                                                                                    ^^^^^^^^^^^^
CommTimeTask.java:17: error: NativeException cannot be resolved to a type
	public CommTimeTask(String name, double computeDuration, double messageSize) throws JniException, NativeException{
	                                                                                                  ^^^^^^^^^^^^^^^
FinalizeTask.java:11: error: The import simgrid.msg cannot be resolved
	import simgrid.msg.*;
	       ^^^^^^^^^^^
FinalizeTask.java:13: error: Task cannot be resolved to a type
	public class FinalizeTask extends Task {
	                                  ^^^^
FinalizeTask.java:15: error: JniException cannot be resolved to a type
	public FinalizeTask() throws JniException, NativeException{
	                             ^^^^^^^^^^^^
FinalizeTask.java:15: error: NativeException cannot be resolved to a type
	public FinalizeTask() throws JniException, NativeException{
	                                           ^^^^^^^^^^^^^^^
48 problems (48 errors)
make: *** [classnoinst.stamp] Erreur 1
/home/navarrop/Developments/simgrid/examples/java/comm_time
LD_LIBRARY_PATH=../../../src/.libs:../src/.libs: java -cp .:../../../src/simgrid.jar:.:../src/simgrid.jar: CommTimeTest comm_time_platform.xml comm_time_deployment.xml
Exception in thread "main" java.lang.NoClassDefFoundError: CommTimeTest
Caused by: java.lang.ClassNotFoundException: CommTimeTest
	at java.net.URLClassLoader$1.run(URLClassLoader.java:217)
	at java.security.AccessController.doPrivileged(Native Method)
	at java.net.URLClassLoader.findClass(URLClassLoader.java:205)
	at java.lang.ClassLoader.loadClass(ClassLoader.java:319)
	at sun.misc.Launcher$AppClassLoader.loadClass(Launcher.java:294)
	at java.lang.ClassLoader.loadClass(ClassLoader.java:264)
	at java.lang.ClassLoader.loadClassInternal(ClassLoader.java:332)
Could not find the main class: CommTimeTest. Program will exit.
----------------------------------------------------------
"java-comm_time," end time: Dec 10 15:58 CET
"java-comm_time," time elapsed: 00:00:00
----------------------------------------------------------

108/112 Testing: java-suspend,
108/112 Test: java-suspend,
Command: "/home/navarrop/Developments/simgrid/Cmake/test_java.sh" "../examples/java/suspend" "SuspendTest" 
Directory: /home/navarrop/Developments/simgrid/Cmake
"java-suspend," start time: Dec 10 15:58 CET
Output:
----------------------------------------------------------
CLASSPATH=.:./.:$CLASSPATH /usr/bin/javac -d . -classpath .:../../../src/simgrid.jar:../../../src/simgrid.jar:..   DreamMaster.java LazyGuy.java SuspendTest.java
DreamMaster.java:11: error: The import simgrid.msg cannot be resolved
	import simgrid.msg.*;
	       ^^^^^^^^^^^
DreamMaster.java:13: error: simgrid cannot be resolved to a type
	public class DreamMaster extends simgrid.msg.Process {
	                                 ^^^^^^^
DreamMaster.java:15: error: JniException cannot be resolved to a type
	public void main(String[] args) throws JniException, NativeException {
	                                       ^^^^^^^^^^^^
DreamMaster.java:15: error: NativeException cannot be resolved to a type
	public void main(String[] args) throws JniException, NativeException {
	                                                     ^^^^^^^^^^^^^^^
DreamMaster.java:16: error: Msg cannot be resolved
	Msg.info("Hello !");
	^^^
DreamMaster.java:18: error: Msg cannot be resolved
	Msg.info("Let's create a lazy guy.");
	^^^
DreamMaster.java:22: error: Host cannot be resolved to a type
	Host currentHost = Host.currentHost();
	^^^^
DreamMaster.java:22: error: Host cannot be resolved
	Host currentHost = Host.currentHost();
	                   ^^^^
DreamMaster.java:24: error: Msg cannot be resolved
	Msg.info("Current host  name : " + currentHost.getName());
	^^^
DreamMaster.java:28: error: Msg cannot be resolved
	Msg.info("Let's wait a little bit...");
	^^^
DreamMaster.java:30: error: simgrid cannot be resolved
	simgrid.msg.Process.waitFor(10.0);
	^^^^^^^
DreamMaster.java:32: error: Msg cannot be resolved
	Msg.info("Let's wake the lazy guy up! >:) ");
	^^^
DreamMaster.java:34: error: The method restart() is undefined for the type LazyGuy
	lazy.restart();
	     ^^^^^^^
DreamMaster.java:38: error: HostNotFoundException cannot be resolved to a type
	catch(HostNotFoundException e)
	      ^^^^^^^^^^^^^^^^^^^^^
DreamMaster.java:48: error: Msg cannot be resolved
	Msg.info("OK, goodbye now.");
	^^^
LazyGuy.java:11: error: The import simgrid.msg cannot be resolved
	import simgrid.msg.*;
	       ^^^^^^^^^^^
LazyGuy.java:13: error: simgrid cannot be resolved to a type
	public class LazyGuy extends simgrid.msg.Process {
	                             ^^^^^^^
LazyGuy.java:20: error: Host cannot be resolved to a type
	public LazyGuy(Host host,String name) 
	               ^^^^
LazyGuy.java:21: error: HostNotFoundException cannot be resolved to a type
	throws NullPointerException, HostNotFoundException, JniException, NativeException
	                             ^^^^^^^^^^^^^^^^^^^^^
LazyGuy.java:21: error: JniException cannot be resolved to a type
	throws NullPointerException, HostNotFoundException, JniException, NativeException
	                                                    ^^^^^^^^^^^^
LazyGuy.java:21: error: NativeException cannot be resolved to a type
	throws NullPointerException, HostNotFoundException, JniException, NativeException
	                                                                  ^^^^^^^^^^^^^^^
LazyGuy.java:27: error: JniException cannot be resolved to a type
	public void main(String[] args) throws JniException, NativeException {
	                                       ^^^^^^^^^^^^
LazyGuy.java:27: error: NativeException cannot be resolved to a type
	public void main(String[] args) throws JniException, NativeException {
	                                                     ^^^^^^^^^^^^^^^
LazyGuy.java:28: error: Msg cannot be resolved
	Msg.info("Hello !");
	^^^
LazyGuy.java:30: error: Msg cannot be resolved
	Msg.info("Nobody's watching me ? Let's go to sleep.");
	^^^
LazyGuy.java:31: error: simgrid cannot be resolved
	simgrid.msg.Process.currentProcess().pause();
	^^^^^^^
/home/navarrop/Developments/simgrid/examples/java/suspend
LD_LIBRARY_PATH=../../../src/.libs:../src/.libs: java -cp .:../../../src/simgrid.jar:.:../src/simgrid.jar: SuspendTest suspend_platform.xml suspend_deployment.xml
LazyGuy.java:33: error: Msg cannot be resolved
	Msg.info("Uuuh ? Did somebody call me ?");
	^^^
LazyGuy.java:34: error: Msg cannot be resolved
	Msg.info("Mmmh, goodbye now."); 
	^^^
SuspendTest.java:12: error: The import simgrid.msg cannot be resolved
	import simgrid.msg.*;
	       ^^^^^^^^^^^
SuspendTest.java:16: error: JniException cannot be resolved to a type
	public static void main(String[] args) throws JniException, NativeException {
	                                              ^^^^^^^^^^^^
SuspendTest.java:16: error: NativeException cannot be resolved to a type
	public static void main(String[] args) throws JniException, NativeException {
	                                                            ^^^^^^^^^^^^^^^
SuspendTest.java:19: error: Msg cannot be resolved
	Msg.init(args);
	^^^
SuspendTest.java:23: error: Msg cannot be resolved
	Msg.info("Usage   : Suspend platform_file deployment_file");
	^^^
SuspendTest.java:24: error: Msg cannot be resolved
	Msg.info("example : Suspend msg_test_suspend_platform.xml msg_test_suspend_deployment.xml");
	^^^
SuspendTest.java:29: error: Msg cannot be resolved
	Msg.pajeOutput("suspend.trace");
	^^^
SuspendTest.java:32: error: Msg cannot be resolved
	Msg.createEnvironment(args[0]);
	^^^
SuspendTest.java:33: error: Msg cannot be resolved
	Msg.deployApplication(args[1]);
	^^^
SuspendTest.java:36: error: Msg cannot be resolved
	Msg.run();
	^^^
38 problems (38 errors)
make: *** [classnoinst.stamp] Erreur 1
Exception in thread "main" java.lang.NoClassDefFoundError: SuspendTest
Caused by: java.lang.ClassNotFoundException: SuspendTest
	at java.net.URLClassLoader$1.run(URLClassLoader.java:217)
	at java.security.AccessController.doPrivileged(Native Method)
	at java.net.URLClassLoader.findClass(URLClassLoader.java:205)
	at java.lang.ClassLoader.loadClass(ClassLoader.java:319)
	at sun.misc.Launcher$AppClassLoader.loadClass(Launcher.java:294)
	at java.lang.ClassLoader.loadClass(ClassLoader.java:264)
	at java.lang.ClassLoader.loadClassInternal(ClassLoader.java:332)
Could not find the main class: SuspendTest. Program will exit.
----------------------------------------------------------
"java-suspend," end time: Dec 10 15:58 CET
"java-suspend," time elapsed: 00:00:00
----------------------------------------------------------

109/112 Testing: test_pierre_1,
109/112 Test: test_pierre_1,
Command: "/bin/echo" "hello" 
Directory: /home/navarrop/Developments/simgrid/Cmake
"test_pierre_1," start time: Dec 10 15:58 CET
Output:
----------------------------------------------------------
hello
----------------------------------------------------------
"test_pierre_1," end time: Dec 10 15:58 CET
"test_pierre_1," time elapsed: 00:00:00
----------------------------------------------------------

110/112 Testing: test_pierre_2,
110/112 Test: test_pierre_2,
Command: "/usr/bin/java" "-version" 
Directory: /home/navarrop/Developments/simgrid/Cmake
"test_pierre_2," start time: Dec 10 15:58 CET
Output:
----------------------------------------------------------
java version "1.6.0_0"
OpenJDK Runtime Environment (IcedTea6 1.6.1) (6b16-1.6.1-3ubuntu1)
OpenJDK 64-Bit Server VM (build 14.0-b16, mixed mode)
----------------------------------------------------------
"test_pierre_2," end time: Dec 10 15:58 CET
"test_pierre_2," time elapsed: 00:00:00
----------------------------------------------------------

111/112 Testing: presence_1,
111/112 Test: presence_1,
Command: "/bin/ls" "./CTestList.txt" 
Directory: /home/navarrop/Developments/simgrid/Cmake
"presence_1," start time: Dec 10 15:58 CET
Output:
----------------------------------------------------------
./CTestList.txt
----------------------------------------------------------
"presence_1," end time: Dec 10 15:58 CET
"presence_1," time elapsed: 00:00:00
----------------------------------------------------------

112/112 Testing: presence_2,
112/112 Test: presence_2,
Command: "/bin/ls" "./CT.txt" 
Directory: /home/navarrop/Developments/simgrid/Cmake
"presence_2," start time: Dec 10 15:58 CET
Output:
----------------------------------------------------------
/bin/ls: ne peut accéder ./CT.txt: Aucun fichier ou dossier de ce type
----------------------------------------------------------
"presence_2," end time: Dec 10 15:58 CET
"presence_2," time elapsed: 00:00:00
----------------------------------------------------------

End testing: Dec 10 15:58 CET
