<?xml version="1.0" encoding="UTF-8"?>
<Site BuildName="Linux-c++"
	BuildStamp="20091209-1210-Continuous"
	Name="Pierre Navarro"
	Generator="ctest2.6-patch 4"	OSName="Linux"
	Hostname="caraja"
	OSRelease="2.6.31-16-generic"
	OSVersion="#52-Ubuntu SMP Thu Dec 3 22:07:16 UTC 2009"
	OSPlatform="x86_64"
	Is64Bits="1"
	VendorString="GenuineIntel"
	VendorID="Intel Corporation"
	FamilyID="6"
	ModelID="23"
	ProcessorCacheSize="3072"
	NumberOfLogicalCPU="2"
	NumberOfPhysicalCPU="2"
	TotalVirtualMemory="3812"
	TotalPhysicalMemory="3951"
	LogicalProcessorsPerPhysical="1"
	ProcessorClockFrequency="2401"
>
<Testing>
	<StartDateTime>Dec 09 13:10 CET</StartDateTime>
	<StartTestTime>1260360612</StartTestTime>
	<TestList>
		<Test>./config_and_build</Test>
		<Test>./test-core</Test>
		<Test>./tesh-self-basic,</Test>
		<Test>./tesh-self-cd,</Test>
		<Test>./tesh-self-IO-broken-pipe,</Test>
		<Test>./tesh-self-IO-orders,</Test>
		<Test>./tesh-self-IO-bigsize,</Test>
		<Test>./tesh-self-set-return,</Test>
		<Test>./tesh-self-set-signal,</Test>
		<Test>./tesh-self-set-timeout,</Test>
		<Test>./tesh-self-set-ignore-output,</Test>
		<Test>./tesh-self-catch-return,</Test>
		<Test>./tesh-self-catch-signal,</Test>
		<Test>./tesh-self-catch-timeout,</Test>
		<Test>./tesh-self-catch-wrong-output,</Test>
		<Test>./tesh-self-bg-basic,</Test>
		<Test>./tesh-self-bg-set-signal,</Test>
		<Test>./tesh-self-background,</Test>
		<Test>./test-xbt-log,</Test>
		<Test>./test-xbt-context,</Test>
		<Test>./test-xbt-graphxml,</Test>
		<Test>./test-xbt-heap,</Test>
		<Test>./test-surf-lmm,</Test>
		<Test>./test-surf-maxmin,</Test>
		<Test>./test-surf-trace,</Test>
		<Test>./test-surf-usage,</Test>
		<Test>./test-surf-usage2,</Test>
		<Test>./test-simdag-1,</Test>
		<Test>./test-simdag-2,</Test>
		<Test>./test-simdag-3,</Test>
		<Test>./tesh-log-large,</Test>
		<Test>./tesh-log-parallel,</Test>
		<Test>./tesh-gras-dd-mem,</Test>
		<Test>./tesh-gras-dd-rw,</Test>
		<Test>./tesh-gras-dd-r_little32_4,</Test>
		<Test>./tesh-gras-dd-r_little64,</Test>
		<Test>./tesh-gras-dd-r_big32_8,</Test>
		<Test>./tesh-gras-dd-r_big32_8_4,</Test>
		<Test>./tesh-gras-dd-r_big32_2,</Test>
		<Test>./tesh-gras-msg_handle-rl,</Test>
		<Test>./tesh-gras-msg_handle-sg-32,</Test>
		<Test>./tesh-gras-empty_main-rl,</Test>
		<Test>./tesh-gras-empty_main-sg,</Test>
		<Test>./tesh-gras-small_sleep-sg-32,</Test>
		<Test>./tesh-simdag-reinit_costs,</Test>
		<Test>./tesh-simdag-parser,</Test>
		<Test>./tesh-simdag-flatifier,</Test>
		<Test>./tesh-simdag-basic0,</Test>
		<Test>./tesh-simdag-basic1,</Test>
		<Test>./tesh-simdag-basic2,</Test>
		<Test>./tesh-simdag-basic3,</Test>
		<Test>./tesh-simdag-basic4,</Test>
		<Test>./tesh-simdag-basic5,</Test>
		<Test>./tesh-simdag-basic6,</Test>
		<Test>./tesh-simdag-p2p-1,</Test>
		<Test>./tesh-simdag-p2p-2,</Test>
		<Test>./tesh-simdag-p2p-3,</Test>
		<Test>./tesh-simdag-mxn-1,</Test>
		<Test>./tesh-simdag-mxn-2,</Test>
		<Test>./tesh-simdag-mxn-3,</Test>
		<Test>./tesh-simdag-par-1,</Test>
		<Test>./tesh-simdag-par-2,</Test>
		<Test>./msg-sendrecv_CLM03,</Test>
		<Test>./msg-sendrecv_Vegas,</Test>
		<Test>./msg-sendrecv_Reno,</Test>
		<Test>./msg-suspend,</Test>
		<Test>./msg-masterslave,</Test>
		<Test>./msg-masterslave-forwarder,</Test>
		<Test>./msg-masterslave-failure,</Test>
		<Test>./msg-masterslave-bypass,</Test>
		<Test>./msg-ptask,</Test>
		<Test>./msg-priority,</Test>
		<Test>./msg-properties,</Test>
		<Test>./msg-gtnets,</Test>
		<Test>./gras-ping-rl,</Test>
		<Test>./gras-rpc-rl,</Test>
		<Test>./gras-spawn-rl,</Test>
		<Test>./gras-timer-rl,</Test>
		<Test>./gras-chrono-rl,</Test>
		<Test>./gras-simple_token-rl,</Test>
		<Test>./gras-mmrpc-rl,</Test>
		<Test>./gras-all2all-rl,</Test>
		<Test>./gras-pmm-rl,</Test>
		<Test>./gras-synchro-rl,</Test>
		<Test>./gras-properties-rl,</Test>
		<Test>./gras-ping-sg-32,</Test>
		<Test>./gras-rpc-sg-32,</Test>
		<Test>./gras-spawn-sg-32,</Test>
		<Test>./gras-timer-sg-32,</Test>
		<Test>./gras-chrono-sg-32,</Test>
		<Test>./gras-simple_token-sg-32,</Test>
		<Test>./gras-mmrpc-sg-32,</Test>
		<Test>./gras-all2all-sg-32,</Test>
		<Test>./gras-pmm-sg-32,</Test>
		<Test>./gras-synchro-sg-32,</Test>
		<Test>./gras-properties-sg,</Test>
		<Test>./amok-bandwidth-rl,</Test>
		<Test>./amok-saturate-rl,</Test>
		<Test>./amok-bandwidth-sg-32,</Test>
		<Test>./amok-saturate-sg-32,</Test>
		<Test>./simdag-test_simdag,</Test>
		<Test>./simdag-test_simdag2,</Test>
		<Test>./simdag-test_prop,</Test>
		<Test>./simdag-metaxml_test,</Test>
		<Test>./java-basic,</Test>
		<Test>./java-pingpong,</Test>
		<Test>./java-comm_time,</Test>
		<Test>./java-suspend,</Test>
		<Test>./test_pierre_1,</Test>
		<Test>./test_pierre_2,</Test>
		<Test>./presence_1,</Test>
		<Test>./presence_2,</Test>
	</TestList>
	<Test Status="passed">
		<Name>config_and_build</Name>
		<Path>.</Path>
		<FullName>./config_and_build</FullName>
		<FullCommandLine>/home/navarrop/Developments/simgrid/Cmake/build.sh</FullCommandLine>
		<Results>
			<NamedMeasurement type="numeric/double" name="Execution Time"><Value>0.528901</Value></NamedMeasurement>
			<NamedMeasurement type="text/string" name="Completion Status"><Value>Completed</Value></NamedMeasurement>
			<NamedMeasurement type="text/string" name="Command Line"><Value>/home/navarrop/Developments/simgrid/Cmake/build.sh</Value></NamedMeasurement>
			<Measurement>
				<Value>Making all in include
make[1]: entrant dans le r</Value>
			</Measurement>
		</Results>
	</Test>
	<Test Status="passed">
		<Name>test-core</Name>
		<Path>.</Path>
		<FullName>./test-core</FullName>
		<FullCommandLine>/home/navarrop/Developments/simgrid/src/testall</FullCommandLine>
		<Results>
			<NamedMeasurement type="numeric/double" name="Execution Time"><Value>1.41725</Value></NamedMeasurement>
			<NamedMeasurement type="text/string" name="Completion Status"><Value>Completed</Value></NamedMeasurement>
			<NamedMeasurement type="text/string" name="Command Line"><Value>/home/navarrop/Developments/simgrid/src/testall</Value></NamedMeasurement>
			<Measurement>
				<Value>
 =======================[ Testsuite mechanism autotest ]========================
 Unit: expected failures ................................................... ok
       SKIP: Skipped test [xbt/cunit.c:828]
      EFAIL: EXPECTED FAILURE [xbt/cunit.c:831]
    Summary: 0 of 1 tests failed (1 tests ignored)
 =========================================================================== OK
 Summary: Units: 100% ok (1 units: 1 ok)
          Tests: 100% ok (1 tests: 1 ok; 1 ignored; 1 expected to fail)

 ============================[ Exception Handling ]=============================
 Unit: basic nested control flow ........................................... ok
 Unit: exception value passing ............................................. ok
 Unit: variable value preservation ......................................... ok
 Unit: cleanup handling .................................................... ok
 =========================================================================== OK
 Summary: Units: 100% ok (4 units: 4 ok)
   ...
The rest of the test output was removed since it exceeds the threshold of 1024 characters.
</Value>
			</Measurement>
		</Results>
	</Test>
	<Test Status="passed">
		<Name>tesh-self-basic,</Name>
		<Path>.</Path>
		<FullName>./tesh-self-basic,</FullName>
		<FullCommandLine>/home/navarrop/Developments/simgrid/tools/tesh/tesh --cd ../tools/tesh basic.tesh</FullCommandLine>
		<Results>
			<NamedMeasurement type="numeric/double" name="Execution Time"><Value>0.02842</Value></NamedMeasurement>
			<NamedMeasurement type="text/string" name="Completion Status"><Value>Completed</Value></NamedMeasurement>
			<NamedMeasurement type="text/string" name="Command Line"><Value>/home/navarrop/Developments/simgrid/tools/tesh/tesh --cd ../tools/tesh basic.tesh</Value></NamedMeasurement>
			<Measurement>
				<Value>[0.000006] [tesh/INFO] Change directory to ../tools/tesh
[0.000036] [tesh/INFO] Test suite `basic'
[0.000074] [tesh/INFO] [basic:3] This is a basic test
[0.000084] [tesh/INFO] [basic:7] mkfile tmp_fich
[0.000741] [tesh/INFO] [basic:9] cat tmp_fich
[0.002312] [tesh/INFO] [basic:12] rm tmp_fich
[0.003744] [tesh/INFO] [basic:14] And now, some multilines examples
[0.003760] [tesh/INFO] [basic:20] mkfile tmp_fich
[0.004371] [tesh/INFO] [basic:22] cat tmp_fich
[0.005867] [tesh/INFO] [basic:28] wc -l tmp_fich
[0.007410] [tesh/INFO] [basic:31] rm tmp_fich
[0.008901] [tesh/INFO] Test suite `basic' OK
</Value>
			</Measurement>
		</Results>
	</Test>
	<Test Status="passed">
		<Name>tesh-self-cd,</Name>
		<Path>.</Path>
		<FullName>./tesh-self-cd,</FullName>
		<FullCommandLine>/home/navarrop/Developments/simgrid/tools/tesh/tesh --cd ../tools/tesh cd.tesh</FullCommandLine>
		<Results>
			<NamedMeasurement type="numeric/double" name="Execution Time"><Value>0.049747</Value></NamedMeasurement>
			<NamedMeasurement type="text/string" name="Completion Status"><Value>Completed</Value></NamedMeasurement>
			<NamedMeasurement type="text/string" name="Command Line"><Value>/home/navarrop/Developments/simgrid/tools/tesh/tesh --cd ../tools/tesh cd.tesh</Value></NamedMeasurement>
			<Measurement>
				<Value>[0.000006] [tesh/INFO] Change directory to ../tools/tesh
[0.000035] [tesh/INFO] Test suite `cd'
[0.000072] [tesh/INFO] [cd:5] rm -rf testdir_temp
[0.001591] [tesh/INFO] [cd:6] mkdir testdir_temp
[0.003431] [tesh/INFO] [cd:10] ls
[0.005517] [tesh/INFO] [cd:18] ../tesh --log='log.thresh:info tesh.fmt:%m%n'
[0.028438] [tesh/INFO] [cd:22] test -e ../testdir_temp
[0.030001] [tesh/INFO] [cd:25] rmdir testdir_temp
[0.031514] [tesh/INFO] Test suite `cd' OK
</Value>
			</Measurement>
		</Results>
	</Test>
	<Test Status="passed">
		<Name>tesh-self-IO-broken-pipe,</Name>
		<Path>.</Path>
		<FullName>./tesh-self-IO-broken-pipe,</FullName>
		<FullCommandLine>/home/navarrop/Developments/simgrid/tools/tesh/tesh --cd ../tools/tesh IO-broken-pipe.tesh</FullCommandLine>
		<Results>
			<NamedMeasurement type="numeric/double" name="Execution Time"><Value>0.044992</Value></NamedMeasurement>
			<NamedMeasurement type="text/string" name="Completion Status"><Value>Completed</Value></NamedMeasurement>
			<NamedMeasurement type="text/string" name="Command Line"><Value>/home/navarrop/Developments/simgrid/tools/tesh/tesh --cd ../tools/tesh IO-broken-pipe.tesh</Value></NamedMeasurement>
			<Measurement>
				<Value>[0.000006] [tesh/INFO] Change directory to ../tools/tesh
[0.000033] [tesh/INFO] Test suite `IO-broken-pipe'
[0.000086] [tesh/INFO] [IO-broken-pipe:10] echo
[0.001588] [tesh/INFO] [IO-broken-pipe:14] echo
[0.003073] [tesh/INFO] [IO-broken-pipe:18] echo
[0.004512] [tesh/INFO] [IO-broken-pipe:22] echo
[0.006111] [tesh/INFO] [IO-broken-pipe:26] echo
[0.007650] [tesh/INFO] [IO-broken-pipe:30] echo
[0.009123] [tesh/INFO] [IO-broken-pipe:34] echo
[0.013877] [tesh/INFO] [IO-broken-pipe:38] echo
[0.015519] [tesh/INFO] [IO-broken-pipe:42] echo
[0.017045] [tesh/INFO] [IO-broken-pipe:46] echo
[0.018538] [tesh/INFO] [IO-broken-pipe:50] echo
[0.020122] [tesh/INFO] [IO-broken-pipe:54] echo
[0.021620] [tesh/INFO] [IO-broken-pipe:58] echo
[0.023144] [tesh/INFO] [IO-broken-pipe:62] echo
[0.024653] [tesh/INFO] Test suite `IO-broken-pipe' OK
</Value>
			</Measurement>
		</Results>
	</Test>
	<Test Status="passed">
		<Name>tesh-self-IO-orders,</Name>
		<Path>.</Path>
		<FullName>./tesh-self-IO-orders,</FullName>
		<FullCommandLine>/home/navarrop/Developments/simgrid/tools/tesh/tesh --cd ../tools/tesh IO-orders.tesh</FullCommandLine>
		<Results>
			<NamedMeasurement type="numeric/double" name="Execution Time"><Value>0.137388</Value></NamedMeasurement>
			<NamedMeasurement type="text/string" name="Completion Status"><Value>Completed</Value></NamedMeasurement>
			<NamedMeasurement type="text/string" name="Command Line"><Value>/home/navarrop/Developments/simgrid/tools/tesh/tesh --cd ../tools/tesh IO-orders.tesh</Value></NamedMeasurement>
			<Measurement>
				<Value>[0.000007] [tesh/INFO] Change directory to ../tools/tesh
[0.000038] [tesh/INFO] Test suite `IO-orders'
[0.000075] [tesh/INFO] [IO-orders:2] This tests that TESH accepts any order for the input/output
[0.000082] [tesh/INFO] [IO-orders:4] Order: in, out, cmd
[0.000094] [tesh/INFO] [IO-orders:11] ./tesh --log='log.thresh:info tesh.fmt:%m%n'
[0.018070] [tesh/INFO] [IO-orders:13] Order: out, in, cmd
[0.018095] [tesh/INFO] [IO-orders:20] ./tesh --log='log.thresh:info tesh.fmt:%m%n'
[0.034948] [tesh/INFO] [IO-orders:22] Order: out, cmd, in
[0.034972] [tesh/INFO] [IO-orders:29] ./tesh --log='log.thresh:info tesh.fmt:%m%n'
[0.055020] [tesh/INFO] [IO-orders:31] Order: in, cmd, out
[0.055045] [tesh/INFO] [IO-orders:38] ./tesh --log='log.thresh:info tesh.fmt:%m%n'
[0.072808] [tesh/INFO] [IO-orders:40] Order: cmd, out, in
[0.072833] [tesh/INFO] [IO-orders:47] ./tesh --log='log.thresh:info tesh.fmt:%m%n'
[0.100787] [tesh/INFO] [IO-orders:49] Order: cmd, in, out
[0.100813] [tesh/INFO] [IO-orders:56] ./tesh --log='log.thresh...
The rest of the test output was removed since it exceeds the threshold of 1024 characters.
</Value>
			</Measurement>
		</Results>
	</Test>
	<Test Status="passed">
		<Name>tesh-self-IO-bigsize,</Name>
		<Path>.</Path>
		<FullName>./tesh-self-IO-bigsize,</FullName>
		<FullCommandLine>/home/navarrop/Developments/simgrid/tools/tesh/tesh --cd ../tools/tesh IO-bigsize.tesh</FullCommandLine>
		<Results>
			<NamedMeasurement type="numeric/double" name="Execution Time"><Value>0.033076</Value></NamedMeasurement>
			<NamedMeasurement type="text/string" name="Completion Status"><Value>Completed</Value></NamedMeasurement>
			<NamedMeasurement type="text/string" name="Command Line"><Value>/home/navarrop/Developments/simgrid/tools/tesh/tesh --cd ../tools/tesh IO-bigsize.tesh</Value></NamedMeasurement>
			<Measurement>
				<Value>[0.000006] [tesh/INFO] Change directory to ../tools/tesh
[0.000033] [tesh/INFO] Test suite `IO-bigsize'
[0.000072] [tesh/INFO] [IO-bigsize:9] First, a write test
[0.001918] [tesh/INFO] [IO-bigsize:1011] wc -c
[0.003899] [tesh/INFO] [IO-bigsize:1014] And now, a read/write test
[0.006810] [tesh/INFO] [IO-bigsize:2016] cat
[0.014674] [tesh/INFO] Test suite `IO-bigsize' OK
</Value>
			</Measurement>
		</Results>
	</Test>
	<Test Status="passed">
		<Name>tesh-self-set-return,</Name>
		<Path>.</Path>
		<FullName>./tesh-self-set-return,</FullName>
		<FullCommandLine>/home/navarrop/Developments/simgrid/tools/tesh/tesh --cd ../tools/tesh set-return.tesh</FullCommandLine>
		<Results>
			<NamedMeasurement type="numeric/double" name="Execution Time"><Value>0.0796001</Value></NamedMeasurement>
			<NamedMeasurement type="text/string" name="Completion Status"><Value>Completed</Value></NamedMeasurement>
			<NamedMeasurement type="text/string" name="Command Line"><Value>/home/navarrop/Developments/simgrid/tools/tesh/tesh --cd ../tools/tesh set-return.tesh</Value></NamedMeasurement>
			<Measurement>
				<Value>[0.000005] [tesh/INFO] Change directory to ../tools/tesh
[0.000033] [tesh/INFO] Test suite `set-return'
[0.000084] [tesh/INFO] [set-return:5] rm -rf temp_testdir
[0.001560] [tesh/INFO] [set-return:6] mkdir temp_testdir
[0.003246] [tesh/INFO] [set-return:13] mkfile return1.c
[0.008867] [tesh/INFO] [set-return:15] gcc -o return1 return1.c
[0.056214] [tesh/INFO] [set-return:18] ./return1
[0.057180] [tesh/INFO] [set-return:20] rm -rf temp_testdir
[0.058853] [tesh/INFO] Test suite `set-return' OK
</Value>
			</Measurement>
		</Results>
	</Test>
	<Test Status="passed">
		<Name>tesh-self-set-signal,</Name>
		<Path>.</Path>
		<FullName>./tesh-self-set-signal,</FullName>
		<FullCommandLine>/home/navarrop/Developments/simgrid/tools/tesh/tesh --cd ../tools/tesh set-signal.tesh</FullCommandLine>
		<Results>
			<NamedMeasurement type="numeric/double" name="Execution Time"><Value>0.077034</Value></NamedMeasurement>
			<NamedMeasurement type="text/string" name="Completion Status"><Value>Completed</Value></NamedMeasurement>
			<NamedMeasurement type="text/string" name="Command Line"><Value>/home/navarrop/Developments/simgrid/tools/tesh/tesh --cd ../tools/tesh set-signal.tesh</Value></NamedMeasurement>
			<Measurement>
				<Value>[0.000005] [tesh/INFO] Change directory to ../tools/tesh
[0.000034] [tesh/INFO] Test suite `set-signal'
[0.000081] [tesh/INFO] [set-signal:5] rm -rf temp_testdir
[0.001599] [tesh/INFO] [set-signal:6] mkdir temp_testdir
[0.003282] [tesh/INFO] [set-signal:14] mkfile segfault.c
[0.006906] [tesh/INFO] [set-signal:16] gcc -o segfault segfault.c
[0.058237] [tesh/INFO] [set-signal:18] ./segfault
[0.059191] [tesh/INFO] [set-signal:20] rm -rf temp_testdir
[0.060945] [tesh/INFO] Test suite `set-signal' OK
</Value>
			</Measurement>
		</Results>
	</Test>
	<Test Status="passed">
		<Name>tesh-self-set-timeout,</Name>
		<Path>.</Path>
		<FullName>./tesh-self-set-timeout,</FullName>
		<FullCommandLine>/home/navarrop/Developments/simgrid/tools/tesh/tesh --cd ../tools/tesh set-timeout.tesh</FullCommandLine>
		<Results>
			<NamedMeasurement type="numeric/double" name="Execution Time"><Value>6.02379</Value></NamedMeasurement>
			<NamedMeasurement type="text/string" name="Completion Status"><Value>Completed</Value></NamedMeasurement>
			<NamedMeasurement type="text/string" name="Command Line"><Value>/home/navarrop/Developments/simgrid/tools/tesh/tesh --cd ../tools/tesh set-timeout.tesh</Value></NamedMeasurement>
			<Measurement>
				<Value>[0.000008] [tesh/INFO] Change directory to ../tools/tesh
[0.000048] [tesh/INFO] Test suite `set-timeout'
[0.000110] [tesh/INFO] [set-timeout:7] sleep 6
[6.002860] [tesh/INFO] Test suite `set-timeout' OK
</Value>
			</Measurement>
		</Results>
	</Test>
	<Test Status="passed">
		<Name>tesh-self-set-ignore-output,</Name>
		<Path>.</Path>
		<FullName>./tesh-self-set-ignore-output,</FullName>
		<FullCommandLine>/home/navarrop/Developments/simgrid/tools/tesh/tesh --cd ../tools/tesh set-ignore-output.tesh</FullCommandLine>
		<Results>
			<NamedMeasurement type="numeric/double" name="Execution Time"><Value>0.063663</Value></NamedMeasurement>
			<NamedMeasurement type="text/string" name="Completion Status"><Value>Completed</Value></NamedMeasurement>
			<NamedMeasurement type="text/string" name="Command Line"><Value>/home/navarrop/Developments/simgrid/tools/tesh/tesh --cd ../tools/tesh set-ignore-output.tesh</Value></NamedMeasurement>
			<Measurement>
				<Value>[0.000006] [tesh/INFO] Change directory to ../tools/tesh
[0.000033] [tesh/INFO] Test suite `set-ignore-output'
[0.000066] [tesh/INFO] [set-ignore-output:3] This tests whether TESH accepts to ignore command output
[0.000079] [tesh/INFO] [set-ignore-output:9] ./tesh --log='log.thresh:info tesh.fmt:%m%n'
[0.019412] [tesh/INFO] Test suite `set-ignore-output' OK
</Value>
			</Measurement>
		</Results>
	</Test>
	<Test Status="passed">
		<Name>tesh-self-catch-return,</Name>
		<Path>.</Path>
		<FullName>./tesh-self-catch-return,</FullName>
		<FullCommandLine>/home/navarrop/Developments/simgrid/tools/tesh/tesh --cd ../tools/tesh catch-return.tesh</FullCommandLine>
		<Results>
			<NamedMeasurement type="numeric/double" name="Execution Time"><Value>0.107841</Value></NamedMeasurement>
			<NamedMeasurement type="text/string" name="Completion Status"><Value>Completed</Value></NamedMeasurement>
			<NamedMeasurement type="text/string" name="Command Line"><Value>/home/navarrop/Developments/simgrid/tools/tesh/tesh --cd ../tools/tesh catch-return.tesh</Value></NamedMeasurement>
			<Measurement>
				<Value>[0.000008] [tesh/INFO] Change directory to ../tools/tesh
[0.000047] [tesh/INFO] Test suite `catch-return'
[0.000109] [tesh/INFO] [catch-return:5] rm -rf temp_testdir
[0.008088] [tesh/INFO] [catch-return:6] mkdir temp_testdir
[0.010595] [tesh/INFO] [catch-return:13] mkfile return1.c
[0.011350] [tesh/INFO] [catch-return:15] gcc -o return1 return1.c
[0.056230] [tesh/INFO] [catch-return:19] ../tesh --log='log.thresh:info tesh.fmt:%m%n'
[0.076804] [tesh/INFO] [catch-return:27] rm -rf temp_testdir
[0.078546] [tesh/INFO] Test suite `catch-return' OK
</Value>
			</Measurement>
		</Results>
	</Test>
	<Test Status="passed">
		<Name>tesh-self-catch-signal,</Name>
		<Path>.</Path>
		<FullName>./tesh-self-catch-signal,</FullName>
		<FullCommandLine>/home/navarrop/Developments/simgrid/tools/tesh/tesh --cd ../tools/tesh catch-signal.tesh</FullCommandLine>
		<Results>
			<NamedMeasurement type="numeric/double" name="Execution Time"><Value>0.0847659</Value></NamedMeasurement>
			<NamedMeasurement type="text/string" name="Completion Status"><Value>Completed</Value></NamedMeasurement>
			<NamedMeasurement type="text/string" name="Command Line"><Value>/home/navarrop/Developments/simgrid/tools/tesh/tesh --cd ../tools/tesh catch-signal.tesh</Value></NamedMeasurement>
			<Measurement>
				<Value>[0.000005] [tesh/INFO] Change directory to ../tools/tesh
[0.000033] [tesh/INFO] Test suite `catch-signal'
[0.000081] [tesh/INFO] [catch-signal:5] rm -rf temp_testdir
[0.004189] [tesh/INFO] [catch-signal:6] mkdir temp_testdir
[0.006076] [tesh/INFO] [catch-signal:14] mkfile segfault.c
[0.006699] [tesh/INFO] [catch-signal:16] gcc -o segfault segfault.c
[0.050611] [tesh/INFO] [catch-signal:20] ../tesh --log='log.thresh:info tesh.fmt:%m%n'
[0.067466] [tesh/INFO] [catch-signal:28] rm -rf temp_testdir
[0.069348] [tesh/INFO] Test suite `catch-signal' OK
</Value>
			</Measurement>
		</Results>
	</Test>
	<Test Status="passed">
		<Name>tesh-self-catch-timeout,</Name>
		<Path>.</Path>
		<FullName>./tesh-self-catch-timeout,</FullName>
		<FullCommandLine>/home/navarrop/Developments/simgrid/tools/tesh/tesh --cd ../tools/tesh catch-timeout.tesh</FullCommandLine>
		<Results>
			<NamedMeasurement type="numeric/double" name="Execution Time"><Value>1.9989</Value></NamedMeasurement>
			<NamedMeasurement type="text/string" name="Completion Status"><Value>Completed</Value></NamedMeasurement>
			<NamedMeasurement type="text/string" name="Command Line"><Value>/home/navarrop/Developments/simgrid/tools/tesh/tesh --cd ../tools/tesh catch-timeout.tesh</Value></NamedMeasurement>
			<Measurement>
				<Value>[0.000007] [tesh/INFO] Change directory to ../tools/tesh
[0.000046] [tesh/INFO] Test suite `catch-timeout'
[0.000130] [tesh/INFO] [catch-timeout:14] ./tesh --log='log.thresh:info tesh.fmt:%m%n'
[1.978003] [tesh/INFO] Test suite `catch-timeout' OK
</Value>
			</Measurement>
		</Results>
	</Test>
	<Test Status="passed">
		<Name>tesh-self-catch-wrong-output,</Name>
		<Path>.</Path>
		<FullName>./tesh-self-catch-wrong-output,</FullName>
		<FullCommandLine>/home/navarrop/Developments/simgrid/tools/tesh/tesh --cd ../tools/tesh catch-wrong-output.tesh</FullCommandLine>
		<Results>
			<NamedMeasurement type="numeric/double" name="Execution Time"><Value>0.057024</Value></NamedMeasurement>
			<NamedMeasurement type="text/string" name="Completion Status"><Value>Completed</Value></NamedMeasurement>
			<NamedMeasurement type="text/string" name="Command Line"><Value>/home/navarrop/Developments/simgrid/tools/tesh/tesh --cd ../tools/tesh catch-wrong-output.tesh</Value></NamedMeasurement>
			<Measurement>
				<Value>[0.000005] [tesh/INFO] Change directory to ../tools/tesh
[0.000033] [tesh/INFO] Test suite `catch-wrong-output'
[0.000076] [tesh/INFO] [catch-wrong-output:3] This tests whether TESH detects wrong outputs
[0.000092] [tesh/INFO] [catch-wrong-output:9] ./tesh --log='log.thresh:info tesh.fmt:%m%n'
[0.023052] [tesh/INFO] Test suite `catch-wrong-output' OK
</Value>
			</Measurement>
		</Results>
	</Test>
	<Test Status="passed">
		<Name>tesh-self-bg-basic,</Name>
		<Path>.</Path>
		<FullName>./tesh-self-bg-basic,</FullName>
		<FullCommandLine>/home/navarrop/Developments/simgrid/tools/tesh/tesh --cd ../tools/tesh bg-basic.tesh</FullCommandLine>
		<Results>
			<NamedMeasurement type="numeric/double" name="Execution Time"><Value>0.0312989</Value></NamedMeasurement>
			<NamedMeasurement type="text/string" name="Completion Status"><Value>Completed</Value></NamedMeasurement>
			<NamedMeasurement type="text/string" name="Command Line"><Value>/home/navarrop/Developments/simgrid/tools/tesh/tesh --cd ../tools/tesh bg-basic.tesh</Value></NamedMeasurement>
			<Measurement>
				<Value>[0.000006] [tesh/INFO] Change directory to ../tools/tesh
[0.000035] [tesh/INFO] Test suite `bg-basic'
[0.000079] [tesh/INFO] [bg-basic:3] This is a basic test
[0.000089] [tesh/INFO] [bg-basic:7] cat (background command)
[0.001449] [tesh/INFO] [bg-basic:10] And now, some multilines examples
[0.001459] [tesh/INFO] [bg-basic:16] cat (background command)
[0.003016] [tesh/INFO] Test suite `bg-basic' OK
</Value>
			</Measurement>
		</Results>
	</Test>
	<Test Status="passed">
		<Name>tesh-self-bg-set-signal,</Name>
		<Path>.</Path>
		<FullName>./tesh-self-bg-set-signal,</FullName>
		<FullCommandLine>/home/navarrop/Developments/simgrid/tools/tesh/tesh --cd ../tools/tesh bg-set-signal.tesh</FullCommandLine>
		<Results>
			<NamedMeasurement type="numeric/double" name="Execution Time"><Value>1.07399</Value></NamedMeasurement>
			<NamedMeasurement type="text/string" name="Completion Status"><Value>Completed</Value></NamedMeasurement>
			<NamedMeasurement type="text/string" name="Command Line"><Value>/home/navarrop/Developments/simgrid/tools/tesh/tesh --cd ../tools/tesh bg-set-signal.tesh</Value></NamedMeasurement>
			<Measurement>
				<Value>[0.000006] [tesh/INFO] Change directory to ../tools/tesh
[0.000035] [tesh/INFO] Test suite `bg-set-signal'
[0.000078] [tesh/INFO] [bg-set-signal:5] rm -rf temp_testdir
[0.008022] [tesh/INFO] [bg-set-signal:6] mkdir temp_testdir
[0.009967] [tesh/INFO] [bg-set-signal:14] mkfile segfault.c
[0.010680] [tesh/INFO] [bg-set-signal:16] gcc -o segfault segfault.c
[0.049481] [tesh/INFO] [bg-set-signal:18] ./segfault (background command)
[0.049835] [tesh/INFO] [bg-set-signal:19] sleep 1
[1.052018] [tesh/INFO] [bg-set-signal:21] rm -rf temp_testdir
[1.056539] [tesh/INFO] Test suite `bg-set-signal' OK
</Value>
			</Measurement>
		</Results>
	</Test>
	<Test Status="passed">
		<Name>tesh-self-background,</Name>
		<Path>.</Path>
		<FullName>./tesh-self-background,</FullName>
		<FullCommandLine>/home/navarrop/Developments/simgrid/tools/tesh/tesh --cd ../tools/tesh background.tesh</FullCommandLine>
		<Results>
			<NamedMeasurement type="numeric/double" name="Execution Time"><Value>2.1166</Value></NamedMeasurement>
			<NamedMeasurement type="text/string" name="Completion Status"><Value>Completed</Value></NamedMeasurement>
			<NamedMeasurement type="text/string" name="Command Line"><Value>/home/navarrop/Developments/simgrid/tools/tesh/tesh --cd ../tools/tesh background.tesh</Value></NamedMeasurement>
			<Measurement>
				<Value>[0.000006] [tesh/INFO] Change directory to ../tools/tesh
[0.000033] [tesh/INFO] Test suite `background'
[0.000068] [tesh/INFO] [background:2] rm -rf temp_testdir
[0.001616] [tesh/INFO] [background:3] mkdir temp_testdir
[0.003344] [tesh/INFO] [background:37] mkfile delayed_cat.c
[0.004005] [tesh/INFO] [background:39] gcc -Wall -o delayed_cat delayed_cat.c
[0.055276] [tesh/INFO] [background:41] ./delayed_cat  (background command)
[0.056064] [tesh/INFO] [background:45] mkfile tmp_fich
[0.057049] [tesh/INFO] [background:47] sleep 2
[2.061751] [tesh/INFO] [background:49] rm -rf temp_testdir
[2.066539] [tesh/INFO] Test suite `background' OK
</Value>
			</Measurement>
		</Results>
	</Test>
	<Test Status="passed">
		<Name>test-xbt-log,</Name>
		<Path>.</Path>
		<FullName>./test-xbt-log,</FullName>
		<FullCommandLine>/home/navarrop/Developments/simgrid/Cmake/chdir_run.sh ../testsuite xbt/log_usage</FullCommandLine>
		<Results>
			<NamedMeasurement type="numeric/double" name="Execution Time"><Value>0.053092</Value></NamedMeasurement>
			<NamedMeasurement type="text/string" name="Completion Status"><Value>Completed</Value></NamedMeasurement>
			<NamedMeasurement type="text/string" name="Command Line"><Value>/home/navarrop/Developments/simgrid/Cmake/chdir_run.sh ../testsuite xbt/log_usage</Value></NamedMeasurement>
			<Measurement>
				<Value>[0.000012] [test/INFO] Test with the settings ''
[0.000054] xbt/log_usage.c:30: [test/WARNING] val=2
[0.000061] xbt/log_usage.c:32: [test/CRITICAL] false alarm!
[0.000064] [test/INFO] Test with the settings ' '
[0.000071] xbt/log_usage.c:30: [test/WARNING] val=2
[0.000075] xbt/log_usage.c:32: [test/CRITICAL] false alarm!
[0.000079] [test/INFO] Test with the settings ' test.thres:info root.thres:info  '
[0.000093] xbt/log_usage.c:30: [test/WARNING] val=2
[0.000097] xbt/log_usage.c:32: [test/CRITICAL] false alarm!
[0.000101] [test/INFO] Test with the settings ' test.thres:debug '
[0.000106] xbt/log.c:652: [test/DEBUG] Apply settings for category 'test': set threshold to DEBUG (=2)
[0.000111] xbt/log_usage.c:29: [test/DEBUG] val=1
[0.000115] xbt/log_usage.c:30: [test/WARNING] val=2
[0.000118] xbt/log_usage.c:32: [test/CRITICAL] false alarm!
[0.000122] [test/INFO] Test with the settings ' test.thres:verbose root.thres:error '
[0.000128] xbt/log_usage.c:30: [test/WARNING] val=2
[0.000132] xbt/log_usage.c:32: [test...
The rest of the test output was removed since it exceeds the threshold of 1024 characters.
</Value>
			</Measurement>
		</Results>
	</Test>
	<Test Status="failed">
		<Name>test-xbt-context,</Name>
		<Path>.</Path>
		<FullName>./test-xbt-context,</FullName>
		<FullCommandLine>/home/navarrop/Developments/simgrid/Cmake/chdir_run.sh ../testsuite xbt/context_usage</FullCommandLine>
		<Results>
			<NamedMeasurement type="text/string" name="Exit Code"><Value>Failed</Value></NamedMeasurement>
			<NamedMeasurement type="text/string" name="Exit Value"><Value>2</Value></NamedMeasurement>
			<NamedMeasurement type="numeric/double" name="Execution Time"><Value>0.000991106</Value></NamedMeasurement>
			<NamedMeasurement type="text/string" name="Completion Status"><Value>Completed</Value></NamedMeasurement>
			<NamedMeasurement type="text/string" name="Command Line"><Value>/home/navarrop/Developments/simgrid/Cmake/chdir_run.sh ../testsuite xbt/context_usage</Value></NamedMeasurement>
			<Measurement>
				<Value>exec: 4: xbt/context_usage: not found
</Value>
			</Measurement>
		</Results>
	</Test>
	<Test Status="passed">
		<Name>test-xbt-graphxml,</Name>
		<Path>.</Path>
		<FullName>./test-xbt-graphxml,</FullName>
		<FullCommandLine>/home/navarrop/Developments/simgrid/Cmake/chdir_run.sh ../testsuite xbt/graphxml_usage ./xbt/graph.xml</FullCommandLine>
		<Results>
			<NamedMeasurement type="numeric/double" name="Execution Time"><Value>0.0157881</Value></NamedMeasurement>
			<NamedMeasurement type="text/string" name="Completion Status"><Value>Completed</Value></NamedMeasurement>
			<NamedMeasurement type="text/string" name="Command Line"><Value>/home/navarrop/Developments/simgrid/Cmake/chdir_run.sh ../testsuite xbt/graphxml_usage ./xbt/graph.xml</Value></NamedMeasurement>
			<Measurement>
				<Value>[0.000000] [test/INFO] ---- Testing XML export. Exporting to testgraph.xml ----
[0.000000] [test/INFO] ---- Testing GraphViz export. Exporting to testgraph.dot ----
[0.000000] [test/INFO] ---- Dumping Edge lengths ----
[0.000000] [test/INFO] 0.000000e+00	4.100000e-01	-1.000000e+00	-1.000000e+00	-1.000000e+00	-1.000000e+00	-1.000000e+00	-1.000000e+00	
[0.000000] [test/INFO] -1.000000e+00	0.000000e+00	5.100000e-01	-1.000000e+00	-1.000000e+00	-1.000000e+00	-1.000000e+00	-1.000000e+00	
[0.000000] [test/INFO] -1.000000e+00	-1.000000e+00	0.000000e+00	5.000000e-01	-1.000000e+00	-1.000000e+00	-1.000000e+00	-1.000000e+00	
[0.000000] [test/INFO] -1.000000e+00	-1.000000e+00	-1.000000e+00	0.000000e+00	-1.000000e+00	3.800000e-01	-1.000000e+00	-1.000000e+00	
[0.000000] [test/INFO] -1.000000e+00	-1.000000e+00	-1.000000e+00	3.600000e-01	0.000000e+00	-1.000000e+00	-1.000000e+00	-1.000000e+00	
[0.000000] [test/INFO] -1.000000e+00	-1.000000e+00	-1.000000e+00	-1.000000e+00	-1.000000e+00	0.000000e+00	-1.000000e+00	-1.000000e+00	
...
The rest of the test output was removed since it exceeds the threshold of 1024 characters.
</Value>
			</Measurement>
		</Results>
	</Test>
	<Test Status="passed">
		<Name>test-xbt-heap,</Name>
		<Path>.</Path>
		<FullName>./test-xbt-heap,</FullName>
		<FullCommandLine>/home/navarrop/Developments/simgrid/Cmake/chdir_run.sh ../testsuite xbt/heap_bench</FullCommandLine>
		<Results>
			<NamedMeasurement type="numeric/double" name="Execution Time"><Value>0.811535</Value></NamedMeasurement>
			<NamedMeasurement type="text/string" name="Completion Status"><Value>Completed</Value></NamedMeasurement>
			<NamedMeasurement type="text/string" name="Command Line"><Value>/home/navarrop/Developments/simgrid/Cmake/chdir_run.sh ../testsuite xbt/heap_bench</Value></NamedMeasurement>
			<Measurement>
				<Value>Validity test complete!
Creation time  100 size heap : 10
Mean access time for a 100 size heap : 0.350332
Validity test complete!
Creation time  1000 size heap : 69
Mean access time for a 1000 size heap : 0.442229
</Value>
			</Measurement>
		</Results>
	</Test>
	<Test Status="passed">
		<Name>test-surf-lmm,</Name>
		<Path>.</Path>
		<FullName>./test-surf-lmm,</FullName>
		<FullCommandLine>/home/navarrop/Developments/simgrid/Cmake/chdir_run.sh ../testsuite surf/lmm_usage</FullCommandLine>
		<Results>
			<NamedMeasurement type="numeric/double" name="Execution Time"><Value>0.023196</Value></NamedMeasurement>
			<NamedMeasurement type="text/string" name="Completion Status"><Value>Completed</Value></NamedMeasurement>
			<NamedMeasurement type="text/string" name="Command Line"><Value>/home/navarrop/Developments/simgrid/Cmake/chdir_run.sh ../testsuite surf/lmm_usage</Value></NamedMeasurement>
			<Measurement>
				<Value>[0.000000] [surf_test/INFO] ***** Test 1 (Max-Min)
[0.000000] [surf_test/INFO] ***** Test 1 (Lagrange - Vegas)
[0.000000] [surf_test/INFO] ***** Test 1 (Lagrange - Reno)
[0.000000] [surf_test/INFO] ***** Test 2 (Max-Min)
[0.000000] [surf_test/INFO] ***** Test 2 (Lagrange - Vegas)
[0.000000] [surf_test/INFO] ***** Test 2 (Lagrange - Reno)
[0.000000] [surf_test/INFO] ***** Test 3 (Max-Min)
[0.000000] [surf_test/INFO] ***** Test 3 (Lagrange - Vegas)
[0.000000] [surf_test/INFO] ***** Test 3 (Lagrange - Reno)
</Value>
			</Measurement>
		</Results>
	</Test>
	<Test Status="passed">
		<Name>test-surf-maxmin,</Name>
		<Path>.</Path>
		<FullName>./test-surf-maxmin,</FullName>
		<FullCommandLine>/home/navarrop/Developments/simgrid/Cmake/chdir_run.sh ../testsuite surf/maxmin_bench</FullCommandLine>
		<Results>
			<NamedMeasurement type="numeric/double" name="Execution Time"><Value>0.412081</Value></NamedMeasurement>
			<NamedMeasurement type="text/string" name="Completion Status"><Value>Completed</Value></NamedMeasurement>
			<NamedMeasurement type="text/string" name="Command Line"><Value>/home/navarrop/Developments/simgrid/Cmake/chdir_run.sh ../testsuite surf/maxmin_bench</Value></NamedMeasurement>
			<Measurement>
				<Value>Starting to solve
One shot execution time for a total of 2000 constraints, 2000 variables with 80 active constraint each : 55239 microsecondes 
</Value>
			</Measurement>
		</Results>
	</Test>
	<Test Status="failed">
		<Name>test-surf-trace,</Name>
		<Path>.</Path>
		<FullName>./test-surf-trace,</FullName>
		<FullCommandLine>/home/navarrop/Developments/simgrid/Cmake/chdir_run.sh ../testsuite surf/trace_usage --surf-path=./surf/</FullCommandLine>
		<Results>
			<NamedMeasurement type="text/string" name="Exit Code"><Value>OTHER_FAULT</Value></NamedMeasurement>
			<NamedMeasurement type="text/string" name="Exit Value"><Value>5</Value></NamedMeasurement>
			<NamedMeasurement type="numeric/double" name="Execution Time"><Value>0.0274918</Value></NamedMeasurement>
			<NamedMeasurement type="text/string" name="Completion Status"><Value>Completed</Value></NamedMeasurement>
			<NamedMeasurement type="text/string" name="Command Line"><Value>/home/navarrop/Developments/simgrid/Cmake/chdir_run.sh ../testsuite surf/trace_usage --surf-path=./surf/</Value></NamedMeasurement>
			<Measurement>
				<Value>** SimGrid: UNCAUGHT EXCEPTION received on (0): category: unknown_err; value: 0
** Cannot open file 'trace_A.txt' (path=./)
** Thrown by () in this process
[0.000000] xbt/ex.c:117: [xbt_ex/CRITICAL] Cannot open file 'trace_A.txt' (path=./)

**   In tmgr_trace_new() at /home/navarrop/Developments/simgrid/src/surf/trace_mgr.c:119
**   In test() at /home/navarrop/Developments/simgrid/testsuite/surf/trace_usage.c:26

*** Exception executing: Child aborted</Value>
			</Measurement>
		</Results>
	</Test>
	<Test Status="failed">
		<Name>test-surf-usage,</Name>
		<Path>.</Path>
		<FullName>./test-surf-usage,</FullName>
		<FullCommandLine>/home/navarrop/Developments/simgrid/Cmake/chdir_run.sh ../testsuite surf/surf_usage --surf-path=./surf/ platform.xml</FullCommandLine>
		<Results>
			<NamedMeasurement type="text/string" name="Exit Code"><Value>OTHER_FAULT</Value></NamedMeasurement>
			<NamedMeasurement type="text/string" name="Exit Value"><Value>5</Value></NamedMeasurement>
			<NamedMeasurement type="numeric/double" name="Execution Time"><Value>0.03601</Value></NamedMeasurement>
			<NamedMeasurement type="text/string" name="Completion Status"><Value>Completed</Value></NamedMeasurement>
			<NamedMeasurement type="text/string" name="Command Line"><Value>/home/navarrop/Developments/simgrid/Cmake/chdir_run.sh ../testsuite surf/surf_usage --surf-path=./surf/ platform.xml</Value></NamedMeasurement>
			<Measurement>
				<Value>** SimGrid: UNCAUGHT EXCEPTION received on (0): category: unknown_err; value: 0
** Unable to open "--surf-path=./surf/"

** Thrown by () in this process
[0.000000] xbt/ex.c:117: [xbt_ex/CRITICAL] Unable to open "--surf-path=./surf/"


**   In surf_parse_open() at /home/navarrop/Developments/simgrid/src/surf/surfxml_parse.c:447
**   In parse_platform_file() at /home/navarrop/Developments/simgrid/src/surf/surfxml_parse.c:613
**   In test() at /home/navarrop/Developments/simgrid/testsuite/surf/surf_usage.c:61

*** Exception executing: Child aborted</Value>
			</Measurement>
		</Results>
	</Test>
	<Test Status="failed">
		<Name>test-surf-usage2,</Name>
		<Path>.</Path>
		<FullName>./test-surf-usage2,</FullName>
		<FullCommandLine>/home/navarrop/Developments/simgrid/Cmake/chdir_run.sh ../testsuite surf/surf_usage2 --surf-path=./surf/ platform.xml</FullCommandLine>
		<Results>
			<NamedMeasurement type="text/string" name="Exit Code"><Value>OTHER_FAULT</Value></NamedMeasurement>
			<NamedMeasurement type="text/string" name="Exit Value"><Value>5</Value></NamedMeasurement>
			<NamedMeasurement type="numeric/double" name="Execution Time"><Value>0.042527</Value></NamedMeasurement>
			<NamedMeasurement type="text/string" name="Completion Status"><Value>Completed</Value></NamedMeasurement>
			<NamedMeasurement type="text/string" name="Command Line"><Value>/home/navarrop/Developments/simgrid/Cmake/chdir_run.sh ../testsuite surf/surf_usage2 --surf-path=./surf/ platform.xml</Value></NamedMeasurement>
			<Measurement>
				<Value>** SimGrid: UNCAUGHT EXCEPTION received on (0): category: unknown_err; value: 0
** Unable to open "--surf-path=./surf/"

** Thrown by () in this process
[0.000000] xbt/ex.c:117: [xbt_ex/CRITICAL] Unable to open "--surf-path=./surf/"


**   In surf_parse_open() at /home/navarrop/Developments/simgrid/src/surf/surfxml_parse.c:447
**   In parse_platform_file() at /home/navarrop/Developments/simgrid/src/surf/surfxml_parse.c:613
**   In test() at /home/navarrop/Developments/simgrid/testsuite/surf/surf_usage2.c:56

*** Exception executing: Child aborted</Value>
			</Measurement>
		</Results>
	</Test>
	<Test Status="failed">
		<Name>test-simdag-1,</Name>
		<Path>.</Path>
		<FullName>./test-simdag-1,</FullName>
		<FullCommandLine>/home/navarrop/Developments/simgrid/Cmake/chdir_run.sh ../testsuite simdag/sd_test --surf-path=./simdag ./simdag/small_platform_variable.xml</FullCommandLine>
		<Results>
			<NamedMeasurement type="text/string" name="Exit Code"><Value>OTHER_FAULT</Value></NamedMeasurement>
			<NamedMeasurement type="text/string" name="Exit Value"><Value>5</Value></NamedMeasurement>
			<NamedMeasurement type="numeric/double" name="Execution Time"><Value>0.038861</Value></NamedMeasurement>
			<NamedMeasurement type="text/string" name="Completion Status"><Value>Completed</Value></NamedMeasurement>
			<NamedMeasurement type="text/string" name="Command Line"><Value>/home/navarrop/Developments/simgrid/Cmake/chdir_run.sh ../testsuite simdag/sd_test --surf-path=./simdag ./simdag/small_platform_variable.xml</Value></NamedMeasurement>
			<Measurement>
				<Value>** SimGrid: UNCAUGHT EXCEPTION received on (0): category: unknown_err; value: 0
** Unable to open "--surf-path=./simdag"

** Thrown by () in this process
[0.000000] xbt/ex.c:117: [xbt_ex/CRITICAL] Unable to open "--surf-path=./simdag"


**   In surf_parse_open() at /home/navarrop/Developments/simgrid/src/surf/surfxml_parse.c:447
**   In parse_platform_file() at /home/navarrop/Developments/simgrid/src/surf/surfxml_parse.c:613
**   In SD_create_environment() at /home/navarrop/Developments/simgrid/src/simdag/sd_global.c:161

*** Exception executing: Child aborted</Value>
			</Measurement>
		</Results>
	</Test>
	<Test Status="failed">
		<Name>test-simdag-2,</Name>
		<Path>.</Path>
		<FullName>./test-simdag-2,</FullName>
		<FullCommandLine>/home/navarrop/Developments/simgrid/Cmake/chdir_run.sh ../testsuite simdag/sd_test --surf-path=./simdag ../examples/msg/small_platform.xml</FullCommandLine>
		<Results>
			<NamedMeasurement type="text/string" name="Exit Code"><Value>OTHER_FAULT</Value></NamedMeasurement>
			<NamedMeasurement type="text/string" name="Exit Value"><Value>5</Value></NamedMeasurement>
			<NamedMeasurement type="numeric/double" name="Execution Time"><Value>0.0454481</Value></NamedMeasurement>
			<NamedMeasurement type="text/string" name="Completion Status"><Value>Completed</Value></NamedMeasurement>
			<NamedMeasurement type="text/string" name="Command Line"><Value>/home/navarrop/Developments/simgrid/Cmake/chdir_run.sh ../testsuite simdag/sd_test --surf-path=./simdag ../examples/msg/small_platform.xml</Value></NamedMeasurement>
			<Measurement>
				<Value>** SimGrid: UNCAUGHT EXCEPTION received on (0): category: unknown_err; value: 0
** Unable to open "--surf-path=./simdag"

** Thrown by () in this process
[0.000000] xbt/ex.c:117: [xbt_ex/CRITICAL] Unable to open "--surf-path=./simdag"


**   In surf_parse_open() at /home/navarrop/Developments/simgrid/src/surf/surfxml_parse.c:447
**   In parse_platform_file() at /home/navarrop/Developments/simgrid/src/surf/surfxml_parse.c:613
**   In SD_create_environment() at /home/navarrop/Developments/simgrid/src/simdag/sd_global.c:161

*** Exception executing: Child aborted</Value>
			</Measurement>
		</Results>
	</Test>
	<Test Status="failed">
		<Name>test-simdag-3,</Name>
		<Path>.</Path>
		<FullName>./test-simdag-3,</FullName>
		<FullCommandLine>/home/navarrop/Developments/simgrid/Cmake/chdir_run.sh ../testsuite simdag/sd_test --surf-path=./simdag ../examples/msg/msg_platform.xml</FullCommandLine>
		<Results>
			<NamedMeasurement type="text/string" name="Exit Code"><Value>OTHER_FAULT</Value></NamedMeasurement>
			<NamedMeasurement type="text/string" name="Exit Value"><Value>5</Value></NamedMeasurement>
			<NamedMeasurement type="numeric/double" name="Execution Time"><Value>0.0465882</Value></NamedMeasurement>
			<NamedMeasurement type="text/string" name="Completion Status"><Value>Completed</Value></NamedMeasurement>
			<NamedMeasurement type="text/string" name="Command Line"><Value>/home/navarrop/Developments/simgrid/Cmake/chdir_run.sh ../testsuite simdag/sd_test --surf-path=./simdag ../examples/msg/msg_platform.xml</Value></NamedMeasurement>
			<Measurement>
				<Value>** SimGrid: UNCAUGHT EXCEPTION received on (0): category: unknown_err; value: 0
** Unable to open "--surf-path=./simdag"

** Thrown by () in this process
[0.000000] xbt/ex.c:117: [xbt_ex/CRITICAL] Unable to open "--surf-path=./simdag"


**   In surf_parse_open() at /home/navarrop/Developments/simgrid/src/surf/surfxml_parse.c:447
**   In parse_platform_file() at /home/navarrop/Developments/simgrid/src/surf/surfxml_parse.c:613
**   In SD_create_environment() at /home/navarrop/Developments/simgrid/src/simdag/sd_global.c:161

*** Exception executing: Child aborted</Value>
			</Measurement>
		</Results>
	</Test>
	<Test Status="passed">
		<Name>tesh-log-large,</Name>
		<Path>.</Path>
		<FullName>./tesh-log-large,</FullName>
		<FullCommandLine>/home/navarrop/Developments/simgrid/tools/tesh/tesh --cd ../teshsuite xbt/log_large_test.tesh</FullCommandLine>
		<Results>
			<NamedMeasurement type="numeric/double" name="Execution Time"><Value>0.0659399</Value></NamedMeasurement>
			<NamedMeasurement type="text/string" name="Completion Status"><Value>Completed</Value></NamedMeasurement>
			<NamedMeasurement type="text/string" name="Command Line"><Value>/home/navarrop/Developments/simgrid/tools/tesh/tesh --cd ../teshsuite xbt/log_large_test.tesh</Value></NamedMeasurement>
			<Measurement>
				<Value>[0.000006] [tesh/INFO] Change directory to ../teshsuite
[0.000033] [tesh/INFO] Test suite `xbt/log_large_test'
[0.000068] [tesh/INFO] [xbt/log_large_test:2] Check that the dynamic version of the log simple layout works
[0.000076] [tesh/INFO] [xbt/log_large_test:3] $SG_EXENV_TEST xbt/log_large_test
[0.027671] [tesh/INFO] [xbt/log_large_test:118] Check that the dynamic version of the log formated layout works
[0.027688] [tesh/INFO] [xbt/log_large_test:119] $SG_EXENV_TEST xbt/log_large_test --log=root.fmt:%m%n
[0.047112] [tesh/INFO] Test suite `xbt/log_large_test' OK
</Value>
			</Measurement>
		</Results>
	</Test>
	<Test Status="passed">
		<Name>tesh-log-parallel,</Name>
		<Path>.</Path>
		<FullName>./tesh-log-parallel,</FullName>
		<FullCommandLine>/home/navarrop/Developments/simgrid/tools/tesh/tesh --cd ../teshsuite xbt/parallel_log_crashtest.tesh</FullCommandLine>
		<Results>
			<NamedMeasurement type="numeric/double" name="Execution Time"><Value>0.0681658</Value></NamedMeasurement>
			<NamedMeasurement type="text/string" name="Completion Status"><Value>Completed</Value></NamedMeasurement>
			<NamedMeasurement type="text/string" name="Command Line"><Value>/home/navarrop/Developments/simgrid/tools/tesh/tesh --cd ../teshsuite xbt/parallel_log_crashtest.tesh</Value></NamedMeasurement>
			<Measurement>
				<Value>[0.000006] [tesh/INFO] Change directory to ../teshsuite
[0.000033] [tesh/INFO] Test suite `xbt/parallel_log_crashtest'
[0.000072] [tesh/INFO] [xbt/parallel_log_crashtest:3] Try to crash the log mecanism by using it in parallel with a lot of threads
[0.000078] [tesh/INFO] [xbt/parallel_log_crashtest:4] xbt/parallel_log_crashtest --log=root.fmt:%m%n
[0.052472] [tesh/INFO] Test suite `xbt/parallel_log_crashtest' OK
</Value>
			</Measurement>
		</Results>
	</Test>
	<Test Status="passed">
		<Name>tesh-gras-dd-mem,</Name>
		<Path>.</Path>
		<FullName>./tesh-gras-dd-mem,</FullName>
		<FullCommandLine>/home/navarrop/Developments/simgrid/tools/tesh/tesh --cd ../teshsuite gras/datadesc/datadesc_mem.tesh</FullCommandLine>
		<Results>
			<NamedMeasurement type="numeric/double" name="Execution Time"><Value>0.051296</Value></NamedMeasurement>
			<NamedMeasurement type="text/string" name="Completion Status"><Value>Completed</Value></NamedMeasurement>
			<NamedMeasurement type="text/string" name="Command Line"><Value>/home/navarrop/Developments/simgrid/tools/tesh/tesh --cd ../teshsuite gras/datadesc/datadesc_mem.tesh</Value></NamedMeasurement>
			<Measurement>
				<Value>[0.000006] [tesh/INFO] Change directory to ../teshsuite
[0.000036] [tesh/INFO] Test suite `gras/datadesc/datadesc_mem'
[0.000083] [tesh/INFO] [gras/datadesc/datadesc_mem:2] Check the marshaling facilities (trying to to do a in-memory copy)
[0.000092] [tesh/INFO] [gras/datadesc/datadesc_mem:3] gras/datadesc/datadesc_usage --copy --log=root.fmt:%m%n
[0.033007] [tesh/INFO] Test suite `gras/datadesc/datadesc_mem' OK
</Value>
			</Measurement>
		</Results>
	</Test>
	<Test Status="passed">
		<Name>tesh-gras-dd-rw,</Name>
		<Path>.</Path>
		<FullName>./tesh-gras-dd-rw,</FullName>
		<FullCommandLine>/home/navarrop/Developments/simgrid/tools/tesh/tesh --cd ../teshsuite gras/datadesc/datadesc_rw.tesh</FullCommandLine>
		<Results>
			<NamedMeasurement type="numeric/double" name="Execution Time"><Value>0.0725279</Value></NamedMeasurement>
			<NamedMeasurement type="text/string" name="Completion Status"><Value>Completed</Value></NamedMeasurement>
			<NamedMeasurement type="text/string" name="Command Line"><Value>/home/navarrop/Developments/simgrid/tools/tesh/tesh --cd ../teshsuite gras/datadesc/datadesc_rw.tesh</Value></NamedMeasurement>
			<Measurement>
				<Value>[0.000008] [tesh/INFO] Change directory to ../teshsuite
[0.000049] [tesh/INFO] Test suite `gras/datadesc/datadesc_rw'
[0.000104] [tesh/INFO] [gras/datadesc/datadesc_rw:2] Check the marshaling facilities (trying to read what we write)
[0.000117] [tesh/INFO] [gras/datadesc/datadesc_rw:3] rm -f datadesc_usage.out
[0.002519] [tesh/INFO] [gras/datadesc/datadesc_rw:5] gras/datadesc/datadesc_usage --write --log=root.fmt:%m%n
[0.028965] [tesh/INFO] [gras/datadesc/datadesc_rw:28] gras/datadesc/datadesc_usage --read --log=root.fmt:%m%n
[0.054069] [tesh/INFO] Test suite `gras/datadesc/datadesc_rw' OK
</Value>
			</Measurement>
		</Results>
	</Test>
	<Test Status="passed">
		<Name>tesh-gras-dd-r_little32_4,</Name>
		<Path>.</Path>
		<FullName>./tesh-gras-dd-r_little32_4,</FullName>
		<FullCommandLine>/home/navarrop/Developments/simgrid/tools/tesh/tesh --cd ../teshsuite gras/datadesc/datadesc_r_little32_4.tesh</FullCommandLine>
		<Results>
			<NamedMeasurement type="numeric/double" name="Execution Time"><Value>0.0623081</Value></NamedMeasurement>
			<NamedMeasurement type="text/string" name="Completion Status"><Value>Completed</Value></NamedMeasurement>
			<NamedMeasurement type="text/string" name="Command Line"><Value>/home/navarrop/Developments/simgrid/tools/tesh/tesh --cd ../teshsuite gras/datadesc/datadesc_r_little32_4.tesh</Value></NamedMeasurement>
			<Measurement>
				<Value>[0.000014] [tesh/INFO] Change directory to ../teshsuite
[0.000089] [tesh/INFO] Test suite `gras/datadesc/datadesc_r_little32_4'
[0.000188] [tesh/INFO] [gras/datadesc/datadesc_r_little32_4:2] Check the marshaling facilities (trying to read the result of linux/x86)
[0.000219] [tesh/INFO] [gras/datadesc/datadesc_r_little32_4:3] gras/datadesc/datadesc_usage --read ${srcdir:=.}/gras/datadesc/datadesc.little32_4 --log=root.fmt:%m%n
[0.037322] [tesh/INFO] Test suite `gras/datadesc/datadesc_r_little32_4' OK
</Value>
			</Measurement>
		</Results>
	</Test>
	<Test Status="passed">
		<Name>tesh-gras-dd-r_little64,</Name>
		<Path>.</Path>
		<FullName>./tesh-gras-dd-r_little64,</FullName>
		<FullCommandLine>/home/navarrop/Developments/simgrid/tools/tesh/tesh --cd ../teshsuite gras/datadesc/datadesc_r_little64.tesh</FullCommandLine>
		<Results>
			<NamedMeasurement type="numeric/double" name="Execution Time"><Value>0.0487859</Value></NamedMeasurement>
			<NamedMeasurement type="text/string" name="Completion Status"><Value>Completed</Value></NamedMeasurement>
			<NamedMeasurement type="text/string" name="Command Line"><Value>/home/navarrop/Developments/simgrid/tools/tesh/tesh --cd ../teshsuite gras/datadesc/datadesc_r_little64.tesh</Value></NamedMeasurement>
			<Measurement>
				<Value>[0.000006] [tesh/INFO] Change directory to ../teshsuite
[0.000036] [tesh/INFO] Test suite `gras/datadesc/datadesc_r_little64'
[0.000073] [tesh/INFO] [gras/datadesc/datadesc_r_little64:2] Check the marshaling facilities (trying to read the result of linux/amd64)
[0.000085] [tesh/INFO] [gras/datadesc/datadesc_r_little64:3] $SG_TEST_EXENV gras/datadesc/datadesc_usage --read ${srcdir:=.}/gras/datadesc/datadesc.little64 --log=root.fmt:%m%n $ARGS
[0.033886] [tesh/INFO] Test suite `gras/datadesc/datadesc_r_little64' OK
</Value>
			</Measurement>
		</Results>
	</Test>
	<Test Status="failed">
		<Name>tesh-gras-dd-r_big32_8,</Name>
		<Path>.</Path>
		<FullName>./tesh-gras-dd-r_big32_8,</FullName>
		<FullCommandLine>/home/navarrop/Developments/simgrid/tools/tesh/tesh --cd ../teshsuite gras/datadesc/datadesc_r_big32_8.tesh</FullCommandLine>
		<Results>
			<NamedMeasurement type="text/string" name="Exit Code"><Value>Failed</Value></NamedMeasurement>
			<NamedMeasurement type="text/string" name="Exit Value"><Value>2</Value></NamedMeasurement>
			<NamedMeasurement type="numeric/double" name="Execution Time"><Value>0.0762742</Value></NamedMeasurement>
			<NamedMeasurement type="text/string" name="Completion Status"><Value>Completed</Value></NamedMeasurement>
			<NamedMeasurement type="text/string" name="Command Line"><Value>/home/navarrop/Developments/simgrid/tools/tesh/tesh --cd ../teshsuite gras/datadesc/datadesc_r_big32_8.tesh</Value></NamedMeasurement>
			<Measurement>
				<Value>[0.000006] [tesh/INFO] Change directory to ../teshsuite
[0.000078] [tesh/INFO] Test suite `gras/datadesc/datadesc_r_big32_8'
[0.000123] [tesh/INFO] [gras/datadesc/datadesc_r_big32_8:2] Check the marshaling facilities (trying to read the result of ppc or sparc)
[0.000132] [tesh/INFO] [gras/datadesc/datadesc_r_big32_8:3] gras/datadesc/datadesc_usage --read ${srcdir:=.}/gras/datadesc/datadesc.big32_8 --log=root.fmt:%m%n
[0.051363] run_context.c:603: [tesh/ERROR] Test suite `gras/datadesc/datadesc_r_big32_8': NOK (&lt;gras/datadesc/datadesc_r_big32_8:3&gt; got signal SIGABRT)
[0.051514] run_context.c:663: [tesh/ERROR] Output of &lt;gras/datadesc/datadesc_r_big32_8:3&gt; mismatch:
- Read from file ./gras/datadesc/datadesc.big32_8
- ---- Test on integer ----
- ---- Test on float ----
- ---- Test on double ----
- ---- Test on fixed array ----
- ---- Test on a reference to an integer ----
- ---- Test on string (ref to dynamic array) ----
- ---- Test on dynar containing integers ----
- ---- Test on all possible struct having 3 fields (49 structs) ----
- ---- Test on homogeneous structure ----
- ---- Test on heterogeneous structure ----
- ---- Test on nested structures ----
- ---- Test on chained list ----
- ---- Test on graph (cyclique chained list of 3 items) ----
- ---- Test on dynar containing integers ----
- ---- Test on the PBIO IEEE struct (also tests GRAS DEFINE TYPE) ----
- ---- Test on struct containing dynamic array and its size (cbps test) ----
- Exiting GRAS
+ Read from file datadesc.big32_8
+ ** SimGrid: UNCAUGHT EXCEPTION received on caraja(29594): category: mismatch; value: 0
+ ** Incoming bytes do not look like a GRAS message (header='....(05000000)'  not 'GRAS')
+ ** Thrown by () in this process
+ Incoming bytes do not look like a GRAS message (header='....(05000000)'  not 'GRAS')
+ 
+ **   In gras_msg_recv() at /home/navarrop/Developments/simgrid/src/gras/Msg/rl_msg.c:116
+ **   In listener_function() at /home/navarrop/Developments/simgrid/src/gras/Msg/gras_msg_listener.c:42
+ **   In xbt_thread_create_wrapper() at /home/navarrop/Developments/simgrid/src/xbt/xbt_rl_synchro.c:37
+ **   In wrapper_start_routine() at /home/navarrop/Developments/simgrid/src/xbt/xbt_os_thread.c:137
+ **   In start_thread() at ??:0
+ **   In ?? at /lib/libc.so.6(clone+0x6d) [0x7f14967127bd]
[0.051530] run_context.c:667: [tesh/ERROR] Test suite `gras/datadesc/datadesc_r_big32_8': NOK (&lt;gras/datadesc/datadesc_r_big32_8:3&gt; output mismatch)
</Value>
			</Measurement>
		</Results>
	</Test>
	<Test Status="passed">
		<Name>tesh-gras-dd-r_big32_8_4,</Name>
		<Path>.</Path>
		<FullName>./tesh-gras-dd-r_big32_8_4,</FullName>
		<FullCommandLine>/home/navarrop/Developments/simgrid/tools/tesh/tesh --cd ../teshsuite gras/datadesc/datadesc_r_big32_8_4.tesh</FullCommandLine>
		<Results>
			<NamedMeasurement type="numeric/double" name="Execution Time"><Value>0.059844</Value></NamedMeasurement>
			<NamedMeasurement type="text/string" name="Completion Status"><Value>Completed</Value></NamedMeasurement>
			<NamedMeasurement type="text/string" name="Command Line"><Value>/home/navarrop/Developments/simgrid/tools/tesh/tesh --cd ../teshsuite gras/datadesc/datadesc_r_big32_8_4.tesh</Value></NamedMeasurement>
			<Measurement>
				<Value>[0.000006] [tesh/INFO] Change directory to ../teshsuite
[0.000034] [tesh/INFO] Test suite `gras/datadesc/datadesc_r_big32_8_4'
[0.000069] [tesh/INFO] [gras/datadesc/datadesc_r_big32_8_4:2] Check the marshaling facilities (trying to read the result of AIX)
[0.000078] [tesh/INFO] [gras/datadesc/datadesc_r_big32_8_4:3] gras/datadesc/datadesc_usage --read ${srcdir:=.}/gras/datadesc/datadesc.big32_8_4 --log=root.fmt:%m%n
[0.037419] [tesh/INFO] Test suite `gras/datadesc/datadesc_r_big32_8_4' OK
</Value>
			</Measurement>
		</Results>
	</Test>
	<Test Status="failed">
		<Name>tesh-gras-dd-r_big32_2,</Name>
		<Path>.</Path>
		<FullName>./tesh-gras-dd-r_big32_2,</FullName>
		<FullCommandLine>/home/navarrop/Developments/simgrid/tools/tesh/tesh --cd ../teshsuite gras/datadesc/datadesc_r_big32_2.tesh</FullCommandLine>
		<Results>
			<NamedMeasurement type="text/string" name="Exit Code"><Value>Failed</Value></NamedMeasurement>
			<NamedMeasurement type="text/string" name="Exit Value"><Value>2</Value></NamedMeasurement>
			<NamedMeasurement type="numeric/double" name="Execution Time"><Value>0.0934849</Value></NamedMeasurement>
			<NamedMeasurement type="text/string" name="Completion Status"><Value>Completed</Value></NamedMeasurement>
			<NamedMeasurement type="text/string" name="Command Line"><Value>/home/navarrop/Developments/simgrid/tools/tesh/tesh --cd ../teshsuite gras/datadesc/datadesc_r_big32_2.tesh</Value></NamedMeasurement>
			<Measurement>
				<Value>[0.000008] [tesh/INFO] Change directory to ../teshsuite
[0.000048] [tesh/INFO] Test suite `gras/datadesc/datadesc_r_big32_2'
[0.000098] [tesh/INFO] [gras/datadesc/datadesc_r_big32_2:2] Check the marshaling facilities (trying to read the result of linux/mips?)
[0.000112] [tesh/INFO] [gras/datadesc/datadesc_r_big32_2:3] gras/datadesc/datadesc_usage --read ${srcdir:=.}/gras/datadesc/datadesc.big32_2 --log=root.fmt:%m%n
[0.061798] run_context.c:603: [tesh/ERROR] Test suite `gras/datadesc/datadesc_r_big32_2': NOK (&lt;gras/datadesc/datadesc_r_big32_2:3&gt; got signal SIGABRT)
[0.061909] run_context.c:663: [tesh/ERROR] Output of &lt;gras/datadesc/datadesc_r_big32_2:3&gt; mismatch:
- Read from file ./gras/datadesc/datadesc.big32_2
- ---- Test on integer ----
- ---- Test on float ----
- ---- Test on double ----
- ---- Test on fixed array ----
- ---- Test on a reference to an integer ----
- ---- Test on string (ref to dynamic array) ----
- ---- Test on dynar containing integers ----
- ---- Test on all possible struct having 3 fields (49 structs) ----
- ---- Test on homogeneous structure ----
- ---- Test on heterogeneous structure ----
- ---- Test on nested structures ----
- ---- Test on chained list ----
- ---- Test on graph (cyclique chained list of 3 items) ----
- ---- Test on dynar containing integers ----
- ---- Test on the PBIO IEEE struct (also tests GRAS DEFINE TYPE) ----
- ---- Test on struct containing dynamic array and its size (cbps test) ----
- Exiting GRAS
+ Read from file datadesc.big32_2
+ ** SimGrid: UNCAUGHT EXCEPTION received on caraja(29674): category: mismatch; value: 0
+ ** Incoming bytes do not look like a GRAS message (header='....(08000000)'  not 'GRAS')
+ ** Thrown by () in this process
+ Incoming bytes do not look like a GRAS message (header='....(08000000)'  not 'GRAS')
+ 
+ **   In gras_msg_recv() at /home/navarrop/Developments/simgrid/src/gras/Msg/rl_msg.c:116
+ **   In listener_function() at /home/navarrop/Developments/simgrid/src/gras/Msg/gras_msg_listener.c:42
+ **   In xbt_thread_create_wrapper() at /home/navarrop/Developments/simgrid/src/xbt/xbt_rl_synchro.c:37
+ **   In wrapper_start_routine() at /home/navarrop/Developments/simgrid/src/xbt/xbt_os_thread.c:137
+ **   In start_thread() at ??:0
+ **   In ?? at /lib/libc.so.6(clone+0x6d) [0x7f9e9e4257bd]
[0.061919] run_context.c:667: [tesh/ERROR] Test suite `gras/datadesc/datadesc_r_big32_2': NOK (&lt;gras/datadesc/datadesc_r_big32_2:3&gt; output mismatch)
</Value>
			</Measurement>
		</Results>
	</Test>
	<Test Status="passed">
		<Name>tesh-gras-msg_handle-rl,</Name>
		<Path>.</Path>
		<FullName>./tesh-gras-msg_handle-rl,</FullName>
		<FullCommandLine>/home/navarrop/Developments/simgrid/tools/tesh/tesh --cd ../teshsuite gras/msg_handle/test_rl</FullCommandLine>
		<Results>
			<NamedMeasurement type="numeric/double" name="Execution Time"><Value>5.04271</Value></NamedMeasurement>
			<NamedMeasurement type="text/string" name="Completion Status"><Value>Completed</Value></NamedMeasurement>
			<NamedMeasurement type="text/string" name="Command Line"><Value>/home/navarrop/Developments/simgrid/tools/tesh/tesh --cd ../teshsuite gras/msg_handle/test_rl</Value></NamedMeasurement>
			<Measurement>
				<Value>[0.000006] [tesh/INFO] Change directory to ../teshsuite
[0.000033] [tesh/INFO] Test suite `gras/msg_handle/test_rl'
[0.000084] [tesh/INFO] [gras/msg_handle/test_rl:3] $SG_TEST_ENV gras/msg_handle/msg_handle_server$EXEEXT 4002 127.0.0.1:4003 --log=root.fmt=%P:%t%e%m%n $ARGS (background command)
[0.008537] [tesh/INFO] [gras/msg_handle/test_rl:12] $SG_TEST_ENV gras/msg_handle/msg_handle_client$EXEEXT 4003 127.0.0.1:4002 --log=root.fmt=%P:%t%e%m%n $ARGS (background command)
[5.024293] [tesh/INFO] Test suite `gras/msg_handle/test_rl' OK
</Value>
			</Measurement>
		</Results>
	</Test>
	<Test Status="failed">
		<Name>tesh-gras-msg_handle-sg-32,</Name>
		<Path>.</Path>
		<FullName>./tesh-gras-msg_handle-sg-32,</FullName>
		<FullCommandLine>/home/navarrop/Developments/simgrid/tools/tesh/tesh --cd ../teshsuite gras/msg_handle/test_sg_32</FullCommandLine>
		<Results>
			<NamedMeasurement type="text/string" name="Exit Code"><Value>Failed</Value></NamedMeasurement>
			<NamedMeasurement type="text/string" name="Exit Value"><Value>2</Value></NamedMeasurement>
			<NamedMeasurement type="numeric/double" name="Execution Time"><Value>0.065048</Value></NamedMeasurement>
			<NamedMeasurement type="text/string" name="Completion Status"><Value>Completed</Value></NamedMeasurement>
			<NamedMeasurement type="text/string" name="Command Line"><Value>/home/navarrop/Developments/simgrid/tools/tesh/tesh --cd ../teshsuite gras/msg_handle/test_sg_32</Value></NamedMeasurement>
			<Measurement>
				<Value>[0.000006] [tesh/INFO] Change directory to ../teshsuite
[0.000035] [tesh/INFO] Test suite `gras/msg_handle/test_sg_32'
[0.000073] [tesh/INFO] [gras/msg_handle/test_sg_32:1] Runs the 'msg_handle' test within the simulator (simulation times valid for 32bits architectures)
[0.000086] [tesh/INFO] [gras/msg_handle/test_sg_32:3] $SG_TEST_EXENV gras/msg_handle/msg_handle_simulator$EXEEXT ${srcdir:=.}/../examples/msg/small_platform.xml ${srcdir:=.}/gras/msg_handle/msg_handle.xml
[0.019727] run_context.c:663: [tesh/ERROR] Output of &lt;gras/msg_handle/test_sg_32:3&gt; mismatch:
  [Tremblay:server:(1) 0.000000] [test/INFO] Launch server (port=4000)
  [Fafard:client:(2) 0.000000] [test/INFO] Launch client (port=4000)
- [Tremblay:server:(1) 1.000030] [test/INFO] Initialization done.
- [Tremblay:server:(1) 1.000030] [test/INFO] gras_msg_handle(0) works as expected (immediate timeout)
- [Fafard:client:(2) 1.000030] [test/INFO] Initialization done.
- [Tremblay:server:(1) 2.000030] [test/INFO] gras_msg_handle(1) works as expected (delayed timeout)
- [Tremblay:server:(1) 5.000030] [test/INFO] Unlock pal
- [Tremblay:server:(1) 5.002006] [gras/INFO] Exiting GRAS
- [Fafard:client:(2) 5.002006] [test/INFO] Got the message
- [Fafard:client:(2) 5.002006] [test/INFO] gras_msg_handle(-1) works as expected (locked)
- [Fafard:client:(2) 5.002006] [gras/INFO] Exiting GRAS
+ [Tremblay:server:(1) 1.000312] [test/INFO] Initialization done.
+ [Tremblay:server:(1) 1.000312] [test/INFO] gras_msg_handle(0) works as expected (immediate timeout)
+ [Fafard:client:(2) 1.000312] [test/INFO] Initialization done.
+ [Tremblay:server:(1) 2.000312] [test/INFO] gras_msg_handle(1) works as expected (delayed timeout)
+ [Tremblay:server:(1) 5.000312] [test/INFO] Unlock pal
+ [Tremblay:server:(1) 5.020863] [gras/INFO] Exiting GRAS
+ [Fafard:client:(2) 5.020863] [test/INFO] Got the message
+ [Fafard:client:(2) 5.020863] [test/INFO] gras_msg_handle(-1) works as expected (locked)
+ [Fafard:client:(2) 5.020863] [gras/INFO] Exiting GRAS
[0.019743] run_context.c:667: [tesh/ERROR] Test suite `gras/msg_handle/test_sg_32': NOK (&lt;gras/msg_handle/test_sg_32:3&gt; output mismatch)
</Value>
			</Measurement>
		</Results>
	</Test>
	<Test Status="passed">
		<Name>tesh-gras-empty_main-rl,</Name>
		<Path>.</Path>
		<FullName>./tesh-gras-empty_main-rl,</FullName>
		<FullCommandLine>/home/navarrop/Developments/simgrid/tools/tesh/tesh --cd ../teshsuite gras/empty_main/test_rl</FullCommandLine>
		<Results>
			<NamedMeasurement type="numeric/double" name="Execution Time"><Value>0.0500782</Value></NamedMeasurement>
			<NamedMeasurement type="text/string" name="Completion Status"><Value>Completed</Value></NamedMeasurement>
			<NamedMeasurement type="text/string" name="Command Line"><Value>/home/navarrop/Developments/simgrid/tools/tesh/tesh --cd ../teshsuite gras/empty_main/test_rl</Value></NamedMeasurement>
			<Measurement>
				<Value>[0.000006] [tesh/INFO] Change directory to ../teshsuite
[0.000035] [tesh/INFO] Test suite `gras/empty_main/test_rl'
[0.000079] [tesh/INFO] [gras/empty_main/test_rl:3] $SG_TEST_ENV ./gras/empty_main/empty_main_function$EXEEXT --log=root.fmt=%P:%t%e%m%n $ARGS (background command)
[0.027094] [tesh/INFO] Test suite `gras/empty_main/test_rl' OK
</Value>
			</Measurement>
		</Results>
	</Test>
	<Test Status="passed">
		<Name>tesh-gras-empty_main-sg,</Name>
		<Path>.</Path>
		<FullName>./tesh-gras-empty_main-sg,</FullName>
		<FullCommandLine>/home/navarrop/Developments/simgrid/tools/tesh/tesh --cd ../teshsuite gras/empty_main/test_sg</FullCommandLine>
		<Results>
			<NamedMeasurement type="numeric/double" name="Execution Time"><Value>0.038547</Value></NamedMeasurement>
			<NamedMeasurement type="text/string" name="Completion Status"><Value>Completed</Value></NamedMeasurement>
			<NamedMeasurement type="text/string" name="Command Line"><Value>/home/navarrop/Developments/simgrid/tools/tesh/tesh --cd ../teshsuite gras/empty_main/test_sg</Value></NamedMeasurement>
			<Measurement>
				<Value>[0.000006] [tesh/INFO] Change directory to ../teshsuite
[0.000033] [tesh/INFO] Test suite `gras/empty_main/test_sg'
[0.000066] [tesh/INFO] [gras/empty_main/test_sg:1] Runs the 'empty_main' test within the simulator
[0.000078] [tesh/INFO] [gras/empty_main/test_sg:3] $SG_TEST_EXENV ./gras/empty_main/empty_main_simulator${EXEEXT:=} ${srcdir:=.}/../examples/msg/small_platform.xml ${srcdir:=.}/gras/empty_main/empty_main.xml
[0.020409] [tesh/INFO] Test suite `gras/empty_main/test_sg' OK
</Value>
			</Measurement>
		</Results>
	</Test>
	<Test Status="failed">
		<Name>tesh-gras-small_sleep-sg-32,</Name>
		<Path>.</Path>
		<FullName>./tesh-gras-small_sleep-sg-32,</FullName>
		<FullCommandLine>/home/navarrop/Developments/simgrid/tools/tesh/tesh --cd ../teshsuite gras/small_sleep/test_sg_32</FullCommandLine>
		<Results>
			<NamedMeasurement type="text/string" name="Exit Code"><Value>Failed</Value></NamedMeasurement>
			<NamedMeasurement type="text/string" name="Exit Value"><Value>2</Value></NamedMeasurement>
			<NamedMeasurement type="numeric/double" name="Execution Time"><Value>0.035908</Value></NamedMeasurement>
			<NamedMeasurement type="text/string" name="Completion Status"><Value>Completed</Value></NamedMeasurement>
			<NamedMeasurement type="text/string" name="Command Line"><Value>/home/navarrop/Developments/simgrid/tools/tesh/tesh --cd ../teshsuite gras/small_sleep/test_sg_32</Value></NamedMeasurement>
			<Measurement>
				<Value>[0.000006] [tesh/INFO] Change directory to ../teshsuite
[0.000034] [tesh/INFO] Test suite `gras/small_sleep/test_sg_32'
[0.000069] [tesh/INFO] [gras/small_sleep/test_sg_32:1] Runs the 'small_sleep' test within the simulator
[0.000081] [tesh/INFO] [gras/small_sleep/test_sg_32:3] $SG_TEST_EXENV ./gras/small_sleep/small_sleep_simulator${EXEEXT:=} ${srcdir:=.}/../examples/msg/small_platform.xml ${srcdir:=.}/gras/small_sleep/small_sleep.xml
[0.020982] run_context.c:663: [tesh/ERROR] Output of &lt;gras/small_sleep/test_sg_32:3&gt; mismatch:
  [Tremblay:function:(1) 0.000000] [test/INFO] Let's go 1E-5
  [Tremblay:function:(1) 0.000010] [test/INFO] Let's go 1E-10
  [Tremblay:function:(1) 0.000020] [test/INFO] Let's go 1E-15
- [Tremblay:function:(1) 0.000030] [test/INFO] Let's go 1E-20
- [Tremblay:function:(1) 0.000030] [test/INFO] done
- [Tremblay:function:(1) 0.000030] [gras/INFO] Exiting GRAS
+ [Tremblay:function:(1) 0.000020] [test/INFO] Let's go 1E-20
+ [Tremblay:function:(1) 0.000020] [test/INFO] done
+ [Tremblay:function:(1) 0.000020] [gras/INFO] Exiting GRAS
[0.021002] run_context.c:667: [tesh/ERROR] Test suite `gras/small_sleep/test_sg_32': NOK (&lt;gras/small_sleep/test_sg_32:3&gt; output mismatch)
</Value>
			</Measurement>
		</Results>
	</Test>
	<Test Status="passed">
		<Name>tesh-simdag-reinit_costs,</Name>
		<Path>.</Path>
		<FullName>./tesh-simdag-reinit_costs,</FullName>
		<FullCommandLine>/home/navarrop/Developments/simgrid/tools/tesh/tesh --cd ../teshsuite simdag/network/test_reinit_costs.tesh</FullCommandLine>
		<Results>
			<NamedMeasurement type="numeric/double" name="Execution Time"><Value>0.0415311</Value></NamedMeasurement>
			<NamedMeasurement type="text/string" name="Completion Status"><Value>Completed</Value></NamedMeasurement>
			<NamedMeasurement type="text/string" name="Command Line"><Value>/home/navarrop/Developments/simgrid/tools/tesh/tesh --cd ../teshsuite simdag/network/test_reinit_costs.tesh</Value></NamedMeasurement>
			<Measurement>
				<Value>[0.000006] [tesh/INFO] Change directory to ../teshsuite
[0.000036] [tesh/INFO] Test suite `simdag/network/test_reinit_costs'
[0.000072] [tesh/INFO] [simdag/network/test_reinit_costs:2] Reinitialization test
[0.000084] [tesh/INFO] [simdag/network/test_reinit_costs:4] simdag/network/test_reinit_costs ${srcdir:=.}/simdag/network/platform_2p_1sl.xml --surf-path=${srcdir} --log=sd_kernel.thres=warning
[0.017075] [tesh/INFO] Test suite `simdag/network/test_reinit_costs' OK
</Value>
			</Measurement>
		</Results>
	</Test>
	<Test Status="passed">
		<Name>tesh-simdag-parser,</Name>
		<Path>.</Path>
		<FullName>./tesh-simdag-parser,</FullName>
		<FullCommandLine>/home/navarrop/Developments/simgrid/tools/tesh/tesh --cd ../teshsuite simdag/platforms/basic_parsing_test.tesh</FullCommandLine>
		<Results>
			<NamedMeasurement type="numeric/double" name="Execution Time"><Value>0.435777</Value></NamedMeasurement>
			<NamedMeasurement type="text/string" name="Completion Status"><Value>Completed</Value></NamedMeasurement>
			<NamedMeasurement type="text/string" name="Command Line"><Value>/home/navarrop/Developments/simgrid/tools/tesh/tesh --cd ../teshsuite simdag/platforms/basic_parsing_test.tesh</Value></NamedMeasurement>
			<Measurement>
				<Value>[0.000006] [tesh/INFO] Change directory to ../teshsuite
[0.000034] [tesh/INFO] Test suite `simdag/platforms/basic_parsing_test'
[0.000074] [tesh/INFO] [simdag/platforms/basic_parsing_test:1] simdag/platforms/basic_parsing_test --log=xbt_cfg.thres:critical --cfg=path:${srcdir:=.}/simdag/platforms one_cluster_foreach.xml
[0.027368] [tesh/INFO] [simdag/platforms/basic_parsing_test:2] simdag/platforms/basic_parsing_test --log=xbt_cfg.thres:critical --cfg=path:${srcdir:=.}/simdag/platforms one_cluster_one_host_random.xml
[0.046525] [tesh/INFO] [simdag/platforms/basic_parsing_test:3] simdag/platforms/basic_parsing_test --log=xbt_cfg.thres:critical --cfg=path:${srcdir:=.}/simdag/platforms one_cluster_one_host.xml
[0.070653] [tesh/INFO] [simdag/platforms/basic_parsing_test:4] simdag/platforms/basic_parsing_test --log=xbt_cfg.thres:critical --cfg=path:${srcdir:=.}/simdag/platforms one_cluster_properties_foreach.xml
[0.086426] [tesh/INFO] [simdag/platforms/basic_parsing_test:5] simdag/platforms/basic_parsing_test --log...
The rest of the test output was removed since it exceeds the threshold of 1024 characters.
</Value>
			</Measurement>
		</Results>
	</Test>
	<Test Status="failed">
		<Name>tesh-simdag-flatifier,</Name>
		<Path>.</Path>
		<FullName>./tesh-simdag-flatifier,</FullName>
		<FullCommandLine>/home/navarrop/Developments/simgrid/tools/tesh/tesh --cd ../teshsuite simdag/platforms/flatifier.tesh</FullCommandLine>
		<Results>
			<NamedMeasurement type="text/string" name="Exit Code"><Value>Failed</Value></NamedMeasurement>
			<NamedMeasurement type="text/string" name="Exit Value"><Value>2</Value></NamedMeasurement>
			<NamedMeasurement type="numeric/double" name="Execution Time"><Value>0.044832</Value></NamedMeasurement>
			<NamedMeasurement type="text/string" name="Completion Status"><Value>Completed</Value></NamedMeasurement>
			<NamedMeasurement type="text/string" name="Command Line"><Value>/home/navarrop/Developments/simgrid/tools/tesh/tesh --cd ../teshsuite simdag/platforms/flatifier.tesh</Value></NamedMeasurement>
			<Measurement>
				<Value>[0.000006] [tesh/INFO] Change directory to ../teshsuite
[0.000033] [tesh/INFO] Test suite `simdag/platforms/flatifier'
[0.000081] [tesh/INFO] [simdag/platforms/flatifier:1] ./simdag/platforms/flatifier --cfg=path:${srcdir:=.}/simdag/platforms/ one_cluster.xml
[0.020747] run_context.c:663: [tesh/ERROR] Output of &lt;simdag/platforms/flatifier:1&gt; mismatch:
  [0.000000] [xbt_cfg/INFO] Configuration change: Set 'path' to './simdag/platforms/'
  &lt;?xml version='1.0'?&gt;
  &lt;!DOCTYPE platform SYSTEM "simgrid.dtd"&gt;
  &lt;platform version="2"&gt;
    &lt;host id="bob0.hamburger.edu" power="1000000000"/&gt;
    &lt;host id="bob2.hamburger.edu" power="1000000000"/&gt;
    &lt;host id="bob3.hamburger.edu" power="1000000000"/&gt;
    &lt;host id="bob4.hamburger.edu" power="1000000000"/&gt;
    &lt;host id="bob6.hamburger.edu" power="1000000000"/&gt;
    &lt;link id="__loopback__" bandwidth="498000000" latency="0.000015000" sharing_policy="FATPIPE"/&gt;
    &lt;link id="bob0.hamburger.edu" bandwidth="125000000" latency="0.000050000"/&gt;
    &lt;link id="bob2.hamburger.edu" bandwidth="125000000" latency="0.000050000"/&gt;
    &lt;link id="bob3.hamburger.edu" bandwidth="125000000" latency="0.000050000"/&gt;
    &lt;link id="bob4.hamburger.edu" bandwidth="125000000" latency="0.000050000"/&gt;
    &lt;link id="bob6.hamburger.edu" bandwidth="125000000" latency="0.000050000"/&gt;
    &lt;link id="bob_cluster_bb" bandwidth="2250000000" latency="0.000500000" sharing_policy="FATPIPE"/&gt;
    &lt;route src="bob0.hamburger.edu" dst="bob0.hamburger.edu"&gt;
-     &lt;link:ctn id="__loopback__"/&gt;
+     &lt;link:ctn id="bob0.hamburger.edu"/&gt;
    &lt;/route&gt;
    &lt;route src="bob0.hamburger.edu" dst="bob2.hamburger.edu"&gt;
      &lt;link:ctn id="bob0.hamburger.edu"/&gt;&lt;link:ctn id="bob_cluster_bb"/&gt;&lt;link:ctn id="bob2.hamburger.edu"/&gt;
    &lt;/route&gt;
    &lt;route src="bob0.hamburger.edu" dst="bob3.hamburger.edu"&gt;
      &lt;link:ctn id="bob0.hamburger.edu"/&gt;&lt;link:ctn id="bob_cluster_bb"/&gt;&lt;link:ctn id="bob3.hamburger.edu"/&gt;
    &lt;/route&gt;
    &lt;route src="bob0.hamburger.edu" dst="bob4.hamburger.edu"&gt;
      &lt;link:ctn id="bob0.hamburger.edu"/&gt;&lt;link:ctn id="bob_cluster_bb"/&gt;&lt;link:ctn id="bob4.hamburger.edu"/&gt;
    &lt;/route&gt;
    &lt;route src="bob0.hamburger.edu" dst="bob6.hamburger.edu"&gt;
      &lt;link:ctn id="bob0.hamburger.edu"/&gt;&lt;link:ctn id="bob_cluster_bb"/&gt;&lt;link:ctn id="bob6.hamburger.edu"/&gt;
    &lt;/route&gt;
    &lt;route src="bob2.hamburger.edu" dst="bob0.hamburger.edu"&gt;
      &lt;link:ctn id="bob2.hamburger.edu"/&gt;&lt;link:ctn id="bob_cluster_bb"/&gt;&lt;link:ctn id="bob0.hamburger.edu"/&gt;
    &lt;/route&gt;
    &lt;route src="bob2.hamburger.edu" dst="bob2.hamburger.edu"&gt;
-     &lt;link:ctn id="__loopback__"/&gt;
+     &lt;link:ctn id="bob2.hamburger.edu"/&gt;
    &lt;/route&gt;
    &lt;route src="bob2.hamburger.edu" dst="bob3.hamburger.edu"&gt;
      &lt;link:ctn id="bob2.hamburger.edu"/&gt;&lt;link:ctn id="bob_cluster_bb"/&gt;&lt;link:ctn id="bob3.hamburger.edu"/&gt;
    &lt;/route&gt;
    &lt;route src="bob2.hamburger.edu" dst="bob4.hamburger.edu"&gt;
      &lt;link:ctn id="bob2.hamburger.edu"/&gt;&lt;link:ctn id="bob_cluster_bb"/&gt;&lt;link:ctn id="bob4.hamburger.edu"/&gt;
    &lt;/route&gt;
    &lt;route src="bob2.hamburger.edu" dst="bob6.hamburger.edu"&gt;
      &lt;link:ctn id="bob2.hamburger.edu"/&gt;&lt;link:ctn id="bob_cluster_bb"/&gt;&lt;link:ctn id="bob6.hamburger.edu"/&gt;
    &lt;/route&gt;
    &lt;route src="bob3.hamburger.edu" dst="bob0.hamburger.edu"&gt;
      &lt;link:ctn id="bob3.hamburger.edu"/&gt;&lt;link:ctn id="bob_cluster_bb"/&gt;&lt;link:ctn id="bob0.hamburger.edu"/&gt;
    &lt;/route&gt;
    &lt;route src="bob3.hamburger.edu" dst="bob2.hamburger.edu"&gt;
      &lt;link:ctn id="bob3.hamburger.edu"/&gt;&lt;link:ctn id="bob_cluster_bb"/&gt;&lt;link:ctn id="bob2.hamburger.edu"/&gt;
    &lt;/route&gt;
    &lt;route src="bob3.hamburger.edu" dst="bob3.hamburger.edu"&gt;
-     &lt;link:ctn id="__loopback__"/&gt;
+     &lt;link:ctn id="bob3.hamburger.edu"/&gt;
    &lt;/route&gt;
    &lt;route src="bob3.hamburger.edu" dst="bob4.hamburger.edu"&gt;
      &lt;link:ctn id="bob3.hamburger.edu"/&gt;&lt;link:ctn id="bob_cluster_bb"/&gt;&lt;link:ctn id="bob4.hamburger.edu"/&gt;
    &lt;/route&gt;
    &lt;route src="bob3.hamburger.edu" dst="bob6.hamburger.edu"&gt;
      &lt;link:ctn id="bob3.hamburger.edu"/&gt;&lt;link:ctn id="bob_cluster_bb"/&gt;&lt;link:ctn id="bob6.hamburger.edu"/&gt;
    &lt;/route&gt;
    &lt;route src="bob4.hamburger.edu" dst="bob0.hamburger.edu"&gt;
      &lt;link:ctn id="bob4.hamburger.edu"/&gt;&lt;link:ctn id="bob_cluster_bb"/&gt;&lt;link:ctn id="bob0.hamburger.edu"/&gt;
    &lt;/route&gt;
    &lt;route src="bob4.hamburger.edu" dst="bob2.hamburger.edu"&gt;
      &lt;link:ctn id="bob4.hamburger.edu"/&gt;&lt;link:ctn id="bob_cluster_bb"/&gt;&lt;link:ctn id="bob2.hamburger.edu"/&gt;
    &lt;/route&gt;
    &lt;route src="bob4.hamburger.edu" dst="bob3.hamburger.edu"&gt;
      &lt;link:ctn id="bob4.hamburger.edu"/&gt;&lt;link:ctn id="bob_cluster_bb"/&gt;&lt;link:ctn id="bob3.hamburger.edu"/&gt;
    &lt;/route&gt;
    &lt;route src="bob4.hamburger.edu" dst="bob4.hamburger.edu"&gt;
-     &lt;link:ctn id="__loopback__"/&gt;
+     &lt;link:ctn id="bob4.hamburger.edu"/&gt;
    &lt;/route&gt;
    &lt;route src="bob4.hamburger.edu" dst="bob6.hamburger.edu"&gt;
      &lt;link:ctn id="bob4.hamburger.edu"/&gt;&lt;link:ctn id="bob_cluster_bb"/&gt;&lt;link:ctn id="bob6.hamburger.edu"/&gt;
    &lt;/route&gt;
    &lt;route src="bob6.hamburger.edu" dst="bob0.hamburger.edu"&gt;
      &lt;link:ctn id="bob6.hamburger.edu"/&gt;&lt;link:ctn id="bob_cluster_bb"/&gt;&lt;link:ctn id="bob0.hamburger.edu"/&gt;
    &lt;/route&gt;
    &lt;route src="bob6.hamburger.edu" dst="bob2.hamburger.edu"&gt;
      &lt;link:ctn id="bob6.hamburger.edu"/&gt;&lt;link:ctn id="bob_cluster_bb"/&gt;&lt;link:ctn id="bob2.hamburger.edu"/&gt;
    &lt;/route&gt;
    &lt;route src="bob6.hamburger.edu" dst="bob3.hamburger.edu"&gt;
      &lt;link:ctn id="bob6.hamburger.edu"/&gt;&lt;link:ctn id="bob_cluster_bb"/&gt;&lt;link:ctn id="bob3.hamburger.edu"/&gt;
    &lt;/route&gt;
    &lt;route src="bob6.hamburger.edu" dst="bob4.hamburger.edu"&gt;
      &lt;link:ctn id="bob6.hamburger.edu"/&gt;&lt;link:ctn id="bob_cluster_bb"/&gt;&lt;link:ctn id="bob4.hamburger.edu"/&gt;
    &lt;/route&gt;
    &lt;route src="bob6.hamburger.edu" dst="bob6.hamburger.edu"&gt;
-     &lt;link:ctn id="__loopback__"/&gt;
+     &lt;link:ctn id="bob6.hamburger.edu"/&gt;
    &lt;/route&gt;
  &lt;/platform&gt;
[0.020779] run_context.c:667: [tesh/ERROR] Test suite `simdag/platforms/flatifier': NOK (&lt;simdag/platforms/flatifier:1&gt; output mismatch)
</Value>
			</Measurement>
		</Results>
	</Test>
	<Test Status="passed">
		<Name>tesh-simdag-basic0,</Name>
		<Path>.</Path>
		<FullName>./tesh-simdag-basic0,</FullName>
		<FullCommandLine>/home/navarrop/Developments/simgrid/tools/tesh/tesh --cd ../teshsuite simdag/basic0.tesh</FullCommandLine>
		<Results>
			<NamedMeasurement type="numeric/double" name="Execution Time"><Value>0.0476289</Value></NamedMeasurement>
			<NamedMeasurement type="text/string" name="Completion Status"><Value>Completed</Value></NamedMeasurement>
			<NamedMeasurement type="text/string" name="Command Line"><Value>/home/navarrop/Developments/simgrid/tools/tesh/tesh --cd ../teshsuite simdag/basic0.tesh</Value></NamedMeasurement>
			<Measurement>
				<Value>[0.000005] [tesh/INFO] Change directory to ../teshsuite
[0.000034] [tesh/INFO] Test suite `simdag/basic0'
[0.000068] [tesh/INFO] [simdag/basic0:1] simdag/basic0 ${srcdir:=.}/simdag/basic_platform.xml --surf-path=${srcdir}
[0.018508] [tesh/INFO] Test suite `simdag/basic0' OK
</Value>
			</Measurement>
		</Results>
	</Test>
	<Test Status="passed">
		<Name>tesh-simdag-basic1,</Name>
		<Path>.</Path>
		<FullName>./tesh-simdag-basic1,</FullName>
		<FullCommandLine>/home/navarrop/Developments/simgrid/tools/tesh/tesh --cd ../teshsuite simdag/basic1.tesh</FullCommandLine>
		<Results>
			<NamedMeasurement type="numeric/double" name="Execution Time"><Value>0.0398719</Value></NamedMeasurement>
			<NamedMeasurement type="text/string" name="Completion Status"><Value>Completed</Value></NamedMeasurement>
			<NamedMeasurement type="text/string" name="Command Line"><Value>/home/navarrop/Developments/simgrid/tools/tesh/tesh --cd ../teshsuite simdag/basic1.tesh</Value></NamedMeasurement>
			<Measurement>
				<Value>[0.000006] [tesh/INFO] Change directory to ../teshsuite
[0.000033] [tesh/INFO] Test suite `simdag/basic1'
[0.000067] [tesh/INFO] [simdag/basic1:1] simdag/basic1 ${srcdir:=.}/simdag/basic_platform.xml --surf-path=${srcdir}
[0.024098] [tesh/INFO] Test suite `simdag/basic1' OK
</Value>
			</Measurement>
		</Results>
	</Test>
	<Test Status="passed">
		<Name>tesh-simdag-basic2,</Name>
		<Path>.</Path>
		<FullName>./tesh-simdag-basic2,</FullName>
		<FullCommandLine>/home/navarrop/Developments/simgrid/tools/tesh/tesh --cd ../teshsuite simdag/basic2.tesh</FullCommandLine>
		<Results>
			<NamedMeasurement type="numeric/double" name="Execution Time"><Value>0.0411069</Value></NamedMeasurement>
			<NamedMeasurement type="text/string" name="Completion Status"><Value>Completed</Value></NamedMeasurement>
			<NamedMeasurement type="text/string" name="Command Line"><Value>/home/navarrop/Developments/simgrid/tools/tesh/tesh --cd ../teshsuite simdag/basic2.tesh</Value></NamedMeasurement>
			<Measurement>
				<Value>[0.000006] [tesh/INFO] Change directory to ../teshsuite
[0.000033] [tesh/INFO] Test suite `simdag/basic2'
[0.000068] [tesh/INFO] [simdag/basic2:1] simdag/basic2 ${srcdir:=.}/simdag/basic_platform.xml --surf-path=${srcdir}
[0.019078] [tesh/INFO] Test suite `simdag/basic2' OK
</Value>
			</Measurement>
		</Results>
	</Test>
	<Test Status="passed">
		<Name>tesh-simdag-basic3,</Name>
		<Path>.</Path>
		<FullName>./tesh-simdag-basic3,</FullName>
		<FullCommandLine>/home/navarrop/Developments/simgrid/tools/tesh/tesh --cd ../teshsuite simdag/basic3.tesh</FullCommandLine>
		<Results>
			<NamedMeasurement type="numeric/double" name="Execution Time"><Value>0.043231</Value></NamedMeasurement>
			<NamedMeasurement type="text/string" name="Completion Status"><Value>Completed</Value></NamedMeasurement>
			<NamedMeasurement type="text/string" name="Command Line"><Value>/home/navarrop/Developments/simgrid/tools/tesh/tesh --cd ../teshsuite simdag/basic3.tesh</Value></NamedMeasurement>
			<Measurement>
				<Value>[0.000006] [tesh/INFO] Change directory to ../teshsuite
[0.000033] [tesh/INFO] Test suite `simdag/basic3'
[0.000072] [tesh/INFO] [simdag/basic3:1] simdag/basic3 ${srcdir:=.}/simdag/basic_platform.xml --surf-path=${srcdir}
[0.019118] [tesh/INFO] Test suite `simdag/basic3' OK
</Value>
			</Measurement>
		</Results>
	</Test>
	<Test Status="passed">
		<Name>tesh-simdag-basic4,</Name>
		<Path>.</Path>
		<FullName>./tesh-simdag-basic4,</FullName>
		<FullCommandLine>/home/navarrop/Developments/simgrid/tools/tesh/tesh --cd ../teshsuite simdag/basic4.tesh</FullCommandLine>
		<Results>
			<NamedMeasurement type="numeric/double" name="Execution Time"><Value>0.045969</Value></NamedMeasurement>
			<NamedMeasurement type="text/string" name="Completion Status"><Value>Completed</Value></NamedMeasurement>
			<NamedMeasurement type="text/string" name="Command Line"><Value>/home/navarrop/Developments/simgrid/tools/tesh/tesh --cd ../teshsuite simdag/basic4.tesh</Value></NamedMeasurement>
			<Measurement>
				<Value>[0.000006] [tesh/INFO] Change directory to ../teshsuite
[0.000033] [tesh/INFO] Test suite `simdag/basic4'
[0.000078] [tesh/INFO] [simdag/basic4:1] simdag/basic4 ${srcdir:=.}/simdag/basic_platform.xml --surf-path=${srcdir}
[0.019301] [tesh/INFO] Test suite `simdag/basic4' OK
</Value>
			</Measurement>
		</Results>
	</Test>
	<Test Status="passed">
		<Name>tesh-simdag-basic5,</Name>
		<Path>.</Path>
		<FullName>./tesh-simdag-basic5,</FullName>
		<FullCommandLine>/home/navarrop/Developments/simgrid/tools/tesh/tesh --cd ../teshsuite simdag/basic5.tesh</FullCommandLine>
		<Results>
			<NamedMeasurement type="numeric/double" name="Execution Time"><Value>0.0419168</Value></NamedMeasurement>
			<NamedMeasurement type="text/string" name="Completion Status"><Value>Completed</Value></NamedMeasurement>
			<NamedMeasurement type="text/string" name="Command Line"><Value>/home/navarrop/Developments/simgrid/tools/tesh/tesh --cd ../teshsuite simdag/basic5.tesh</Value></NamedMeasurement>
			<Measurement>
				<Value>[0.000006] [tesh/INFO] Change directory to ../teshsuite
[0.000034] [tesh/INFO] Test suite `simdag/basic5'
[0.000071] [tesh/INFO] [simdag/basic5:1] simdag/basic5 ${srcdir:=.}/simdag/basic_platform.xml --surf-path=${srcdir}
[0.017664] [tesh/INFO] Test suite `simdag/basic5' OK
</Value>
			</Measurement>
		</Results>
	</Test>
	<Test Status="passed">
		<Name>tesh-simdag-basic6,</Name>
		<Path>.</Path>
		<FullName>./tesh-simdag-basic6,</FullName>
		<FullCommandLine>/home/navarrop/Developments/simgrid/tools/tesh/tesh --cd ../teshsuite simdag/basic6.tesh</FullCommandLine>
		<Results>
			<NamedMeasurement type="numeric/double" name="Execution Time"><Value>0.034641</Value></NamedMeasurement>
			<NamedMeasurement type="text/string" name="Completion Status"><Value>Completed</Value></NamedMeasurement>
			<NamedMeasurement type="text/string" name="Command Line"><Value>/home/navarrop/Developments/simgrid/tools/tesh/tesh --cd ../teshsuite simdag/basic6.tesh</Value></NamedMeasurement>
			<Measurement>
				<Value>[0.000006] [tesh/INFO] Change directory to ../teshsuite
[0.000033] [tesh/INFO] Test suite `simdag/basic6'
[0.000068] [tesh/INFO] [simdag/basic6:1] simdag/basic6 ${srcdir:=.}/simdag/network/p2p/platform_2p_1sl.xml --surf-path=${srcdir}
[0.016855] [tesh/INFO] Test suite `simdag/basic6' OK
</Value>
			</Measurement>
		</Results>
	</Test>
	<Test Status="passed">
		<Name>tesh-simdag-p2p-1,</Name>
		<Path>.</Path>
		<FullName>./tesh-simdag-p2p-1,</FullName>
		<FullCommandLine>/home/navarrop/Developments/simgrid/tools/tesh/tesh --cd ../teshsuite simdag/network/p2p/test_latency1.tesh</FullCommandLine>
		<Results>
			<NamedMeasurement type="numeric/double" name="Execution Time"><Value>0.0986872</Value></NamedMeasurement>
			<NamedMeasurement type="text/string" name="Completion Status"><Value>Completed</Value></NamedMeasurement>
			<NamedMeasurement type="text/string" name="Command Line"><Value>/home/navarrop/Developments/simgrid/tools/tesh/tesh --cd ../teshsuite simdag/network/p2p/test_latency1.tesh</Value></NamedMeasurement>
			<Measurement>
				<Value>[0.000014] [tesh/INFO] Change directory to ../teshsuite
[0.000090] [tesh/INFO] Test suite `simdag/network/p2p/test_latency1'
[0.000193] [tesh/INFO] [simdag/network/p2p/test_latency1:2] latency check, 1 byte, shared link
[0.000226] [tesh/INFO] [simdag/network/p2p/test_latency1:4] simdag/network/p2p/test_latency1 ${srcdir:=.}/simdag/network/p2p/platform_2p_1sl.xml --surf-path=${srcdir} --log=sd_kernel.thres=warning
[0.029170] [tesh/INFO] [simdag/network/p2p/test_latency1:7] latency check, 1 byte, fat pipe
[0.029189] [tesh/INFO] [simdag/network/p2p/test_latency1:9] simdag/network/p2p/test_latency1 ${srcdir:=.}/simdag/network/p2p/platform_2p_1fl.xml --surf-path=${srcdir} --log=sd_kernel.thres=warning
[0.053296] [tesh/INFO] [simdag/network/p2p/test_latency1:12] latency check, 1 byte, link - switch - link 
[0.053314] [tesh/INFO] [simdag/network/p2p/test_latency1:14] simdag/network/p2p/test_latency1 ${srcdir:=.}/simdag/network/p2p/platform_2p_1switch.xml --surf-path=${srcdir} --log=sd_kernel.thres=warning
[0.077150]...
The rest of the test output was removed since it exceeds the threshold of 1024 characters.
</Value>
			</Measurement>
		</Results>
	</Test>
	<Test Status="passed">
		<Name>tesh-simdag-p2p-2,</Name>
		<Path>.</Path>
		<FullName>./tesh-simdag-p2p-2,</FullName>
		<FullCommandLine>/home/navarrop/Developments/simgrid/tools/tesh/tesh --cd ../teshsuite simdag/network/p2p/test_latency2.tesh</FullCommandLine>
		<Results>
			<NamedMeasurement type="numeric/double" name="Execution Time"><Value>0.091763</Value></NamedMeasurement>
			<NamedMeasurement type="text/string" name="Completion Status"><Value>Completed</Value></NamedMeasurement>
			<NamedMeasurement type="text/string" name="Command Line"><Value>/home/navarrop/Developments/simgrid/tools/tesh/tesh --cd ../teshsuite simdag/network/p2p/test_latency2.tesh</Value></NamedMeasurement>
			<Measurement>
				<Value>[0.000006] [tesh/INFO] Change directory to ../teshsuite
[0.000033] [tesh/INFO] Test suite `simdag/network/p2p/test_latency2'
[0.000077] [tesh/INFO] [simdag/network/p2p/test_latency2:2] latency check, 2 x 1 byte, same direction, shared link
[0.000090] [tesh/INFO] [simdag/network/p2p/test_latency2:4] simdag/network/p2p/test_latency2 ${srcdir:=.}/simdag/network/p2p/platform_2p_1sl.xml --surf-path=${srcdir} --log=sd_kernel.thres=warning
[0.024808] [tesh/INFO] [simdag/network/p2p/test_latency2:7] latency check, 2 x 1 byte, same direction, fat pipe
[0.024827] [tesh/INFO] [simdag/network/p2p/test_latency2:9] simdag/network/p2p/test_latency2 ${srcdir:=.}/simdag/network/p2p/platform_2p_1fl.xml --surf-path=${srcdir} --log=sd_kernel.thres=warning
[0.047735] [tesh/INFO] [simdag/network/p2p/test_latency2:12] latency check, 2 x 1 byte, same direction, link - switch - link 
[0.047753] [tesh/INFO] [simdag/network/p2p/test_latency2:14] simdag/network/p2p/test_latency2 ${srcdir:=.}/simdag/network/p2p/platform_2p_1switch.xml --...
The rest of the test output was removed since it exceeds the threshold of 1024 characters.
</Value>
			</Measurement>
		</Results>
	</Test>
	<Test Status="passed">
		<Name>tesh-simdag-p2p-3,</Name>
		<Path>.</Path>
		<FullName>./tesh-simdag-p2p-3,</FullName>
		<FullCommandLine>/home/navarrop/Developments/simgrid/tools/tesh/tesh --cd ../teshsuite simdag/network/p2p/test_latency_bound.tesh</FullCommandLine>
		<Results>
			<NamedMeasurement type="numeric/double" name="Execution Time"><Value>0.0462458</Value></NamedMeasurement>
			<NamedMeasurement type="text/string" name="Completion Status"><Value>Completed</Value></NamedMeasurement>
			<NamedMeasurement type="text/string" name="Command Line"><Value>/home/navarrop/Developments/simgrid/tools/tesh/tesh --cd ../teshsuite simdag/network/p2p/test_latency_bound.tesh</Value></NamedMeasurement>
			<Measurement>
				<Value>[0.000008] [tesh/INFO] Change directory to ../teshsuite
[0.000047] [tesh/INFO] Test suite `simdag/network/p2p/test_latency_bound'
[0.000099] [tesh/INFO] [simdag/network/p2p/test_latency_bound:2] latency bounded by large latency link
[0.000116] [tesh/INFO] [simdag/network/p2p/test_latency_bound:4] simdag/network/p2p/test_latency_bound ${srcdir:=.}/simdag/network/p2p/platform_2p_1bb.xml --surf-path=${srcdir} --log=sd_kernel.thres=warning
[0.026078] [tesh/INFO] Test suite `simdag/network/p2p/test_latency_bound' OK
</Value>
			</Measurement>
		</Results>
	</Test>
	<Test Status="passed">
		<Name>tesh-simdag-mxn-1,</Name>
		<Path>.</Path>
		<FullName>./tesh-simdag-mxn-1,</FullName>
		<FullCommandLine>/home/navarrop/Developments/simgrid/tools/tesh/tesh --cd ../teshsuite simdag/network/mxn/test_intra_all2all.tesh</FullCommandLine>
		<Results>
			<NamedMeasurement type="numeric/double" name="Execution Time"><Value>0.045162</Value></NamedMeasurement>
			<NamedMeasurement type="text/string" name="Completion Status"><Value>Completed</Value></NamedMeasurement>
			<NamedMeasurement type="text/string" name="Command Line"><Value>/home/navarrop/Developments/simgrid/tools/tesh/tesh --cd ../teshsuite simdag/network/mxn/test_intra_all2all.tesh</Value></NamedMeasurement>
			<Measurement>
				<Value>[0.000008] [tesh/INFO] Change directory to ../teshsuite
[0.000049] [tesh/INFO] Test suite `simdag/network/mxn/test_intra_all2all'
[0.000107] [tesh/INFO] [simdag/network/mxn/test_intra_all2all:2] all 2 all test, only fat pipe switch is used concurrently
[0.000124] [tesh/INFO] [simdag/network/mxn/test_intra_all2all:4] simdag/network/mxn/test_intra_all2all ${srcdir:=.}/simdag/network/mxn/platform_4p_1switch.xml --surf-path=${srcdir} --log=sd_kernel.thres=warning
[0.021438] [tesh/INFO] Test suite `simdag/network/mxn/test_intra_all2all' OK
</Value>
			</Measurement>
		</Results>
	</Test>
	<Test Status="passed">
		<Name>tesh-simdag-mxn-2,</Name>
		<Path>.</Path>
		<FullName>./tesh-simdag-mxn-2,</FullName>
		<FullCommandLine>/home/navarrop/Developments/simgrid/tools/tesh/tesh --cd ../teshsuite simdag/network/mxn/test_intra_independent_comm.tesh</FullCommandLine>
		<Results>
			<NamedMeasurement type="numeric/double" name="Execution Time"><Value>0.049072</Value></NamedMeasurement>
			<NamedMeasurement type="text/string" name="Completion Status"><Value>Completed</Value></NamedMeasurement>
			<NamedMeasurement type="text/string" name="Command Line"><Value>/home/navarrop/Developments/simgrid/tools/tesh/tesh --cd ../teshsuite simdag/network/mxn/test_intra_independent_comm.tesh</Value></NamedMeasurement>
			<Measurement>
				<Value>[0.000006] [tesh/INFO] Change directory to ../teshsuite
[0.000034] [tesh/INFO] Test suite `simdag/network/mxn/test_intra_independent_comm'
[0.000125] [tesh/INFO] [simdag/network/mxn/test_intra_independent_comm:2] sending on different paths test
[0.000139] [tesh/INFO] [simdag/network/mxn/test_intra_independent_comm:4] simdag/network/mxn/test_intra_independent_comm ${srcdir:=.}/simdag/network/mxn/platform_4p_1switch.xml --surf-path=${srcdir} --log=sd_kernel.thres=warning
[0.022726] [tesh/INFO] Test suite `simdag/network/mxn/test_intra_independent_comm' OK
</Value>
			</Measurement>
		</Results>
	</Test>
	<Test Status="passed">
		<Name>tesh-simdag-mxn-3,</Name>
		<Path>.</Path>
		<FullName>./tesh-simdag-mxn-3,</FullName>
		<FullCommandLine>/home/navarrop/Developments/simgrid/tools/tesh/tesh --cd ../teshsuite simdag/network/mxn/test_intra_scatter.tesh</FullCommandLine>
		<Results>
			<NamedMeasurement type="numeric/double" name="Execution Time"><Value>0.0550141</Value></NamedMeasurement>
			<NamedMeasurement type="text/string" name="Completion Status"><Value>Completed</Value></NamedMeasurement>
			<NamedMeasurement type="text/string" name="Command Line"><Value>/home/navarrop/Developments/simgrid/tools/tesh/tesh --cd ../teshsuite simdag/network/mxn/test_intra_scatter.tesh</Value></NamedMeasurement>
			<Measurement>
				<Value>[0.000006] [tesh/INFO] Change directory to ../teshsuite
[0.000033] [tesh/INFO] Test suite `simdag/network/mxn/test_intra_scatter'
[0.000067] [tesh/INFO] [simdag/network/mxn/test_intra_scatter:2] scatter test
[0.000079] [tesh/INFO] [simdag/network/mxn/test_intra_scatter:4] simdag/network/mxn/test_intra_scatter ${srcdir:=.}/simdag/network/mxn/platform_4p_1switch.xml --surf-path=${srcdir} --log=sd_kernel.thres=warning
[0.036325] [tesh/INFO] Test suite `simdag/network/mxn/test_intra_scatter' OK
</Value>
			</Measurement>
		</Results>
	</Test>
	<Test Status="passed">
		<Name>tesh-simdag-par-1,</Name>
		<Path>.</Path>
		<FullName>./tesh-simdag-par-1,</FullName>
		<FullCommandLine>/home/navarrop/Developments/simgrid/tools/tesh/tesh --cd ../teshsuite simdag/partask/test_comp_only_seq.tesh</FullCommandLine>
		<Results>
			<NamedMeasurement type="numeric/double" name="Execution Time"><Value>0.0551269</Value></NamedMeasurement>
			<NamedMeasurement type="text/string" name="Completion Status"><Value>Completed</Value></NamedMeasurement>
			<NamedMeasurement type="text/string" name="Command Line"><Value>/home/navarrop/Developments/simgrid/tools/tesh/tesh --cd ../teshsuite simdag/partask/test_comp_only_seq.tesh</Value></NamedMeasurement>
			<Measurement>
				<Value>[0.000008] [tesh/INFO] Change directory to ../teshsuite
[0.000048] [tesh/INFO] Test suite `simdag/partask/test_comp_only_seq'
[0.000099] [tesh/INFO] [simdag/partask/test_comp_only_seq:2] seq task comp only, no comm
[0.000116] [tesh/INFO] [simdag/partask/test_comp_only_seq:4] simdag/partask/test_comp_only_seq ${srcdir:=.}/simdag/partask/platform_2p_1sl.xml --surf-path=${srcdir} --log=sd_kernel.thres=warning
[0.028569] [tesh/INFO] Test suite `simdag/partask/test_comp_only_seq' OK
</Value>
			</Measurement>
		</Results>
	</Test>
	<Test Status="passed">
		<Name>tesh-simdag-par-2,</Name>
		<Path>.</Path>
		<FullName>./tesh-simdag-par-2,</FullName>
		<FullCommandLine>/home/navarrop/Developments/simgrid/tools/tesh/tesh --cd ../teshsuite simdag/partask/test_comp_only_par.tesh</FullCommandLine>
		<Results>
			<NamedMeasurement type="numeric/double" name="Execution Time"><Value>0.0775249</Value></NamedMeasurement>
			<NamedMeasurement type="text/string" name="Completion Status"><Value>Completed</Value></NamedMeasurement>
			<NamedMeasurement type="text/string" name="Command Line"><Value>/home/navarrop/Developments/simgrid/tools/tesh/tesh --cd ../teshsuite simdag/partask/test_comp_only_par.tesh</Value></NamedMeasurement>
			<Measurement>
				<Value>[0.000005] [tesh/INFO] Change directory to ../teshsuite
[0.000034] [tesh/INFO] Test suite `simdag/partask/test_comp_only_par'
[0.000069] [tesh/INFO] [simdag/partask/test_comp_only_par:2] par task comp only, no comm, homogeneous
[0.000081] [tesh/INFO] [simdag/partask/test_comp_only_par:4] simdag/partask/test_comp_only_par ${srcdir:=.}/simdag/partask/platform_2p_1sl.xml --surf-path=${srcdir} --log=sd_kernel.thres=warning
[0.019552] [tesh/INFO] [simdag/partask/test_comp_only_par:7] par task comp only, no comm, heterogeneous
[0.019566] [tesh/INFO] [simdag/partask/test_comp_only_par:9] simdag/partask/test_comp_only_par ${srcdir:=.}/simdag/partask/platform_2p_1sl_hetero.xml --surf-path=${srcdir} --log=sd_kernel.thres=warning
[0.036887] [tesh/INFO] Test suite `simdag/partask/test_comp_only_par' OK
</Value>
			</Measurement>
		</Results>
	</Test>
	<Test Status="passed">
		<Name>msg-sendrecv_CLM03,</Name>
		<Path>.</Path>
		<FullName>./msg-sendrecv_CLM03,</FullName>
		<FullCommandLine>/home/navarrop/Developments/simgrid/tools/tesh/tesh --cd ../examples/msg sendrecv/sendrecv_CLM03.tesh</FullCommandLine>
		<Results>
			<NamedMeasurement type="numeric/double" name="Execution Time"><Value>0.0585332</Value></NamedMeasurement>
			<NamedMeasurement type="text/string" name="Completion Status"><Value>Completed</Value></NamedMeasurement>
			<NamedMeasurement type="text/string" name="Command Line"><Value>/home/navarrop/Developments/simgrid/tools/tesh/tesh --cd ../examples/msg sendrecv/sendrecv_CLM03.tesh</Value></NamedMeasurement>
			<Measurement>
				<Value>[0.000006] [tesh/INFO] Change directory to ../examples/msg
[0.000034] [tesh/INFO] Test suite `sendrecv/sendrecv_CLM03'
[0.000120] [tesh/INFO] [sendrecv/sendrecv_CLM03:3] Testing the surf network maxmin fairness model
[0.000134] [tesh/INFO] [sendrecv/sendrecv_CLM03:5] $SG_TEST_EXENV sendrecv/sendrecv$EXEEXT ${srcdir:=.}/sendrecv/platform_sendrecv.xml ${srcdir:=.}/sendrecv/deployment_sendrecv.xml --cfg=workstation_model:CLM03 --cfg=cpu_model:Cas01 --cfg=network_model:CM02
[0.038879] [tesh/INFO] Test suite `sendrecv/sendrecv_CLM03' OK
</Value>
			</Measurement>
		</Results>
	</Test>
	<Test Status="passed">
		<Name>msg-sendrecv_Vegas,</Name>
		<Path>.</Path>
		<FullName>./msg-sendrecv_Vegas,</FullName>
		<FullCommandLine>/home/navarrop/Developments/simgrid/tools/tesh/tesh --cd ../examples/msg sendrecv/sendrecv_Vegas.tesh</FullCommandLine>
		<Results>
			<NamedMeasurement type="numeric/double" name="Execution Time"><Value>0.0380619</Value></NamedMeasurement>
			<NamedMeasurement type="text/string" name="Completion Status"><Value>Completed</Value></NamedMeasurement>
			<NamedMeasurement type="text/string" name="Command Line"><Value>/home/navarrop/Developments/simgrid/tools/tesh/tesh --cd ../examples/msg sendrecv/sendrecv_Vegas.tesh</Value></NamedMeasurement>
			<Measurement>
				<Value>[0.000006] [tesh/INFO] Change directory to ../examples/msg
[0.000034] [tesh/INFO] Test suite `sendrecv/sendrecv_Vegas'
[0.000070] [tesh/INFO] [sendrecv/sendrecv_Vegas:3] Testing the surf network Vegas fairness model using lagrangian approach
[0.000082] [tesh/INFO] [sendrecv/sendrecv_Vegas:5] $SG_TEST_EXENV sendrecv/sendrecv$EXEEXT ${srcdir:=.}/sendrecv/platform_sendrecv.xml ${srcdir:=.}/sendrecv/deployment_sendrecv.xml "--cfg=workstation_model:compound cpu_model:Cas01 network_model:Vegas"
[0.019474] [tesh/INFO] Test suite `sendrecv/sendrecv_Vegas' OK
</Value>
			</Measurement>
		</Results>
	</Test>
	<Test Status="passed">
		<Name>msg-sendrecv_Reno,</Name>
		<Path>.</Path>
		<FullName>./msg-sendrecv_Reno,</FullName>
		<FullCommandLine>/home/navarrop/Developments/simgrid/tools/tesh/tesh --cd ../examples/msg sendrecv/sendrecv_Reno.tesh</FullCommandLine>
		<Results>
			<NamedMeasurement type="numeric/double" name="Execution Time"><Value>0.041774</Value></NamedMeasurement>
			<NamedMeasurement type="text/string" name="Completion Status"><Value>Completed</Value></NamedMeasurement>
			<NamedMeasurement type="text/string" name="Command Line"><Value>/home/navarrop/Developments/simgrid/tools/tesh/tesh --cd ../examples/msg sendrecv/sendrecv_Reno.tesh</Value></NamedMeasurement>
			<Measurement>
				<Value>[0.000005] [tesh/INFO] Change directory to ../examples/msg
[0.000034] [tesh/INFO] Test suite `sendrecv/sendrecv_Reno'
[0.000079] [tesh/INFO] [sendrecv/sendrecv_Reno:3] Testing the surf network Reno fairness model using lagrangian approach
[0.000093] [tesh/INFO] [sendrecv/sendrecv_Reno:6] $SG_TEST_EXENV sendrecv/sendrecv$EXEEXT ${srcdir:=.}/sendrecv/platform_sendrecv.xml ${srcdir:=.}/sendrecv/deployment_sendrecv.xml "--cfg=workstation_model:compound cpu_model:Cas01 network_model:Reno" --log=surf_lagrange.thres=critical
[0.020505] [tesh/INFO] Test suite `sendrecv/sendrecv_Reno' OK
</Value>
			</Measurement>
		</Results>
	</Test>
	<Test Status="passed">
		<Name>msg-suspend,</Name>
		<Path>.</Path>
		<FullName>./msg-suspend,</FullName>
		<FullCommandLine>/home/navarrop/Developments/simgrid/tools/tesh/tesh --cd ../examples/msg suspend/suspend.tesh</FullCommandLine>
		<Results>
			<NamedMeasurement type="numeric/double" name="Execution Time"><Value>0.178704</Value></NamedMeasurement>
			<NamedMeasurement type="text/string" name="Completion Status"><Value>Completed</Value></NamedMeasurement>
			<NamedMeasurement type="text/string" name="Command Line"><Value>/home/navarrop/Developments/simgrid/tools/tesh/tesh --cd ../examples/msg suspend/suspend.tesh</Value></NamedMeasurement>
			<Measurement>
				<Value>[0.000006] [tesh/INFO] Change directory to ../examples/msg
[0.000033] [tesh/INFO] Test suite `suspend/suspend'
[0.000069] [tesh/INFO] [suspend/suspend:3] Testing the suspend/resume feature of MSG
[0.000079] [tesh/INFO] [suspend/suspend:5] $SG_TEST_EXENV suspend/suspend ${srcdir:=.}/msg_platform.xml ${srcdir:=.}/suspend/deployment_suspend.xml
[0.161992] [tesh/INFO] Test suite `suspend/suspend' OK
</Value>
			</Measurement>
		</Results>
	</Test>
	<Test Status="passed">
		<Name>msg-masterslave,</Name>
		<Path>.</Path>
		<FullName>./msg-masterslave,</FullName>
		<FullCommandLine>/home/navarrop/Developments/simgrid/tools/tesh/tesh --cd ../examples/msg masterslave/masterslave.tesh</FullCommandLine>
		<Results>
			<NamedMeasurement type="numeric/double" name="Execution Time"><Value>0.127607</Value></NamedMeasurement>
			<NamedMeasurement type="text/string" name="Completion Status"><Value>Completed</Value></NamedMeasurement>
			<NamedMeasurement type="text/string" name="Command Line"><Value>/home/navarrop/Developments/simgrid/tools/tesh/tesh --cd ../examples/msg masterslave/masterslave.tesh</Value></NamedMeasurement>
			<Measurement>
				<Value>[0.000015] [tesh/INFO] Change directory to ../examples/msg
[0.000089] [tesh/INFO] Test suite `masterslave/masterslave'
[0.000191] [tesh/INFO] [masterslave/masterslave:3] Testing a simple master/slave example application
[0.000223] [tesh/INFO] [masterslave/masterslave:5] $SG_TEST_EXENV masterslave/masterslave_forwarder$EXEEXT ${srcdir:=.}/small_platform.xml ${srcdir:=.}/masterslave/deployment_masterslave.xml
[0.059078] [tesh/INFO] Test suite `masterslave/masterslave' OK
</Value>
			</Measurement>
		</Results>
	</Test>
	<Test Status="passed">
		<Name>msg-masterslave-forwarder,</Name>
		<Path>.</Path>
		<FullName>./msg-masterslave-forwarder,</FullName>
		<FullCommandLine>/home/navarrop/Developments/simgrid/tools/tesh/tesh --cd ../examples/msg masterslave/masterslave_forwarder.tesh</FullCommandLine>
		<Results>
			<NamedMeasurement type="numeric/double" name="Execution Time"><Value>0.189264</Value></NamedMeasurement>
			<NamedMeasurement type="text/string" name="Completion Status"><Value>Completed</Value></NamedMeasurement>
			<NamedMeasurement type="text/string" name="Command Line"><Value>/home/navarrop/Developments/simgrid/tools/tesh/tesh --cd ../examples/msg masterslave/masterslave_forwarder.tesh</Value></NamedMeasurement>
			<Measurement>
				<Value>[0.000014] [tesh/INFO] Change directory to ../examples/msg
[0.000090] [tesh/INFO] Test suite `masterslave/masterslave_forwarder'
[0.000190] [tesh/INFO] [masterslave/masterslave_forwarder:3] Testing a master/slave example application with a forwarder module
[0.000230] [tesh/INFO] [masterslave/masterslave_forwarder:5] $SG_TEST_EXENV masterslave/masterslave_forwarder$EXEEXT ${srcdir:=.}/msg_platform.xml ${srcdir:=.}/masterslave/deployment_masterslave_forwarder.xml
[0.154493] [tesh/INFO] Test suite `masterslave/masterslave_forwarder' OK
</Value>
			</Measurement>
		</Results>
	</Test>
	<Test Status="passed">
		<Name>msg-masterslave-failure,</Name>
		<Path>.</Path>
		<FullName>./msg-masterslave-failure,</FullName>
		<FullCommandLine>/home/navarrop/Developments/simgrid/tools/tesh/tesh --cd ../examples/msg masterslave/masterslave_failure.tesh</FullCommandLine>
		<Results>
			<NamedMeasurement type="numeric/double" name="Execution Time"><Value>0.061713</Value></NamedMeasurement>
			<NamedMeasurement type="text/string" name="Completion Status"><Value>Completed</Value></NamedMeasurement>
			<NamedMeasurement type="text/string" name="Command Line"><Value>/home/navarrop/Developments/simgrid/tools/tesh/tesh --cd ../examples/msg masterslave/masterslave_failure.tesh</Value></NamedMeasurement>
			<Measurement>
				<Value>[0.000005] [tesh/INFO] Change directory to ../examples/msg
[0.000034] [tesh/INFO] Test suite `masterslave/masterslave_failure'
[0.000069] [tesh/INFO] [masterslave/masterslave_failure:3] Testing a simple master/slave example application handling failures
[0.000081] [tesh/INFO] [masterslave/masterslave_failure:5] masterslave/masterslave_failure$EXEEXT --log=xbt_cfg.thres:critical --log=no_loc ${srcdir:=.}/small_platform_with_failures.xml ${srcdir:=.}/masterslave/deployment_masterslave.xml --cfg=path:${srcdir}
[0.021849] [tesh/INFO] Test suite `masterslave/masterslave_failure' OK
</Value>
			</Measurement>
		</Results>
	</Test>
	<Test Status="passed">
		<Name>msg-masterslave-bypass,</Name>
		<Path>.</Path>
		<FullName>./msg-masterslave-bypass,</FullName>
		<FullCommandLine>/home/navarrop/Developments/simgrid/tools/tesh/tesh --cd ../examples/msg masterslave/masterslave_bypass.tesh</FullCommandLine>
		<Results>
			<NamedMeasurement type="numeric/double" name="Execution Time"><Value>0.0624568</Value></NamedMeasurement>
			<NamedMeasurement type="text/string" name="Completion Status"><Value>Completed</Value></NamedMeasurement>
			<NamedMeasurement type="text/string" name="Command Line"><Value>/home/navarrop/Developments/simgrid/tools/tesh/tesh --cd ../examples/msg masterslave/masterslave_bypass.tesh</Value></NamedMeasurement>
			<Measurement>
				<Value>[0.000008] [tesh/INFO] Change directory to ../examples/msg
[0.000049] [tesh/INFO] Test suite `masterslave/masterslave_bypass'
[0.000101] [tesh/INFO] [masterslave/masterslave_bypass:2] Testing the bypassing of the flexml parser
[0.000114] [tesh/INFO] [masterslave/masterslave_bypass:4] $SG_TEST_EXENV masterslave/masterslave_bypass --log=no_loc
[0.036267] [tesh/INFO] Test suite `masterslave/masterslave_bypass' OK
</Value>
			</Measurement>
		</Results>
	</Test>
	<Test Status="passed">
		<Name>msg-ptask,</Name>
		<Path>.</Path>
		<FullName>./msg-ptask,</FullName>
		<FullCommandLine>/home/navarrop/Developments/simgrid/tools/tesh/tesh --cd ../examples/msg parallel_task/parallel_task.tesh</FullCommandLine>
		<Results>
			<NamedMeasurement type="numeric/double" name="Execution Time"><Value>0.0765982</Value></NamedMeasurement>
			<NamedMeasurement type="text/string" name="Completion Status"><Value>Completed</Value></NamedMeasurement>
			<NamedMeasurement type="text/string" name="Command Line"><Value>/home/navarrop/Developments/simgrid/tools/tesh/tesh --cd ../examples/msg parallel_task/parallel_task.tesh</Value></NamedMeasurement>
			<Measurement>
				<Value>[0.000006] [tesh/INFO] Change directory to ../examples/msg
[0.000034] [tesh/INFO] Test suite `parallel_task/parallel_task'
[0.000083] [tesh/INFO] [parallel_task/parallel_task:3] Testing a simple master/slave example application
[0.000093] [tesh/INFO] [parallel_task/parallel_task:5] $SG_TEST_EXENV parallel_task/parallel_task$EXEEXT ${srcdir:=.}/small_platform.xml
[0.034388] [tesh/INFO] [parallel_task/parallel_task:10] $SG_TEST_EXENV parallel_task/test_ptask$EXEEXT ${srcdir:=.}/parallel_task/test_ptask_platform.xml ${srcdir:=.}/parallel_task/test_ptask_deployment.xml
[0.057962] [tesh/INFO] Test suite `parallel_task/parallel_task' OK
</Value>
			</Measurement>
		</Results>
	</Test>
	<Test Status="passed">
		<Name>msg-priority,</Name>
		<Path>.</Path>
		<FullName>./msg-priority,</FullName>
		<FullCommandLine>/home/navarrop/Developments/simgrid/tools/tesh/tesh --cd ../examples/msg priority/priority.tesh</FullCommandLine>
		<Results>
			<NamedMeasurement type="numeric/double" name="Execution Time"><Value>0.0475969</Value></NamedMeasurement>
			<NamedMeasurement type="text/string" name="Completion Status"><Value>Completed</Value></NamedMeasurement>
			<NamedMeasurement type="text/string" name="Command Line"><Value>/home/navarrop/Developments/simgrid/tools/tesh/tesh --cd ../examples/msg priority/priority.tesh</Value></NamedMeasurement>
			<Measurement>
				<Value>[0.000006] [tesh/INFO] Change directory to ../examples/msg
[0.000034] [tesh/INFO] Test suite `priority/priority'
[0.000069] [tesh/INFO] [priority/priority:3] Testing a simple master/slave example application
[0.000080] [tesh/INFO] [priority/priority:5] $SG_TEST_EXENV priority/priority$EXEEXT ${srcdir:=.}/small_platform.xml  ${srcdir:=.}/priority/deployment_priority.xml
[0.021569] [tesh/INFO] Test suite `priority/priority' OK
</Value>
			</Measurement>
		</Results>
	</Test>
	<Test Status="passed">
		<Name>msg-properties,</Name>
		<Path>.</Path>
		<FullName>./msg-properties,</FullName>
		<FullCommandLine>/home/navarrop/Developments/simgrid/tools/tesh/tesh --cd ../examples/msg properties/msg_prop.tesh</FullCommandLine>
		<Results>
			<NamedMeasurement type="numeric/double" name="Execution Time"><Value>0.050947</Value></NamedMeasurement>
			<NamedMeasurement type="text/string" name="Completion Status"><Value>Completed</Value></NamedMeasurement>
			<NamedMeasurement type="text/string" name="Command Line"><Value>/home/navarrop/Developments/simgrid/tools/tesh/tesh --cd ../examples/msg properties/msg_prop.tesh</Value></NamedMeasurement>
			<Measurement>
				<Value>[0.000006] [tesh/INFO] Change directory to ../examples/msg
[0.000035] [tesh/INFO] Test suite `properties/msg_prop'
[0.000072] [tesh/INFO] [properties/msg_prop:3] Testing a MSG application with properties in the XML for Hosts, Links and Processes
[0.000084] [tesh/INFO] [properties/msg_prop:5] $SG_TEST_EXENV properties/msg_prop$EXEEXT ${srcdir:=.}/../platforms/prop.xml ${srcdir:=.}/properties/deployment_properties.xml
[0.019237] [tesh/INFO] Test suite `properties/msg_prop' OK
</Value>
			</Measurement>
		</Results>
	</Test>
	<Test Status="failed">
		<Name>msg-gtnets,</Name>
		<Path>.</Path>
		<FullName>./msg-gtnets,</FullName>
		<FullCommandLine>/home/navarrop/Developments/simgrid/tools/tesh/tesh --cd ../examples/msg gtnets/gtnets.tesh</FullCommandLine>
		<Results>
			<NamedMeasurement type="text/string" name="Exit Code"><Value>Failed</Value></NamedMeasurement>
			<NamedMeasurement type="text/string" name="Exit Value"><Value>2</Value></NamedMeasurement>
			<NamedMeasurement type="numeric/double" name="Execution Time"><Value>0.0163739</Value></NamedMeasurement>
			<NamedMeasurement type="text/string" name="Completion Status"><Value>Completed</Value></NamedMeasurement>
			<NamedMeasurement type="text/string" name="Command Line"><Value>/home/navarrop/Developments/simgrid/tools/tesh/tesh --cd ../examples/msg gtnets/gtnets.tesh</Value></NamedMeasurement>
			<Measurement>
				<Value>[0.000006] [tesh/INFO] Change directory to ../examples/msg
[0.000037] [tesh/INFO] Test suite `gtnets/gtnets'
[0.000077] [tesh/INFO] [gtnets/gtnets:3] Testing onelink communication pattern with LV08 model
[0.000091] [tesh/INFO] [gtnets/gtnets:5] gtnets/gtnets gtnets/onelink-p.xml gtnets/onelink-d.xml --cfg=workstation_model:compound --cfg=cpu_model:Cas01 --cfg=network_model:LV08
[0.000834] run_context.c:631: [tesh/ERROR] Test suite `gtnets/gtnets': NOK (&lt;gtnets/gtnets:5&gt; returned code 127)
[0.000844] run_context.c:649: [tesh/CRITICAL] Command gtnets/gtnets not found
[0.000878] run_context.c:663: [tesh/ERROR] Output of &lt;gtnets/gtnets:5&gt; mismatch:
- [0.000000] [xbt_cfg/INFO] Configuration change: Set 'workstation_model' to 'compound'
- [0.000000] [xbt_cfg/INFO] Configuration change: Set 'cpu_model' to 'Cas01'
- [0.000000] [xbt_cfg/INFO] Configuration change: Set 'network_model' to 'LV08'
- [S1:master:(1) 108.799652] [msg_test/INFO] Send completed (to C1). Transfer time: 108.799652	 Agregate bandwidth: 9191.205854
- [S1:master:(1) 108.799652] [msg_test/INFO] Completed peer: C1 time: 108.799652
- [C1:slave:(2) 108.799652] [msg_test/INFO] ===&gt; Estimated Bw of FLOW[1] : 9191.205854 ;  message from S1 to C1  with remaining : 0.000000
- 
[0.000885] run_context.c:667: [tesh/ERROR] Test suite `gtnets/gtnets': NOK (&lt;gtnets/gtnets:5&gt; output mismatch)
</Value>
			</Measurement>
		</Results>
	</Test>
	<Test Status="passed">
		<Name>gras-ping-rl,</Name>
		<Path>.</Path>
		<FullName>./gras-ping-rl,</FullName>
		<FullCommandLine>/home/navarrop/Developments/simgrid/tools/tesh/tesh --cd ../examples/gras/ping test_rl</FullCommandLine>
		<Results>
			<NamedMeasurement type="numeric/double" name="Execution Time"><Value>0.0629361</Value></NamedMeasurement>
			<NamedMeasurement type="text/string" name="Completion Status"><Value>Completed</Value></NamedMeasurement>
			<NamedMeasurement type="text/string" name="Command Line"><Value>/home/navarrop/Developments/simgrid/tools/tesh/tesh --cd ../examples/gras/ping test_rl</Value></NamedMeasurement>
			<Measurement>
				<Value>[0.000006] [tesh/INFO] Change directory to ../examples/gras/ping
[0.000036] [tesh/INFO] Test suite `test_rl'
[0.000078] [tesh/INFO] [test_rl:3] $SG_TEST_ENV ./ping_server$EXEEXT 4002 --log=root.fmt=%P:%t%e%m%n $ARGS (background command)
[0.005101] [tesh/INFO] [test_rl:14] $SG_TEST_ENV ./ping_client$EXEEXT 127.0.0.1 4002 --log=root.fmt=%P:%t%e%m%n $ARGS (background command)
[0.031127] [tesh/INFO] Test suite `test_rl' OK
</Value>
			</Measurement>
		</Results>
	</Test>
	<Test Status="passed">
		<Name>gras-rpc-rl,</Name>
		<Path>.</Path>
		<FullName>./gras-rpc-rl,</FullName>
		<FullCommandLine>/home/navarrop/Developments/simgrid/tools/tesh/tesh --cd ../examples/gras/rpc test_rl</FullCommandLine>
		<Results>
			<NamedMeasurement type="numeric/double" name="Execution Time"><Value>2.23145</Value></NamedMeasurement>
			<NamedMeasurement type="text/string" name="Completion Status"><Value>Completed</Value></NamedMeasurement>
			<NamedMeasurement type="text/string" name="Command Line"><Value>/home/navarrop/Developments/simgrid/tools/tesh/tesh --cd ../examples/gras/rpc test_rl</Value></NamedMeasurement>
			<Measurement>
				<Value>[0.000006] [tesh/INFO] Change directory to ../examples/gras/rpc
[0.000033] [tesh/INFO] Test suite `test_rl'
[0.000069] [tesh/INFO] [test_rl:1] $SG_TEST_EXENV ./rpc_server$EXEEXT 4002 --log=root.fmt:%m%n $@ (background command)
[0.002433] [tesh/INFO] [test_rl:21] $SG_TEST_EXENV ./rpc_forwarder$EXEEXT 4003 127.0.0.1 4002 --log=root.fmt:%m%n $@ (background command)
[0.002645] [tesh/INFO] [test_rl:37] $SG_TEST_EXENV ./rpc_client$EXEEXT 127.0.0.1 4002 127.0.0.1 4003 --log=root.fmt:%m%n $@ (background command)
[2.209356] [tesh/INFO] Test suite `test_rl' OK
</Value>
			</Measurement>
		</Results>
	</Test>
	<Test Status="passed">
		<Name>gras-spawn-rl,</Name>
		<Path>.</Path>
		<FullName>./gras-spawn-rl,</FullName>
		<FullCommandLine>/home/navarrop/Developments/simgrid/tools/tesh/tesh --cd ../examples/gras/spawn test_rl</FullCommandLine>
		<Results>
			<NamedMeasurement type="numeric/double" name="Execution Time"><Value>0.046386</Value></NamedMeasurement>
			<NamedMeasurement type="text/string" name="Completion Status"><Value>Completed</Value></NamedMeasurement>
			<NamedMeasurement type="text/string" name="Command Line"><Value>/home/navarrop/Developments/simgrid/tools/tesh/tesh --cd ../examples/gras/spawn test_rl</Value></NamedMeasurement>
			<Measurement>
				<Value>[0.000006] [tesh/INFO] Change directory to ../examples/gras/spawn
[0.000036] [tesh/INFO] Test suite `test_rl'
[0.000096] [tesh/INFO] [test_rl:4] $SG_TEST_ENV ./spawn_father$EXEEXT 4002 5 --log=root.fmt=%m%n
[0.025031] [tesh/INFO] (ignoring the output of &lt;test_rl:4&gt; as requested)
[0.025105] [tesh/INFO] Test suite `test_rl' OK
</Value>
			</Measurement>
		</Results>
	</Test>
	<Test Status="passed">
		<Name>gras-timer-rl,</Name>
		<Path>.</Path>
		<FullName>./gras-timer-rl,</FullName>
		<FullCommandLine>/home/navarrop/Developments/simgrid/tools/tesh/tesh --cd ../examples/gras/timer test_rl</FullCommandLine>
		<Results>
			<NamedMeasurement type="numeric/double" name="Execution Time"><Value>7.05324</Value></NamedMeasurement>
			<NamedMeasurement type="text/string" name="Completion Status"><Value>Completed</Value></NamedMeasurement>
			<NamedMeasurement type="text/string" name="Command Line"><Value>/home/navarrop/Developments/simgrid/tools/tesh/tesh --cd ../examples/gras/timer test_rl</Value></NamedMeasurement>
			<Measurement>
				<Value>[0.000006] [tesh/INFO] Change directory to ../examples/gras/timer
[0.000034] [tesh/INFO] Test suite `test_rl'
[0.000070] [tesh/INFO] [test_rl:2] This test is a bit long to run, since it setups timers and wait for them. Don't worry, that's expected
[0.000084] [tesh/INFO] [test_rl:5] $SG_TEST_EXENV ./timer_client$EXEEXT --log=root.fmt:%m%n
[7.022714] [tesh/INFO] Test suite `test_rl' OK
</Value>
			</Measurement>
		</Results>
	</Test>
	<Test Status="passed">
		<Name>gras-chrono-rl,</Name>
		<Path>.</Path>
		<FullName>./gras-chrono-rl,</FullName>
		<FullCommandLine>/home/navarrop/Developments/simgrid/tools/tesh/tesh --cd ../examples/gras/chrono test_rl</FullCommandLine>
		<Results>
			<NamedMeasurement type="numeric/double" name="Execution Time"><Value>0.0997288</Value></NamedMeasurement>
			<NamedMeasurement type="text/string" name="Completion Status"><Value>Completed</Value></NamedMeasurement>
			<NamedMeasurement type="text/string" name="Command Line"><Value>/home/navarrop/Developments/simgrid/tools/tesh/tesh --cd ../examples/gras/chrono test_rl</Value></NamedMeasurement>
			<Measurement>
				<Value>[0.000005] [tesh/INFO] Change directory to ../examples/gras/chrono
[0.000032] [tesh/INFO] Test suite `test_rl'
[0.000070] [tesh/INFO] [test_rl:3] $SG_TEST_EXENV ./chrono_multiplier$EXEEXT --log=root.fmt:%m%n $@
[0.056183] [tesh/INFO] Here is the (ignored) command output: 
||Begin matrix multiplication loop (time: 1.26036e+09)
||Iteration 0 : 0.00994706 
||Iteration 1 : 0.00992298 
||Iteration 2 : 0.00988603 
||Iteration 3 : 0.00977397 
||End matrix multiplication loop (time: 1.26036e+09; Duration: 0.039582)
||Begin malloc loop (time: 1.26036e+09)
||Iteration 0 : 1.90735e-06 
||Iteration 1 : 9.53674e-07 
||Iteration 2 : 9.53674e-07 
||Iteration 3 : 9.53674e-07 
||Begin integer incrementation loop (time: 1.26036e+09)
||Exiting GRAS
||
[0.056231] [tesh/INFO] Test suite `test_rl' OK
</Value>
			</Measurement>
		</Results>
	</Test>
	<Test Status="passed">
		<Name>gras-simple_token-rl,</Name>
		<Path>.</Path>
		<FullName>./gras-simple_token-rl,</FullName>
		<FullCommandLine>/home/navarrop/Developments/simgrid/tools/tesh/tesh --cd ../examples/gras/mutual_exclusion/simple_token test_rl</FullCommandLine>
		<Results>
			<NamedMeasurement type="numeric/double" name="Execution Time"><Value>2.11542</Value></NamedMeasurement>
			<NamedMeasurement type="text/string" name="Completion Status"><Value>Completed</Value></NamedMeasurement>
			<NamedMeasurement type="text/string" name="Command Line"><Value>/home/navarrop/Developments/simgrid/tools/tesh/tesh --cd ../examples/gras/mutual_exclusion/simple_token test_rl</Value></NamedMeasurement>
			<Measurement>
				<Value>[0.000006] [tesh/INFO] Change directory to ../examples/gras/mutual_exclusion/simple_token
[0.000032] [tesh/INFO] Test suite `test_rl'
[0.000066] [tesh/INFO] [test_rl:1] $SG_TEST_EXENV ./simple_token_node$EXEEXT 4000 127.0.0.1 4010 --create-token --log=root.fmt:%m%n $@  (background command)
[0.000361] [tesh/INFO] [test_rl:10] $SG_TEST_EXENV ./simple_token_node$EXEEXT 4010 127.0.0.1 4020 --log=root.fmt:%m%n $@  (background command)
[0.000729] [tesh/INFO] [test_rl:14] $SG_TEST_EXENV ./simple_token_node$EXEEXT 4020 127.0.0.1 4030 --log=root.fmt:%m%n $@  (background command)
[0.011240] [tesh/INFO] [test_rl:18] $SG_TEST_EXENV ./simple_token_node$EXEEXT 4030 127.0.0.1 4040 --log=root.fmt:%m%n $@  (background command)
[0.028146] [tesh/INFO] [test_rl:22] $SG_TEST_EXENV ./simple_token_node$EXEEXT 4040 127.0.0.1 4050 --log=root.fmt:%m%n $@  (background command)
[0.028423] [tesh/INFO] [test_rl:26] $SG_TEST_EXENV ./simple_token_node$EXEEXT 4050 127.0.0.1 4000 --log=root.fmt:%m%n $@  (background command)
[2.092415] [tesh/I...
The rest of the test output was removed since it exceeds the threshold of 1024 characters.
</Value>
			</Measurement>
		</Results>
	</Test>
	<Test Status="passed">
		<Name>gras-mmrpc-rl,</Name>
		<Path>.</Path>
		<FullName>./gras-mmrpc-rl,</FullName>
		<FullCommandLine>/home/navarrop/Developments/simgrid/tools/tesh/tesh --cd ../examples/gras/mmrpc test_rl</FullCommandLine>
		<Results>
			<NamedMeasurement type="numeric/double" name="Execution Time"><Value>0.13254</Value></NamedMeasurement>
			<NamedMeasurement type="text/string" name="Completion Status"><Value>Completed</Value></NamedMeasurement>
			<NamedMeasurement type="text/string" name="Command Line"><Value>/home/navarrop/Developments/simgrid/tools/tesh/tesh --cd ../examples/gras/mmrpc test_rl</Value></NamedMeasurement>
			<Measurement>
				<Value>[0.000006] [tesh/INFO] Change directory to ../examples/gras/mmrpc
[0.000034] [tesh/INFO] Test suite `test_rl'
[0.000078] [tesh/INFO] [test_rl:1] $SG_TEST_EXENV ./mmrpc_server$EXEEXT 4002 --log=root.fmt:%m%n  (background command)
[0.020702] [tesh/INFO] [test_rl:5] $SG_TEST_EXENV ./mmrpc_client$EXEEXT 127.0.0.1 4002 --log=root.fmt:%m%n
[0.104081] [tesh/INFO] Test suite `test_rl' OK
</Value>
			</Measurement>
		</Results>
	</Test>
	<Test Status="passed">
		<Name>gras-all2all-rl,</Name>
		<Path>.</Path>
		<FullName>./gras-all2all-rl,</FullName>
		<FullCommandLine>/home/navarrop/Developments/simgrid/tools/tesh/tesh --cd ../examples/gras/all2all test_rl</FullCommandLine>
		<Results>
			<NamedMeasurement type="numeric/double" name="Execution Time"><Value>0.201021</Value></NamedMeasurement>
			<NamedMeasurement type="text/string" name="Completion Status"><Value>Completed</Value></NamedMeasurement>
			<NamedMeasurement type="text/string" name="Command Line"><Value>/home/navarrop/Developments/simgrid/tools/tesh/tesh --cd ../examples/gras/all2all test_rl</Value></NamedMeasurement>
			<Measurement>
				<Value>[0.000008] [tesh/INFO] Change directory to ../examples/gras/all2all
[0.000037] [tesh/INFO] Test suite `test_rl'
[0.000079] [tesh/INFO] [test_rl:3] $SG_TEST_EXENV ./all2all_receiver$EXEEXT 4000 5 --log=root.fmt:%m%n (background command)
[0.007538] [tesh/INFO] [test_rl:13] $SG_TEST_EXENV ./all2all_receiver$EXEEXT 4001 5 --log=root.fmt:%m%n (background command)
[0.007733] [tesh/INFO] [test_rl:23] $SG_TEST_EXENV ./all2all_receiver$EXEEXT 4002 5 --log=root.fmt:%m%n (background command)
[0.007936] [tesh/INFO] [test_rl:33] $SG_TEST_EXENV ./all2all_receiver$EXEEXT 4003 5 --log=root.fmt:%m%n (background command)
[0.008143] [tesh/INFO] [test_rl:43] $SG_TEST_EXENV ./all2all_receiver$EXEEXT 4004 5 --log=root.fmt:%m%n (background command)
[0.008389] [tesh/INFO] [test_rl:53] $SG_TEST_EXENV ./all2all_sender$EXEEXT 127.0.0.1:4000 127.0.0.1:4001 127.0.0.1:4002 127.0.0.1:4003 127.0.0.1:4004 512 --log=root.fmt:%m%n
[0.102637] [tesh/INFO] [test_rl:62] $SG_TEST_EXENV ./all2all_sender$EXEEXT 127.0.0.1:4000 127.0.0.1:4001 127.0.0.1...
The rest of the test output was removed since it exceeds the threshold of 1024 characters.
</Value>
			</Measurement>
		</Results>
	</Test>
	<Test Status="passed">
		<Name>gras-pmm-rl,</Name>
		<Path>.</Path>
		<FullName>./gras-pmm-rl,</FullName>
		<FullCommandLine>/home/navarrop/Developments/simgrid/tools/tesh/tesh --cd ../examples/gras/pmm test_rl</FullCommandLine>
		<Results>
			<NamedMeasurement type="numeric/double" name="Execution Time"><Value>6.08889</Value></NamedMeasurement>
			<NamedMeasurement type="text/string" name="Completion Status"><Value>Completed</Value></NamedMeasurement>
			<NamedMeasurement type="text/string" name="Command Line"><Value>/home/navarrop/Developments/simgrid/tools/tesh/tesh --cd ../examples/gras/pmm test_rl</Value></NamedMeasurement>
			<Measurement>
				<Value>[0.000008] [tesh/INFO] Change directory to ../examples/gras/pmm
[0.000047] [tesh/INFO] Test suite `test_rl'
[0.000103] [tesh/INFO] [test_rl:4] $SG_TEST_EXENV ./pmm_slave$EXEEXT 127.0.0.1:4242 0 --log=root.fmt:%m%n (background command)
[0.000513] [tesh/INFO] [test_rl:21] $SG_TEST_EXENV ./pmm_slave$EXEEXT 127.0.0.1:4242 1 --log=root.fmt:%m%n (background command)
[0.004262] [tesh/INFO] [test_rl:38] $SG_TEST_EXENV ./pmm_slave$EXEEXT 127.0.0.1:4242 2 --log=root.fmt:%m%n (background command)
[0.006919] [tesh/INFO] [test_rl:55] $SG_TEST_EXENV ./pmm_slave$EXEEXT 127.0.0.1:4242 3 --log=root.fmt:%m%n (background command)
[0.007167] [tesh/INFO] [test_rl:72] $SG_TEST_EXENV ./pmm_slave$EXEEXT 127.0.0.1:4242 4 --log=root.fmt:%m%n (background command)
[0.007413] [tesh/INFO] [test_rl:89] $SG_TEST_EXENV ./pmm_slave$EXEEXT 127.0.0.1:4242 5 --log=root.fmt:%m%n (background command)
[0.007678] [tesh/INFO] [test_rl:106] $SG_TEST_EXENV ./pmm_slave$EXEEXT 127.0.0.1:4242 6 --log=root.fmt:%m%n (background command)
[0.007989] [tesh/INF...
The rest of the test output was removed since it exceeds the threshold of 1024 characters.
</Value>
			</Measurement>
		</Results>
	</Test>
	<Test Status="passed">
		<Name>gras-synchro-rl,</Name>
		<Path>.</Path>
		<FullName>./gras-synchro-rl,</FullName>
		<FullCommandLine>/home/navarrop/Developments/simgrid/tools/tesh/tesh --cd ../examples/gras/synchro test_rl</FullCommandLine>
		<Results>
			<NamedMeasurement type="numeric/double" name="Execution Time"><Value>0.654662</Value></NamedMeasurement>
			<NamedMeasurement type="text/string" name="Completion Status"><Value>Completed</Value></NamedMeasurement>
			<NamedMeasurement type="text/string" name="Command Line"><Value>/home/navarrop/Developments/simgrid/tools/tesh/tesh --cd ../examples/gras/synchro test_rl</Value></NamedMeasurement>
			<Measurement>
				<Value>[0.000006] [tesh/INFO] Change directory to ../examples/gras/synchro
[0.000038] [tesh/INFO] Test suite `test_rl'
[0.000081] [tesh/INFO] [test_rl:3] $SG_TEST_ENV ./synchro_philosopher${EXEEXT:=} 4 --log=root.fmt=%m%n
[0.633637] [tesh/INFO] Here is the (ignored) command output: 
||Spawn the 4 threads (10 lunches scheduled)
||Thread 0 gets hungry (lunch #0)
||Thread 0 eats
||Thread 1 gets hungry (lunch #0)
||Thread 0 is full
||Thread 0 thinks
||Thread 1 eats
||Thread 2 gets hungry (lunch #0)
||Thread 3 gets hungry (lunch #0)
||Thread 3 eats
||Thread 0 gets hungry (lunch #1)
||Thread 1 is full
||Thread 1 thinks
||Thread 1 gets hungry (lunch #1)
||Thread 1 eats
||Thread 3 is full
||Thread 3 thinks
||Thread 1 is full
||Thread 1 thinks
||Thread 2 eats
||Thread 0 eats
||Thread 0 is full
||Thread 0 thinks
||Thread 0 gets hungry (lunch #2)
||Thread 0 eats
||Thread 0 is full
||Thread 0 thinks
||Thread 0 gets hungry (lunch #3)
||Thread 0 eats
||Thread 0 is full
||Thread 0 thinks
||Thread 0 gets hungry (lunch #4)
||Thread ...
The rest of the test output was removed since it exceeds the threshold of 1024 characters.
</Value>
			</Measurement>
		</Results>
	</Test>
	<Test Status="passed">
		<Name>gras-properties-rl,</Name>
		<Path>.</Path>
		<FullName>./gras-properties-rl,</FullName>
		<FullCommandLine>/home/navarrop/Developments/simgrid/tools/tesh/tesh --cd ../examples/gras/properties test_rl</FullCommandLine>
		<Results>
			<NamedMeasurement type="numeric/double" name="Execution Time"><Value>2.12525</Value></NamedMeasurement>
			<NamedMeasurement type="text/string" name="Completion Status"><Value>Completed</Value></NamedMeasurement>
			<NamedMeasurement type="text/string" name="Command Line"><Value>/home/navarrop/Developments/simgrid/tools/tesh/tesh --cd ../examples/gras/properties test_rl</Value></NamedMeasurement>
			<Measurement>
				<Value>[0.000006] [tesh/INFO] Change directory to ../examples/gras/properties
[0.000033] [tesh/INFO] Test suite `test_rl'
[0.000087] [tesh/INFO] [test_rl:3] $SG_TEST_ENV ./properties_alice --log=root.fmt=%P:%t%e%m%n $ARGS
[1.022495] [tesh/INFO] [test_rl:12] $SG_TEST_ENV ./properties_bob --log=root.fmt=%P:%t%e%m%n $ARGS
[2.073958] [tesh/INFO] Test suite `test_rl' OK
</Value>
			</Measurement>
		</Results>
	</Test>
	<Test Status="passed">
		<Name>gras-ping-sg-32,</Name>
		<Path>.</Path>
		<FullName>./gras-ping-sg-32,</FullName>
		<FullCommandLine>/home/navarrop/Developments/simgrid/tools/tesh/tesh --cd ../examples/gras/ping test_sg_32</FullCommandLine>
		<Results>
			<NamedMeasurement type="numeric/double" name="Execution Time"><Value>0.0596981</Value></NamedMeasurement>
			<NamedMeasurement type="text/string" name="Completion Status"><Value>Completed</Value></NamedMeasurement>
			<NamedMeasurement type="text/string" name="Command Line"><Value>/home/navarrop/Developments/simgrid/tools/tesh/tesh --cd ../examples/gras/ping test_sg_32</Value></NamedMeasurement>
			<Measurement>
				<Value>[0.000006] [tesh/INFO] Change directory to ../examples/gras/ping
[0.000034] [tesh/INFO] Test suite `test_sg_32'
[0.000069] [tesh/INFO] [test_sg_32:1] Runs the 'ping' test within the simulator (simulation times valid for 32bits architectures)
[0.000079] [tesh/INFO] [test_sg_32:3] $SG_TEST_EXENV ./ping_simulator${EXEEXT:=} ${srcdir:=.}/../../msg/small_platform.xml ${srcdir:=.}/ping.xml $ARGS
[0.021734] [tesh/INFO] Test suite `test_sg_32' OK
</Value>
			</Measurement>
		</Results>
	</Test>
	<Test Status="failed">
		<Name>gras-rpc-sg-32,</Name>
		<Path>.</Path>
		<FullName>./gras-rpc-sg-32,</FullName>
		<FullCommandLine>/home/navarrop/Developments/simgrid/tools/tesh/tesh --cd ../examples/gras/rpc test_sg_32</FullCommandLine>
		<Results>
			<NamedMeasurement type="text/string" name="Exit Code"><Value>Failed</Value></NamedMeasurement>
			<NamedMeasurement type="text/string" name="Exit Value"><Value>2</Value></NamedMeasurement>
			<NamedMeasurement type="numeric/double" name="Execution Time"><Value>0.301582</Value></NamedMeasurement>
			<NamedMeasurement type="text/string" name="Completion Status"><Value>Completed</Value></NamedMeasurement>
			<NamedMeasurement type="text/string" name="Command Line"><Value>/home/navarrop/Developments/simgrid/tools/tesh/tesh --cd ../examples/gras/rpc test_sg_32</Value></NamedMeasurement>
			<Measurement>
				<Value>[0.000008] [tesh/INFO] Change directory to ../examples/gras/rpc
[0.000046] [tesh/INFO] Test suite `test_sg_32'
[0.000111] [tesh/INFO] [test_sg_32:7] $SG_TEST_EXENV ./rpc_simulator$EXEEXT ${srcdir:=.}/../../msg/small_platform.xml ${srcdir:=.}/rpc.xml --log=root.fmt:"'[%h:%P:(%i)] [%c/%p] %m%n'"
[0.266951] run_context.c:663: [tesh/ERROR] Output of &lt;test_sg_32:7&gt; mismatch:
- [Tremblay:server:(1)] [Rpc/INFO] Launch server (port=4000)
- [Ginette:forwarder:(2)] [Rpc/INFO] Launch forwarder (port=4000)
+ [Tremblay:server:(1)] [Rpc/INFO] Launch server (port=4000)
  [Fafard:client:(3)] [Rpc/INFO] Launch client (server on Tremblay:4000)
+ [Ginette:forwarder:(2)] [Rpc/INFO] Launch forwarder (port=4000)
  [Tremblay:server:(1)] [Rpc/INFO] Listening on port 4000
  [Fafard:client:(3)] [Rpc/INFO] Connected to Tremblay:4000.
  [Fafard:client:(3)] [Rpc/INFO] Connected to server which is on Tremblay:4000
  [Tremblay:server:(1)] [Rpc/INFO] Got message PING(1234) from Fafard:0
  [Tremblay:server:(1)] [Rpc/INFO] Answered with PONG(4321)
  [Fafard:client:(3)] [Rpc/INFO] The answer to PING(1234) on Tremblay:4000 is PONG(4321)
  [Fafard:client:(3)] [Rpc/INFO] Call the exception raising RPC
  [Tremblay:server:(1)] [gras_msg/INFO] Propagate local exception ('Error for the client') from 'raise exception' RPC cb back to Fafard:0
  [Fafard:client:(3)] [Rpc/INFO] Got the expected exception when calling the exception raising RPC
  [Fafard:client:(3)] [Rpc/INFO] Called the exception raising RPC
  [Fafard:client:(3)] [Rpc/INFO] Call the exception raising RPC (i=0)
  [Tremblay:server:(1)] [gras_msg/INFO] Propagate local exception ('Error for the client') from 'raise exception' RPC cb back to Fafard:0
  [Fafard:client:(3)] [Rpc/INFO] Call the exception raising RPC (i=1)
  [Tremblay:server:(1)] [gras_msg/INFO] Propagate local exception ('Error for the client') from 'raise exception' RPC cb back to Fafard:0
  [Fafard:client:(3)] [Rpc/INFO] Call the exception raising RPC (i=2)
  [Tremblay:server:(1)] [gras_msg/INFO] Propagate local exception ('Error for the client') from 'raise exception' RPC cb back to Fafard:0
  [Fafard:client:(3)] [Rpc/INFO] Call the exception raising RPC (i=3)
  [Tremblay:server:(1)] [gras_msg/INFO] Propagate local exception ('Error for the client') from 'raise exception' RPC cb back to Fafard:0
  [Fafard:client:(3)] [Rpc/INFO] Call the exception raising RPC (i=4)
  [Tremblay:server:(1)] [gras_msg/INFO] Propagate local exception ('Error for the client') from 'raise exception' RPC cb back to Fafard:0
  [Fafard:client:(3)] [Rpc/INFO] Call the exception raising RPC on the forwarder (i=0)
  [Ginette:forwarder:(2)] [Rpc/INFO] Forward a request
  [Tremblay:server:(1)] [gras_msg/INFO] Propagate local exception ('Error for the client') from 'raise exception' RPC cb back to Ginette:4000
  [Ginette:forwarder:(2)] [gras_msg/INFO] Propagate remote exception ('Error for the client') from 'forward exception' RPC cb back to Fafard:0
  [Fafard:client:(3)] [Rpc/INFO] Got the expected exception when calling the exception raising RPC
  [Fafard:client:(3)] [Rpc/INFO] Call the exception raising RPC on the forwarder (i=1)
  [Ginette:forwarder:(2)] [Rpc/INFO] Forward a request
  [Tremblay:server:(1)] [gras_msg/INFO] Propagate local exception ('Error for the client') from 'raise exception' RPC cb back to Ginette:4000
  [Ginette:forwarder:(2)] [gras_msg/INFO] Propagate remote exception ('Error for the client') from 'forward exception' RPC cb back to Fafard:0
  [Fafard:client:(3)] [Rpc/INFO] Got the expected exception when calling the exception raising RPC
  [Fafard:client:(3)] [Rpc/INFO] Call the exception raising RPC on the forwarder (i=2)
  [Ginette:forwarder:(2)] [Rpc/INFO] Forward a request
  [Tremblay:server:(1)] [gras_msg/INFO] Propagate local exception ('Error for the client') from 'raise exception' RPC cb back to Ginette:4000
  [Ginette:forwarder:(2)] [gras_msg/INFO] Propagate remote exception ('Error for the client') from 'forward exception' RPC cb back to Fafard:0
  [Fafard:client:(3)] [Rpc/INFO] Got the expected exception when calling the exception raising RPC
  [Fafard:client:(3)] [Rpc/INFO] Call the exception raising RPC on the forwarder (i=3)
  [Ginette:forwarder:(2)] [Rpc/INFO] Forward a request
  [Tremblay:server:(1)] [gras_msg/INFO] Propagate local exception ('Error for the client') from 'raise exception' RPC cb back to Ginette:4000
  [Ginette:forwarder:(2)] [gras_msg/INFO] Propagate remote exception ('Error for the client') from 'forward exception' RPC cb back to Fafard:0
  [Fafard:client:(3)] [Rpc/INFO] Got the expected exception when calling the exception raising RPC
  [Fafard:client:(3)] [Rpc/INFO] Call the exception raising RPC on the forwarder (i=4)
  [Ginette:forwarder:(2)] [Rpc/INFO] Forward a request
  [Tremblay:server:(1)] [gras_msg/INFO] Propagate local exception ('Error for the client') from 'raise exception' RPC cb back to Ginette:4000
  [Ginette:forwarder:(2)] [gras_msg/INFO] Propagate remote exception ('Error for the client') from 'forward exception' RPC cb back to Fafard:0
  [Fafard:client:(3)] [Rpc/INFO] Got the expected exception when calling the exception raising RPC
  [Fafard:client:(3)] [Rpc/INFO] Ask Ginette:4000 to die
  [Fafard:client:(3)] [Rpc/INFO] Ask Tremblay:4000 to die
  [Ginette:forwarder:(2)] [Rpc/INFO] Asked to die by Fafard:0
  [Ginette:forwarder:(2)] [Rpc/INFO] Done.
  [Ginette:forwarder:(2)] [gras/INFO] Exiting GRAS
  [Fafard:client:(3)] [Rpc/INFO] Done.
  [Fafard:client:(3)] [gras/INFO] Exiting GRAS
  [Tremblay:server:(1)] [Rpc/INFO] Asked to die by Fafard:0
  [Tremblay:server:(1)] [Rpc/INFO] Done.
  [Tremblay:server:(1)] [gras/INFO] Exiting GRAS
[0.266979] run_context.c:667: [tesh/ERROR] Test suite `test_sg_32': NOK (&lt;test_sg_32:7&gt; output mismatch)
</Value>
			</Measurement>
		</Results>
	</Test>
	<Test Status="passed">
		<Name>gras-spawn-sg-32,</Name>
		<Path>.</Path>
		<FullName>./gras-spawn-sg-32,</FullName>
		<FullCommandLine>/home/navarrop/Developments/simgrid/tools/tesh/tesh --cd ../examples/gras/spawn test_sg_32</FullCommandLine>
		<Results>
			<NamedMeasurement type="numeric/double" name="Execution Time"><Value>0.05532</Value></NamedMeasurement>
			<NamedMeasurement type="text/string" name="Completion Status"><Value>Completed</Value></NamedMeasurement>
			<NamedMeasurement type="text/string" name="Command Line"><Value>/home/navarrop/Developments/simgrid/tools/tesh/tesh --cd ../examples/gras/spawn test_sg_32</Value></NamedMeasurement>
			<Measurement>
				<Value>[0.000006] [tesh/INFO] Change directory to ../examples/gras/spawn
[0.000033] [tesh/INFO] Test suite `test_sg_32'
[0.000066] [tesh/INFO] [test_sg_32:1] Runs the 'spawn' test within the simulator (simulation times valid for 32bits architectures)
[0.000075] [tesh/INFO] [test_sg_32:3] $SG_TEST_EXENV ./spawn_simulator${EXEEXT:=} ${srcdir:=.}/../../msg/small_platform.xml ${srcdir:=.}/spawn.xml
[0.037624] [tesh/INFO] Test suite `test_sg_32' OK
</Value>
			</Measurement>
		</Results>
	</Test>
	<Test Status="passed">
		<Name>gras-timer-sg-32,</Name>
		<Path>.</Path>
		<FullName>./gras-timer-sg-32,</FullName>
		<FullCommandLine>/home/navarrop/Developments/simgrid/tools/tesh/tesh --cd ../examples/gras/timer test_sg_32</FullCommandLine>
		<Results>
			<NamedMeasurement type="numeric/double" name="Execution Time"><Value>0.054136</Value></NamedMeasurement>
			<NamedMeasurement type="text/string" name="Completion Status"><Value>Completed</Value></NamedMeasurement>
			<NamedMeasurement type="text/string" name="Command Line"><Value>/home/navarrop/Developments/simgrid/tools/tesh/tesh --cd ../examples/gras/timer test_sg_32</Value></NamedMeasurement>
			<Measurement>
				<Value>[0.000007] [tesh/INFO] Change directory to ../examples/gras/timer
[0.000047] [tesh/INFO] Test suite `test_sg_32'
[0.000101] [tesh/INFO] [test_sg_32:2] $SG_TEST_EXENV ./timer_simulator$EXEEXT ${srcdir:=.}/../../msg/small_platform.xml ${srcdir:=.}/timer.xml
[0.019205] [tesh/INFO] Test suite `test_sg_32' OK
</Value>
			</Measurement>
		</Results>
	</Test>
	<Test Status="passed">
		<Name>gras-chrono-sg-32,</Name>
		<Path>.</Path>
		<FullName>./gras-chrono-sg-32,</FullName>
		<FullCommandLine>/home/navarrop/Developments/simgrid/tools/tesh/tesh --cd ../examples/gras/chrono test_sg_32</FullCommandLine>
		<Results>
			<NamedMeasurement type="numeric/double" name="Execution Time"><Value>0.0607202</Value></NamedMeasurement>
			<NamedMeasurement type="text/string" name="Completion Status"><Value>Completed</Value></NamedMeasurement>
			<NamedMeasurement type="text/string" name="Command Line"><Value>/home/navarrop/Developments/simgrid/tools/tesh/tesh --cd ../examples/gras/chrono test_sg_32</Value></NamedMeasurement>
			<Measurement>
				<Value>[0.000006] [tesh/INFO] Change directory to ../examples/gras/chrono
[0.000035] [tesh/INFO] Test suite `test_sg_32'
[0.000077] [tesh/INFO] [test_sg_32:3] $SG_TEST_EXENV ./chrono_simulator$EXEEXT ${srcdir:=.}/../../msg/small_platform.xml ${srcdir:=.}/chrono.xml
[0.042924] [tesh/INFO] Here is the (ignored) command output: 
||[Tremblay:multiplier:(1) 0.000000] [Chrono/INFO] Begin matrix multiplication loop (time: 0)
||[Tremblay:multiplier:(1) 0.019754] [Chrono/INFO] Iteration 0 : 0.0197544 
||[Tremblay:multiplier:(1) 0.039509] [Chrono/INFO] Iteration 1 : 0.0197544 
||[Tremblay:multiplier:(1) 0.059263] [Chrono/INFO] Iteration 2 : 0.0197544 
||[Tremblay:multiplier:(1) 0.079017] [Chrono/INFO] Iteration 3 : 0.0197544 
||[Tremblay:multiplier:(1) 0.079017] [Chrono/INFO] End matrix multiplication loop (time: 0.0790175; Duration: 0.0790175)
||[Tremblay:multiplier:(1) 0.079017] [Chrono/INFO] Begin malloc loop (time: 0.0790175)
||[Tremblay:multiplier:(1) 0.079023] [Chrono/INFO] Iteration 0 : 5.84679e-06 
||[Tremblay:multipl...
The rest of the test output was removed since it exceeds the threshold of 1024 characters.
</Value>
			</Measurement>
		</Results>
	</Test>
	<Test Status="passed">
		<Name>gras-simple_token-sg-32,</Name>
		<Path>.</Path>
		<FullName>./gras-simple_token-sg-32,</FullName>
		<FullCommandLine>/home/navarrop/Developments/simgrid/tools/tesh/tesh --cd ../examples/gras/mutual_exclusion/simple_token test_sg_32</FullCommandLine>
		<Results>
			<NamedMeasurement type="numeric/double" name="Execution Time"><Value>0.0555031</Value></NamedMeasurement>
			<NamedMeasurement type="text/string" name="Completion Status"><Value>Completed</Value></NamedMeasurement>
			<NamedMeasurement type="text/string" name="Command Line"><Value>/home/navarrop/Developments/simgrid/tools/tesh/tesh --cd ../examples/gras/mutual_exclusion/simple_token test_sg_32</Value></NamedMeasurement>
			<Measurement>
				<Value>[0.000005] [tesh/INFO] Change directory to ../examples/gras/mutual_exclusion/simple_token
[0.000033] [tesh/INFO] Test suite `test_sg_32'
[0.000069] [tesh/INFO] [test_sg_32:1] $SG_TEST_EXENV ./simple_token_simulator$EXEEXT ${srcdir:=.}/../../../msg/small_platform.xml ${srcdir:=.}/simple_token.xml
[0.020468] [tesh/INFO] Test suite `test_sg_32' OK
</Value>
			</Measurement>
		</Results>
	</Test>
	<Test Status="failed">
		<Name>gras-mmrpc-sg-32,</Name>
		<Path>.</Path>
		<FullName>./gras-mmrpc-sg-32,</FullName>
		<FullCommandLine>/home/navarrop/Developments/simgrid/tools/tesh/tesh --cd ../examples/gras/mmrpc test_sg_32</FullCommandLine>
		<Results>
			<NamedMeasurement type="text/string" name="Exit Code"><Value>Failed</Value></NamedMeasurement>
			<NamedMeasurement type="text/string" name="Exit Value"><Value>2</Value></NamedMeasurement>
			<NamedMeasurement type="numeric/double" name="Execution Time"><Value>0.120772</Value></NamedMeasurement>
			<NamedMeasurement type="text/string" name="Completion Status"><Value>Completed</Value></NamedMeasurement>
			<NamedMeasurement type="text/string" name="Command Line"><Value>/home/navarrop/Developments/simgrid/tools/tesh/tesh --cd ../examples/gras/mmrpc test_sg_32</Value></NamedMeasurement>
			<Measurement>
				<Value>[0.000014] [tesh/INFO] Change directory to ../examples/gras/mmrpc
[0.000090] [tesh/INFO] Test suite `test_sg_32'
[0.000195] [tesh/INFO] [test_sg_32:1] $SG_TEST_EXENV ./mmrpc_simulator$EXEEXT ${srcdir:=.}/../../msg/small_platform.xml ${srcdir:=.}/mmrpc.xml
[0.079668] run_context.c:663: [tesh/ERROR] Output of &lt;test_sg_32:1&gt; mismatch:
  [Tremblay:server:(1) 0.000000] [MatMult/INFO] Launch server (port=4000)
  [Fafard:client:(2) 0.000000] [MatMult/INFO] Launch client (server on Tremblay:4000)
  [Fafard:client:(2) 0.000156] [MatMult/INFO] Connected to Tremblay:4000.
  [Fafard:client:(2) 0.000156] [MatMult/INFO] &gt;&gt;&gt;&gt;&gt;&gt;&gt;&gt; Connected to server which is on Tremblay:4000 &lt;&lt;&lt;&lt;&lt;&lt;&lt;&lt;
- [Fafard:client:(2) 0.072513] [MatMult/INFO] &gt;&gt;&gt;&gt;&gt;&gt;&gt;&gt; Request sent to Tremblay:4000 &lt;&lt;&lt;&lt;&lt;&lt;&lt;&lt;
- [Tremblay:server:(1) 0.118967] [gras/INFO] Exiting GRAS
- [Fafard:client:(2) 0.118967] [MatMult/INFO] &gt;&gt;&gt;&gt;&gt;&gt;&gt;&gt; Got answer from Tremblay:4000 (values are right) &lt;&lt;&lt;&lt;&lt;&lt;&lt;&lt;
- [Fafard:client:(2) 0.118967] [gras/INFO] Exiting GRAS
+ [Fafard:client:(2) 0.072516] [MatMult/INFO] &gt;&gt;&gt;&gt;&gt;&gt;&gt;&gt; Request sent to Tremblay:4000 &lt;&lt;&lt;&lt;&lt;&lt;&lt;&lt;
+ [Tremblay:server:(1) 0.118972] [gras/INFO] Exiting GRAS
+ [Fafard:client:(2) 0.118972] [MatMult/INFO] &gt;&gt;&gt;&gt;&gt;&gt;&gt;&gt; Got answer from Tremblay:4000 (values are right) &lt;&lt;&lt;&lt;&lt;&lt;&lt;&lt;
+ [Fafard:client:(2) 0.118972] [gras/INFO] Exiting GRAS
[0.079681] run_context.c:667: [tesh/ERROR] Test suite `test_sg_32': NOK (&lt;test_sg_32:1&gt; output mismatch)
</Value>
			</Measurement>
		</Results>
	</Test>
	<Test Status="passed">
		<Name>gras-all2all-sg-32,</Name>
		<Path>.</Path>
		<FullName>./gras-all2all-sg-32,</FullName>
		<FullCommandLine>/home/navarrop/Developments/simgrid/tools/tesh/tesh --cd ../examples/gras/all2all test_sg_32</FullCommandLine>
		<Results>
			<NamedMeasurement type="numeric/double" name="Execution Time"><Value>0.0727401</Value></NamedMeasurement>
			<NamedMeasurement type="text/string" name="Completion Status"><Value>Completed</Value></NamedMeasurement>
			<NamedMeasurement type="text/string" name="Command Line"><Value>/home/navarrop/Developments/simgrid/tools/tesh/tesh --cd ../examples/gras/all2all test_sg_32</Value></NamedMeasurement>
			<Measurement>
				<Value>[0.000005] [tesh/INFO] Change directory to ../examples/gras/all2all
[0.000034] [tesh/INFO] Test suite `test_sg_32'
[0.000072] [tesh/INFO] [test_sg_32:1] $SG_TEST_EXENV ./all2all_simulator$EXEEXT ${srcdir:=.}/../../msg/small_platform.xml ${srcdir:=.}/all2all.xml
[0.025129] [tesh/INFO] Test suite `test_sg_32' OK
</Value>
			</Measurement>
		</Results>
	</Test>
	<Test Status="failed">
		<Name>gras-pmm-sg-32,</Name>
		<Path>.</Path>
		<FullName>./gras-pmm-sg-32,</FullName>
		<FullCommandLine>/home/navarrop/Developments/simgrid/tools/tesh/tesh --cd ../examples/gras/pmm test_sg_32</FullCommandLine>
		<Results>
			<NamedMeasurement type="text/string" name="Exit Code"><Value>Failed</Value></NamedMeasurement>
			<NamedMeasurement type="text/string" name="Exit Value"><Value>2</Value></NamedMeasurement>
			<NamedMeasurement type="numeric/double" name="Execution Time"><Value>0.188939</Value></NamedMeasurement>
			<NamedMeasurement type="text/string" name="Completion Status"><Value>Completed</Value></NamedMeasurement>
			<NamedMeasurement type="text/string" name="Command Line"><Value>/home/navarrop/Developments/simgrid/tools/tesh/tesh --cd ../examples/gras/pmm test_sg_32</Value></NamedMeasurement>
			<Measurement>
				<Value>[0.000006] [tesh/INFO] Change directory to ../examples/gras/pmm
[0.000033] [tesh/INFO] Test suite `test_sg_32'
[0.000069] [tesh/INFO] [test_sg_32:1] $SG_TEST_EXENV ./pmm_simulator$EXEEXT ${srcdir:=.}/../../msg/msg_platform.xml ${srcdir:=.}/pmm.xml
[0.171961] run_context.c:603: [tesh/ERROR] Test suite `test_sg_32': NOK (&lt;test_sg_32:1&gt; got signal SIGSEGV)
[0.172520] run_context.c:663: [tesh/ERROR] Output of &lt;test_sg_32:1&gt; mismatch:
- [Jacquelin:master:(1) 0.000000] [pmm/INFO] Wait for peers for 5 sec
- [Boivin:slave:(2) 0.000000] [pmm/INFO] Sensor 0 starting
- [Jean_Yves:slave:(3) 0.000000] [pmm/INFO] Sensor 1 starting
- [TeX:slave:(4) 0.000000] [pmm/INFO] Sensor 2 starting
- [Geoff:slave:(5) 0.000000] [pmm/INFO] Sensor 3 starting
- [Disney:slave:(6) 0.000000] [pmm/INFO] Sensor 4 starting
- [iRMX:slave:(7) 0.000000] [pmm/INFO] Sensor 5 starting
- [McGee:slave:(8) 0.000000] [pmm/INFO] Sensor 6 starting
- [Gatien:slave:(9) 0.000000] [pmm/INFO] Sensor 7 starting
+ [Jacquelin:master:(1) 0.000000] [pmm/INFO] Wait for peers for 5 sec
  [Laroche:slave:(10) 0.000000] [pmm/INFO] Sensor 8 starting
+ [Gatien:slave:(9) 0.000000] [pmm/INFO] Sensor 7 starting
+ [McGee:slave:(8) 0.000000] [pmm/INFO] Sensor 6 starting
+ [iRMX:slave:(7) 0.000000] [pmm/INFO] Sensor 5 starting
+ [Disney:slave:(6) 0.000000] [pmm/INFO] Sensor 4 starting
+ [Geoff:slave:(5) 0.000000] [pmm/INFO] Sensor 3 starting
+ [TeX:slave:(4) 0.000000] [pmm/INFO] Sensor 2 starting
+ [Jean_Yves:slave:(3) 0.000000] [pmm/INFO] Sensor 1 starting
+ [Boivin:slave:(2) 0.000000] [pmm/INFO] Sensor 0 starting
  [Jacquelin:master:(1) 5.000000] [pmm/INFO] Got 9 pals
- [Jacquelin:master:(1) 5.000135] [pmm/INFO] XXXXXXXXXXXXXXXXXXXXXX begin Multiplication
- [Boivin:slave:(2) 6.086061] [pmm/INFO] Receive my pos (0,0) and assignment
- [Boivin:slave:(2) 6.086121] [pmm/INFO] LINE: step(0) = Myline(0). Broadcast my data.
- [Boivin:slave:(2) 6.086121] [pmm/INFO] LINE:   Send to Geoff
- [Jean_Yves:slave:(3) 6.161839] [pmm/INFO] Receive my pos (0,1) and assignment
- [Jean_Yves:slave:(3) 6.161899] [pmm/INFO] LINE: step(0) = Myline(0). Broadcast my data.
- [Jean_Yves:slave:(3) 6.161899] [pmm/INFO] LINE:   Send to Disney
- [Boivin:slave:(2) 6.168770] [pmm/INFO] LINE:   Send to McGee
- [Boivin:slave:(2) 6.177071] [pmm/INFO] ROW: step(0)=myrow(0). Broadcast my data.
- [Boivin:slave:(2) 6.177071] [pmm/INFO] ROW:   Send to Jean_Yves
- [TeX:slave:(4) 6.310384] [pmm/INFO] Receive my pos (0,2) and assignment
- [TeX:slave:(4) 6.310444] [pmm/INFO] LINE: step(0) = Myline(0). Broadcast my data.
- [TeX:slave:(4) 6.310444] [pmm/INFO] LINE:   Send to iRMX
- [Geoff:slave:(5) 6.311049] [pmm/INFO] Receive my pos (1,0) and assignment
- [Geoff:slave:(5) 6.311109] [pmm/INFO] LINE: step(0) &lt;&gt; Myline(1). Receive data from Boivin
- [Geoff:slave:(5) 6.311109] [pmm/INFO] ROW: step(0)=myrow(0). Broadcast my data.
- [Geoff:slave:(5) 6.311109] [pmm/INFO] ROW:   Send to Disney
- [Boivin:slave:(2) 6.331800] [pmm/INFO] ROW:   Send to TeX
- [Jean_Yves:slave:(3) 6.377981] [pmm/INFO] LINE:   Send to Gatien
- [Disney:slave:(6) 6.460464] [pmm/INFO] Receive my pos (1,1) and assignment
- [Geoff:slave:(5) 6.521984] [pmm/INFO] ROW:   Send to iRMX
- [Disney:slave:(6) 6.522044] [pmm/INFO] LINE: step(0) &lt;&gt; Myline(1). Receive data from Jean_Yves
- [Disney:slave:(6) 6.522044] [pmm/INFO] ROW: step(0)&lt;&gt;myrow(1). Receive data from Geoff
- [Disney:slave:(6) 6.522044] [pmm/INFO] LINE: step(1) = Myline(1). Broadcast my data.
- [Disney:slave:(6) 6.522044] [pmm/INFO] LINE:   Send to Jean_Yves
- [Jean_Yves:slave:(3) 6.550575] [pmm/INFO] ROW: step(0)&lt;&gt;myrow(1). Receive data from Boivin
- [TeX:slave:(4) 6.563291] [pmm/INFO] LINE:   Send to Laroche
- [iRMX:slave:(7) 6.709782] [pmm/INFO] Receive my pos (1,2) and assignment
- [TeX:slave:(4) 6.717690] [pmm/INFO] ROW: step(0)&lt;&gt;myrow(2). Receive data from Boivin
- [Disney:slave:(6) 6.738127] [pmm/INFO] LINE:   Send to Gatien
- [Jean_Yves:slave:(3) 6.738127] [pmm/INFO] LINE: step(1) &lt;&gt; Myline(0). Receive data from Disney
- [Jean_Yves:slave:(3) 6.738127] [pmm/INFO] ROW: step(1)=myrow(1). Broadcast my data.
- [Jean_Yves:slave:(3) 6.738127] [pmm/INFO] ROW:   Send to Boivin
- [McGee:slave:(8) 6.782571] [pmm/INFO] Receive my pos (2,0) and assignment
- [McGee:slave:(8) 6.782631] [pmm/INFO] LINE: step(0) &lt;&gt; Myline(2). Receive data from Boivin
- [McGee:slave:(8) 6.782631] [pmm/INFO] ROW: step(0)=myrow(0). Broadcast my data.
- [McGee:slave:(8) 6.782631] [pmm/INFO] ROW:   Send to Gatien
- [Geoff:slave:(5) 6.803928] [pmm/INFO] LINE: step(1) = Myline(1). Broadcast my data.
- [Geoff:slave:(5) 6.803928] [pmm/INFO] LINE:   Send to Boivin
- [iRMX:slave:(7) 6.803988] [pmm/INFO] LINE: step(0) &lt;&gt; Myline(1). Receive data from TeX
- [iRMX:slave:(7) 6.803988] [pmm/INFO] ROW: step(0)&lt;&gt;myrow(2). Receive data from Geoff
- [iRMX:slave:(7) 6.803988] [pmm/INFO] LINE: step(1) = Myline(1). Broadcast my data.
- [iRMX:slave:(7) 6.803988] [pmm/INFO] LINE:   Send to TeX
- [Disney:slave:(6) 6.845139] [pmm/INFO] ROW: step(1)=myrow(1). Broadcast my data.
- [Disney:slave:(6) 6.845139] [pmm/INFO] ROW:   Send to Geoff
- [McGee:slave:(8) 6.876778] [pmm/INFO] ROW:   Send to Laroche
- [Gatien:slave:(9) 6.887024] [pmm/INFO] Receive my pos (2,1) and assignment
- [Gatien:slave:(9) 6.887084] [pmm/INFO] LINE: step(0) &lt;&gt; Myline(2). Receive data from Jean_Yves
- [Gatien:slave:(9) 6.887084] [pmm/INFO] ROW: step(0)&lt;&gt;myrow(1). Receive data from McGee
- [Gatien:slave:(9) 6.887084] [pmm/INFO] LINE: step(1) &lt;&gt; Myline(2). Receive data from Disney
- [Gatien:slave:(9) 6.887084] [pmm/INFO] ROW: step(1)=myrow(1). Broadcast my data.
- [Gatien:slave:(9) 6.887084] [pmm/INFO] ROW:   Send to McGee
- [Jean_Yves:slave:(3) 6.892856] [pmm/INFO] ROW:   Send to TeX
- [Gatien:slave:(9) 6.918722] [pmm/INFO] ROW:   Send to Laroche
- [Geoff:slave:(5) 6.975505] [pmm/INFO] LINE:   Send to McGee
- [Boivin:slave:(2) 6.975505] [pmm/INFO] LINE: step(1) &lt;&gt; Myline(0). Receive data from Geoff
- [Boivin:slave:(2) 6.975505] [pmm/INFO] ROW: step(1)&lt;&gt;myrow(0). Receive data from Jean_Yves
- [Disney:slave:(6) 6.989142] [pmm/INFO] ROW:   Send to iRMX
- [Laroche:slave:(10) 7.034480] [pmm/INFO] Receive my pos (2,2) and assignment
- [Geoff:slave:(5) 7.045440] [pmm/INFO] ROW: step(1)&lt;&gt;myrow(0). Receive data from Disney
- [McGee:slave:(8) 7.045440] [pmm/INFO] LINE: step(1) &lt;&gt; Myline(2). Receive data from Geoff
- [McGee:slave:(8) 7.045440] [pmm/INFO] ROW: step(1)&lt;&gt;myrow(0). Receive data from Gatien
- [McGee:slave:(8) 7.045440] [pmm/INFO] LINE: step(2) = Myline(2). Broadcast my data.
- [McGee:slave:(8) 7.045440] [pmm/INFO] LINE:   Send to Boivin
- [McGee:slave:(8) 7.053739] [pmm/INFO] LINE:   Send to Geoff
- [Boivin:slave:(2) 7.053739] [pmm/INFO] LINE: step(2) &lt;&gt; Myline(0). Receive data from McGee
- [Gatien:slave:(9) 7.056597] [pmm/INFO] LINE: step(2) = Myline(2). Broadcast my data.
- [Gatien:slave:(9) 7.056597] [pmm/INFO] LINE:   Send to Jean_Yves
- [Laroche:slave:(10) 7.056657] [pmm/INFO] LINE: step(0) &lt;&gt; Myline(2). Receive data from TeX
- [Laroche:slave:(10) 7.056657] [pmm/INFO] ROW: step(0)&lt;&gt;myrow(2). Receive data from McGee
- [iRMX:slave:(7) 7.056835] [pmm/INFO] LINE:   Send to Laroche
- [TeX:slave:(4) 7.056835] [pmm/INFO] LINE: step(1) &lt;&gt; Myline(0). Receive data from iRMX
- [Geoff:slave:(5) 7.123674] [pmm/INFO] LINE: step(2) &lt;&gt; Myline(1). Receive data from McGee
- [Laroche:slave:(10) 7.155604] [pmm/INFO] LINE: step(1) &lt;&gt; Myline(2). Receive data from iRMX
- [Laroche:slave:(10) 7.155604] [pmm/INFO] ROW: step(1)&lt;&gt;myrow(2). Receive data from Gatien
- [Laroche:slave:(10) 7.155604] [pmm/INFO] LINE: step(2) = Myline(2). Broadcast my data.
- [Laroche:slave:(10) 7.155604] [pmm/INFO] LINE:   Send to TeX
- [Gatien:slave:(9) 7.229191] [pmm/INFO] LINE:   Send to Disney
- [iRMX:slave:(7) 7.242856] [pmm/INFO] ROW: step(1)&lt;&gt;myrow(2). Receive data from Disney
- [Jean_Yves:slave:(3) 7.272050] [pmm/INFO] LINE: step(2) &lt;&gt; Myline(0). Receive data from Gatien
- [TeX:slave:(4) 7.272050] [pmm/INFO] ROW: step(1)&lt;&gt;myrow(2). Receive data from Jean_Yves
- [Disney:slave:(6) 7.336204] [pmm/INFO] LINE: step(2) &lt;&gt; Myline(1). Receive data from Gatien
- [Laroche:slave:(10) 7.426450] [pmm/INFO] LINE:   Send to iRMX
- [TeX:slave:(4) 7.426450] [pmm/INFO] LINE: step(2) &lt;&gt; Myline(0). Receive data from Laroche
- [TeX:slave:(4) 7.426450] [pmm/INFO] ROW: step(2)=myrow(2). Broadcast my data.
- [TeX:slave:(4) 7.426450] [pmm/INFO] ROW:   Send to Boivin
- [TeX:slave:(4) 7.515791] [pmm/INFO] ROW:   Send to Jean_Yves
- [Boivin:slave:(2) 7.515791] [pmm/INFO] ROW: step(2)&lt;&gt;myrow(0). Receive data from TeX
- [Laroche:slave:(10) 7.525219] [pmm/INFO] ROW: step(2)=myrow(2). Broadcast my data.
- [Laroche:slave:(10) 7.525219] [pmm/INFO] ROW:   Send to McGee
- [iRMX:slave:(7) 7.525219] [pmm/INFO] LINE: step(2) &lt;&gt; Myline(1). Receive data from Laroche
- [iRMX:slave:(7) 7.525219] [pmm/INFO] ROW: step(2)=myrow(2). Broadcast my data.
- [iRMX:slave:(7) 7.525219] [pmm/INFO] ROW:   Send to Geoff
- [Boivin:slave:(2) 7.598928] [pmm/INFO] &gt;&gt;&gt;&gt;&gt;&gt;&gt;&gt; Result sent to Jacquelin:4242 &lt;&lt;&lt;&lt;&lt;&lt;&lt;&lt;
- [Laroche:slave:(10) 7.599840] [pmm/INFO] ROW:   Send to Gatien
- [McGee:slave:(8) 7.599840] [pmm/INFO] ROW: step(2)&lt;&gt;myrow(0). Receive data from Laroche
- [McGee:slave:(8) 7.670253] [pmm/INFO] &gt;&gt;&gt;&gt;&gt;&gt;&gt;&gt; Result sent to Jacquelin:4242 &lt;&lt;&lt;&lt;&lt;&lt;&lt;&lt;
- [Gatien:slave:(9) 7.705039] [pmm/INFO] ROW: step(2)&lt;&gt;myrow(1). Receive data from Laroche
- [Jean_Yves:slave:(3) 7.731006] [pmm/INFO] ROW: step(2)&lt;&gt;myrow(1). Receive data from TeX
- [iRMX:slave:(7) 7.765856] [pmm/INFO] ROW:   Send to Disney
- [Geoff:slave:(5) 7.765856] [pmm/INFO] ROW: step(2)&lt;&gt;myrow(0). Receive data from iRMX
- [Laroche:slave:(10) 7.847761] [pmm/INFO] &gt;&gt;&gt;&gt;&gt;&gt;&gt;&gt; Result sent to Jacquelin:4242 &lt;&lt;&lt;&lt;&lt;&lt;&lt;&lt;
- [Gatien:slave:(9) 7.948776] [pmm/INFO] &gt;&gt;&gt;&gt;&gt;&gt;&gt;&gt; Result sent to Jacquelin:4242 &lt;&lt;&lt;&lt;&lt;&lt;&lt;&lt;
- [Disney:slave:(6) 8.019570] [pmm/INFO] ROW: step(2)&lt;&gt;myrow(1). Receive data from iRMX
- [TeX:slave:(4) 8.092445] [pmm/INFO] &gt;&gt;&gt;&gt;&gt;&gt;&gt;&gt; Result sent to Jacquelin:4242 &lt;&lt;&lt;&lt;&lt;&lt;&lt;&lt;
- [Jean_Yves:slave:(3) 8.165770] [pmm/INFO] &gt;&gt;&gt;&gt;&gt;&gt;&gt;&gt; Result sent to Jacquelin:4242 &lt;&lt;&lt;&lt;&lt;&lt;&lt;&lt;
- [Geoff:slave:(5) 8.166301] [pmm/INFO] &gt;&gt;&gt;&gt;&gt;&gt;&gt;&gt; Result sent to Jacquelin:4242 &lt;&lt;&lt;&lt;&lt;&lt;&lt;&lt;
- [iRMX:slave:(7) 8.407548] [pmm/INFO] &gt;&gt;&gt;&gt;&gt;&gt;&gt;&gt; Result sent to Jacquelin:4242 &lt;&lt;&lt;&lt;&lt;&lt;&lt;&lt;
- [Disney:slave:(6) 8.552085] [pmm/INFO] &gt;&gt;&gt;&gt;&gt;&gt;&gt;&gt; Result sent to Jacquelin:4242 &lt;&lt;&lt;&lt;&lt;&lt;&lt;&lt;
- [Jacquelin:master:(1) 8.552085] [pmm/INFO] The Result of Multiplication is :
- &gt;&gt;&gt; Matrix C:res dump (18 x 18)
-    0.00 18.00 36.00 54.00 72.00 90.00 108.00 126.00 144.00 162.00 180.00 198.00 216.00 234.00 252.00 270.00 288.00 306.00
-    1.00 19.00 37.00 55.00 73.00 91.00 109.00 127.00 145.00 163.00 181.00 199.00 217.00 235.00 253.00 271.00 289.00 307.00
-    2.00 20.00 38.00 56.00 74.00 92.00 110.00 128.00 146.00 164.00 182.00 200.00 218.00 236.00 254.00 272.00 290.00 308.00
-    3.00 21.00 39.00 57.00 75.00 93.00 111.00 129.00 147.00 165.00 183.00 201.00 219.00 237.00 255.00 273.00 291.00 309.00
-    4.00 22.00 40.00 58.00 76.00 94.00 112.00 130.00 148.00 166.00 184.00 202.00 220.00 238.00 256.00 274.00 292.00 310.00
-    5.00 23.00 41.00 59.00 77.00 95.00 113.00 131.00 149.00 167.00 185.00 203.00 221.00 239.00 257.00 275.00 293.00 311.00
-    6.00 24.00 42.00 60.00 78.00 96.00 114.00 132.00 150.00 168.00 186.00 204.00 222.00 240.00 258.00 276.00 294.00 312.00
-    7.00 25.00 43.00 61.00 79.00 97.00 115.00 133.00 151.00 169.00 187.00 205.00 223.00 241.00 259.00 277.00 295.00 313.00
-    8.00 26.00 44.00 62.00 80.00 98.00 116.00 134.00 152.00 170.00 188.00 206.00 224.00 242.00 260.00 278.00 296.00 314.00
-    9.00 27.00 45.00 63.00 81.00 99.00 117.00 135.00 153.00 171.00 189.00 207.00 225.00 243.00 261.00 279.00 297.00 315.00
-    10.00 28.00 46.00 64.00 82.00 100.00 118.00 136.00 154.00 172.00 190.00 208.00 226.00 244.00 262.00 280.00 298.00 316.00
-    11.00 29.00 47.00 65.00 83.00 101.00 119.00 137.00 155.00 173.00 191.00 209.00 227.00 245.00 263.00 281.00 299.00 317.00
-    12.00 30.00 48.00 66.00 84.00 102.00 120.00 138.00 156.00 174.00 192.00 210.00 228.00 246.00 264.00 282.00 300.00 318.00
-    13.00 31.00 49.00 67.00 85.00 103.00 121.00 139.00 157.00 175.00 193.00 211.00 229.00 247.00 265.00 283.00 301.00 319.00
-    14.00 32.00 50.00 68.00 86.00 104.00 122.00 140.00 158.00 176.00 194.00 212.00 230.00 248.00 266.00 284.00 302.00 320.00
-    15.00 33.00 51.00 69.00 87.00 105.00 123.00 141.00 159.00 177.00 195.00 213.00 231.00 249.00 267.00 285.00 303.00 321.00
-    16.00 34.00 52.00 70.00 88.00 106.00 124.00 142.00 160.00 178.00 196.00 214.00 232.00 250.00 268.00 286.00 304.00 322.00
-    17.00 35.00 53.00 71.00 89.00 107.00 125.00 143.00 161.00 179.00 197.00 215.00 233.00 251.00 269.00 287.00 305.00 323.00
- &lt;&lt;&lt; end_of_matrix C:res dump
- [Boivin:slave:(2) 8.632721] [gras/INFO] Exiting GRAS
- [Jean_Yves:slave:(3) 8.703842] [gras/INFO] Exiting GRAS
- [TeX:slave:(4) 8.843180] [gras/INFO] Exiting GRAS
- [Geoff:slave:(5) 8.843605] [gras/INFO] Exiting GRAS
- [Disney:slave:(6) 8.983785] [gras/INFO] Exiting GRAS
- [iRMX:slave:(7) 9.217747] [gras/INFO] Exiting GRAS
- [McGee:slave:(8) 9.286044] [gras/INFO] Exiting GRAS
- [Gatien:slave:(9) 9.384018] [gras/INFO] Exiting GRAS
- [Jacquelin:master:(1) 9.522437] [gras/INFO] Exiting GRAS
- [Laroche:slave:(10) 9.522437] [gras/INFO] Exiting GRAS
[0.172582] run_context.c:667: [tesh/ERROR] Test suite `test_sg_32': NOK (&lt;test_sg_32:1&gt; output mismatch)
</Value>
			</Measurement>
		</Results>
	</Test>
	<Test Status="failed">
		<Name>gras-synchro-sg-32,</Name>
		<Path>.</Path>
		<FullName>./gras-synchro-sg-32,</FullName>
		<FullCommandLine>/home/navarrop/Developments/simgrid/tools/tesh/tesh --cd ../examples/gras/synchro test_sg_32</FullCommandLine>
		<Results>
			<NamedMeasurement type="text/string" name="Exit Code"><Value>Failed</Value></NamedMeasurement>
			<NamedMeasurement type="text/string" name="Exit Value"><Value>2</Value></NamedMeasurement>
			<NamedMeasurement type="numeric/double" name="Execution Time"><Value>0.05598</Value></NamedMeasurement>
			<NamedMeasurement type="text/string" name="Completion Status"><Value>Completed</Value></NamedMeasurement>
			<NamedMeasurement type="text/string" name="Command Line"><Value>/home/navarrop/Developments/simgrid/tools/tesh/tesh --cd ../examples/gras/synchro test_sg_32</Value></NamedMeasurement>
			<Measurement>
				<Value>[0.000006] [tesh/INFO] Change directory to ../examples/gras/synchro
[0.000034] [tesh/INFO] Test suite `test_sg_32'
[0.000068] [tesh/INFO] [test_sg_32:1] Runs the 'philosopher' test within the simulator
[0.000078] [tesh/INFO] [test_sg_32:3] $SG_TEST_EXENV ./synchro_simulator${EXEEXT:=} ${srcdir:=.}/../../msg/small_platform.xml ${srcdir:=.}/synchro.xml
[0.039102] run_context.c:663: [tesh/ERROR] Output of &lt;test_sg_32:3&gt; mismatch:
  [Tremblay:philosopher:(1) 0.000000] [philo/INFO] Spawn the 5 threads (10 lunches scheduled)
  [Tremblay:thread 0:(1) 0.000000] [philo/INFO] Thread 0 gets hungry (lunch #0)
  [Tremblay:thread 0:(1) 0.000000] [philo/INFO] Thread 0 eats
  [Tremblay:thread 1:(1) 0.000000] [philo/INFO] Thread 1 gets hungry (lunch #0)
  [Tremblay:thread 2:(1) 0.000000] [philo/INFO] Thread 2 gets hungry (lunch #0)
  [Tremblay:thread 2:(1) 0.000000] [philo/INFO] Thread 2 eats
  [Tremblay:thread 3:(1) 0.000000] [philo/INFO] Thread 3 gets hungry (lunch #0)
  [Tremblay:thread 4:(1) 0.000000] [philo/INFO] Thread 4 gets hungry (lunch #0)
  [Tremblay:thread 0:(1) 0.000000] [philo/INFO] Thread 0 is full
  [Tremblay:thread 0:(1) 0.000000] [philo/INFO] Thread 0 thinks
  [Tremblay:thread 4:(1) 0.000000] [philo/INFO] Thread 4 eats
  [Tremblay:thread 0:(1) 0.000000] [philo/INFO] Thread 0 gets hungry (lunch #1)
  [Tremblay:thread 2:(1) 0.020000] [philo/INFO] Thread 2 is full
  [Tremblay:thread 2:(1) 0.020000] [philo/INFO] Thread 2 thinks
  [Tremblay:thread 1:(1) 0.020000] [philo/INFO] Thread 1 eats
  [Tremblay:thread 1:(1) 0.030000] [philo/INFO] Thread 1 is full
  [Tremblay:thread 1:(1) 0.030000] [philo/INFO] Thread 1 thinks
  [Tremblay:thread 4:(1) 0.040000] [philo/INFO] Thread 4 is full
  [Tremblay:thread 4:(1) 0.040000] [philo/INFO] Thread 4 thinks
  [Tremblay:thread 1:(1) 0.040000] [philo/INFO] Thread 1 gets hungry (lunch #1)
  [Tremblay:thread 1:(1) 0.040000] [philo/INFO] Thread 1 eats
  [Tremblay:thread 2:(1) 0.040000] [philo/INFO] Thread 2 gets hungry (lunch #1)
  [Tremblay:thread 3:(1) 0.040000] [philo/INFO] Thread 3 eats
  [Tremblay:thread 1:(1) 0.050000] [philo/INFO] Thread 1 is full
  [Tremblay:thread 1:(1) 0.050000] [philo/INFO] Thread 1 thinks
  [Tremblay:thread 0:(1) 0.050000] [philo/INFO] Thread 0 eats
  [Tremblay:thread 0:(1) 0.050000] [philo/INFO] Thread 0 is full
  [Tremblay:thread 0:(1) 0.050000] [philo/INFO] Thread 0 thinks
  [Tremblay:thread 0:(1) 0.050000] [philo/INFO] Thread 0 gets hungry (lunch #2)
  [Tremblay:thread 0:(1) 0.050000] [philo/INFO] Thread 0 eats
  [Tremblay:thread 0:(1) 0.050000] [philo/INFO] Thread 0 is full
  [Tremblay:thread 0:(1) 0.050000] [philo/INFO] Thread 0 thinks
  [Tremblay:thread 0:(1) 0.050000] [philo/INFO] Thread 0 gets hungry (lunch #3)
  [Tremblay:thread 0:(1) 0.050000] [philo/INFO] Thread 0 eats
  [Tremblay:thread 0:(1) 0.050000] [philo/INFO] Thread 0 is full
  [Tremblay:thread 0:(1) 0.050000] [philo/INFO] Thread 0 thinks
  [Tremblay:thread 0:(1) 0.050000] [philo/INFO] Thread 0 gets hungry (lunch #4)
  [Tremblay:thread 0:(1) 0.050000] [philo/INFO] Thread 0 eats
  [Tremblay:thread 0:(1) 0.050000] [philo/INFO] Thread 0 is full
  [Tremblay:thread 0:(1) 0.050000] [philo/INFO] Thread 0 thinks
  [Tremblay:thread 0:(1) 0.050000] [philo/INFO] Thread 0 gets hungry (lunch #5)
  [Tremblay:thread 0:(1) 0.050000] [philo/INFO] Thread 0 eats
  [Tremblay:thread 0:(1) 0.050000] [philo/INFO] Thread 0 is full
  [Tremblay:thread 0:(1) 0.050000] [philo/INFO] Thread 0 thinks
  [Tremblay:thread 0:(1) 0.050000] [philo/INFO] Thread 0 gets hungry (lunch #6)
  [Tremblay:thread 0:(1) 0.050000] [philo/INFO] Thread 0 eats
  [Tremblay:thread 0:(1) 0.050000] [philo/INFO] Thread 0 is full
  [Tremblay:thread 0:(1) 0.050000] [philo/INFO] Thread 0 thinks
  [Tremblay:thread 0:(1) 0.050000] [philo/INFO] Thread 0 gets hungry (lunch #7)
  [Tremblay:thread 0:(1) 0.050000] [philo/INFO] Thread 0 eats
  [Tremblay:thread 0:(1) 0.050000] [philo/INFO] Thread 0 is full
  [Tremblay:thread 0:(1) 0.050000] [philo/INFO] Thread 0 thinks
  [Tremblay:thread 0:(1) 0.050000] [philo/INFO] Thread 0 gets hungry (lunch #8)
  [Tremblay:thread 0:(1) 0.050000] [philo/INFO] Thread 0 eats
  [Tremblay:thread 0:(1) 0.050000] [philo/INFO] Thread 0 is full
  [Tremblay:thread 0:(1) 0.050000] [philo/INFO] Thread 0 thinks
  [Tremblay:thread 0:(1) 0.050000] [philo/INFO] Thread 0 gets hungry (lunch #9)
  [Tremblay:thread 0:(1) 0.050000] [philo/INFO] Thread 0 eats
  [Tremblay:thread 0:(1) 0.050000] [philo/INFO] Thread 0 is full
  [Tremblay:thread 0:(1) 0.050000] [philo/INFO] Thread 0 thinks
  [Tremblay:thread 0:(1) 0.050000] [philo/INFO] Thread 0 tries to enter the dead-end; hopefully, the master will cancel it
  [Tremblay:thread 1:(1) 0.060000] [philo/INFO] Thread 1 gets hungry (lunch #2)
  [Tremblay:thread 1:(1) 0.060000] [philo/INFO] Thread 1 eats
  [Tremblay:thread 3:(1) 0.070000] [philo/INFO] Thread 3 is full
  [Tremblay:thread 3:(1) 0.070000] [philo/INFO] Thread 3 thinks
  [Tremblay:thread 1:(1) 0.070000] [philo/INFO] Thread 1 is full
  [Tremblay:thread 1:(1) 0.070000] [philo/INFO] Thread 1 thinks
  [Tremblay:thread 2:(1) 0.070000] [philo/INFO] Thread 2 eats
  [Tremblay:thread 4:(1) 0.080000] [philo/INFO] Thread 4 gets hungry (lunch #1)
  [Tremblay:thread 4:(1) 0.080000] [philo/INFO] Thread 4 eats
  [Tremblay:thread 1:(1) 0.080000] [philo/INFO] Thread 1 gets hungry (lunch #3)
  [Tremblay:thread 2:(1) 0.090000] [philo/INFO] Thread 2 is full
  [Tremblay:thread 2:(1) 0.090000] [philo/INFO] Thread 2 thinks
  [Tremblay:thread 1:(1) 0.090000] [philo/INFO] Thread 1 eats
  [Tremblay:thread 3:(1) 0.100000] [philo/INFO] Thread 3 gets hungry (lunch #1)
  [Tremblay:thread 1:(1) 0.100000] [philo/INFO] Thread 1 is full
  [Tremblay:thread 1:(1) 0.100000] [philo/INFO] Thread 1 thinks
  [Tremblay:thread 1:(1) 0.110000] [philo/INFO] Thread 1 gets hungry (lunch #4)
  [Tremblay:thread 1:(1) 0.110000] [philo/INFO] Thread 1 eats
  [Tremblay:thread 2:(1) 0.110000] [philo/INFO] Thread 2 gets hungry (lunch #2)
  [Tremblay:thread 4:(1) 0.120000] [philo/INFO] Thread 4 is full
  [Tremblay:thread 4:(1) 0.120000] [philo/INFO] Thread 4 thinks
  [Tremblay:thread 1:(1) 0.120000] [philo/INFO] Thread 1 is full
  [Tremblay:thread 1:(1) 0.120000] [philo/INFO] Thread 1 thinks
  [Tremblay:thread 3:(1) 0.120000] [philo/INFO] Thread 3 eats
  [Tremblay:thread 1:(1) 0.130000] [philo/INFO] Thread 1 gets hungry (lunch #5)
  [Tremblay:thread 1:(1) 0.130000] [philo/INFO] Thread 1 eats
  [Tremblay:thread 1:(1) 0.140000] [philo/INFO] Thread 1 is full
  [Tremblay:thread 1:(1) 0.140000] [philo/INFO] Thread 1 thinks
  [Tremblay:thread 3:(1) 0.150000] [philo/INFO] Thread 3 is full
  [Tremblay:thread 3:(1) 0.150000] [philo/INFO] Thread 3 thinks
- [Tremblay:thread 2:(1) 0.150000] [philo/INFO] Thread 2 eats
  [Tremblay:thread 1:(1) 0.150000] [philo/INFO] Thread 1 gets hungry (lunch #6)
+ [Tremblay:thread 1:(1) 0.150000] [philo/INFO] Thread 1 eats
  [Tremblay:thread 4:(1) 0.160000] [philo/INFO] Thread 4 gets hungry (lunch #2)
  [Tremblay:thread 4:(1) 0.160000] [philo/INFO] Thread 4 eats
- [Tremblay:thread 2:(1) 0.170000] [philo/INFO] Thread 2 is full
- [Tremblay:thread 2:(1) 0.170000] [philo/INFO] Thread 2 thinks
- [Tremblay:thread 1:(1) 0.170000] [philo/INFO] Thread 1 eats
+ [Tremblay:thread 1:(1) 0.160000] [philo/INFO] Thread 1 is full
+ [Tremblay:thread 1:(1) 0.160000] [philo/INFO] Thread 1 thinks
+ [Tremblay:thread 2:(1) 0.160000] [philo/INFO] Thread 2 eats
+ [Tremblay:thread 1:(1) 0.170000] [philo/INFO] Thread 1 gets hungry (lunch #7)
  [Tremblay:thread 3:(1) 0.180000] [philo/INFO] Thread 3 gets hungry (lunch #2)
- [Tremblay:thread 1:(1) 0.180000] [philo/INFO] Thread 1 is full
- [Tremblay:thread 1:(1) 0.180000] [philo/INFO] Thread 1 thinks
- [Tremblay:thread 2:(1) 0.190000] [philo/INFO] Thread 2 gets hungry (lunch #3)
- [Tremblay:thread 2:(1) 0.190000] [philo/INFO] Thread 2 eats
- [Tremblay:thread 1:(1) 0.190000] [philo/INFO] Thread 1 gets hungry (lunch #7)
+ [Tremblay:thread 2:(1) 0.180000] [philo/INFO] Thread 2 is full
+ [Tremblay:thread 2:(1) 0.180000] [philo/INFO] Thread 2 thinks
+ [Tremblay:thread 1:(1) 0.180000] [philo/INFO] Thread 1 eats
+ [Tremblay:thread 1:(1) 0.190000] [philo/INFO] Thread 1 is full
+ [Tremblay:thread 1:(1) 0.190000] [philo/INFO] Thread 1 thinks
+ [Tremblay:thread 2:(1) 0.200000] [philo/INFO] Thread 2 gets hungry (lunch #3)
+ [Tremblay:thread 2:(1) 0.200000] [philo/INFO] Thread 2 eats
+ [Tremblay:thread 1:(1) 0.200000] [philo/INFO] Thread 1 gets hungry (lunch #8)
  [Tremblay:thread 4:(1) 0.200000] [philo/INFO] Thread 4 is full
  [Tremblay:thread 4:(1) 0.200000] [philo/INFO] Thread 4 thinks
- [Tremblay:thread 2:(1) 0.210000] [philo/INFO] Thread 2 is full
- [Tremblay:thread 2:(1) 0.210000] [philo/INFO] Thread 2 thinks
- [Tremblay:thread 1:(1) 0.210000] [philo/INFO] Thread 1 eats
- [Tremblay:thread 3:(1) 0.210000] [philo/INFO] Thread 3 eats
- [Tremblay:thread 1:(1) 0.220000] [philo/INFO] Thread 1 is full
- [Tremblay:thread 1:(1) 0.220000] [philo/INFO] Thread 1 thinks
- [Tremblay:thread 2:(1) 0.230000] [philo/INFO] Thread 2 gets hungry (lunch #4)
- [Tremblay:thread 1:(1) 0.230000] [philo/INFO] Thread 1 gets hungry (lunch #8)
- [Tremblay:thread 1:(1) 0.230000] [philo/INFO] Thread 1 eats
- [Tremblay:thread 3:(1) 0.240000] [philo/INFO] Thread 3 is full
- [Tremblay:thread 3:(1) 0.240000] [philo/INFO] Thread 3 thinks
- [Tremblay:thread 1:(1) 0.240000] [philo/INFO] Thread 1 is full
- [Tremblay:thread 1:(1) 0.240000] [philo/INFO] Thread 1 thinks
- [Tremblay:thread 2:(1) 0.240000] [philo/INFO] Thread 2 eats
+ [Tremblay:thread 2:(1) 0.220000] [philo/INFO] Thread 2 is full
+ [Tremblay:thread 2:(1) 0.220000] [philo/INFO] Thread 2 thinks
+ [Tremblay:thread 1:(1) 0.220000] [philo/INFO] Thread 1 eats
+ [Tremblay:thread 3:(1) 0.220000] [philo/INFO] Thread 3 eats
+ [Tremblay:thread 1:(1) 0.230000] [philo/INFO] Thread 1 is full
+ [Tremblay:thread 1:(1) 0.230000] [philo/INFO] Thread 1 thinks
+ [Tremblay:thread 2:(1) 0.240000] [philo/INFO] Thread 2 gets hungry (lunch #4)
+ [Tremblay:thread 1:(1) 0.240000] [philo/INFO] Thread 1 gets hungry (lunch #9)
+ [Tremblay:thread 1:(1) 0.240000] [philo/INFO] Thread 1 eats
  [Tremblay:thread 4:(1) 0.240000] [philo/INFO] Thread 4 gets hungry (lunch #3)
- [Tremblay:thread 4:(1) 0.240000] [philo/INFO] Thread 4 eats
- [Tremblay:thread 1:(1) 0.250000] [philo/INFO] Thread 1 gets hungry (lunch #9)
- [Tremblay:thread 2:(1) 0.260000] [philo/INFO] Thread 2 is full
- [Tremblay:thread 2:(1) 0.260000] [philo/INFO] Thread 2 thinks
- [Tremblay:thread 1:(1) 0.260000] [philo/INFO] Thread 1 eats
- [Tremblay:thread 3:(1) 0.270000] [philo/INFO] Thread 3 gets hungry (lunch #3)
- [Tremblay:thread 1:(1) 0.270000] [philo/INFO] Thread 1 is full
- [Tremblay:thread 1:(1) 0.270000] [philo/INFO] Thread 1 thinks
- [Tremblay:thread 4:(1) 0.280000] [philo/INFO] Thread 4 is full
- [Tremblay:thread 4:(1) 0.280000] [philo/INFO] Thread 4 thinks
- [Tremblay:thread 1:(1) 0.280000] [philo/INFO] Thread 1 tries to enter the dead-end; hopefully, the master will cancel it
- [Tremblay:thread 2:(1) 0.280000] [philo/INFO] Thread 2 gets hungry (lunch #5)
- [Tremblay:thread 2:(1) 0.280000] [philo/INFO] Thread 2 eats
- [Tremblay:thread 2:(1) 0.300000] [philo/INFO] Thread 2 is full
- [Tremblay:thread 2:(1) 0.300000] [philo/INFO] Thread 2 thinks
- [Tremblay:thread 3:(1) 0.300000] [philo/INFO] Thread 3 eats
- [Tremblay:thread 4:(1) 0.320000] [philo/INFO] Thread 4 gets hungry (lunch #4)
- [Tremblay:thread 2:(1) 0.320000] [philo/INFO] Thread 2 gets hungry (lunch #6)
- [Tremblay:thread 3:(1) 0.330000] [philo/INFO] Thread 3 is full
- [Tremblay:thread 3:(1) 0.330000] [philo/INFO] Thread 3 thinks
- [Tremblay:thread 2:(1) 0.330000] [philo/INFO] Thread 2 eats
- [Tremblay:thread 4:(1) 0.330000] [philo/INFO] Thread 4 eats
- [Tremblay:thread 2:(1) 0.350000] [philo/INFO] Thread 2 is full
- [Tremblay:thread 2:(1) 0.350000] [philo/INFO] Thread 2 thinks
- [Tremblay:thread 3:(1) 0.360000] [philo/INFO] Thread 3 gets hungry (lunch #4)
- [Tremblay:thread 4:(1) 0.370000] [philo/INFO] Thread 4 is full
- [Tremblay:thread 4:(1) 0.370000] [philo/INFO] Thread 4 thinks
- [Tremblay:thread 3:(1) 0.370000] [philo/INFO] Thread 3 eats
- [Tremblay:thread 2:(1) 0.370000] [philo/INFO] Thread 2 gets hungry (lunch #7)
- [Tremblay:thread 3:(1) 0.400000] [philo/INFO] Thread 3 is full
- [Tremblay:thread 3:(1) 0.400000] [philo/INFO] Thread 3 thinks
- [Tremblay:thread 2:(1) 0.400000] [philo/INFO] Thread 2 eats
- [Tremblay:thread 4:(1) 0.410000] [philo/INFO] Thread 4 gets hungry (lunch #5)
- [Tremblay:thread 4:(1) 0.410000] [philo/INFO] Thread 4 eats
- [Tremblay:thread 2:(1) 0.420000] [philo/INFO] Thread 2 is full
- [Tremblay:thread 2:(1) 0.420000] [philo/INFO] Thread 2 thinks
- [Tremblay:thread 3:(1) 0.430000] [philo/INFO] Thread 3 gets hungry (lunch #5)
- [Tremblay:thread 2:(1) 0.440000] [philo/INFO] Thread 2 gets hungry (lunch #8)
- [Tremblay:thread 2:(1) 0.440000] [philo/INFO] Thread 2 eats
- [Tremblay:thread 4:(1) 0.450000] [philo/INFO] Thread 4 is full
- [Tremblay:thread 4:(1) 0.450000] [philo/INFO] Thread 4 thinks
- [Tremblay:thread 2:(1) 0.460000] [philo/INFO] Thread 2 is full
- [Tremblay:thread 2:(1) 0.460000] [philo/INFO] Thread 2 thinks
- [Tremblay:thread 3:(1) 0.460000] [philo/INFO] Thread 3 eats
- [Tremblay:thread 2:(1) 0.480000] [philo/INFO] Thread 2 gets hungry (lunch #9)
- [Tremblay:thread 4:(1) 0.490000] [philo/INFO] Thread 4 gets hungry (lunch #6)
- [Tremblay:thread 3:(1) 0.490000] [philo/INFO] Thread 3 is full
- [Tremblay:thread 3:(1) 0.490000] [philo/INFO] Thread 3 thinks
- [Tremblay:thread 2:(1) 0.490000] [philo/INFO] Thread 2 eats
- [Tremblay:thread 4:(1) 0.490000] [philo/INFO] Thread 4 eats
- [Tremblay:thread 2:(1) 0.510000] [philo/INFO] Thread 2 is full
- [Tremblay:thread 2:(1) 0.510000] [philo/INFO] Thread 2 thinks
- [Tremblay:thread 3:(1) 0.520000] [philo/INFO] Thread 3 gets hungry (lunch #6)
- [Tremblay:thread 4:(1) 0.530000] [philo/INFO] Thread 4 is full
- [Tremblay:thread 4:(1) 0.530000] [philo/INFO] Thread 4 thinks
- [Tremblay:thread 2:(1) 0.530000] [philo/INFO] Thread 2 tries to enter the dead-end; hopefully, the master will cancel it
- [Tremblay:thread 3:(1) 0.530000] [philo/INFO] Thread 3 eats
- [Tremblay:thread 3:(1) 0.560000] [philo/INFO] Thread 3 is full
- [Tremblay:thread 3:(1) 0.560000] [philo/INFO] Thread 3 thinks
- [Tremblay:thread 4:(1) 0.570000] [philo/INFO] Thread 4 gets hungry (lunch #7)
- [Tremblay:thread 4:(1) 0.570000] [philo/INFO] Thread 4 eats
- [Tremblay:thread 3:(1) 0.590000] [philo/INFO] Thread 3 gets hungry (lunch #7)
- [Tremblay:thread 4:(1) 0.610000] [philo/INFO] Thread 4 is full
- [Tremblay:thread 4:(1) 0.610000] [philo/INFO] Thread 4 thinks
- [Tremblay:thread 3:(1) 0.610000] [philo/INFO] Thread 3 eats
- [Tremblay:thread 3:(1) 0.640000] [philo/INFO] Thread 3 is full
- [Tremblay:thread 3:(1) 0.640000] [philo/INFO] Thread 3 thinks
- [Tremblay:thread 4:(1) 0.650000] [philo/INFO] Thread 4 gets hungry (lunch #8)
- [Tremblay:thread 4:(1) 0.650000] [philo/INFO] Thread 4 eats
- [Tremblay:thread 3:(1) 0.670000] [philo/INFO] Thread 3 gets hungry (lunch #8)
- [Tremblay:thread 4:(1) 0.690000] [philo/INFO] Thread 4 is full
- [Tremblay:thread 4:(1) 0.690000] [philo/INFO] Thread 4 thinks
- [Tremblay:thread 3:(1) 0.690000] [philo/INFO] Thread 3 eats
- [Tremblay:thread 3:(1) 0.720000] [philo/INFO] Thread 3 is full
- [Tremblay:thread 3:(1) 0.720000] [philo/INFO] Thread 3 thinks
- [Tremblay:thread 4:(1) 0.730000] [philo/INFO] Thread 4 gets hungry (lunch #9)
- [Tremblay:thread 4:(1) 0.730000] [philo/INFO] Thread 4 eats
- [Tremblay:thread 3:(1) 0.750000] [philo/INFO] Thread 3 gets hungry (lunch #9)
- [Tremblay:thread 4:(1) 0.770000] [philo/INFO] Thread 4 is full
- [Tremblay:thread 4:(1) 0.770000] [philo/INFO] Thread 4 thinks
- [Tremblay:thread 3:(1) 0.770000] [philo/INFO] Thread 3 eats
- [Tremblay:thread 3:(1) 0.800000] [philo/INFO] Thread 3 is full
- [Tremblay:thread 3:(1) 0.800000] [philo/INFO] Thread 3 thinks
- [Tremblay:thread 4:(1) 0.810000] [philo/INFO] Thread 4 tries to enter the dead-end; hopefully, the master will cancel it
- [Tremblay:thread 3:(1) 0.830000] [philo/INFO] Thread 3 tries to enter the dead-end; hopefully, the master will cancel it
- [Tremblay:philosopher:(1) 0.830000] [philo/INFO] Cancel all childs
- [Tremblay:philosopher:(1) 0.830000] [gras/INFO] Exiting GRAS
+ [Tremblay:thread 3:(1) 0.250000] [philo/INFO] Thread 3 is full
+ [Tremblay:thread 3:(1) 0.250000] [philo/INFO] Thread 3 thinks
+ [Tremblay:thread 1:(1) 0.250000] [philo/INFO] Thread 1 is full
+ [Tremblay:thread 1:(1) 0.250000] [philo/INFO] Thread 1 thinks
+ [Tremblay:thread 2:(1) 0.250000] [philo/INFO] Thread 2 eats
+ [Tremblay:thread 4:(1) 0.250000] [philo/INFO] Thread 4 eats
+ [Tremblay:thread 1:(1) 0.260000] [philo/INFO] Thread 1 tries to enter the dead-end; hopefully, the master will cancel it
+ [Tremblay:thread 2:(1) 0.270000] [philo/INFO] Thread 2 is full
+ [Tremblay:thread 2:(1) 0.270000] [philo/INFO] Thread 2 thinks
+ [Tremblay:thread 3:(1) 0.280000] [philo/INFO] Thread 3 gets hungry (lunch #3)
+ [Tremblay:thread 4:(1) 0.290000] [philo/INFO] Thread 4 is full
+ [Tremblay:thread 4:(1) 0.290000] [philo/INFO] Thread 4 thinks
+ [Tremblay:thread 2:(1) 0.290000] [philo/INFO] Thread 2 gets hungry (lunch #5)
+ [Tremblay:thread 2:(1) 0.290000] [philo/INFO] Thread 2 eats
+ [Tremblay:thread 2:(1) 0.310000] [philo/INFO] Thread 2 is full
+ [Tremblay:thread 2:(1) 0.310000] [philo/INFO] Thread 2 thinks
+ [Tremblay:thread 3:(1) 0.310000] [philo/INFO] Thread 3 eats
+ [Tremblay:thread 4:(1) 0.330000] [philo/INFO] Thread 4 gets hungry (lunch #4)
+ [Tremblay:thread 2:(1) 0.330000] [philo/INFO] Thread 2 gets hungry (lunch #6)
+ [Tremblay:thread 3:(1) 0.340000] [philo/INFO] Thread 3 is full
+ [Tremblay:thread 3:(1) 0.340000] [philo/INFO] Thread 3 thinks
+ [Tremblay:thread 2:(1) 0.340000] [philo/INFO] Thread 2 eats
+ [Tremblay:thread 4:(1) 0.340000] [philo/INFO] Thread 4 eats
+ [Tremblay:thread 2:(1) 0.360000] [philo/INFO] Thread 2 is full
+ [Tremblay:thread 2:(1) 0.360000] [philo/INFO] Thread 2 thinks
+ [Tremblay:thread 3:(1) 0.370000] [philo/INFO] Thread 3 gets hungry (lunch #4)
+ [Tremblay:thread 4:(1) 0.380000] [philo/INFO] Thread 4 is full
+ [Tremblay:thread 4:(1) 0.380000] [philo/INFO] Thread 4 thinks
+ [Tremblay:thread 2:(1) 0.380000] [philo/INFO] Thread 2 gets hungry (lunch #7)
+ [Tremblay:thread 2:(1) 0.380000] [philo/INFO] Thread 2 eats
+ [Tremblay:thread 2:(1) 0.400000] [philo/INFO] Thread 2 is full
+ [Tremblay:thread 2:(1) 0.400000] [philo/INFO] Thread 2 thinks
+ [Tremblay:thread 3:(1) 0.400000] [philo/INFO] Thread 3 eats
+ [Tremblay:thread 4:(1) 0.420000] [philo/INFO] Thread 4 gets hungry (lunch #5)
+ [Tremblay:thread 2:(1) 0.420000] [philo/INFO] Thread 2 gets hungry (lunch #8)
+ [Tremblay:thread 3:(1) 0.430000] [philo/INFO] Thread 3 is full
+ [Tremblay:thread 3:(1) 0.430000] [philo/INFO] Thread 3 thinks
+ [Tremblay:thread 2:(1) 0.430000] [philo/INFO] Thread 2 eats
+ [Tremblay:thread 4:(1) 0.430000] [philo/INFO] Thread 4 eats
+ [Tremblay:thread 2:(1) 0.450000] [philo/INFO] Thread 2 is full
+ [Tremblay:thread 2:(1) 0.450000] [philo/INFO] Thread 2 thinks
+ [Tremblay:thread 3:(1) 0.460000] [philo/INFO] Thread 3 gets hungry (lunch #5)
+ [Tremblay:thread 4:(1) 0.470000] [philo/INFO] Thread 4 is full
+ [Tremblay:thread 4:(1) 0.470000] [philo/INFO] Thread 4 thinks
+ [Tremblay:thread 2:(1) 0.470000] [philo/INFO] Thread 2 gets hungry (lunch #9)
+ [Tremblay:thread 2:(1) 0.470000] [philo/INFO] Thread 2 eats
+ [Tremblay:thread 2:(1) 0.490000] [philo/INFO] Thread 2 is full
+ [Tremblay:thread 2:(1) 0.490000] [philo/INFO] Thread 2 thinks
+ [Tremblay:thread 3:(1) 0.490000] [philo/INFO] Thread 3 eats
+ [Tremblay:thread 4:(1) 0.510000] [philo/INFO] Thread 4 gets hungry (lunch #6)
+ [Tremblay:thread 2:(1) 0.510000] [philo/INFO] Thread 2 tries to enter the dead-end; hopefully, the master will cancel it
+ [Tremblay:thread 3:(1) 0.520000] [philo/INFO] Thread 3 is full
+ [Tremblay:thread 3:(1) 0.520000] [philo/INFO] Thread 3 thinks
+ [Tremblay:thread 4:(1) 0.520000] [philo/INFO] Thread 4 eats
+ [Tremblay:thread 3:(1) 0.550000] [philo/INFO] Thread 3 gets hungry (lunch #6)
+ [Tremblay:thread 4:(1) 0.560000] [philo/INFO] Thread 4 is full
+ [Tremblay:thread 4:(1) 0.560000] [philo/INFO] Thread 4 thinks
+ [Tremblay:thread 3:(1) 0.560000] [philo/INFO] Thread 3 eats
+ [Tremblay:thread 3:(1) 0.590000] [philo/INFO] Thread 3 is full
+ [Tremblay:thread 3:(1) 0.590000] [philo/INFO] Thread 3 thinks
+ [Tremblay:thread 4:(1) 0.600000] [philo/INFO] Thread 4 gets hungry (lunch #7)
+ [Tremblay:thread 4:(1) 0.600000] [philo/INFO] Thread 4 eats
+ [Tremblay:thread 3:(1) 0.620000] [philo/INFO] Thread 3 gets hungry (lunch #7)
+ [Tremblay:thread 4:(1) 0.640000] [philo/INFO] Thread 4 is full
+ [Tremblay:thread 4:(1) 0.640000] [philo/INFO] Thread 4 thinks
+ [Tremblay:thread 3:(1) 0.640000] [philo/INFO] Thread 3 eats
+ [Tremblay:thread 3:(1) 0.670000] [philo/INFO] Thread 3 is full
+ [Tremblay:thread 3:(1) 0.670000] [philo/INFO] Thread 3 thinks
+ [Tremblay:thread 4:(1) 0.680000] [philo/INFO] Thread 4 gets hungry (lunch #8)
+ [Tremblay:thread 4:(1) 0.680000] [philo/INFO] Thread 4 eats
+ [Tremblay:thread 3:(1) 0.700000] [philo/INFO] Thread 3 gets hungry (lunch #8)
+ [Tremblay:thread 4:(1) 0.720000] [philo/INFO] Thread 4 is full
+ [Tremblay:thread 4:(1) 0.720000] [philo/INFO] Thread 4 thinks
+ [Tremblay:thread 3:(1) 0.720000] [philo/INFO] Thread 3 eats
+ [Tremblay:thread 3:(1) 0.750000] [philo/INFO] Thread 3 is full
+ [Tremblay:thread 3:(1) 0.750000] [philo/INFO] Thread 3 thinks
+ [Tremblay:thread 4:(1) 0.760000] [philo/INFO] Thread 4 gets hungry (lunch #9)
+ [Tremblay:thread 4:(1) 0.760000] [philo/INFO] Thread 4 eats
+ [Tremblay:thread 3:(1) 0.780000] [philo/INFO] Thread 3 gets hungry (lunch #9)
+ [Tremblay:thread 4:(1) 0.800000] [philo/INFO] Thread 4 is full
+ [Tremblay:thread 4:(1) 0.800000] [philo/INFO] Thread 4 thinks
+ [Tremblay:thread 3:(1) 0.800000] [philo/INFO] Thread 3 eats
+ [Tremblay:thread 3:(1) 0.830000] [philo/INFO] Thread 3 is full
+ [Tremblay:thread 3:(1) 0.830000] [philo/INFO] Thread 3 thinks
+ [Tremblay:thread 4:(1) 0.840000] [philo/INFO] Thread 4 tries to enter the dead-end; hopefully, the master will cancel it
+ [Tremblay:thread 3:(1) 0.860000] [philo/INFO] Thread 3 tries to enter the dead-end; hopefully, the master will cancel it
+ [Tremblay:philosopher:(1) 0.860000] [philo/INFO] Cancel all childs
+ [Tremblay:philosopher:(1) 0.860000] [gras/INFO] Exiting GRAS
[0.039189] run_context.c:667: [tesh/ERROR] Test suite `test_sg_32': NOK (&lt;test_sg_32:3&gt; output mismatch)
</Value>
			</Measurement>
		</Results>
	</Test>
	<Test Status="passed">
		<Name>gras-properties-sg,</Name>
		<Path>.</Path>
		<FullName>./gras-properties-sg,</FullName>
		<FullCommandLine>/home/navarrop/Developments/simgrid/tools/tesh/tesh --cd ../examples/gras/properties test_sg</FullCommandLine>
		<Results>
			<NamedMeasurement type="numeric/double" name="Execution Time"><Value>0.040566</Value></NamedMeasurement>
			<NamedMeasurement type="text/string" name="Completion Status"><Value>Completed</Value></NamedMeasurement>
			<NamedMeasurement type="text/string" name="Command Line"><Value>/home/navarrop/Developments/simgrid/tools/tesh/tesh --cd ../examples/gras/properties test_sg</Value></NamedMeasurement>
			<Measurement>
				<Value>[0.000006] [tesh/INFO] Change directory to ../examples/gras/properties
[0.000033] [tesh/INFO] Test suite `test_sg'
[0.000065] [tesh/INFO] [test_sg:1] Runs the 'properties' test within the simulator (simulation times valid for 32bits architectures)
[0.000075] [tesh/INFO] [test_sg:3] $SG_TEST_EXENV ./properties_simulator${EXEEXT:=} ${srcdir:=.}/../../platforms/prop.xml ${srcdir:=.}/properties.xml
[0.022205] [tesh/INFO] Test suite `test_sg' OK
</Value>
			</Measurement>
		</Results>
	</Test>
	<Test Status="failed">
		<Name>amok-bandwidth-rl,</Name>
		<Path>.</Path>
		<FullName>./amok-bandwidth-rl,</FullName>
		<FullCommandLine>/home/navarrop/Developments/simgrid/tools/tesh/tesh --cd ../examples/amok bandwidth/bandwidth_rl.tesh</FullCommandLine>
		<Results>
			<NamedMeasurement type="text/string" name="Exit Code"><Value>Failed</Value></NamedMeasurement>
			<NamedMeasurement type="text/string" name="Exit Value"><Value>3</Value></NamedMeasurement>
			<NamedMeasurement type="numeric/double" name="Execution Time"><Value>20.1516</Value></NamedMeasurement>
			<NamedMeasurement type="text/string" name="Completion Status"><Value>Completed</Value></NamedMeasurement>
			<NamedMeasurement type="text/string" name="Command Line"><Value>/home/navarrop/Developments/simgrid/tools/tesh/tesh --cd ../examples/amok bandwidth/bandwidth_rl.tesh</Value></NamedMeasurement>
			<Measurement>
				<Value>[0.000006] [tesh/INFO] Change directory to ../examples/amok
[0.000036] [tesh/INFO] Test suite `bandwidth/bandwidth_rl'
[0.000077] [tesh/INFO] [bandwidth/bandwidth_rl:2] $SG_TEST_ENV bandwidth/bandwidth_sensor$EXEEXT 127.0.0.1:6000 --log=root.fmt=%P:%t%e%m%n $ARGS (background command)
[0.007468] [tesh/INFO] [bandwidth/bandwidth_rl:6] $SG_TEST_ENV bandwidth/bandwidth_sensor$EXEEXT 127.0.0.1:6000 --log=root.fmt=%P:%t%e%m%n $ARGS (background command)
[0.015839] [tesh/INFO] [bandwidth/bandwidth_rl:10] $SG_TEST_ENV bandwidth/bandwidth_maestro$EXEEXT 6000 --log=root.fmt=%P:%t%e%m%n $ARGS (background command)
[20.123870] [tesh/INFO] &lt;bandwidth/bandwidth_rl:6&gt; timeouted. Kill the process.
[20.123907] [tesh/INFO] &lt;bandwidth/bandwidth_rl:2&gt; timeouted. Kill the process.
[20.123871] [tesh/INFO] &lt;bandwidth/bandwidth_rl:10&gt; timeouted. Kill the process.
[20.125241] [tesh/INFO] &lt;bandwidth/bandwidth_rl:6&gt; Output on timeout:
sensor:main Sensor starting (on port 3001)

[20.125258] run_context.c:588: [tesh/ERROR] Test suite `bandwidth/bandwidth_rl': NOK (&lt;bandwidth/bandwidth_rl:6&gt; timeout after 20 sec)
[20.125293] [tesh/INFO] Kill &lt;bandwidth/bandwidth_rl:2&gt; because &lt;bandwidth/bandwidth_rl:6&gt; failed
[20.125424] [tesh/INFO] &lt;bandwidth/bandwidth_rl:2&gt; Output on timeout:
sensor:main Sensor starting (on port 3000)

[20.125443] run_context.c:588: [tesh/ERROR] Test suite `bandwidth/bandwidth_rl': NOK (&lt;bandwidth/bandwidth_rl:2&gt; timeout after 20 sec)
</Value>
			</Measurement>
		</Results>
	</Test>
	<Test Status="failed">
		<Name>amok-saturate-rl,</Name>
		<Path>.</Path>
		<FullName>./amok-saturate-rl,</FullName>
		<FullCommandLine>/home/navarrop/Developments/simgrid/tools/tesh/tesh --cd ../examples/amok saturate/saturate_rl.tesh</FullCommandLine>
		<Results>
			<NamedMeasurement type="text/string" name="Exit Code"><Value>Failed</Value></NamedMeasurement>
			<NamedMeasurement type="text/string" name="Exit Value"><Value>2</Value></NamedMeasurement>
			<NamedMeasurement type="numeric/double" name="Execution Time"><Value>5.1155</Value></NamedMeasurement>
			<NamedMeasurement type="text/string" name="Completion Status"><Value>Completed</Value></NamedMeasurement>
			<NamedMeasurement type="text/string" name="Command Line"><Value>/home/navarrop/Developments/simgrid/tools/tesh/tesh --cd ../examples/amok saturate/saturate_rl.tesh</Value></NamedMeasurement>
			<Measurement>
				<Value>[0.000006] [tesh/INFO] Change directory to ../examples/amok
[0.000034] [tesh/INFO] Test suite `saturate/saturate_rl'
[0.000073] [tesh/INFO] [saturate/saturate_rl:2] $SG_TEST_ENV saturate/saturate_sensor$EXEEXT 127.0.0.1:3333 --log=root.fmt=%P:%t%e%m%n $ARGS (background command)
[0.000368] [tesh/INFO] [saturate/saturate_rl:5] $SG_TEST_ENV saturate/saturate_sensor$EXEEXT 127.0.0.1:3333 --log=root.fmt=%P:%t%e%m%n $ARGS (background command)
[0.007744] [tesh/INFO] [saturate/saturate_rl:8] $SG_TEST_ENV saturate/saturate_sensor$EXEEXT 127.0.0.1:3333 --log=root.fmt=%P:%t%e%m%n $ARGS (background command)
[0.015331] [tesh/INFO] [saturate/saturate_rl:11] $SG_TEST_ENV saturate/saturate_sensor$EXEEXT 127.0.0.1:3333 --log=root.fmt=%P:%t%e%m%n $ARGS (background command)
[0.023501] [tesh/INFO] [saturate/saturate_rl:14] $SG_TEST_ENV saturate/saturate_maestro$EXEEXT 3333 --log=root.fmt=%P:%t%e%m%n $ARGS (background command)
[5.068836] run_context.c:663: [tesh/ERROR] Output of &lt;saturate/saturate_rl:11&gt; mismatch:
+ sensor:main Sensor starting (on port 3002)
+ sensor:main Exiting GRAS
+ 
[5.068863] run_context.c:667: [tesh/ERROR] Test suite `saturate/saturate_rl': NOK (&lt;saturate/saturate_rl:11&gt; output mismatch)
[5.068901] [tesh/INFO] Kill &lt;saturate/saturate_rl:8&gt; because &lt;saturate/saturate_rl:11&gt; failed
[5.069127] [tesh/INFO] Kill &lt;saturate/saturate_rl:5&gt; because &lt;saturate/saturate_rl:11&gt; failed
[5.069745] [tesh/INFO] Kill &lt;saturate/saturate_rl:2&gt; because &lt;saturate/saturate_rl:11&gt; failed
[5.069988] run_context.c:663: [tesh/ERROR] Output of &lt;saturate/saturate_rl:5&gt; mismatch:
+ sensor:main Sensor starting (on port 3000)
+ 
[5.070007] run_context.c:667: [tesh/ERROR] Test suite `saturate/saturate_rl': NOK (&lt;saturate/saturate_rl:5&gt; output mismatch)
</Value>
			</Measurement>
		</Results>
	</Test>
	<Test Status="failed">
		<Name>amok-bandwidth-sg-32,</Name>
		<Path>.</Path>
		<FullName>./amok-bandwidth-sg-32,</FullName>
		<FullCommandLine>/home/navarrop/Developments/simgrid/tools/tesh/tesh --cd ../examples/amok bandwidth/bandwidth_sg_32.tesh</FullCommandLine>
		<Results>
			<NamedMeasurement type="text/string" name="Exit Code"><Value>Failed</Value></NamedMeasurement>
			<NamedMeasurement type="text/string" name="Exit Value"><Value>2</Value></NamedMeasurement>
			<NamedMeasurement type="numeric/double" name="Execution Time"><Value>0.072871</Value></NamedMeasurement>
			<NamedMeasurement type="text/string" name="Completion Status"><Value>Completed</Value></NamedMeasurement>
			<NamedMeasurement type="text/string" name="Command Line"><Value>/home/navarrop/Developments/simgrid/tools/tesh/tesh --cd ../examples/amok bandwidth/bandwidth_sg_32.tesh</Value></NamedMeasurement>
			<Measurement>
				<Value>[0.000005] [tesh/INFO] Change directory to ../examples/amok
[0.000033] [tesh/INFO] Test suite `bandwidth/bandwidth_sg_32'
[0.000069] [tesh/INFO] [bandwidth/bandwidth_sg_32:1] $SG_TEST_EXENV bandwidth/bandwidth_simulator${EXEEXT} ${srcdir:=.}/../msg/small_platform.xml ${srcdir:=.}/bandwidth/bandwidth.xml
[0.042343] run_context.c:663: [tesh/ERROR] Output of &lt;bandwidth/bandwidth_sg_32:1&gt; mismatch:
- [Ginette:maestro:(3) 0.000000] [Bandwidth/INFO] Maestro starting
- [Tremblay:sensor:(1) 0.000015] [Bandwidth/INFO] Sensor starting (on port 3000)
- [Jupiter:sensor:(2) 0.000015] [Bandwidth/INFO] Sensor starting (on port 3000)
- [Ginette:maestro:(3) 0.000015] [Bandwidth/INFO] Wait for peers for 5 sec
- [Ginette:maestro:(3) 5.000015] [Bandwidth/INFO] Contact Tremblay:3000
- [Ginette:maestro:(3) 5.000030] [Bandwidth/INFO] Test the BW between me and one of the sensors
- [Ginette:maestro:(3) 6.137817] [Bandwidth/INFO] Experience between me and Tremblay:3000 (initially 1 msgs of 524288 bytes, maybe modified to fill the pipe at least 1.0s) took 1.062123 sec, achieving 7657.304762 kb/s
- [Ginette:maestro:(3) 6.137817] [Bandwidth/INFO] Test the BW between Tremblay:3000 and Jupiter:3000
- [Ginette:maestro:(3) 7.289812] [Bandwidth/INFO] Experience between Tremblay:3000 and Jupiter:3000 took took 1.062501 sec, achieving 6663.458290 kb/s
- [Ginette:maestro:(3) 7.293848] [gras/INFO] Exiting GRAS
- [Jupiter:sensor:(2) 7.293848] [gras/INFO] Exiting GRAS
- [Tremblay:sensor:(1) 8.289812] [gras/INFO] Exiting GRAS
+ [Ginette:maestro:(3) 0.000000] [Bandwidth/INFO] Maestro starting
+ [Tremblay:sensor:(1) 0.000156] [Bandwidth/INFO] Sensor starting (on port 3000)
+ [Ginette:maestro:(3) 0.000156] [Bandwidth/INFO] Wait for peers for 5 sec
+ [Jupiter:sensor:(2) 0.000156] [Bandwidth/INFO] Sensor starting (on port 3000)
+ [Ginette:maestro:(3) 5.000156] [Bandwidth/INFO] Contact Tremblay:3000
+ [Ginette:maestro:(3) 5.000312] [Bandwidth/INFO] Test the BW between me and one of the sensors
+ [Ginette:maestro:(3) 7.091307] [Bandwidth/INFO] Experience between me and Tremblay:3000 (initially 1 msgs of 524288 bytes, maybe modified to fill the pipe at least 1.0s) took 1.090703 sec, achieving 7489.460506 kb/s
+ [Ginette:maestro:(3) 7.091307] [Bandwidth/INFO] Test the BW between Tremblay:3000 and Jupiter:3000
+ [Ginette:maestro:(3) 9.249135] [Bandwidth/INFO] Experience between Tremblay:3000 and Jupiter:3000 took took 1.089859 sec, achieving 6296.831079 kb/s
+ [Ginette:maestro:(3) 9.291110] [gras/INFO] Exiting GRAS
+ [Jupiter:sensor:(2) 9.291110] [gras/INFO] Exiting GRAS
+ [Tremblay:sensor:(1) 10.249135] [gras/INFO] Exiting GRAS
[0.042406] run_context.c:667: [tesh/ERROR] Test suite `bandwidth/bandwidth_sg_32': NOK (&lt;bandwidth/bandwidth_sg_32:1&gt; output mismatch)
</Value>
			</Measurement>
		</Results>
	</Test>
	<Test Status="failed">
		<Name>amok-saturate-sg-32,</Name>
		<Path>.</Path>
		<FullName>./amok-saturate-sg-32,</FullName>
		<FullCommandLine>/home/navarrop/Developments/simgrid/tools/tesh/tesh --cd ../examples/amok saturate/saturate_sg_32.tesh</FullCommandLine>
		<Results>
			<NamedMeasurement type="text/string" name="Exit Code"><Value>Failed</Value></NamedMeasurement>
			<NamedMeasurement type="text/string" name="Exit Value"><Value>2</Value></NamedMeasurement>
			<NamedMeasurement type="numeric/double" name="Execution Time"><Value>0.062361</Value></NamedMeasurement>
			<NamedMeasurement type="text/string" name="Completion Status"><Value>Completed</Value></NamedMeasurement>
			<NamedMeasurement type="text/string" name="Command Line"><Value>/home/navarrop/Developments/simgrid/tools/tesh/tesh --cd ../examples/amok saturate/saturate_sg_32.tesh</Value></NamedMeasurement>
			<Measurement>
				<Value>[0.000006] [tesh/INFO] Change directory to ../examples/amok
[0.000034] [tesh/INFO] Test suite `saturate/saturate_sg_32'
[0.000072] [tesh/INFO] [saturate/saturate_sg_32:1] $SG_TEST_EXENV saturate/saturate_simulator${EXEEXT} ${srcdir:=.}/../msg/small_platform.xml ${srcdir:=.}/saturate/saturate.xml
[0.045661] run_context.c:663: [tesh/ERROR] Output of &lt;saturate/saturate_sg_32:1&gt; mismatch:
- [Tremblay:sensor:(1) 0.000000] [saturate/INFO] Sensor starting (on port 3000)
- [Jupiter:sensor:(2) 0.000000] [saturate/INFO] Sensor starting (on port 3000)
- [Fafard:sensor:(3) 0.000000] [saturate/INFO] Sensor starting (on port 3000)
+ [Tremblay:sensor:(1) 0.000000] [saturate/INFO] Sensor starting (on port 3000)
  [Ginette:sensor:(4) 0.000000] [saturate/INFO] Sensor starting (on port 3000)
- [Ginette:sensor:(4) 5.001254] [gras/INFO] Exiting GRAS
- [Bourassa:maestro:(5) 5.001790] [saturate/INFO] Start saturation between Tremblay:3000 and Jupiter:3000
- [Fafard:sensor:(3) 5.001790] [gras/INFO] Exiting GRAS
- [Bourassa:maestro:(5) 5.005719] [saturate/INFO] Have a rest
- [Bourassa:maestro:(5) 6.005719] [saturate/INFO] Stop the saturation
- [Tremblay:sensor:(1) 6.158104] [amok_bw_sat/INFO] Saturation(Tremblay:3000-&gt;Jupiter:3000) started
- [Tremblay:sensor:(1) 12.156799] [amok_bw_sat/INFO] Saturation from Tremblay:3000 to Jupiter:3000 stopped by Bourassa:4000
- [Bourassa:maestro:(5) 12.158759] [saturate/INFO] Saturation took 6.00sec, achieving 1137477.521033b/s
- [Tremblay:sensor:(1) 12.160729] [gras/INFO] Exiting GRAS
- [Bourassa:maestro:(5) 12.164161] [gras/INFO] Exiting GRAS
- [Jupiter:sensor:(2) 72.156799] [amok_bw_sat/INFO] Saturation comming from Tremblay:3000 stopped on Jupiter:3000
- [Jupiter:sensor:(2) 72.156799] [gras/INFO] Exiting GRAS
+ [Fafard:sensor:(3) 0.000000] [saturate/INFO] Sensor starting (on port 3000)
+ [Jupiter:sensor:(2) 0.000000] [saturate/INFO] Sensor starting (on port 3000)
+ [Jupiter:sensor:(2) 5.035692] [gras/INFO] Exiting GRAS
+ [Bourassa:maestro:(5) 5.041260] [saturate/INFO] Start saturation between Tremblay:3000 and Ginette:3000
+ [Fafard:sensor:(3) 5.041260] [gras/INFO] Exiting GRAS
+ [Bourassa:maestro:(5) 5.082092] [saturate/INFO] Have a rest
+ [Bourassa:maestro:(5) 6.082092] [saturate/INFO] Stop the saturation
+ [Tremblay:sensor:(1) 7.200021] [amok_bw_sat/INFO] Saturation(Tremblay:3000-&gt;Ginette:3000) started
+ [Tremblay:sensor:(1) 13.188834] [amok_bw_sat/INFO] Saturation from Tremblay:3000 to Ginette:3000 stopped by Bourassa:4000
+ [Bourassa:maestro:(5) 13.209174] [saturate/INFO] Saturation took 5.99sec, achieving 1280588.867148b/s
+ [Tremblay:sensor:(1) 13.229666] [gras/INFO] Exiting GRAS
+ [Bourassa:maestro:(5) 13.242710] [gras/INFO] Exiting GRAS
+ [Ginette:sensor:(4) 73.188834] [amok_bw_sat/INFO] Saturation comming from Tremblay:3000 stopped on Ginette:3000
+ [Ginette:sensor:(4) 73.188834] [gras/INFO] Exiting GRAS
[0.045683] run_context.c:667: [tesh/ERROR] Test suite `saturate/saturate_sg_32': NOK (&lt;saturate/saturate_sg_32:1&gt; output mismatch)
</Value>
			</Measurement>
		</Results>
	</Test>
	<Test Status="failed">
		<Name>simdag-test_simdag,</Name>
		<Path>.</Path>
		<FullName>./simdag-test_simdag,</FullName>
		<FullCommandLine>/home/navarrop/Developments/simgrid/tools/tesh/tesh --cd ../examples/simdag test_simdag.tesh</FullCommandLine>
		<Results>
			<NamedMeasurement type="text/string" name="Exit Code"><Value>Failed</Value></NamedMeasurement>
			<NamedMeasurement type="text/string" name="Exit Value"><Value>2</Value></NamedMeasurement>
			<NamedMeasurement type="numeric/double" name="Execution Time"><Value>0.035476</Value></NamedMeasurement>
			<NamedMeasurement type="text/string" name="Completion Status"><Value>Completed</Value></NamedMeasurement>
			<NamedMeasurement type="text/string" name="Command Line"><Value>/home/navarrop/Developments/simgrid/tools/tesh/tesh --cd ../examples/simdag test_simdag.tesh</Value></NamedMeasurement>
			<Measurement>
				<Value>[0.000006] [tesh/INFO] Change directory to ../examples/simdag
[0.000034] [tesh/INFO] Test suite `test_simdag'
[0.000077] [tesh/INFO] [test_simdag:3] Simple test of simdag
[0.000086] [tesh/INFO] [test_simdag:5] $SG_TEST_EXENV ./sd_test ${srcdir:=.}/../msg/msg_platform.xml
[0.000946] run_context.c:631: [tesh/ERROR] Test suite `test_simdag': NOK (&lt;test_simdag:5&gt; returned code 127)
[0.000957] run_context.c:649: [tesh/CRITICAL] Command ./sd_test not found
[0.001041] run_context.c:663: [tesh/ERROR] Output of &lt;test_simdag:5&gt; mismatch:
- [0.000000] [sd_test/INFO] Computation time for 2000000.000000 flops on Jacquelin: 0.014563
- [0.000000] [sd_test/INFO] Computation time for 1000000.000000 flops on Intel: 0.007282
- [0.000000] [sd_test/INFO] Route between Jacquelin and Intel:
- [0.000000] [sd_test/INFO]    Link 145: latency = 0.000410, bandwidth = 2583375.000000
- [0.000000] [sd_test/INFO]    Link 59: latency = 0.000371, bandwidth = 11845375.000000
- [0.000000] [sd_test/INFO]    Link 56: latency = 0.029589, bandwidth = 21414750.000000
- [0.000000] [sd_test/INFO]    Link 57: latency = 0.035083, bandwidth = 15376875.000000
- [0.000000] [sd_test/INFO]    Link 141: latency = 0.005161, bandwidth = 472125.000000
- [0.000000] [sd_test/INFO] Route latency = 0.070615, route bandwidth = 472125.000000
- [0.000000] [sd_test/INFO] Communication time for 2000000.000000 bytes between Jacquelin and Intel: 4.306781
- [0.000000] [sd_test/INFO] Communication time for 3000000.000000 bytes between Intel and Jacquelin: 6.424864
- [0.000000] [sd_test/INFO] Estimated time for 'Task D': 385.928745
- [0.000000] [sd_kernel/INFO] Starting simulation...
- [0.000000] [sd_kernel/INFO] Executing task 'Task D'
- [1271.136703] [sd_kernel/INFO] Task 'Task D' done
- [1271.136703] [sd_kernel/INFO] Executing task 'Task B'
- [1271.136703] [sd_kernel/INFO] Executing task 'Task C'
- [2118.584711] [sd_kernel/INFO] Task 'Task B' done
- [2118.584711] [sd_task/INFO] Watch point reached with task 'Task B'!
- [2118.584711] [sd_kernel/INFO] Simulation finished
- [2118.584711] [sd_test/INFO] Task 'Task D' start time: 0.000000, finish time: 1271.136703
- [2118.584711] [sd_test/INFO] Task 'Task B' start time: 1271.136703, finish time: 2118.584711
- 
[0.001052] run_context.c:667: [tesh/ERROR] Test suite `test_simdag': NOK (&lt;test_simdag:5&gt; output mismatch)
</Value>
			</Measurement>
		</Results>
	</Test>
	<Test Status="failed">
		<Name>simdag-test_simdag2,</Name>
		<Path>.</Path>
		<FullName>./simdag-test_simdag2,</FullName>
		<FullCommandLine>/home/navarrop/Developments/simgrid/tools/tesh/tesh --cd ../examples/simdag test_simdag2.tesh</FullCommandLine>
		<Results>
			<NamedMeasurement type="text/string" name="Exit Code"><Value>Failed</Value></NamedMeasurement>
			<NamedMeasurement type="text/string" name="Exit Value"><Value>2</Value></NamedMeasurement>
			<NamedMeasurement type="numeric/double" name="Execution Time"><Value>0.0209849</Value></NamedMeasurement>
			<NamedMeasurement type="text/string" name="Completion Status"><Value>Completed</Value></NamedMeasurement>
			<NamedMeasurement type="text/string" name="Command Line"><Value>/home/navarrop/Developments/simgrid/tools/tesh/tesh --cd ../examples/simdag test_simdag2.tesh</Value></NamedMeasurement>
			<Measurement>
				<Value>[0.000006] [tesh/INFO] Change directory to ../examples/simdag
[0.000035] [tesh/INFO] Test suite `test_simdag2'
[0.000070] [tesh/INFO] [test_simdag2:3] Simple test of simdag
[0.000079] [tesh/INFO] [test_simdag2:5] $SG_TEST_EXENV ./sd_test2 ${srcdir:=.}/2clusters.xml
[0.000716] run_context.c:631: [tesh/ERROR] Test suite `test_simdag2': NOK (&lt;test_simdag2:5&gt; returned code 127)
[0.000729] run_context.c:649: [tesh/CRITICAL] Command ./sd_test2 not found
[0.000790] run_context.c:663: [tesh/ERROR] Output of &lt;test_simdag2:5&gt; mismatch:
- [0.000000] [sd_kernel/INFO] Starting simulation...
- [0.000000] [sd_kernel/INFO] Executing task 'Initial'
- [0.000015] [sd_kernel/INFO] Task 'Initial' done
- [0.000015] [sd_kernel/INFO] Executing task 'PtoP Comm 1'
- [0.000015] [sd_kernel/INFO] Executing task 'PtoP Comm 2'
- [0.037815] [sd_kernel/INFO] Task 'PtoP Comm 2' done
- [0.375315] [sd_kernel/INFO] Task 'PtoP Comm 1' done
- [0.375315] [sd_kernel/INFO] Executing task 'Par Comp without comm'
- [1.375315] [sd_kernel/INFO] Task 'Par Comp without comm' done
- [1.375315] [sd_kernel/INFO] Executing task 'intra redist'
- [1.395615] [sd_kernel/INFO] Task 'intra redist' done
- [1.395615] [sd_kernel/INFO] Executing task 'Par Comp with comm 1'
- [2.395915] [sd_kernel/INFO] Task 'Par Comp with comm 1' done
- [2.395915] [sd_kernel/INFO] Executing task 'inter redist'
- [8.771515] [sd_kernel/INFO] Task 'inter redist' done
- [8.771515] [sd_kernel/INFO] Executing task 'Par Comp with comm 2'
- [8.811815] [sd_kernel/INFO] Task 'Par Comp with comm 2' done
- [8.811815] [sd_kernel/INFO] Executing task 'Final'
- [9.811830] [sd_kernel/INFO] Task 'Final' done
- [9.811830] [sd_kernel/INFO] Simulation finished
- 
[0.000799] run_context.c:667: [tesh/ERROR] Test suite `test_simdag2': NOK (&lt;test_simdag2:5&gt; output mismatch)
</Value>
			</Measurement>
		</Results>
	</Test>
	<Test Status="failed">
		<Name>simdag-test_prop,</Name>
		<Path>.</Path>
		<FullName>./simdag-test_prop,</FullName>
		<FullCommandLine>/home/navarrop/Developments/simgrid/tools/tesh/tesh --cd ../examples/simdag properties/test_prop.tesh</FullCommandLine>
		<Results>
			<NamedMeasurement type="text/string" name="Exit Code"><Value>Failed</Value></NamedMeasurement>
			<NamedMeasurement type="text/string" name="Exit Value"><Value>2</Value></NamedMeasurement>
			<NamedMeasurement type="numeric/double" name="Execution Time"><Value>0.0370259</Value></NamedMeasurement>
			<NamedMeasurement type="text/string" name="Completion Status"><Value>Completed</Value></NamedMeasurement>
			<NamedMeasurement type="text/string" name="Command Line"><Value>/home/navarrop/Developments/simgrid/tools/tesh/tesh --cd ../examples/simdag properties/test_prop.tesh</Value></NamedMeasurement>
			<Measurement>
				<Value>[0.000006] [tesh/INFO] Change directory to ../examples/simdag
[0.000034] [tesh/INFO] Test suite `properties/test_prop'
[0.000078] [tesh/INFO] [properties/test_prop:3] Simple test of simdag with properties
[0.000087] [tesh/INFO] [properties/test_prop:5] $SG_TEST_EXENV properties/sd_prop ${srcdir:=.}/../platforms/prop.xml
[0.000802] run_context.c:631: [tesh/ERROR] Test suite `properties/test_prop': NOK (&lt;properties/test_prop:5&gt; returned code 127)
[0.000814] run_context.c:649: [tesh/CRITICAL] Command properties/sd_prop not found
[0.000869] run_context.c:663: [tesh/ERROR] Output of &lt;properties/test_prop:5&gt; mismatch:
- [0.000000] [test/INFO] Property list for workstation host1
- [0.000000] [test/INFO] 	Property: NewProp has value: newValue
- [0.000000] [test/INFO] 	Property: SG_TEST_Hdd has value: 180
- [0.000000] [test/INFO] 	Property: SG_TEST_mem has value: 4
- [0.000000] [test/INFO] 	Property: NoProp is undefined
- [0.000000] [test/INFO] Property list for workstation host2
- [0.000000] [test/INFO] 	Property: SG_TEST_Hdd on host: 120
- [0.000000] [test/INFO] Modify an existing property
- [0.000000] [test/INFO] 	Property: SG_TEST_Hdd old value: 120
- [0.000000] [test/INFO] 	Property: SG_TEST_Hdd new value: 250
- 
[0.000880] run_context.c:667: [tesh/ERROR] Test suite `properties/test_prop': NOK (&lt;properties/test_prop:5&gt; output mismatch)
</Value>
			</Measurement>
		</Results>
	</Test>
	<Test Status="failed">
		<Name>simdag-metaxml_test,</Name>
		<Path>.</Path>
		<FullName>./simdag-metaxml_test,</FullName>
		<FullCommandLine>/home/navarrop/Developments/simgrid/tools/tesh/tesh --cd ../examples/simdag metaxml/metaxml_test.tesh</FullCommandLine>
		<Results>
			<NamedMeasurement type="text/string" name="Exit Code"><Value>Failed</Value></NamedMeasurement>
			<NamedMeasurement type="text/string" name="Exit Value"><Value>2</Value></NamedMeasurement>
			<NamedMeasurement type="numeric/double" name="Execution Time"><Value>0.0264089</Value></NamedMeasurement>
			<NamedMeasurement type="text/string" name="Completion Status"><Value>Completed</Value></NamedMeasurement>
			<NamedMeasurement type="text/string" name="Command Line"><Value>/home/navarrop/Developments/simgrid/tools/tesh/tesh --cd ../examples/simdag metaxml/metaxml_test.tesh</Value></NamedMeasurement>
			<Measurement>
				<Value>[0.000006] [tesh/INFO] Change directory to ../examples/simdag
[0.000033] [tesh/INFO] Test suite `metaxml/metaxml_test'
[0.000067] [tesh/INFO] [metaxml/metaxml_test:3] Simple test of simdag with metaxml tags
[0.000077] [tesh/INFO] [metaxml/metaxml_test:5] $SG_TEST_EXENV metaxml/sd_meta ${srcdir:=.}/../platforms/metaxml.xml
[0.001041] run_context.c:631: [tesh/ERROR] Test suite `metaxml/metaxml_test': NOK (&lt;metaxml/metaxml_test:5&gt; returned code 127)
[0.001053] run_context.c:649: [tesh/CRITICAL] Command metaxml/sd_meta not found
[0.001420] run_context.c:663: [tesh/ERROR] Output of &lt;metaxml/metaxml_test:5&gt; mismatch:
- [0.000000] [sd_test/INFO] Route between lille_2_host and lille_2_host:
- [0.000000] [sd_test/INFO] 	Link lille_2_host: latency = 0.000050, bandwidth = 125000000.000000
- [0.000000] [sd_test/INFO] 	Link Lille_bb: latency = 0.000050, bandwidth = 50000000.000000
- [0.000000] [sd_test/INFO] Route between lille_2_host and nancy_2_host:
- [0.000000] [sd_test/INFO] 	Link lille_2_host: latency = 0.000050, bandwidth = 125000000.000000
- [0.000000] [sd_test/INFO] 	Link INTER-bb: latency = 0.000100, bandwidth = 125000000.000000
- [0.000000] [sd_test/INFO] 	Link nancy_2_host: latency = 0.000050, bandwidth = 125000000.000000
- [0.000000] [sd_test/INFO] Route between lille_2_host and lille_0_host:
- [0.000000] [sd_test/INFO] 	Link lille_2_host: latency = 0.000050, bandwidth = 125000000.000000
- [0.000000] [sd_test/INFO] 	Link Lille_bb: latency = 0.000050, bandwidth = 50000000.000000
- [0.000000] [sd_test/INFO] Route between lille_2_host and nancy_0_host:
- [0.000000] [sd_test/INFO] 	Link lille_2_host: latency = 0.000050, bandwidth = 125000000.000000
- [0.000000] [sd_test/INFO] 	Link INTER-bb: latency = 0.000100, bandwidth = 125000000.000000
- [0.000000] [sd_test/INFO] 	Link nancy_0_host: latency = 0.000050, bandwidth = 125000000.000000
- [0.000000] [sd_test/INFO] Route between lille_2_host and lille_1_host:
- [0.000000] [sd_test/INFO] 	Link lille_2_host: latency = 0.000050, bandwidth = 125000000.000000
- [0.000000] [sd_test/INFO] 	Link Lille_bb: latency = 0.000050, bandwidth = 50000000.000000
- [0.000000] [sd_test/INFO] Route between lille_2_host and nancy_1_host:
- [0.000000] [sd_test/INFO] 	Link lille_2_host: latency = 0.000050, bandwidth = 125000000.000000
- [0.000000] [sd_test/INFO] 	Link INTER-bb: latency = 0.000100, bandwidth = 125000000.000000
- [0.000000] [sd_test/INFO] 	Link nancy_1_host: latency = 0.000050, bandwidth = 125000000.000000
- [0.000000] [sd_test/INFO] Route between nancy_2_host and lille_2_host:
- [0.000000] [sd_test/INFO] 	Link nancy_2_host: latency = 0.000050, bandwidth = 125000000.000000
- [0.000000] [sd_test/INFO] 	Link INTER-bb: latency = 0.000100, bandwidth = 125000000.000000
- [0.000000] [sd_test/INFO] 	Link lille_2_host: latency = 0.000050, bandwidth = 125000000.000000
- [0.000000] [sd_test/INFO] Route between nancy_2_host and nancy_2_host:
- [0.000000] [sd_test/INFO] 	Link nancy_2_host: latency = 0.000050, bandwidth = 125000000.000000
- [0.000000] [sd_test/INFO] 	Link Nancy_bb: latency = 0.001000, bandwidth = 50000000.000000
- [0.000000] [sd_test/INFO] Route between nancy_2_host and lille_0_host:
- [0.000000] [sd_test/INFO] 	Link nancy_2_host: latency = 0.000050, bandwidth = 125000000.000000
- [0.000000] [sd_test/INFO] 	Link INTER-bb: latency = 0.000100, bandwidth = 125000000.000000
- [0.000000] [sd_test/INFO] 	Link lille_0_host: latency = 0.000050, bandwidth = 125000000.000000
- [0.000000] [sd_test/INFO] Route between nancy_2_host and nancy_0_host:
- [0.000000] [sd_test/INFO] 	Link nancy_2_host: latency = 0.000050, bandwidth = 125000000.000000
- [0.000000] [sd_test/INFO] 	Link Nancy_bb: latency = 0.001000, bandwidth = 50000000.000000
- [0.000000] [sd_test/INFO] Route between nancy_2_host and lille_1_host:
- [0.000000] [sd_test/INFO] 	Link nancy_2_host: latency = 0.000050, bandwidth = 125000000.000000
- [0.000000] [sd_test/INFO] 	Link INTER-bb: latency = 0.000100, bandwidth = 125000000.000000
- [0.000000] [sd_test/INFO] 	Link lille_1_host: latency = 0.000050, bandwidth = 125000000.000000
- [0.000000] [sd_test/INFO] Route between nancy_2_host and nancy_1_host:
- [0.000000] [sd_test/INFO] 	Link nancy_2_host: latency = 0.000050, bandwidth = 125000000.000000
- [0.000000] [sd_test/INFO] 	Link Nancy_bb: latency = 0.001000, bandwidth = 50000000.000000
- [0.000000] [sd_test/INFO] Route between lille_0_host and lille_2_host:
- [0.000000] [sd_test/INFO] 	Link lille_0_host: latency = 0.000050, bandwidth = 125000000.000000
- [0.000000] [sd_test/INFO] 	Link Lille_bb: latency = 0.000050, bandwidth = 50000000.000000
- [0.000000] [sd_test/INFO] Route between lille_0_host and nancy_2_host:
- [0.000000] [sd_test/INFO] 	Link lille_0_host: latency = 0.000050, bandwidth = 125000000.000000
- [0.000000] [sd_test/INFO] 	Link INTER-bb: latency = 0.000100, bandwidth = 125000000.000000
- [0.000000] [sd_test/INFO] 	Link nancy_2_host: latency = 0.000050, bandwidth = 125000000.000000
- [0.000000] [sd_test/INFO] Route between lille_0_host and lille_0_host:
- [0.000000] [sd_test/INFO] 	Link lille_0_host: latency = 0.000050, bandwidth = 125000000.000000
- [0.000000] [sd_test/INFO] 	Link Lille_bb: latency = 0.000050, bandwidth = 50000000.000000
- [0.000000] [sd_test/INFO] Route between lille_0_host and nancy_0_host:
- [0.000000] [sd_test/INFO] 	Link lille_0_host: latency = 0.000050, bandwidth = 125000000.000000
- [0.000000] [sd_test/INFO] 	Link INTER-bb: latency = 0.000100, bandwidth = 125000000.000000
- [0.000000] [sd_test/INFO] 	Link nancy_0_host: latency = 0.000050, bandwidth = 125000000.000000
- [0.000000] [sd_test/INFO] Route between lille_0_host and lille_1_host:
- [0.000000] [sd_test/INFO] 	Link lille_0_host: latency = 0.000050, bandwidth = 125000000.000000
- [0.000000] [sd_test/INFO] 	Link Lille_bb: latency = 0.000050, bandwidth = 50000000.000000
- [0.000000] [sd_test/INFO] Route between lille_0_host and nancy_1_host:
- [0.000000] [sd_test/INFO] 	Link lille_0_host: latency = 0.000050, bandwidth = 125000000.000000
- [0.000000] [sd_test/INFO] 	Link INTER-bb: latency = 0.000100, bandwidth = 125000000.000000
- [0.000000] [sd_test/INFO] 	Link nancy_1_host: latency = 0.000050, bandwidth = 125000000.000000
- [0.000000] [sd_test/INFO] Route between nancy_0_host and lille_2_host:
- [0.000000] [sd_test/INFO] 	Link nancy_0_host: latency = 0.000050, bandwidth = 125000000.000000
- [0.000000] [sd_test/INFO] 	Link INTER-bb: latency = 0.000100, bandwidth = 125000000.000000
- [0.000000] [sd_test/INFO] 	Link lille_2_host: latency = 0.000050, bandwidth = 125000000.000000
- [0.000000] [sd_test/INFO] Route between nancy_0_host and nancy_2_host:
- [0.000000] [sd_test/INFO] 	Link nancy_0_host: latency = 0.000050, bandwidth = 125000000.000000
- [0.000000] [sd_test/INFO] 	Link Nancy_bb: latency = 0.001000, bandwidth = 50000000.000000
- [0.000000] [sd_test/INFO] Route between nancy_0_host and lille_0_host:
- [0.000000] [sd_test/INFO] 	Link nancy_0_host: latency = 0.000050, bandwidth = 125000000.000000
- [0.000000] [sd_test/INFO] 	Link INTER-bb: latency = 0.000100, bandwidth = 125000000.000000
- [0.000000] [sd_test/INFO] 	Link lille_0_host: latency = 0.000050, bandwidth = 125000000.000000
- [0.000000] [sd_test/INFO] Route between nancy_0_host and nancy_0_host:
- [0.000000] [sd_test/INFO] 	Link nancy_0_host: latency = 0.000050, bandwidth = 125000000.000000
- [0.000000] [sd_test/INFO] 	Link Nancy_bb: latency = 0.001000, bandwidth = 50000000.000000
- [0.000000] [sd_test/INFO] Route between nancy_0_host and lille_1_host:
- [0.000000] [sd_test/INFO] 	Link nancy_0_host: latency = 0.000050, bandwidth = 125000000.000000
- [0.000000] [sd_test/INFO] 	Link INTER-bb: latency = 0.000100, bandwidth = 125000000.000000
- [0.000000] [sd_test/INFO] 	Link lille_1_host: latency = 0.000050, bandwidth = 125000000.000000
- [0.000000] [sd_test/INFO] Route between nancy_0_host and nancy_1_host:
- [0.000000] [sd_test/INFO] 	Link nancy_0_host: latency = 0.000050, bandwidth = 125000000.000000
- [0.000000] [sd_test/INFO] 	Link Nancy_bb: latency = 0.001000, bandwidth = 50000000.000000
- [0.000000] [sd_test/INFO] Route between lille_1_host and lille_2_host:
- [0.000000] [sd_test/INFO] 	Link lille_1_host: latency = 0.000050, bandwidth = 125000000.000000
- [0.000000] [sd_test/INFO] 	Link Lille_bb: latency = 0.000050, bandwidth = 50000000.000000
- [0.000000] [sd_test/INFO] Route between lille_1_host and nancy_2_host:
- [0.000000] [sd_test/INFO] 	Link lille_1_host: latency = 0.000050, bandwidth = 125000000.000000
- [0.000000] [sd_test/INFO] 	Link INTER-bb: latency = 0.000100, bandwidth = 125000000.000000
- [0.000000] [sd_test/INFO] 	Link nancy_2_host: latency = 0.000050, bandwidth = 125000000.000000
- [0.000000] [sd_test/INFO] Route between lille_1_host and lille_0_host:
- [0.000000] [sd_test/INFO] 	Link lille_1_host: latency = 0.000050, bandwidth = 125000000.000000
- [0.000000] [sd_test/INFO] 	Link Lille_bb: latency = 0.000050, bandwidth = 50000000.000000
- [0.000000] [sd_test/INFO] Route between lille_1_host and nancy_0_host:
- [0.000000] [sd_test/INFO] 	Link lille_1_host: latency = 0.000050, bandwidth = 125000000.000000
- [0.000000] [sd_test/INFO] 	Link INTER-bb: latency = 0.000100, bandwidth = 125000000.000000
- [0.000000] [sd_test/INFO] 	Link nancy_0_host: latency = 0.000050, bandwidth = 125000000.000000
- [0.000000] [sd_test/INFO] Route between lille_1_host and lille_1_host:
- [0.000000] [sd_test/INFO] 	Link lille_1_host: latency = 0.000050, bandwidth = 125000000.000000
- [0.000000] [sd_test/INFO] 	Link Lille_bb: latency = 0.000050, bandwidth = 50000000.000000
- [0.000000] [sd_test/INFO] Route between lille_1_host and nancy_1_host:
- [0.000000] [sd_test/INFO] 	Link lille_1_host: latency = 0.000050, bandwidth = 125000000.000000
- [0.000000] [sd_test/INFO] 	Link INTER-bb: latency = 0.000100, bandwidth = 125000000.000000
- [0.000000] [sd_test/INFO] 	Link nancy_1_host: latency = 0.000050, bandwidth = 125000000.000000
- [0.000000] [sd_test/INFO] Route between nancy_1_host and lille_2_host:
- [0.000000] [sd_test/INFO] 	Link nancy_1_host: latency = 0.000050, bandwidth = 125000000.000000
- [0.000000] [sd_test/INFO] 	Link INTER-bb: latency = 0.000100, bandwidth = 125000000.000000
- [0.000000] [sd_test/INFO] 	Link lille_2_host: latency = 0.000050, bandwidth = 125000000.000000
- [0.000000] [sd_test/INFO] Route between nancy_1_host and nancy_2_host:
- [0.000000] [sd_test/INFO] 	Link nancy_1_host: latency = 0.000050, bandwidth = 125000000.000000
- [0.000000] [sd_test/INFO] 	Link Nancy_bb: latency = 0.001000, bandwidth = 50000000.000000
- [0.000000] [sd_test/INFO] Route between nancy_1_host and lille_0_host:
- [0.000000] [sd_test/INFO] 	Link nancy_1_host: latency = 0.000050, bandwidth = 125000000.000000
- [0.000000] [sd_test/INFO] 	Link INTER-bb: latency = 0.000100, bandwidth = 125000000.000000
- [0.000000] [sd_test/INFO] 	Link lille_0_host: latency = 0.000050, bandwidth = 125000000.000000
- [0.000000] [sd_test/INFO] Route between nancy_1_host and nancy_0_host:
- [0.000000] [sd_test/INFO] 	Link nancy_1_host: latency = 0.000050, bandwidth = 125000000.000000
- [0.000000] [sd_test/INFO] 	Link Nancy_bb: latency = 0.001000, bandwidth = 50000000.000000
- [0.000000] [sd_test/INFO] Route between nancy_1_host and lille_1_host:
- [0.000000] [sd_test/INFO] 	Link nancy_1_host: latency = 0.000050, bandwidth = 125000000.000000
- [0.000000] [sd_test/INFO] 	Link INTER-bb: latency = 0.000100, bandwidth = 125000000.000000
- [0.000000] [sd_test/INFO] 	Link lille_1_host: latency = 0.000050, bandwidth = 125000000.000000
- [0.000000] [sd_test/INFO] Route between nancy_1_host and nancy_1_host:
- [0.000000] [sd_test/INFO] 	Link nancy_1_host: latency = 0.000050, bandwidth = 125000000.000000
- [0.000000] [sd_test/INFO] 	Link Nancy_bb: latency = 0.001000, bandwidth = 50000000.000000
- 
[0.001465] run_context.c:667: [tesh/ERROR] Test suite `metaxml/metaxml_test': NOK (&lt;metaxml/metaxml_test:5&gt; output mismatch)
</Value>
			</Measurement>
		</Results>
	</Test>
	<Test Status="failed">
		<Name>java-basic,</Name>
		<Path>.</Path>
		<FullName>./java-basic,</FullName>
		<FullCommandLine>/home/navarrop/Developments/simgrid/Cmake/test_java.sh ../examples/java/basic BasicTest</FullCommandLine>
		<Results>
			<NamedMeasurement type="text/string" name="Exit Code"><Value>Failed</Value></NamedMeasurement>
			<NamedMeasurement type="text/string" name="Exit Value"><Value>1</Value></NamedMeasurement>
			<NamedMeasurement type="numeric/double" name="Execution Time"><Value>0.113486</Value></NamedMeasurement>
			<NamedMeasurement type="text/string" name="Completion Status"><Value>Completed</Value></NamedMeasurement>
			<NamedMeasurement type="text/string" name="Command Line"><Value>/home/navarrop/Developments/simgrid/Cmake/test_java.sh ../examples/java/basic BasicTest</Value></NamedMeasurement>
			<Measurement>
				<Value>echo timestamp &gt; classnoinst.stamp
/home/navarrop/Developments/simgrid/examples/java/basic
LD_LIBRARY_PATH=../../../src/.libs:../src/.libs: java -cp .:../../../src/simgrid.jar:.:../src/simgrid.jar: BasicTest basic_platform.xml basic_deployment.xml
Exception in thread "main" java.lang.NoClassDefFoundError: BasicTest
Caused by: java.lang.ClassNotFoundException: BasicTest
	at java.net.URLClassLoader$1.run(URLClassLoader.java:217)
	at java.security.AccessController.doPrivileged(Native Method)
	at java.net.URLClassLoader.findClass(URLClassLoader.java:205)
	at java.lang.ClassLoader.loadClass(ClassLoader.java:319)
	at sun.misc.Launcher$AppClassLoader.loadClass(Launcher.java:294)
	at java.lang.ClassLoader.loadClass(ClassLoader.java:264)
	at java.lang.ClassLoader.loadClassInternal(ClassLoader.java:332)
Could not find the main class: BasicTest. Program will exit.
</Value>
			</Measurement>
		</Results>
	</Test>
	<Test Status="failed">
		<Name>java-pingpong,</Name>
		<Path>.</Path>
		<FullName>./java-pingpong,</FullName>
		<FullCommandLine>/home/navarrop/Developments/simgrid/Cmake/test_java.sh ../examples/java/ping_pong PingPongTest</FullCommandLine>
		<Results>
			<NamedMeasurement type="text/string" name="Exit Code"><Value>Failed</Value></NamedMeasurement>
			<NamedMeasurement type="text/string" name="Exit Value"><Value>1</Value></NamedMeasurement>
			<NamedMeasurement type="numeric/double" name="Execution Time"><Value>0.145111</Value></NamedMeasurement>
			<NamedMeasurement type="text/string" name="Completion Status"><Value>Completed</Value></NamedMeasurement>
			<NamedMeasurement type="text/string" name="Command Line"><Value>/home/navarrop/Developments/simgrid/Cmake/test_java.sh ../examples/java/ping_pong PingPongTest</Value></NamedMeasurement>
			<Measurement>
				<Value>echo timestamp &gt; classnoinst.stamp
/home/navarrop/Developments/simgrid/examples/java/ping_pong
LD_LIBRARY_PATH=../../../src/.libs:../src/.libs: java -cp .:../../../src/simgrid.jar:.:../src/simgrid.jar: PingPongTest ping_pong_platform.xml ping_pong_deployment.xml
Exception in thread "main" java.lang.NoClassDefFoundError: PingPongTest
Caused by: java.lang.ClassNotFoundException: PingPongTest
	at java.net.URLClassLoader$1.run(URLClassLoader.java:217)
	at java.security.AccessController.doPrivileged(Native Method)
	at java.net.URLClassLoader.findClass(URLClassLoader.java:205)
	at java.lang.ClassLoader.loadClass(ClassLoader.java:319)
	at sun.misc.Launcher$AppClassLoader.loadClass(Launcher.java:294)
	at java.lang.ClassLoader.loadClass(ClassLoader.java:264)
	at java.lang.ClassLoader.loadClassInternal(ClassLoader.java:332)
Could not find the main class: PingPongTest. Program will exit.
</Value>
			</Measurement>
		</Results>
	</Test>
	<Test Status="failed">
		<Name>java-comm_time,</Name>
		<Path>.</Path>
		<FullName>./java-comm_time,</FullName>
		<FullCommandLine>/home/navarrop/Developments/simgrid/Cmake/test_java.sh ../examples/java/comm_time CommTimeTest</FullCommandLine>
		<Results>
			<NamedMeasurement type="text/string" name="Exit Code"><Value>Failed</Value></NamedMeasurement>
			<NamedMeasurement type="text/string" name="Exit Value"><Value>1</Value></NamedMeasurement>
			<NamedMeasurement type="numeric/double" name="Execution Time"><Value>0.165593</Value></NamedMeasurement>
			<NamedMeasurement type="text/string" name="Completion Status"><Value>Completed</Value></NamedMeasurement>
			<NamedMeasurement type="text/string" name="Command Line"><Value>/home/navarrop/Developments/simgrid/Cmake/test_java.sh ../examples/java/comm_time CommTimeTest</Value></NamedMeasurement>
			<Measurement>
				<Value>echo timestamp &gt; classnoinst.stamp
/home/navarrop/Developments/simgrid/examples/java/comm_time
LD_LIBRARY_PATH=../../../src/.libs:../src/.libs: java -cp .:../../../src/simgrid.jar:.:../src/simgrid.jar: CommTimeTest comm_time_platform.xml comm_time_deployment.xml
Exception in thread "main" java.lang.NoClassDefFoundError: CommTimeTest
Caused by: java.lang.ClassNotFoundException: CommTimeTest
	at java.net.URLClassLoader$1.run(URLClassLoader.java:217)
	at java.security.AccessController.doPrivileged(Native Method)
	at java.net.URLClassLoader.findClass(URLClassLoader.java:205)
	at java.lang.ClassLoader.loadClass(ClassLoader.java:319)
	at sun.misc.Launcher$AppClassLoader.loadClass(Launcher.java:294)
	at java.lang.ClassLoader.loadClass(ClassLoader.java:264)
	at java.lang.ClassLoader.loadClassInternal(ClassLoader.java:332)
Could not find the main class: CommTimeTest. Program will exit.
</Value>
			</Measurement>
		</Results>
	</Test>
	<Test Status="failed">
		<Name>java-suspend,</Name>
		<Path>.</Path>
		<FullName>./java-suspend,</FullName>
		<FullCommandLine>/home/navarrop/Developments/simgrid/Cmake/test_java.sh ../examples/java/suspend SuspendTest</FullCommandLine>
		<Results>
			<NamedMeasurement type="text/string" name="Exit Code"><Value>Failed</Value></NamedMeasurement>
			<NamedMeasurement type="text/string" name="Exit Value"><Value>1</Value></NamedMeasurement>
			<NamedMeasurement type="numeric/double" name="Execution Time"><Value>0.160057</Value></NamedMeasurement>
			<NamedMeasurement type="text/string" name="Completion Status"><Value>Completed</Value></NamedMeasurement>
			<NamedMeasurement type="text/string" name="Command Line"><Value>/home/navarrop/Developments/simgrid/Cmake/test_java.sh ../examples/java/suspend SuspendTest</Value></NamedMeasurement>
			<Measurement>
				<Value>echo timestamp &gt; classnoinst.stamp
/home/navarrop/Developments/simgrid/examples/java/suspend
LD_LIBRARY_PATH=../../../src/.libs:../src/.libs: java -cp .:../../../src/simgrid.jar:.:../src/simgrid.jar: SuspendTest suspend_platform.xml suspend_deployment.xml
Exception in thread "main" java.lang.NoClassDefFoundError: SuspendTest
Caused by: java.lang.ClassNotFoundException: SuspendTest
	at java.net.URLClassLoader$1.run(URLClassLoader.java:217)
	at java.security.AccessController.doPrivileged(Native Method)
	at java.net.URLClassLoader.findClass(URLClassLoader.java:205)
	at java.lang.ClassLoader.loadClass(ClassLoader.java:319)
	at sun.misc.Launcher$AppClassLoader.loadClass(Launcher.java:294)
	at java.lang.ClassLoader.loadClass(ClassLoader.java:264)
	at java.lang.ClassLoader.loadClassInternal(ClassLoader.java:332)
Could not find the main class: SuspendTest. Program will exit.
</Value>
			</Measurement>
		</Results>
	</Test>
	<Test Status="passed">
		<Name>test_pierre_1,</Name>
		<Path>.</Path>
		<FullName>./test_pierre_1,</FullName>
		<FullCommandLine>/bin/echo hello</FullCommandLine>
		<Results>
			<NamedMeasurement type="numeric/double" name="Execution Time"><Value>0.00446415</Value></NamedMeasurement>
			<NamedMeasurement type="text/string" name="Completion Status"><Value>Completed</Value></NamedMeasurement>
			<NamedMeasurement type="text/string" name="Command Line"><Value>/bin/echo hello</Value></NamedMeasurement>
			<Measurement>
				<Value>hello
</Value>
			</Measurement>
		</Results>
	</Test>
	<Test Status="passed">
		<Name>test_pierre_2,</Name>
		<Path>.</Path>
		<FullName>./test_pierre_2,</FullName>
		<FullCommandLine>/usr/bin/java -version</FullCommandLine>
		<Results>
			<NamedMeasurement type="numeric/double" name="Execution Time"><Value>0.069731</Value></NamedMeasurement>
			<NamedMeasurement type="text/string" name="Completion Status"><Value>Completed</Value></NamedMeasurement>
			<NamedMeasurement type="text/string" name="Command Line"><Value>/usr/bin/java -version</Value></NamedMeasurement>
			<Measurement>
				<Value>java version "1.6.0_0"
OpenJDK Runtime Environment (IcedTea6 1.6.1) (6b16-1.6.1-3ubuntu1)
OpenJDK 64-Bit Server VM (build 14.0-b16, mixed mode)
</Value>
			</Measurement>
		</Results>
	</Test>
	<Test Status="passed">
		<Name>presence_1,</Name>
		<Path>.</Path>
		<FullName>./presence_1,</FullName>
		<FullCommandLine>/bin/ls ./CTestList.txt</FullCommandLine>
		<Results>
			<NamedMeasurement type="numeric/double" name="Execution Time"><Value>0.00204682</Value></NamedMeasurement>
			<NamedMeasurement type="text/string" name="Completion Status"><Value>Completed</Value></NamedMeasurement>
			<NamedMeasurement type="text/string" name="Command Line"><Value>/bin/ls ./CTestList.txt</Value></NamedMeasurement>
			<Measurement>
				<Value>./CTestList.txt
</Value>
			</Measurement>
		</Results>
	</Test>
	<Test Status="failed">
		<Name>presence_2,</Name>
		<Path>.</Path>
		<FullName>./presence_2,</FullName>
		<FullCommandLine>/bin/ls ./CT.txt</FullCommandLine>
		<Results>
			<NamedMeasurement type="text/string" name="Exit Code"><Value>Failed</Value></NamedMeasurement>
			<NamedMeasurement type="text/string" name="Exit Value"><Value>2</Value></NamedMeasurement>
			<NamedMeasurement type="numeric/double" name="Execution Time"><Value>0.00216794</Value></NamedMeasurement>
			<NamedMeasurement type="text/string" name="Completion Status"><Value>Completed</Value></NamedMeasurement>
			<NamedMeasurement type="text/string" name="Command Line"><Value>/bin/ls ./CT.txt</Value></NamedMeasurement>
			<Measurement>
				<Value>/bin/ls: ne peut acc</Value>
			</Measurement>
		</Results>
	</Test>
	<EndDateTime>Dec 09 13:11 CET</EndDateTime>
	<EndTestTime>1260360684</EndTestTime>
<ElapsedMinutes>1.1</ElapsedMinutes></Testing>
</Site>
